Brightmere Snowshore Newley Wolflea Corbank Oldmoor Lightmere Marbleiron Eriwall Southwheat Foxhaven Buttermead Newby Irondeer Bushgate Oakmere Goldwyvern Westmill Clearnesse Butterbush Esterfall Ironshore Westerlight Rosemill Esterash Lochmage Ironriver Stoneglass Wildemarsh Morwald Westvale Fairsage Courtcastle Bluedell Shoreburn Erilyn Courtwall Violetley Clearland Valhaven Eastcastle Greyice Greenshore Stonefair Morwall Dellwyn Foxvale Woodice Wellmage Freyview Brightmere
50
Brightmere Brightmere
Snowshore Snowshore
Newley Newley
Wolflea Wolflea
Corbank Corbank
Oldmoor Oldmoor
Lightmere Lightmere
Marbleiron Marbleiron
Eriwall Eriwall
Southwheat Southwheat
Foxhaven Foxhaven
Buttermead Buttermead
Newby Newby
Irondeer Irondeer
Bushgate Bushgate
Oakmere Oakmere
Goldwyvern Goldwyvern
Westmill Westmill
Clearnesse Clearnesse
Butterbush Butterbush
Esterfall Esterfall
Ironshore Ironshore
Westerlight Westerlight
Rosemill Rosemill
Esterash Esterash
Lochmage Lochmage
Ironriver Ironriver
Stoneglass Stoneglass
Wildemarsh Wildemarsh
Morwald Morwald
Westvale Westvale
Fairsage Fairsage
Courtcastle Courtcastle
Bluedell Bluedell
Shoreburn Shoreburn
Erilyn Erilyn
Courtwall Courtwall
Violetley Violetley
Clearland Clearland
Valhaven Valhaven
Eastcastle Eastcastle
Greyice Greyice
Greenshore Greenshore
Stonefair Stonefair
Morwall Morwall
Dellwyn Dellwyn
Foxvale Foxvale
Woodice Woodice
Wellmage Wellmage
Freyview Freyview
