Shoreburn Butterway Lochmage Stonefair Highmont Esterash Oldmoor Clearland Wellmage Fairsage Fieldedge Bluedale Greyice Stoneglass Northriver Bluedell Orbarrow Foxvale Newby Mallowbridge Clearnesse Foxhaven Dellwyn Redwell Windbridge Snowsage Goldcrest Valhaven Starryhill Deephedge Silverwitch Wolflea Ironriver Erilyn Freyview Courtedge Westerlight Blackbush Irondeer Verthedge Butterbush Butterhill Courtwall Corbank Seamoor Bluelake Oakmere Rosemill Strongfall Snowshore Brightmere Rosegate Brightrock Violetley Bushgate Mallowway Springfox Applecastle Fogland Icenesse Newmill Esterfall Goldwyvern Janholt Ironshore Courtcastle Greenshore Mistshore Coldville Southwheat Mallowness Greensummer Bluewyn Southpine Redlake Westmill Wellbank Flowermill Summermage Woodice Buttermead Northwynne Marbleiron Fairice Eriwall Newley Eastcastle Wildemarsh Flowerfield Lightmere Wooddell Ostwynne Morwall Violetfay Morwald Orfort Westvale Freymere Silverbarrow Silverlea Shoreburn
100
Shoreburn Shoreburn
Butterway Butterway
Lochmage Lochmage
Stonefair Stonefair
Highmont Highmont
Esterash Esterash
Oldmoor Oldmoor
Clearland Clearland
Wellmage Wellmage
Fairsage Fairsage
Fieldedge Fieldedge
Bluedale Bluedale
Greyice Greyice
Stoneglass Stoneglass
Northriver Northriver
Bluedell Bluedell
Orbarrow Orbarrow
Foxvale Foxvale
Newby Newby
Mallowbridge Mallowbridge
Clearnesse Clearnesse
Foxhaven Foxhaven
Dellwyn Dellwyn
Redwell Redwell
Windbridge Windbridge
Snowsage Snowsage
Goldcrest Goldcrest
Valhaven Valhaven
Starryhill Starryhill
Deephedge Deephedge
Silverwitch Silverwitch
Wolflea Wolflea
Ironriver Ironriver
Erilyn Erilyn
Freyview Freyview
Courtedge Courtedge
Westerlight Westerlight
Blackbush Blackbush
Irondeer Irondeer
Verthedge Verthedge
Butterbush Butterbush
Butterhill Butterhill
Courtwall Courtwall
Corbank Corbank
Seamoor Seamoor
Bluelake Bluelake
Oakmere Oakmere
Rosemill Rosemill
Strongfall Strongfall
Snowshore Snowshore
Brightmere Brightmere
Rosegate Rosegate
Brightrock Brightrock
Violetley Violetley
Bushgate Bushgate
Mallowway Mallowway
Springfox Springfox
Applecastle Applecastle
Fogland Fogland
Icenesse Icenesse
Newmill Newmill
Esterfall Esterfall
Goldwyvern Goldwyvern
Janholt Janholt
Ironshore Ironshore
Courtcastle Courtcastle
Greenshore Greenshore
Mistshore Mistshore
Coldville Coldville
Southwheat Southwheat
Mallowness Mallowness
Greensummer Greensummer
Bluewyn Bluewyn
Southpine Southpine
Redlake Redlake
Westmill Westmill
Wellbank Wellbank
Flowermill Flowermill
Summermage Summermage
Woodice Woodice
Buttermead Buttermead
Northwynne Northwynne
Marbleiron Marbleiron
Fairice Fairice
Eriwall Eriwall
Newley Newley
Eastcastle Eastcastle
Wildemarsh Wildemarsh
Flowerfield Flowerfield
Lightmere Lightmere
Wooddell Wooddell
Ostwynne Ostwynne
Morwall Morwall
Violetfay Violetfay
Morwald Morwald
Orfort Orfort
Westvale Westvale
Freymere Freymere
Silverbarrow Silverbarrow
Silverlea Silverlea
