Clearnesse Oldmoor Woodice Dellwyn Freyview Oakmere Eriwall Valhaven Newby Foxhaven Morwall Goldwyvern Corbank Westvale Morwald Ironriver Violetley Courtwall Ironshore Marbleiron Buttermead Courtcastle Butterbush Foxvale Esterfall Clearnesse
25
Clearnesse Clearnesse
Oldmoor Oldmoor
Woodice Woodice
Dellwyn Dellwyn
Freyview Freyview
Oakmere Oakmere
Eriwall Eriwall
Valhaven Valhaven
Newby Newby
Foxhaven Foxhaven
Morwall Morwall
Goldwyvern Goldwyvern
Corbank Corbank
Westvale Westvale
Morwald Morwald
Ironriver Ironriver
Violetley Violetley
Courtwall Courtwall
Ironshore Ironshore
Marbleiron Marbleiron
Buttermead Buttermead
Courtcastle Courtcastle
Butterbush Butterbush
Foxvale Foxvale
Esterfall Esterfall
