129 137 16 25 4 157 110 10 22 10 28 10 100 61 31 88 1 34 109 184 85 133 13 118 166 47 178 106 181 169 181 87 7 19 43 121 3 40 165 55 2 46 67 92 124 92 13 118 45 94 139 199 145 52 101 97 76 49 162 119 64 173 154 193 154 196 37 160 108 115 197 200 170 58 170 73 136 73 163 79 112 12 122 142 8 190 150 185 65 175 127 175 192 103 123 89 172 89 68 95 11 96 70 25 90 152 91 152 77 69 167 130 6 128 187 32 145 180 82 107 197 5 148 153 151 153 15 129
66
16 16
25 25
4 4
157 157
10 10
22 22
28 28
100 100
61 61
31 31
88 88
1 1
34 34
109 109
184 184
85 85
133 133
13 13
118 118
166 166
178 178
106 106
181 181
169 169
7 7
19 19
43 43
121 121
40 40
55 55
46 46
67 67
124 124
94 94
139 139
145 145
52 52
97 97
76 76
49 49
64 64
154 154
193 193
196 196
37 37
160 160
115 115
58 58
73 73
136 136
163 163
79 79
112 112
142 142
190 190
175 175
127 127
103 103
172 172
70 70
91 91
130 130
187 187
82 82
148 148
151 151
