FacultyClub EarthquakeLibrary Morrison Sproul BanwayBuilding BerkeleyLawLibrary CITRIS Spieker MathLibrary Koshland MSRI AquaticCenter Bowles Bechtel WooHonFai BrainImagingCenter SocialLibrary LawSchool Boalt ArtHistoryLibrary Durham AlumniHouse McCone HearstFieldAnnex NewspapersLibrary AnthropologyLibrary StudentUnion LawrenceofScience SproulPlaza Etcheverry Underhill EarthLibrary TAAP Manville NorthGate Pimentel HearstGym Etcheverry OptometryLibrary Jacobs BioscienceLibrary SEAsianLibrary FoundersRock Warren UniversityHouse MartinezCommons PacificFilmArchive Cheit StowPlaza Senior EthnicLibrary MelvinLaboratory Investigative HearstGreekTheatre Hilgard DonnerLaboratory MediaCenter UpperHearstParking VisualCenter AndersenAuditorium MaxwellField SimpsonCenter FoxCottage Davis InternationalHouse Latimer CesarChavez Durant Wellman Wheeler CareerCenter Soda EnergyBuilding OBrien Stephens Birge LeConte Campbell IRLE SpringerGateway IdaHouse EngineeringLibrary LatinAmerican BerkeleyWayWest Unit3 Stanley HearstFountain VLSB Hildebrand Mulford BancroftDance Giauque MLK BancroftLibrary SutardjaDai BancroftLibrary Library FPF HealthServices EastAsianLibrary PhysicsLibrary Evans FacultyClub
50
FacultyClub FacultyClub
BioscienceLibrary BioscienceLibrary
BancroftLibrary SutardjaDai BancroftLibrary
Etcheverry Etcheverry SproulPlaza
Hilgard Hilgard MediaCenter DonnerLaboratory UpperHearstParking HearstGreekTheatre
LawrenceofScience StudentUnion LawrenceofScience AnthropologyLibrary
EarthquakeLibrary EarthquakeLibrary Morrison Sproul
FoundersRock UniversityHouse Warren CesarChavez SEAsianLibrary FoundersRock
Pimentel Pimentel
Mulford Mulford Hildebrand
CareerCenter CareerCenter
HearstGym HearstGym
Durham Durham
EnergyBuilding OBrien EnergyBuilding
Library Library
MathLibrary Spieker Koshland CITRIS MathLibrary BerkeleyLawLibrary BanwayBuilding
FPF FPF HealthServices
VisualCenter PacificFilmArchive MartinezCommons AndersenAuditorium VisualCenter
WooHonFai BrainImagingCenter WooHonFai SocialLibrary
Wheeler Wheeler
StowPlaza Cheit StowPlaza Senior EthnicLibrary
Manville Manville
Jacobs Jacobs OptometryLibrary Stanley
Investigative Investigative MelvinLaboratory
EarthLibrary EarthLibrary TAAP Underhill NorthGate
BancroftDance BancroftDance Giauque
Unit3 Unit3
Birge Stephens Birge
InternationalHouse InternationalHouse Davis
IRLE IRLE
SpringerGateway SpringerGateway
ArtHistoryLibrary ArtHistoryLibrary
McCone NewspapersLibrary HearstFieldAnnex McCone
Evans PhysicsLibrary Evans EastAsianLibrary
BerkeleyWayWest BerkeleyWayWest LatinAmerican
LawSchool MSRI AquaticCenter LawSchool
HearstFountain HearstFountain VLSB
Campbell Campbell
AlumniHouse AlumniHouse
Bechtel Bowles Bechtel
Wellman Wellman Durant
SimpsonCenter SimpsonCenter MaxwellField
FoxCottage FoxCottage
IdaHouse IdaHouse
EngineeringLibrary EngineeringLibrary
Soda Soda
LeConte LeConte
MLK MLK
Boalt Boalt
Latimer Latimer
