FacultyClub BioscienceLibrary SutardjaDai Etcheverry SproulPlaza Hilgard StudentUnion EarthquakeLibrary ArtHistoryLibrary UniversityHouse LawrenceofScience Pimentel Mulford CareerCenter HearstGym Durham OBrien Library Spieker FPF PacificFilmArchive BrainImagingCenter Morrison Unit3 Wheeler Cheit Manville FacultyClub
24
FacultyClub FacultyClub
BioscienceLibrary BioscienceLibrary
SutardjaDai SutardjaDai
Etcheverry Etcheverry
SproulPlaza SproulPlaza
Hilgard Hilgard
StudentUnion StudentUnion
EarthquakeLibrary EarthquakeLibrary
UniversityHouse UniversityHouse
LawrenceofScience LawrenceofScience
Pimentel Pimentel
Mulford Mulford
CareerCenter CareerCenter
HearstGym HearstGym
Durham Durham
OBrien OBrien
Library Library
Spieker Spieker
FPF FPF
PacificFilmArchive PacificFilmArchive
BrainImagingCenter BrainImagingCenter
Morrison Morrison
Wheeler Wheeler
Cheit Cheit
