FacultyClub EarthquakeLibrary Durham IRLE Cheit Wheeler Investigative MartinezCommons UniversityHouse SproulPlaza EarthLibrary StudentUnion SutardjaDai Warren PacificFilmArchive OBrien Spieker ArtHistoryLibrary MediaCenter BioscienceLibrary Hilgard BancroftDance NewspapersLibrary LawrenceofScience EnergyBuilding HearstGym Unit3 Manville Jacobs Pimentel BrainImagingCenter McCone Mulford McCone InternationalHouse Durant Etcheverry MLK CITRIS DonnerLaboratory SpringerGateway Koshland MelvinLaboratory FPF Birge StowPlaza CareerCenter Sproul AnthropologyLibrary OptometryLibrary Library AndersenAuditorium Stephens Morrison FacultyClub
26
IRLE FacultyClub Durham IRLE
BioscienceLibrary BioscienceLibrary Hilgard MediaCenter
SutardjaDai SutardjaDai StudentUnion
Durant Etcheverry ArtHistoryLibrary
SproulPlaza SproulPlaza UniversityHouse
EarthquakeLibrary EarthquakeLibrary
LawrenceofScience LawrenceofScience BancroftDance NewspapersLibrary
Pimentel Pimentel Jacobs
Mulford Mulford
StowPlaza CareerCenter StowPlaza
HearstGym HearstGym Unit3
OBrien OBrien Spieker
OptometryLibrary Library OptometryLibrary
FPF FPF Birge
Warren PacificFilmArchive Warren
EnergyBuilding BrainImagingCenter EnergyBuilding InternationalHouse
Stephens Morrison Stephens
Cheit Wheeler Cheit
Manville Manville
MelvinLaboratory Koshland MelvinLaboratory
Investigative Investigative MartinezCommons
EarthLibrary EarthLibrary
AndersenAuditorium AndersenAuditorium
AnthropologyLibrary AnthropologyLibrary
SpringerGateway SpringerGateway DonnerLaboratory CITRIS
Sproul Sproul
