0 3 10 8 13 15 17 18 19 25 26 32 33 35 38 32 42 157 44 46 47 48 49 51 52 55 56 58 112 60 75 64 65 59 67 18 69 71 73 74 75 76 77 80 82 83 85 185 87 88 90 91 92 93 94 151 96 97 99 102 103 105 106 112 113 114 140 117 119 120 123 124 131 132 133 134 135 136 139 140 141 143 50 145 148 149 153 154 155 158 86 161 162 167 168 169 170 171 172 173 174 175 177 178 180 181 188 191 195 197 199 0
98
3 3
8 8
13 13
15 15
17 17
18 18
19 19
25 25
26 26
32 32
33 33
35 35
38 38
42 42
44 44
46 46
47 47
48 48
49 49
51 51
52 52
55 55
56 56
58 58
60 60
64 64
65 65
67 67
69 69
71 71
73 73
74 74
75 75
76 76
77 77
80 80
82 82
83 83
85 85
87 87
88 88
90 90
91 91
92 92
93 93
94 94
96 96
97 97
99 99
102 102
103 103
105 105
106 106
112 112
113 113
114 114
117 117
119 119
120 120
123 123
124 124
131 131
132 132
133 133
134 134
135 135
136 136
139 139
140 140
141 141
143 143
145 145
148 148
149 149
153 153
154 154
155 155
158 158
161 161
162 162
167 167
168 168
169 169
170 170
171 171
172 172
173 173
174 174
175 175
177 177
178 178
180 180
181 181
188 188
191 191
195 195
197 197
199 199
