1 2 64 3 18 97 4 97 55 36 5 6 82 32 56 7 56 67 8 55 22 88 9 88 36 10 92 11 67 31 40 22 12 13 12 14 42 49 15 69 29 99 16 99 3 35 17 18 19 44 51 20 29 21 73 12 22 12 23 68 15 69 24 44 18 97 4 25 4 53 26 53 38 28 27 28 69 29 20 30 76 67 31 67 56 32 33 34 33 35 18 89 36 88 93 37 26 53 38 28 18 39 18 28 55 40 55 28 41 49 42 14 43 56 44 18 35 100 45 100 77 46 97 47 35 18 48 28 94 49 42 46 97 4 50 29 51 44 19 1
50
2 2
3 3
4 4
5 5
6 6
7 7
8 8
9 9
10 10
11 11
12 12
13 13
14 14
15 15
16 16
17 17
18 18
19 19
20 20
21 21
22 22
23 23
24 24
25 25
26 26
27 27
28 28
29 29
30 30
31 31
32 32
33 33
34 34
35 35
36 36
37 37
38 38
39 39
40 40
41 41
42 42
43 43
44 44
45 45
46 46
47 47
48 48
49 49
50 50
51 51
