1 2 15 42 13 5 30 27 19 55 3 14 22 9 33 7 31 34 12 16 21 53 4 10 8 79 20 45 35 39 61 37 24 11 58 17 50 28 32 87 47 6 54 51 36 63 38 4 25 77 49 52 46 89 48 26 60 57 65 29 86 18 81 78 67 41 56 72 43 66 68 69 64 41 74 75 91 104 23 71 94 44 40 70 80 88 84 100 92 62 92 144 85 90 66 68 76 95 96 104 73 104 61 93 161 97 92 18 114 26 82 67 167 83 167 101 166 98 140 33 59 149 99 15 1
100
2 2
15 15
42 42
13 13
5 5
30 30
27 27
19 19
55 55
3 3
14 14
22 22
9 9
33 33
7 7
31 31
34 34
12 12
16 16
21 21
53 53
4 4
10 10
8 8
79 79
20 20
45 45
35 35
39 39
61 61
37 37
24 24
11 11
58 58
17 17
50 50
28 28
32 32
87 87
47 47
6 6
54 54
51 51
36 36
63 63
38 38
25 25
77 77
49 49
52 52
46 46
89 89
48 48
26 26
60 60
57 57
65 65
29 29
86 86
18 18
81 81
78 78
67 67
41 41
56 56
72 72
43 43
66 66
68 68
69 69
64 64
74 74
75 75
91 91
23 23
71 71
94 94
44 44
40 40
70 70
80 80
88 88
84 84
100 100
92 92
62 62
85 85
90 90
76 76
95 95
96 96
73 73
93 93
97 97
82 82
83 83
101 101
98 98
59 59
99 99
