159 109 180 122 180 109 159 164 43 164 32 189 59 147 157 195 152 173 27 169 27 173 133 17 161 100 33 5 177 111 128 111 177 64 57 79 32 141 36 141 32 189 107 134 107 189 8 167 15 129 142 141 32 141 142 129 86 129 142 127 146 127 137 101 147 59 189 107 44 4 149 76 184 165 65 93 56 156 31 114 35 114 197 6 164 159 77 159 164 32 189 117 7 72 45 25 101 137 19 152 172 126 172 152 195 168 53 193 53 163 132 101 137 127 142 129 74 185 74 158 170 79 57 63 57 64 177 5 153 182 47 182 153 93 56 156 52 6 197 114 92 116 92 158 74 129 15 71 136 49 46 142 141 32 98 65 93 56 14 97 126 172 152 19 137 101 25 45 25 138 81 164 32 189 92 158 102 5 153 93 154 2 154 93 56 14 97 14 56 156 64 57 79 32 141 142 127 137 53 193 153 5 177 174 177 5 153 93 65 98 65 93 56 156 31 124 117 48 141 36 17 36 141 32 98 65 51 65 165 184 76 137 85 54 200 46 192 130 64 57 63 13 106 197 6 164 81 138 69 171 10 200 46 192 130 107 134 120 134 107 189 59 100 199 100 33 5 153 193 53 137 76 149 23 194 21 194 23 149 140 14 56 96 162 191 162 96 78 129 41 129 142 46 37 75 108 38 108 75 77 159 109 180 193 8 189 92 114 175 29 50 108 75 37 46 142 129 78 96 56 14 140 77 190 77 159 5 102 158 74 129 142 127 61 127 142 141 32 98 65 26 65 98 32 141 36 17 133 173 27 166 121 166 27 173 133 171 69 155 69 138 81 164 32 189 92 158 99 158 92 189 107 44 4 44 131 88 29 175 13 106 197 6 164 20 87 20 164 32 79 3 79 57 64 177 111 177 5 153 193 24 193 153 5 102 82 102 5 33 100 181 100 161 17 133 173 27 145 27 173 133 171 69 138 81 28 81 156 64 177 111 34 111 177 5 153 193 8 178 8 189 117 48 182 153 5 159 77 140 14 56 156 56 93 65 165 65 51 148 51 65 93 154 93 153 5 102 158 92 189 117 7 117 124 31 156 56 14 56 156 81 30 11 104 25 101 147 40 147 59 100 139 100 33 5 102 123 102 5 159 109 127 112 1 167 1 112 127 109 159 22 159 77 75 37 46 200 46 192 130 107 44 60 44 107 189 32 164 6 164 32 79 160 88 160 79 32 164 159
99
122 122
43 43
157 157
169 169
100 100
128 128
36 36
134 134
15 15
32 32
86 86
146 146
101 101
107 107
76 76
93 93
35 35
77 77
72 72
126 126
193 193
132 132
185 185
63 63
47 47
52 52
116 116
71 71
46 46
65 65
172 172
45 45
138 138
158 158
2 2
97 97
79 79
137 137
174 174
98 98
31 31
17 17
51 51
85 85
64 64
106 106
10 10
120 120
199 199
53 53
21 21
191 191
41 41
38 38
180 180
114 114
37 37
96 96
190 190
74 74
61 61
26 26
133 133
121 121
155 155
99 99
4 4
13 13
87 87
3 3
111 111
24 24
82 82
181 181
145 145
28 28
34 34
178 178
48 48
140 140
156 156
165 165
148 148
154 154
102 102
7 7
14 14
11 11
40 40
59 59
139 139
123 123
109 109
167 167
22 22
200 200
192 192
60 60
6 6
