lllIl1I 11IIII1 lIIlII1 II11l1l IIl1l1I I1llll1 Ill11II I1llll1 IIl1l1I II11l1l lIIl11l IIlI1lI II1Il1I IIlI1lI llIIII1 I111I1I lI11III Il1Il1I lI11III IlI1II1 11I1llI 1l11lII 11lI11I lII111l lll1111 l1IllI1 I11I111 ll111ll I11I111 l1IllI1 1llI111 lll1I1l lIllIll lll1I1l 1llI111 l1IllI1 I1ll1II l1lllll 1IlIl1I l1lllll lI1l111 1I11Ill lI1l111 11111lI lI1Ill1 I11111l lI1Ill1 11111lI lI1l111 l1lllll I1ll1II l1IllI1 lll1111 l1lll11 1I1lllI l1lll11 lll1111 lII111l I1Ill1I I1llII1 111lI1I 1111I11 l1l11l1 1111I11 111lI1I I1llII1 I1Ill1I lII111l 11lI11I 1l11lII 11I1llI IlI1II1 1I1I1lI l1I111I 1lIl11I l1I111I 1I1I1lI IlI1II1 lI11III I111I1I llIIII1 l1l1l1l I11I11l lllIl1I
29
lI11III lI11III Ill1I11 IlI1II1 III111I
II11l1l lIl111I II11l1l lIIlII1
lIIl11l lIIl11l 1I1I1l1
II1Il1I II1Il1I
I11111l I11111l
lII111l lII111l 11lI11I
Il1Il1I Il1Il1I IIlIllI
ll111ll ll111ll
l1IllI1 l1IllI1 IlI1Il1 III1llI l1IIl1l
lI1Ill1 11111lI
l1l11l1 l1l11l1
1l11lII 1l11lII
l1I111I l1I111I 1I1I1lI
I111I1I llIIII1 I111I1I
I1ll1II I1ll1II
Ill11II Ill11II
lIllIll lll1I1l lIllIll
lllIl1I 11IIII1
111lI1I 111lI1I llI1lII
1IlIl1I l1lllll 1IlIl1I
1I11Ill lI1l111 1I1l1Il 1I11Ill 1l1lIlI
IIl1l1I IIl1l1I
1llI111 1llI111
I11I111 I11I111
I11I11l I11I11l
I1llII1 I1llII1
I1llll1 I1llll1
1I1lllI l1Ill11 l1lll11 1I1lllI
1lIl11I 1lIl11I
