IIII1I1 I1I111I lll1lII 1lIIl11 1lI11l1 1IIlIIl l1IlIII 11I1lll l1IlIl1 11IIl1I lIlllll IIIlI1l 11I1Ill lI1l1II lll1lII I11IIlI IIllIl1 11lI11I IIII1ll lIIIllI 1IlII1I lI11l1l I1I1111 IIlIIII II111I1 lII1I11 I1I111I IIlIlI1 III1lII IlllI11 II1I1Il IIII1I1
25
I1I111I I1I111I
1lI11l1 1lI11l1
1IIlIIl 1IIlIIl
l1IlIII l1IlIII
11I1lll 11I1lll
l1IlIl1 l1IlIl1
11IIl1I 11IIl1I
lIlllll lIlllll
11I1Ill 11I1Ill
lI1l1II lI1l1II
I11IIlI I11IIlI
IIllIl1 IIllIl1
11lI11I 11lI11I
IIII1ll IIII1ll
lIIIllI lIIIllI
1IlII1I 1IlII1I
lI11l1l lI11l1l
I1I1111 I1I1111
IIlIIII IIlIIII
II111I1 II111I1
lII1I11 lII1I11
IIlIlI1 IIlIlI1
III1lII III1lII
IlllI11 IlllI11
II1I1Il II1I1Il
