K A B DE C FZ D Q E F FH G FH H BI I J K FQ L M N EH O Y P BQ Q BN R F S T DY U V H W X FN Y Z AA AB AC BX AD EO AE AF H AG AH AI AJ AK D AL DU AM DP AN AO AP AQ AR BW AS FQ AT GE AU GS AV AW EJ AX AY AZ BJ BA EU BB BC BD BE BF BG BH BI BJ GC BK BL DE BM BN BO EY BP BQ GE BR BS GG BT GL BU DJ BV BW GR BX BY BZ CP CA CB CC DK CD CE CF K CG CH CI CJ CK CL CM CN BU CO CP CQ CR DD CS AY CT CM CU CV GN K
99
A A
B B
C C
D D
E E
F F
G G
H H
I I
J J
K K
L L
M M
N N
O O
P P
Q Q
R R
S S
T T
U U
V V
W W
X X
Y Y
Z Z
AA AA
AB AB
AC AC
AD AD
AE AE
AF AF
AG AG
AH AH
AI AI
AJ AJ
AK AK
AL AL
AM AM
AN AN
AO AO
AP AP
AQ AQ
AR AR
AS AS
AT AT
AU AU
AV AV
AW AW
AX AX
AY AY
AZ AZ
BA BA
BB BB
BC BC
BD BD
BE BE
BF BF
BG BG
BH BH
BI BI
BJ BJ
BK BK
BL BL
BM BM
BN BN
BO BO
BP BP
BQ BQ
BR BR
BS BS
BT BT
BU BU
BV BV
BW BW
BX BX
BY BY
BZ BZ
CA CA
CB CB
CC CC
CD CD
CE CE
CF CF
CG CG
CH CH
CI CI
CJ CJ
CK CK
CL CL
CM CM
CN CN
CO CO
CP CP
CQ CQ
CR CR
CS CS
CT CT
CU CU
