50 162 50 126 50 83 50 156 50 55 50 23 50 110 50 56 50 29 50 113 50 88 50 176 50 54 50 57 50 108 50 138 50 71 50 96 50 144 50 61 50 53 50 4 50 13 50 179 50 30 50 99 50 128 50 181 50 172 50 121 50 198 50 40 50 44 50 182 50 197 50 25 50 169 50 124 50 111 50 89 50 77 50 80 50 177 50 136 50 141 50 117 50 185 50 51 50 10 50 109 84 109 50
51
50 0 1 7 9 14 18 27 31 36 38 41 47 49 62 69 76 78 81 82 85 86 92 101 102 107 112 115 118 120 123 125 127 129 133 134 139 142 143 146 147 148 153 157 161 164 170 180 186 187 195
4 4
10 10
13 13
23 23
25 25
29 29
30 30
40 40
44 44
51 51
53 53
54 54
55 55
56 56
57 57
61 61
71 71
77 77
80 80
83 83
84 84
88 88
89 89
96 96
99 99
108 108
110 110
111 111
113 113
117 117
121 121
124 124
126 126
128 128
136 136
138 138
141 141
144 144
156 156
162 162
169 169
172 172
176 176
177 177
179 179
181 181
182 182
185 185
197 197
198 198
