Satish N26J6EU AETBJC WQM0D4 R2POU4T ODSGN281 V7T5SI ODSGN281 R2POU4T WQM0D4 AETBJC N26J6EU Satish CXLQGGJ746 PQ09CSX QJ0LM8 5HGKBK F3YJ 0I7Y F3YJ 5HGKBK JOBN3N PL0UHK F1G8HC PL0UHK SKLZM VNYZ5QVO77 SKLZM AO31B76 QHH48VD7JJ 07XQDCJI 2FB0FS3KWX OJ27JN021 JSSS9HX U0LMCHUU 59E13RE 6HNG FPB1OLF3 6HNG 59E13RE U0LMCHUU JSSS9HX OJ27JN021 7CRTCJA O2N6HBZK8 QL51A0KUT EG23K SUC1CH RX6VI 19LN S657MFMG K936 IQXEPH9QO B0H9VDIK 5N65HLXKU Satish
25
VNYZ5QVO77 VNYZ5QVO77 SKLZM
PL0UHK PL0UHK
FPB1OLF3 QAL7Z5UN ITHI7K6W1B FPB1OLF3 EHS8A
RX6VI QL51A0KUT EG23K RX6VI 19LN SUC1CH
OJ27JN021 7CRTCJA O2N6HBZK8 JSSS9HX OJ27JN021 U0LMCHUU
0I7Y V4R09 0I7Y
QJ0LM8 QJ0LM8
K936 K936 S657MFMG
JOBN3N JOBN3N
V7T5SI V7T5SI QU5Y0N2LQ QEAJAFMPY VNCFO
F1G8HC 6WSDW F1G8HC
5N65HLXKU 5N65HLXKU IEYK8
WQM0D4 WQM0D4
N26J6EU N26J6EU
F3YJ 5HGKBK F3YJ
QHH48VD7JJ QHH48VD7JJ M6CD1Y AO31B76
PQ09CSX CXLQGGJ746 PQ09CSX
IQXEPH9QO IQXEPH9QO
07XQDCJI 07XQDCJI
B0H9VDIK B0H9VDIK
R2POU4T R2POU4T
ODSGN281 ODSGN281 XGYWBMTWT
6HNG 59E13RE 6HNG
AETBJC AETBJC
2FB0FS3KWX 2FB0FS3KWX
