Satish 4C88SXD PUW25N CKNDWG 4VE7V CKNDWG ZMZIWZ CKNDWG PUW25N 01G9IQ2 KCOFJD ARTWTP9 L2MG8NMU M71OYIS EEZS HQG39M B3R68HYWZ ZRI9UW LM7KL5G3V O44VZ E37ZKA8WK 91ZONFE QW15YTSV H41HZ6 E2DHWGC HM48FZD0 26PG YSRPP 26PG GILAN21GR3 26PG HM48FZD0 E2DHWGC GN4G0L2 HBQM42U 4TME 3WJYJDDU 4TME HBQM42U VGYKKKOFLZ 6PVQIBNB9 GNVXN E5HD 2BLLD3SK E5HD GNVXN 8TH7QVQY GNVXN 6PVQIBNB9 VGYKKKOFLZ HBQM42U GN4G0L2 E2DHWGC H41HZ6 QW15YTSV 91ZONFE E37ZKA8WK O44VZ DNIV2BOR2P PMXEOGGIQ DNIV2BOR2P DST5W4G0 KBI1CALMNJ DST5W4G0 DNIV2BOR2P O44VZ LM7KL5G3V ZRI9UW B3R68HYWZ HQG39M EEZS M71OYIS L2MG8NMU ARTWTP9 KCOFJD 01G9IQ2 PUW25N CKNDWG ZMZIWZ 4UE11 LQQ5IH MXJIYJYNH4 R4DHH1KAWR ETNCY9XH2 CV6NHW7M 7T8I47 CV6NHW7M J2ETZ1C CXQDH6YMZ8 5XYO CXQDH6YMZ8 J2ETZ1C CV6NHW7M ETNCY9XH2 YQB2CII950 VOAV 02X2C C8WREP 02X2C VOAV YQB2CII950 R5XAD9J7 DYYG23O 9K8PLAET 9V10EOH E9DZLL M649OA ZMQ5BH L7QS0UEPJ ZMQ5BH M649OA FWM5C G7PWWJ FWM5C 8MDFNIK8AY MLKOJ JX6GCY MLKOJ 1UCE YU3U1T 1UCE MLKOJ 8MDFNIK8AY FWM5C M649OA E9DZLL 9V10EOH 9K8PLAET A8WYICH3 9K8PLAET DYYG23O YDG8AEOM ETB2 2B1K6EW9CL LBR67PCKBJ 3IXHQXHYBV P6RI91D87 3IXHQXHYBV LBR67PCKBJ 2B1K6EW9CL ETB2 YDG8AEOM DYYG23O R5XAD9J7 YQB2CII950 ETNCY9XH2 R4DHH1KAWR MXJIYJYNH4 9QJRN G90OCSZY FPZT ZH2INF 5HULMUDLAQ 3J6SSA GH8C G4QE3I 8UPUEGO G4QE3I GH8C 3J6SSA 5HULMUDLAQ ZH2INF FPZT G90OCSZY FM2G14H8I H1LQ91V A118 Satish
53
3WJYJDDU 3WJYJDDU
9QJRN 9QJRN
E5HD GNVXN E5HD 6PVQIBNB9
JX6GCY 8MDFNIK8AY JX6GCY MLKOJ
L7QS0UEPJ B690 CB93 Q7ZEY L7QS0UEPJ 7GAD3F
G7PWWJ W71YV1R66L 0TRB9358 FWM5C
8UPUEGO G4QE3I 8UPUEGO
P6RI91D87 P6RI91D87 79KTC8AS9
2BLLD3SK ET82NVH9 2BLLD3SK 7622OJ
5XYO SQLSVN 5XYO
9V10EOH 9V10EOH 9K8PLAET
YU3U1T YU3U1T
1UCE 1UCE
M71OYIS IHN21LA4 EEZS M71OYIS RP28W1
DNIV2BOR2P DNIV2BOR2P
91ZONFE 91ZONFE QW15YTSV
4VE7V DDB26ZHC 4VE7V
H1LQ91V EFIKTK4Y0Y PIW6IC50D 4P0LGP0 FM2G14H8I H1LQ91V
G90OCSZY G90OCSZY
VOAV YQB2CII950 VOAV
7T8I47 7T8I47
B3R68HYWZ HQG39M B3R68HYWZ
ZMZIWZ 4UE11 ZMZIWZ
R4DHH1KAWR ETNCY9XH2 LQQ5IH MXJIYJYNH4
A118 A118
4TME FM2HEMVR1 HBQM42U ZZACWP VGYKKKOFLZ Q7Z37G5
KCOFJD KCOFJD ARTWTP9
LBR67PCKBJ ETB2 3IXHQXHYBV LBR67PCKBJ 2B1K6EW9CL
YSRPP 26PG YSRPP
C8WREP C8WREP
ZRI9UW LM7KL5G3V
02X2C 02X2C
E37ZKA8WK M35E E37ZKA8WK
E2DHWGC H41HZ6 E2DHWGC HM48FZD0 GN4G0L2
J2ETZ1C J2ETZ1C
A8WYICH3 A8WYICH3
5HULMUDLAQ ZH2INF 3J6SSA 5HULMUDLAQ
E9DZLL E9DZLL M649OA
4C88SXD 4C88SXD
ZMQ5BH ZMQ5BH
8TH7QVQY 8TH7QVQY
KBI1CALMNJ DST5W4G0 KBI1CALMNJ
01G9IQ2 01G9IQ2
PUW25N PUW25N
CKNDWG CKNDWG
GH8C GH8C
CV6NHW7M CV6NHW7M
O44VZ O44VZ
PMXEOGGIQ PMXEOGGIQ
GILAN21GR3 GILAN21GR3
FPZT FPZT
CXQDH6YMZ8 CXQDH6YMZ8
DYYG23O DYYG23O
