Satish VFRT26 1BZLEM ZRYV5F YXBMACC PZMGYZL FS1RWBVR7 PTWCQ PYD9SISJI KRM4B WZ1MC3189 OXWYDF BBFYA9B R6VBAVZ0B UVP4WIKK OXWYDF 399VM5PU6 OK29GJ PTL1QU Z6H98 9XFF PYD9SISJI 4INC2D8SDN 92R432 ICTGXV TBFPZEBP KSHB2KG ER2YSPML1C ZY9VPYMXA NSBI Satish
24
VFRT26 VFRT26
1BZLEM 1BZLEM
ZRYV5F ZRYV5F
YXBMACC YXBMACC
PZMGYZL PZMGYZL
FS1RWBVR7 FS1RWBVR7
PTWCQ PTWCQ
PYD9SISJI PYD9SISJI
KRM4B KRM4B
WZ1MC3189 WZ1MC3189
BBFYA9B BBFYA9B
R6VBAVZ0B R6VBAVZ0B
UVP4WIKK UVP4WIKK
OXWYDF OXWYDF
399VM5PU6 399VM5PU6
PTL1QU PTL1QU
Z6H98 Z6H98
9XFF 9XFF
4INC2D8SDN 4INC2D8SDN
92R432 92R432
ICTGXV ICTGXV
KSHB2KG KSHB2KG
ER2YSPML1C ER2YSPML1C
ZY9VPYMXA ZY9VPYMXA
