92 8 6 2 26 20 8 89 67 27 91 59 73 54 10 80 62 79 73 49 84 49 95 21 30 27 45 75 43 6 25 38 25 77 31 71 37 25 32 15 9 46 23 22 25 76 49 97 36 60 74 9 12 29 40 60 80 49 76 41 51 92 55 57 44 62 82 29 38 94 38 29 82 1 56 25 75 65 83 1 47 1 56 31 50 34 14 59 74 11 80 24 16 73 92
50
6 6
2 2
26 26
20 20
89 89
67 67
91 91
73 73
54 54
80 80
79 79
84 84
95 95
21 21
30 30
75 75
43 43
25 25
38 38
77 77
71 71
37 37
15 15
9 9
46 46
22 22
76 76
36 36
74 74
12 12
40 40
60 60
41 41
92 92
57 57
44 44
29 29
94 94
82 82
56 56
65 65
83 83
47 47
31 31
50 50
14 14
59 59
11 11
24 24
16 16
