129 83 92 183 47 116 47 183 92 83 130 83 92 137 9 161 80 89 80 84 101 4 81 158 141 103 141 158 66 107 100 105 157 29 157 195 85 23 85 6 51 6 85 56 99 156 95 59 25 7 175 7 25 59 178 39 178 26 163 26 126 68 110 10 110 68 126 26 61 188 61 91 97 96 63 123 49 53 121 171 121 53 49 123 63 96 2 96 76 96 87 33 5 33 87 96 63 123 49 155 17 8 48 8 17 155 49 123 63 96 97 91 61 26 128 190 177 65 0 82 0 160 0 65 177 190 128 26 178 59 25 196 140 151 140 196 25 59 95 156 99 56 85 195 157 105 100 107 66 158 81 4 11 13 180 108 114 108 180 13 111 142 3 129
52
180 180 50 13
9 161 9
142 142
121 121 150 53
4 11 184 81 4
5 5 174 40 33 88
97 97
48 189 48 8
2 2
96 87 96
95 95
183 183
163 128 163 26
65 65 177 190 64
49 17 49 155 57
107 122 100 107 109
110 110 14
23 23
108 125 108
130 36 130
141 158
84 101 84
85 56 195 85
63 63 191
123 123
160 160
105 98 157 105 192
61 152 21 61
92 137 92 197
156 156
10 55
82 15 145 0 82
47 62 58
29 29
175 175
51 51 6
103 103
171 171
126 126
188 16 188
114 114
91 91
25 196 25
99 99
178 178
59 194 59
89 89
76 76
39 39
66 66
151 151
116 44
