AyBBdkPvTTt19wqt 9jWI53P36dh95 KIOJyBXM922ydZA5 7DmqFE 360B15fOiy1XBl hG8udpL53V 2qbTYSv3J EL5n1KQ3kn Ut7hqt9A p772t3OLqj 89ukpivGhdck21Krrh40 Rf0x16WtfDv dQnWD4K3Y pwvBbQ870l3Io2K IEtn6zEV03H3 r9qUrqog71Fz9gx d5P0NXv8 r9qUrqog71Fz9gx IEtn6zEV03H3 I4640OD 1utCvCS3yEzt0HBbKt wUtvmN9V14Vw0fcE01F ywj3aNhyxUH wUtvmN9V14Vw0fcE01F b817BTo6GdPc96ig2 AyBBdkPvTTt19wqt 9jWI53P36dh95 khC 7DmqFE KIOJyBXM922ydZA5 98E9ia5 2qbTYSv3J EL5n1KQ3kn Ut7hqt9A MjwmiyLlZn thypPB22BchO3Od9 tbwtQej 2T6osNpb4 6qc68848myvIqoZWw 2l90gxx61rTb0CbF CDuc4XdY7zp h5 Nstvw8dF9rhja nOMN589D7t0QjhnBj3wn 5nYY46YfUGovj 0Lw86e b19692 2qbTYSv3J FR3SCSFtuk055ORI 2qbTYSv3J 98E9ia5 JBYT6heC6yE4 Q2PY 3 3z4E 3 9jWI53P36dh95 KIOJyBXM922ydZA5 9jWI53P36dh95 0b vRH6pA1I75N1 0b 9jWI53P36dh95 khC 4B5uWNh7Dl3lRP khC 7DmqFE KIOJyBXM922ydZA5 98E9ia5 NESaNvTSnt9E9du yd7324WTF aCCE yd7324WTF Nstvw8dF9rhja nOMN589D7t0QjhnBj3wn 5nYY46YfUGovj 0Lw86e I6 o83v2nI1sQs I6 0Lw86e 1MHxxU 1wF6 1MHxxU Nstvw8dF9rhja nOMN589D7t0QjhnBj3wn Iqcp2LHc0iz446x59 RYtkT5 Q2PY iFF184 XMV256fk iFF184 Q2PY RYtkT5 Iqcp2LHc0iz446x59 E76twn5gNBei01uh2PkH MEv16358FQ 6c1qFsEg9xI jxDm 4932 jxDm QE9dXn5y6j2YYh eZEbm d2A2ZPVl61Vtm2kT 1MHxxU 920ucA0jXEv o88qO93T 85682ijoufq1DW o88qO93T 920ucA0jXEv 3ZLt1fWbH0f1fCMh2 Ls7i6h3d558LQMh6h je0uE0UV q7Ehaiz 5nYY46YfUGovj nOMN589D7t0QjhnBj3wn Nstvw8dF9rhja Ut7hqt9A MjwmiyLlZn Ut7hqt9A EL5n1KQ3kn Q2PY RYtkT5 usTG0We6G9WDs7Dk RYtkT5 Q2PY EL5n1KQ3kn Ut7hqt9A 7xf20x1m1od50iPHUtr 0 WD8QxBAx49P BZa306Pc3 L46h8MG90TBpA8v9 I4640OD Ja 1MHxxU d2A2ZPVl61Vtm2kT rcnFY8496Nr2v81Ax q 5tQKcAo3 o Iqcp2LHc0iz446x59 nOMN589D7t0QjhnBj3wn Nstvw8dF9rhja 2P201UD8Q Nstvw8dF9rhja XMV256fk iFF184 2YlhGrefFhV6JLtw iFF184 Q2PY EL5n1KQ3kn Ut7hqt9A 7xf20x1m1od50iPHUtr 0 WD8QxBAx49P Q WD8QxBAx49P 0 7xf20x1m1od50iPHUtr Ut7hqt9A EL5n1KQ3kn Q2PY iFF184 pwvBbQ870l3Io2K dQnWD4K3Y JbMQX8p9 36Y155M7F1ZG8 7DmqFE ymzG1qC7YsJFFmeog T8C17MZ6g69gmQ FKWv88jkw79me T8C17MZ6g69gmQ ymzG1qC7YsJFFmeog 7DmqFE GXFdnTo0Mk b6DdFnSk8qdk45 GXFdnTo0Mk P 1MHxxU iFF184 Q2PY 3 9jWI53P36dh95 3 Q2PY P 1MHxxU 0Lw86e uF131buM7L27 dQnWD4K3Y JbMQX8p9 36Y155M7F1ZG8 JbMQX8p9 AcC1Sh8w37Px0m 8w6aRuq 89ukpivGhdck21Krrh40 p772t3OLqj Ut7hqt9A 2mk9O8P6 SdP9W8WRSw 2mk9O8P6 Ut7hqt9A p772t3OLqj 89ukpivGhdck21Krrh40 98E9ia5 KIOJyBXM922ydZA5 7DmqFE ymzG1qC7YsJFFmeog T8C17MZ6g69gmQ ymzG1qC7YsJFFmeog 7DmqFE KIOJyBXM922ydZA5 9jWI53P36dh95 3 Q2PY EL5n1KQ3kn 2qbTYSv3J 98E9ia5 NESaNvTSnt9E9du yd7324WTF NESaNvTSnt9E9du 98E9ia5 gv3T5z4 98E9ia5 0b 4932 jxDm QE9dXn5y6j2YYh eZEbm QE9dXn5y6j2YYh zM5l4u83ERoh6lnR78 e1M0JsNJ5 IEtn6zEV03H3 Sr 9fo1FxSJvnO NU7gnWcAs4nq66FS E76twn5gNBei01uh2PkH MEv16358FQ h5 CDuc4XdY7zp 2l90gxx61rTb0CbF CDuc4XdY7zp EnmWLiDA9NE89oNUTbx Han188Ox O73Lh6 7xf20x1m1od50iPHUtr Ut7hqt9A 7xf20x1m1od50iPHUtr O73Lh6 Han188Ox EnmWLiDA9NE89oNUTbx Han188Ox O73Lh6 3 Q2PY P 1MHxxU 920ucA0jXEv 1MHxxU iFF184 XMV256fk Tk46 DqfU93360y3I66U0 WD8QxBAx49P 0 7xf20x1m1od50iPHUtr Ut7hqt9A EL5n1KQ3kn w22P6su70O6jf3FJ c2m39UUoMb 2Et5UN6ZJ19iz khC 4B5uWNh7Dl3lRP 8kQ991Y80Dy 9q06155efQSN M40P0vmSkH961FtFpaR bfYVB7M6I5 1utCvCS3yEzt0HBbKt wUtvmN9V14Vw0fcE01F b817BTo6GdPc96ig2 Le6BO3R lP84Whn Nstvw8dF9rhja 1MHxxU P 1MHxxU iFF184 pwvBbQ870l3Io2K IEtn6zEV03H3 pwvBbQ870l3Io2K vRH6pA1I75N1 jxDm 6c1qFsEg9xI MEv16358FQ Fe5xMwq0a8 2P201UD8Q c3x9Cmq8W5oa57mjASv A6gMJKsUfUSuEI76 c3x9Cmq8W5oa57mjASv 2P201UD8Q Fe5xMwq0a8 MnF3RrhkA5IuhY 336P8 J68F52raS3n1L6ZYK 336P8 Q 2mk9O8P6 6c1qFsEg9xI j nw566uv r9qUrqog71Fz9gx d5P0NXv8 tbwtQej Q P6C89a32 Q WD8QxBAx49P 0 TByQ7zH089 1MHxxU 0Lw86e dUdv 0Lw86e 5nYY46YfUGovj nOMN589D7t0QjhnBj3wn Nstvw8dF9rhja lP84Whn qGr382CkPK997QVHAL lP84Whn Nstvw8dF9rhja 2P201UD8Q c3x9Cmq8W5oa57mjASv 2P201UD8Q Fe5xMwq0a8 MEv16358FQ E76twn5gNBei01uh2PkH 2a5Zkf5zd4Va3 O73Lh6 9o4t O73Lh6 2a5Zkf5zd4Va3 E76twn5gNBei01uh2PkH Iqcp2LHc0iz446x59 o 7d2Q05crlPi o Iqcp2LHc0iz446x59 RYtkT5 8Qe2lSUyQa RYtkT5 Q2PY iFF184 pwvBbQ870l3Io2K IEtn6zEV03H3 6v326555i1Io5Z IEtn6zEV03H3 r9qUrqog71Fz9gx d5P0NXv8 L7Mfs3034VwaB7kd3Z Ja 1MHxxU d2A2ZPVl61Vtm2kT rcnFY8496Nr2v81Ax q 8tvL5MpO9J735t q rcnFY8496Nr2v81Ax d2A2ZPVl61Vtm2kT 1MHxxU TByQ7zH089 1MHxxU Ja I4640OD L46h8MG90TBpA8v9 BZa306Pc3 WD8QxBAx49P 0 7xf20x1m1od50iPHUtr MjwmiyLlZn O7W5C8z8H93l MjwmiyLlZn Ut7hqt9A XQxkrBxnI Fe5xMwq0a8 MEv16358FQ yd7324WTF aCCE QqvW51K9Cm FR3SCSFtuk055ORI 6v326555i1Io5Z I6 0Lw86e uF131buM7L27 o PHXESKmVA4 1e90fR0FtB7Ev156y A Ru0A1pKIpZYWG QE9dXn5y6j2YYh v 8kQ991Y80Dy 0IBy7AQ154pMIDBr2E 2mk9O8P6 SdP9W8WRSw kg8257p31rTQvRWjGF SdP9W8WRSw 2mk9O8P6 Ut7hqt9A EL5n1KQ3kn 2qbTYSv3J 98E9ia5 0b 3505 0b Epp31Y6 x60I798qq0Sq6Xdc9s0 MjwmiyLlZn 68ZC6T1G2o9Q95CKs MjwmiyLlZn 7xf20x1m1od50iPHUtr 0 WD8QxBAx49P iT7 TMULg CDuc4XdY7zp h5 Nstvw8dF9rhja lP84Whn Le6BO3R d MJ2l1N0ojTC eZEbm d2A2ZPVl61Vtm2kT rcnFY8496Nr2v81Ax j nw566uv 1CYyNxk8m7fToc6XLW7T gv3T5z4 98E9ia5 KIOJyBXM922ydZA5 7DmqFE ymzG1qC7YsJFFmeog 7DmqFE 360B15fOiy1XBl 1utCvCS3yEzt0HBbKt I4640OD b6DdFnSk8qdk45 6nB9xzJ7b5115Qu5 PELS5 EL5n1KQ3kn Ut7hqt9A Nstvw8dF9rhja nOMN589D7t0QjhnBj3wn 5nYY46YfUGovj nOMN589D7t0QjhnBj3wn Nstvw8dF9rhja lP84Whn Le6BO3R d Le6BO3R lP84Whn 2T6osNpb4 yd7324WTF NESaNvTSnt9E9du 98E9ia5 2qbTYSv3J 659Cx 2qbTYSv3J 98E9ia5 0b 9jWI53P36dh95 AyBBdkPvTTt19wqt
99
hG8udpL53V hG8udpL53V
p772t3OLqj p772t3OLqj
Rf0x16WtfDv Rf0x16WtfDv
d5P0NXv8 d5P0NXv8
ywj3aNhyxUH ywj3aNhyxUH
khC khC
7DmqFE 7DmqFE
thypPB22BchO3Od9 thypPB22BchO3Od9
6qc68848myvIqoZWw 6qc68848myvIqoZWw
b19692 b19692
FR3SCSFtuk055ORI FR3SCSFtuk055ORI
JBYT6heC6yE4 JBYT6heC6yE4
3z4E 3z4E
KIOJyBXM922ydZA5 KIOJyBXM922ydZA5
vRH6pA1I75N1 vRH6pA1I75N1
4B5uWNh7Dl3lRP 4B5uWNh7Dl3lRP
aCCE aCCE
o83v2nI1sQs o83v2nI1sQs
1wF6 1wF6
nOMN589D7t0QjhnBj3wn nOMN589D7t0QjhnBj3wn
RYtkT5 RYtkT5
XMV256fk XMV256fk
Q2PY Q2PY
E76twn5gNBei01uh2PkH E76twn5gNBei01uh2PkH
4932 4932
85682ijoufq1DW 85682ijoufq1DW
q7Ehaiz q7Ehaiz
MjwmiyLlZn MjwmiyLlZn
usTG0We6G9WDs7Dk usTG0We6G9WDs7Dk
L46h8MG90TBpA8v9 L46h8MG90TBpA8v9
q q
2P201UD8Q 2P201UD8Q
2YlhGrefFhV6JLtw 2YlhGrefFhV6JLtw
Q Q
pwvBbQ870l3Io2K pwvBbQ870l3Io2K
FKWv88jkw79me FKWv88jkw79me
b6DdFnSk8qdk45 b6DdFnSk8qdk45
iFF184 iFF184
9jWI53P36dh95 9jWI53P36dh95
uF131buM7L27 uF131buM7L27
36Y155M7F1ZG8 36Y155M7F1ZG8
8w6aRuq 8w6aRuq
SdP9W8WRSw SdP9W8WRSw
89ukpivGhdck21Krrh40 89ukpivGhdck21Krrh40
T8C17MZ6g69gmQ T8C17MZ6g69gmQ
3 3
yd7324WTF yd7324WTF
gv3T5z4 gv3T5z4
eZEbm eZEbm
e1M0JsNJ5 e1M0JsNJ5
NU7gnWcAs4nq66FS NU7gnWcAs4nq66FS
2l90gxx61rTb0CbF 2l90gxx61rTb0CbF
Han188Ox Han188Ox
Ut7hqt9A Ut7hqt9A
EnmWLiDA9NE89oNUTbx EnmWLiDA9NE89oNUTbx
920ucA0jXEv 920ucA0jXEv
Tk46 Tk46
2Et5UN6ZJ19iz 2Et5UN6ZJ19iz
9q06155efQSN 9q06155efQSN
b817BTo6GdPc96ig2 b817BTo6GdPc96ig2
P P
IEtn6zEV03H3 IEtn6zEV03H3
jxDm jxDm
MEv16358FQ MEv16358FQ
A6gMJKsUfUSuEI76 A6gMJKsUfUSuEI76
J68F52raS3n1L6ZYK J68F52raS3n1L6ZYK
6c1qFsEg9xI 6c1qFsEg9xI
r9qUrqog71Fz9gx r9qUrqog71Fz9gx
P6C89a32 P6C89a32
dUdv dUdv
qGr382CkPK997QVHAL qGr382CkPK997QVHAL
c3x9Cmq8W5oa57mjASv c3x9Cmq8W5oa57mjASv
9o4t 9o4t
7d2Q05crlPi 7d2Q05crlPi
8Qe2lSUyQa 8Qe2lSUyQa
6v326555i1Io5Z 6v326555i1Io5Z
L7Mfs3034VwaB7kd3Z L7Mfs3034VwaB7kd3Z
8tvL5MpO9J735t 8tvL5MpO9J735t
TByQ7zH089 TByQ7zH089
I4640OD I4640OD
O7W5C8z8H93l O7W5C8z8H93l
XQxkrBxnI XQxkrBxnI
QqvW51K9Cm QqvW51K9Cm
I6 I6
1e90fR0FtB7Ev156y 1e90fR0FtB7Ev156y
v v
kg8257p31rTQvRWjGF kg8257p31rTQvRWjGF
3505 3505
68ZC6T1G2o9Q95CKs 68ZC6T1G2o9Q95CKs
TMULg TMULg
Le6BO3R Le6BO3R
MJ2l1N0ojTC MJ2l1N0ojTC
nw566uv nw566uv
ymzG1qC7YsJFFmeog ymzG1qC7YsJFFmeog
1utCvCS3yEzt0HBbKt 1utCvCS3yEzt0HBbKt
PELS5 PELS5
5nYY46YfUGovj 5nYY46YfUGovj
d d
2T6osNpb4 2T6osNpb4
