845LWU7Kg6167HQY a 48783322I5q9PFVPT SmI7f H6pXAnE0KypnExX 42U0k6JhTQxPvUw8 NQ3vX6W6H74aK53np 4l4aqvNKB 8M2OK8Px58 fgM12T 6RiHvQ4xTN5 9vq8gscs7dz1 eDv5MBdo MVvh 11l6P71DgEau1baEX4 xaM1q4jQi3efYb0 2qgWbB40Ya16 MY3aL96Y 5CCl0n2r5512 r geUO1h 77yN7eHZwfF99R2 TBk5Pt5vt5SInt YKpC4gQmPKaU311w9eOT 4 9 KKUFV29x8iO 122gt O58T eqYzN7b19UgNo1K 672Pt4Ytw8LW J ElUTL dw6Yuyls1ZilP493g91O 95E0752p51t ZT3 y 3k 3 MVvh 11l6P71DgEau1baEX4 nd5qDM7kw618Hh0d4048 5 7L TBk5Pt5vt5SInt 95fufpL7BuUW8Mng00jE O41Muu 95fufpL7BuUW8Mng00jE a 48783322I5q9PFVPT TU76UjE52906 eDv5MBdo 5Qkzz260R7 u3Qv DUiYDuR9yYFD5 u3Qv EnhLq7BgTj8IN3Z2m fgM12T ElUTL D FL4V06094CU0zO3gJava H6pXAnE0KypnExX YLKBD54k nd5qDM7kw618Hh0d4048 ftk2 KKUFV29x8iO 0CwgepgS85xC4gx y B4mQOl023dn1 UuONs3O7D2z5 X6SrYf57mSUQQ28C J ICQxh0Q58799CUd2 B4mQOl023dn1 y 0CwgepgS85xC4gx 4 KpBvy 4 0CwgepgS85xC4gx HDLHc5Kdk SL88w66v7 HDLHc5Kdk N8191M9E9v 48783322I5q9PFVPT a 845LWU7Kg6167HQY
50
845LWU7Kg6167HQY 845LWU7Kg6167HQY
48783322I5q9PFVPT 48783322I5q9PFVPT
SmI7f SmI7f
H6pXAnE0KypnExX H6pXAnE0KypnExX
42U0k6JhTQxPvUw8 42U0k6JhTQxPvUw8
NQ3vX6W6H74aK53np NQ3vX6W6H74aK53np
4l4aqvNKB 4l4aqvNKB
8M2OK8Px58 8M2OK8Px58
fgM12T fgM12T
6RiHvQ4xTN5 6RiHvQ4xTN5
xaM1q4jQi3efYb0 xaM1q4jQi3efYb0
2qgWbB40Ya16 2qgWbB40Ya16
MY3aL96Y MY3aL96Y
5CCl0n2r5512 5CCl0n2r5512
r r
geUO1h geUO1h
TBk5Pt5vt5SInt TBk5Pt5vt5SInt
YKpC4gQmPKaU311w9eOT YKpC4gQmPKaU311w9eOT
4 4
9 9
KKUFV29x8iO KKUFV29x8iO
122gt 122gt
O58T O58T
eqYzN7b19UgNo1K eqYzN7b19UgNo1K
672Pt4Ytw8LW 672Pt4Ytw8LW
95E0752p51t 95E0752p51t
ZT3 ZT3
y y
3k 3k
3 3
MVvh MVvh
11l6P71DgEau1baEX4 11l6P71DgEau1baEX4
5 5
7L 7L
O41Muu O41Muu
TU76UjE52906 TU76UjE52906
eDv5MBdo eDv5MBdo
5Qkzz260R7 5Qkzz260R7
u3Qv u3Qv
DUiYDuR9yYFD5 DUiYDuR9yYFD5
EnhLq7BgTj8IN3Z2m EnhLq7BgTj8IN3Z2m
ElUTL ElUTL
D D
YLKBD54k YLKBD54k
ftk2 ftk2
X6SrYf57mSUQQ28C X6SrYf57mSUQQ28C
ICQxh0Q58799CUd2 ICQxh0Q58799CUd2
B4mQOl023dn1 B4mQOl023dn1
KpBvy KpBvy
SL88w66v7 SL88w66v7
