0 11 71 1 41 21 54 89 3 2 3 89 40 4 40 45 5 3 13 85 78 25 6 25 78 18 9 99 5 7 75 96 8 86 88 99 9 37 44 60 10 60 44 11 45 12 45 13 3 5 51 14 34 47 41 15 41 21 77 16 77 10 60 69 17 69 60 44 37 9 18 78 85 13 19 13 45 11 0 20 0 11 68 39 54 21 41 1 71 11 0 49 22 49 0 11 68 73 16 23 42 88 86 97 24 97 59 33 18 78 25 78 85 13 45 11 0 26 0 11 71 1 41 47 27 47 80 10 96 28 12 45 11 44 37 29 37 44 11 71 30 14 10 96 31 96 10 60 44 37 98 32 98 37 9 18 33 18 9 99 88 47 34 14 53 40 4 57 35 59 97 36 74 0 11 44 37 44 11 0 38 0 11 68 39 54 89 40 53 71 1 41 47 88 42 88 99 9 43 9 37 44 11 45 5 89 54 97 46 97 86 88 47 34 69 48 69 60 44 11 0 49 0
49
0 0
1 1
2 2
3 3
4 4
5 5
6 6
7 7
8 8
9 9
10 10
11 11
12 12
13 13
14 14
15 15
16 16
17 17
18 18
19 19
20 20
21 21
22 22
23 23
24 24
25 25
26 26
27 27
28 28
29 29
30 30
31 31
32 32
33 33
34 34
35 35
36 36
37 37
38 38
39 39
40 40
41 41
42 42
43 43
44 44
45 45
46 46
47 47
48 48
