loc0 loc167 loc0 loc25 loc183 loc188 loc120 loc8 loc120 loc188 loc183 loc25 loc0 loc58 loc185 loc58 loc0 loc25 loc138 loc32 loc150 loc17 loc150 loc109 loc150 loc141 loc150 loc197 loc83 loc186 loc83 loc197 loc150 loc32 loc138 loc42 loc46 loc144 loc49 loc144 loc46 loc37 loc75 loc156 loc75 loc112 loc157 loc62 loc157 loc198 loc77 loc129 loc15 loc129 loc66 loc168 loc92 loc168 loc11 loc67 loc11 loc168 loc66 loc113 loc20 loc165 loc164 loc184 loc164 loc165 loc20 loc113 loc66 loc34 loc57 loc181 loc57 loc34 loc66 loc129 loc77 loc198 loc157 loc62 loc82 loc76 loc182 loc76 loc82 loc78 loc53 loc54 loc53 loc122 loc96 loc134 loc96 loc122 loc53 loc160 loc106 loc52 loc106 loc160 loc53 loc122 loc50 loc196 loc50 loc122 loc53 loc78 loc82 loc62 loc157 loc112 loc75 loc37 loc60 loc192 loc60 loc37 loc89 loc116 loc89 loc37 loc75 loc156 loc64 loc191 loc39 loc28 loc187 loc55 loc0
46
loc54 loc54
loc75 loc37 loc75
loc183 loc85 loc41 loc179 loc119 loc183 loc47
loc77 loc129 loc162
loc167 loc167
loc168 loc168 loc66 loc31 loc93
loc62 loc82
loc52 loc52
loc49 loc49 loc130 loc144 loc46 loc105
loc187 loc187
loc192 loc192
loc156 loc191 loc156
loc96 loc96
loc181 loc147 loc57
loc116 loc36 loc116 loc89
loc25 loc118 loc25 loc138 loc42
loc15 loc15
loc109 loc109 loc177
loc164 loc164
loc28 loc39 loc28
loc198 loc172 loc27 loc198 loc100 loc131
loc185 loc185
loc67 loc67
loc106 loc106
loc150 loc150 loc10 loc14 loc32
loc20 loc20
loc184 loc184
loc182 loc182 loc97
loc113 loc113
loc122 loc122
loc58 loc69
loc160 loc160 loc45
loc134 loc134
loc120 loc188 loc120
loc112 loc112
loc186 loc186 loc83
loc165 loc165
loc157 loc157
loc17 loc17
loc196 loc196
loc11 loc11
loc92 loc92
loc8 loc8
loc53 loc78
loc197 loc197
loc141 loc84
