69 7 101 7 131 7 36 81 36 135 36 127 36 8 163 106 162 106 72 106 74 106 163 77 163 195 163 197 163 171 3 171 133 171 58 171 198 171 121 5 192 5 33 5 121 171 11 104 11 165 11 147 11 171 45 2 26 2 24 119 24 2 45 171 190 37 44 37 14 110 14 99 14 37 190 171 163 8 194 8 170 1 64 1 30 1 31 1 53 1 46 1 113 1 87 1 128 1 158 69
42
81 36 115 90 16 81
44 186 37 52 44 134 82
14 148 14
30 30
163 163 100 80 117 27
194 194
131 131
147 147
5 5 132
1 118 193 25 188 56 59 1 149
198 198
74 74
106 71 63 106 166
104 112 146 97 51 11 104
165 165
99 99
113 113
119 24 119
33 33 191
128 128
2 160 83 2 150
133 133
58 58
77 77
46 46
87 87
101 101
53 53
192 192
26 26
64 64
127 127
3 50 171 185 190
72 72
31 31
197 197
158 158
135 135
121 121
195 195
110 110
162 162
