73 96 38 5 1 5 38 8 38 5 45 98 9 98 45 10 17 93 64 11 33 92 65 62 12 62 65 92 33 48 13 48 15 48 32 1 77 14 77 1 19 18 19 1 77 45 98 21 80 6 29 22 88 55 34 58 25 58 34 55 83 27 83 29 86 37 76 18 33 92 68 39 58 34 58 74 49 44 57 75 46 99 62 65 92 33 48 32 1 68 4 74 49 74 4 68 1 50 53 50 71 9 57 75 46 99 62 65 92 68 4 74 66 74 4 68 1 50 71 31 66 74 49 75 60 100 88 22 29 86 37 76 18 19 1 77 1 50 78 50 1 19 95 79 15 48 13 40 28 81 28 40 13 48 33 82 41 32 1 5 55 83 29 84 29 86 47 13 40 16 85 16 40 13 48 32 1 68 90 68 1 50 78 91 28 7 17 93 17 14 77 1 50 53 94 2 27 88 38 96 38 5 45 98 9 57 75 46 99 46 60 100 88 38 96 73
49
1 1
5 5
8 8
9 9
10 10
11 11
12 12
13 13
15 15
14 14
18 18
19 19
21 21
22 22
25 25
27 27
29 29
33 33
34 34
44 44
46 46
48 48
49 49
50 50
53 53
57 57
65 65
66 66
68 68
71 71
74 74
75 75
76 76
77 77
78 78
79 79
81 81
82 82
83 83
84 84
86 86
85 85
90 90
91 91
93 93
94 94
96 96
98 98
99 99
