74 123 81 167 162 91 131 53 98 125 50 66 63 100 72 110 18 146 45 29 4 193 51 77 1 47 127 32 27 103 125 73 152 16 140 11 42 142 28 14 39 150 17 150 56 76 61 116 120 198 113 88 188 35 12 172 5 172 95 181 20 94 163 129 141 8 52 130 28 58 68 23 25 44 107 112 114 112 134 86 31 86 128 86 146 54 133 199 109 154 184 96 184 136 171 143 171 165 64 90 155 190 51 199 111 121 6 89 6 14 59 60 83 139 138 139 161 11 99 137 97 100 173 132 30 176 178 176 179 54 146 8 115 148 105 148 192 13 15 170 63 174 63 66 122 56 80 56 135 151 33 108 33 83 125 157 125 116 70 43 158 43 58 28 14 118 14 166 131 200 101 65 8 123 74
100
123 123
81 81
167 167
91 91
53 53
98 98
125 125
50 50
66 66
63 63
100 100
72 72
18 18
146 146
45 45
4 4
193 193
51 51
77 77
47 47
127 127
32 32
27 27
103 103
73 73
152 152
16 16
140 140
11 11
42 42
142 142
14 14
39 39
17 17
56 56
76 76
61 61
116 116
120 120
198 198
113 113
88 88
12 12
5 5
95 95
20 20
94 94
163 163
129 129
52 52
130 130
58 58
23 23
44 44
107 107
112 112
114 114
134 134
86 86
31 31
128 128
54 54
133 133
199 199
109 109
154 154
184 184
96 96
136 136
171 171
143 143
165 165
90 90
155 155
190 190
111 111
89 89
59 59
60 60
83 83
139 139
138 138
161 161
99 99
97 97
173 173
132 132
178 178
179 179
115 115
105 105
192 192
174 174
80 80
135 135
108 108
157 157
158 158
118 118
200 200
