AA DT CX AN AD AK AD AL AD AN CY DW CY AN CX DS CX DU CX DT AA AB AG AZ AG BB BH BB AG BC BJ BC BK FE DZ EC DX EC EE ED EE EF EN EQ EO EQ EN EF EH EJ EH EF EL EW EX EW EL EF EE EC EB EA FC EA EI FB EI EA EB EC DZ FE BK BC AG BA BF BA BE BA AG AB AE AO AQ AO AE AB AH BN BS FF BS BN AH BM BP CE BW CE BP BM AH AB AA DT CX AN AD DN CT AM CV DR CV AM CW DQ CW DP CW AM CT DN AD AA
32
DT AA AC AJ DT
AB AB AE AF AH
AK AD AK
AG AG BG
BW AI
AL AL
CV AM
AN AN
AQ AO AP AQ
AZ BD
BE BE
BF BF
BH BH
BB BI
BJ BJ
BK BK
DP DP
DQ DQ
DR DR
DS DS
DU DU
DW DV DW
DX DX DY
EC DZ
EN EN
EO EO
ED EP
EX EX EY
EJ EZ FA
FB FB
FC FC
FF FF
