112 123 95 35 102 151 102 35 95 123 8 73 109 84 146 81 52 83 52 71 190 36 129 172 121 120 121 172 97 168 97 172 129 36 190 33 190 71 52 81 146 23 174 152 107 49 107 152 174 183 34 78 181 184 24 42 56 54 9 170 17 105 188 21 44 124 44 182 75 114 144 119 59 58 130 58 14 162 80 162 14 58 59 119 144 114 75 182 44 21 188 105 17 170 9 54 56 42 24 131 163 187 99 41 99 187 6 187 163 68 163 131 24 184 181 78 34 183 174 23 146 84 127 126 29 69 29 27 158 11 147 11 158 27 29 126 127 84 109 73 8 123 40 13 143 60 143 13 40 123 95 28 117 166 0 104 112
50
83 83
52 52 71
147 20 147
11 11
24 160 131 24 154
170 170 17 9
120 149 120 136 66 169
146 84 109 146
158 171 72 70 158
188 157 21 188 105
58 58 59
95 40 117 96 118 123 28 95 35
143 143 13 94
27 27 53
102 102
42 42
144 138 144 119 165
114 114 75
121 121 172
183 78 34 183
81 81
80 80 64
8 73 8
152 152
126 126 127
104 166 104 0
36 85 36 190
23 23
56 56
41 41
99 99
130 130
129 129
184 184 194 181
174 174
33 33
182 182
168 168 97
124 124 44
107 107
14 14
151 151
69 29 69
187 163 187
6 6
68 68
54 54
60 60
49 49
162 162
