0 31 4 19 39 45 83 26 2 20 29 21 14 13 11 3 37 97 12 18 22 18 26 28 7 1 10 33 23 40 48 42 16 8 95 9 89 5 15 46 17 89 34 51 24 25 76 27 50 27 89 34 44 34 89 30 28 35 70 32 70 41 83 49 84 6 84 0 31 4 21 77 36 77 38 43 31 4 47 4 31 0
50
31 31
4 4
19 19
39 39
45 45
2 2
20 20
29 29
21 21
14 14
13 13
11 11
3 3
37 37
12 12
18 18
22 22
26 26
28 28
7 7
1 1
10 10
33 33
23 23
40 40
48 48
42 42
16 16
8 8
9 9
5 5
15 15
46 46
17 17
24 24
25 25
27 27
50 50
44 44
34 34
30 30
35 35
32 32
41 41
49 49
6 6
36 36
38 38
43 43
47 47
