0 2 4 57 11 28 8 34 12 10 12 125 98 9 30 13 31 14 93 16 18 20 49 3 6 21 63 26 110 17 39 29 5 22 62 83 68 54 41 19 25 1 95 192 7 59 50 59 51 84 40 64 96 97 20 52 82 70 36 46 44 27 113 15 58 145 48 37 47 76 92 60 67 74 16 24 73 100 61 148 45 56 99 113 16 24 173 35 38 81 140 62 176 42 78 87 53 132 43 178 87 79 87 188 18 32 77 55 151 66 149 23 149 72 177 33 177 72 123 65 5 86 39 80 71 80 31 104 3 90 88 144 91 24 94 186 85 9 98 9 30 113 16 157 69 192 75 192 95 188 167 89 167 0
100
2 2
4 4
57 57
11 11
28 28
8 8
34 34
12 12
10 10
9 9
30 30
13 13
31 31
14 14
93 93
16 16
18 18
20 20
49 49
3 3
6 6
21 21
63 63
26 26
17 17
39 39
29 29
5 5
22 22
62 62
83 83
68 68
54 54
41 41
19 19
25 25
1 1
95 95
7 7
59 59
50 50
51 51
84 84
40 40
64 64
96 96
97 97
52 52
82 82
70 70
36 36
46 46
44 44
27 27
15 15
58 58
48 48
37 37
47 47
76 76
92 92
60 60
67 67
74 74
24 24
73 73
100 100
61 61
45 45
56 56
99 99
35 35
38 38
81 81
42 42
78 78
87 87
53 53
43 43
79 79
32 32
77 77
55 55
66 66
23 23
72 72
33 33
65 65
86 86
80 80
71 71
90 90
88 88
91 91
94 94
85 85
98 98
69 69
75 75
89 89
