48 68 14 116 155 199 76 163 171 73 174 125 143 167 139 185 168 20 13 93 119 78 7 154 7 78 138 199 141 196 121 151 121 19 77 124 56 128 39 185 168 109 168 188 47 84 135 147 100 133 107 87 15 118 145 173 75 92 126 18 133 100 81 77 114 157 194 178 104 149 104 192 102 26 115 10 46 183 66 74 149 140 175 7 78 185 139 167 139 160 103 57 60 30 11 6 139 185 39 85 92 126 130 197 159 96 191 96 80 118 58 164 134 162 123 162 189 178 177 178 189 162 196 46 10 161 38 147 100 172 110 154 61 34 61 197 65 5 51 84 47 80 148 80 47 108 72 136 72 163 171 25 42 158 96 181 135 147 135 84 8 190 8 84 171 73 186 73 66 183 46 168 185 78 113 182 113 69 77 19 1 86 176 86 72 186 73 48 73 171 25 90 87 15 99 152 29 96 80 148 21 148 80 96 159 10 46 196 141 2 23 2 43 17 25 171 163 173 58 164 77 69 113 181 135 147 36 147 94 182 113 78 119 8 84 60 30 11 79 11 6 106 64 83 55 47 108 72 163 173 145 173 62 42 9 130 49 67 98 103 98 193 127 199 138 78 185 78 113 178 189 117 38 147 36 29 152 136 129 194 129 9 42 62 89 113 89 62 16 62 173 97 119 126 94 180 104 192 102 179 102 99 15 137 43 101 43 137 143 155 3 170 82 15 4 127 88 127 199 138 199 76 163 171 163 72 86 176 40 176 138 78 7 78 185 39 185 168 20 13 165 34 50 15 87 43 137 15 118 145 173 35 173 88 127 193 52 156 52 193 98 198 41 31 125 174 59 81 77 69 113 78 138 199 155 199 141 129 9 180 104 149 74 149 140 175 7 154 53 154 164 77 124 2 43 32 64 83 55 36 147 38 98 67 50 133 121 120 121 133 37 153 48
99
199 199
73 73
143 143
20 20
93 93
154 154
141 141
151 151
56 56
109 109
135 135
107 107
118 118
126 126
133 133
157 157
149 149
115 115
66 66
175 175
167 167
60 60
11 11
85 85
197 197
191 191
58 58
123 123
177 177
196 196
38 38
110 110
34 34
5 5
148 148
136 136
163 163
158 158
147 147
190 190
186 186
46 46
182 182
19 19
176 176
48 48
90 90
152 152
21 21
10 10
23 23
25 25
164 164
181 181
36 36
78 78
84 84
79 79
64 64
108 108
145 145
9 9
103 103
193 193
185 185
117 117
29 29
194 194
42 42
113 113
16 16
119 119
180 180
179 179
101 101
3 3
170 170
88 88
138 138
171 171
40 40
7 7
39 39
165 165
87 87
137 137
35 35
156 156
52 52
98 98
125 125
69 69
155 155
129 129
74 74
53 53
2 2
55 55
67 67
