75 89 84 48 86 97 80 64 87 7 13 18 76 47 4 52 25 9 59 24 94 82 92 26 71 21 99 69 98 56 44 77 62 18 81 19 34 27 1 74 36 74 96 73 45 42 58 67 57 39 29 43 29 1 49 55 46 63 91 12 64 99 90 99 69 78 31 86 24 3 28 97 42 32 89 30 65 30 89 75
50
75 75
89 89
84 84
48 48
86 86
97 97
80 80
64 64
87 87
7 7
13 13
76 76
47 47
4 4
52 52
25 25
9 9
59 59
94 94
82 82
92 92
26 26
21 21
69 69
98 98
56 56
44 44
77 77
62 62
81 81
34 34
74 74
36 36
96 96
73 73
42 42
58 58
57 57
29 29
43 43
49 49
55 55
46 46
91 91
12 12
90 90
31 31
3 3
32 32
65 65
