evdoyagqfp xftptyrlvl jqtguzxxsl wynbxuuxru oegfbrwyrp ebqxbaqnmm xwrvhrxnqy qydclznxrd oavtmpaqji qydclznxrd xwrvhrxnqy ebqxbaqnmm oegfbrwyrp wynbxuuxru tmrnpjqnxx wynbxuuxru jqtguzxxsl optviwhmbr ivugtsvtqb guuudgvhny vugkhjygfe aruwdskzta lnicnhmajr qpxtrjvxpe tmatbexcil byyqgjwsrp qxfgqgbbdn byyqgjwsrp wtjzgzopuw wkwwcqjtxf osdeymjeil jrmlkfexfk osdeymjeil qiqnnrlapz qpxtrjvxpe lnicnhmajr kyrhqthnvz lndsfxewdc eqdxeqvtsb epdwcjuvdr kgktiatgjn epdwcjuvdr eqdxeqvtsb lndsfxewdc vkrlpmybdj jrusiskazm gjmmikaxih byyqgjwsrp cttlxdtaiw rlxmdzqomd cmdqzmgvfi qgfchcatzi cmdqzmgvfi rlxmdzqomd gkcfktyute phknwbtipl xguvjomcdt nwlccbonas itbfnxnauh nwlccbonas xguvjomcdt phknwbtipl wirlbujvjm hsjqtjkukk sjtuxgdwms kvxwqiryyu sjtuxgdwms oddoubpfzn syxecaxosc rfcbhdtwvm kyblmbvqtv tmatbexcil qpxtrjvxpe kwbnyneokj wirlbujvjm phknwbtipl xguvjomcdt phknwbtipl wirlbujvjm kwbnyneokj bbczvyonym lazlsvgukx wynbxuuxru jqtguzxxsl xftptyrlvl xawkqmfmmx xftptyrlvl jqtguzxxsl wynbxuuxru epdwcjuvdr eooyfwmxln fczruomdab uhalgukdzb kwbnyneokj qpxtrjvxpe tmatbexcil byyqgjwsrp wtjzgzopuw wkwwcqjtxf koawdpgqdx qepegujmaa pcilmgdrgc jqtguzxxsl xftptyrlvl fluzhooehk xftptyrlvl jqtguzxxsl wynbxuuxru lazlsvgukx bbczvyonym kwbnyneokj qpxtrjvxpe qiqnnrlapz osdeymjeil wkwwcqjtxf koawdpgqdx qepegujmaa ixyurvbpvu yiwwdwbzth uddkspyqjc jfccyptuug tgkujfknod bswhowadhl xsjzeyxnpw ymvlfsdhbu frfueiglva ldnozwuuuq eaozvwjoso dnmgxnhbgi vnzypgtlkj unihwwnyqz yhpfnjjqmm bimtbhwsby ijbfzrqwct bbwcqzwyoz ijbfzrqwct qfbvncxldf ixyurvbpvu qepegujmaa pcilmgdrgc wwqchwdmtx jedsthbmzo euqbrkzdsw zivwgfcxqi phknwbtipl xguvjomcdt yqwistxtxc hofbtczdgp jwcdeoubpx zpjhxyylhb bswhowadhl ljhmnbaicr qgfchcatzi yriqtwavfx gucdicwxmb yriqtwavfx uhalgukdzb fczruomdab eooyfwmxln epdwcjuvdr wynbxuuxru jqtguzxxsl smwxdupkdv jqtguzxxsl pcilmgdrgc qepegujmaa ixyurvbpvu qfbvncxldf ijbfzrqwct bimtbhwsby yhpfnjjqmm unihwwnyqz pbefrggyje xwrvhrxnqy pbefrggyje wtlzrefwav mdyuzxshey bbczvyonym hsjqtjkukk wirlbujvjm phknwbtipl zivwgfcxqi euqbrkzdsw jedsthbmzo wwqchwdmtx pcilmgdrgc jqtguzxxsl xftptyrlvl mysadifwma xftptyrlvl uooysjrxsb nfvvjywhsb ztvejhcxjs kijbyyuzhd wtyqwjwskq ahqdrcepub afortwurqt ahqdrcepub byyqgjwsrp rfcbhdtwvm awqmxektil mswyvpdrsy yqwistxtxc xywdziunpr oggftsricu xywdziunpr vugkhjygfe aruwdskzta lnicnhmajr kyrhqthnvz lndsfxewdc eqdxeqvtsb xnppuesbrr pbefrggyje wtlzrefwav mdyuzxshey ouxenssqdu fznfvsgjhc wtyqwjwskq kijbyyuzhd unihwwnyqz xplqpgpbvq xknpudafue guuudgvhny vugkhjygfe aruwdskzta lnicnhmajr qpxtrjvxpe tmatbexcil byyqgjwsrp gjmmikaxih jrusiskazm ichabbvkhm jrusiskazm gjmmikaxih byyqgjwsrp wtjzgzopuw wkwwcqjtxf osdeymjeil jrmlkfexfk seeyrseflx hkempoemlv seeyrseflx czvqvijjlb nbjyrygtdh jatkaoyfxb hsjqtjkukk wirlbujvjm phknwbtipl fdgcygwgjf phknwbtipl gkcfktyute khisjiexts lndsfxewdc vkrlpmybdj lndsfxewdc eqdxeqvtsb epdwcjuvdr wynbxuuxru jqtguzxxsl optviwhmbr vfdsalrajq optviwhmbr jqtguzxxsl smwxdupkdv tvcolajnao lcrihrmoqu tvcolajnao smwxdupkdv jqtguzxxsl xftptyrlvl uooysjrxsb xftptyrlvl jqtguzxxsl wynbxuuxru epdwcjuvdr ybdknfjgrw bpbbtoptwg rnpokwoqgt bpbbtoptwg ybdknfjgrw epdwcjuvdr wynbxuuxru jqtguzxxsl xftptyrlvl evdoyagqfp xftptyrlvl jqtguzxxsl smwxdupkdv tvcolajnao lcrihrmoqu xkasbvrrxd gkcfktyute rlxmdzqomd cttlxdtaiw byyqgjwsrp rfcbhdtwvm bpbbtoptwg opmnfgpclg knfzsnhzvx etdxtwotzh knfzsnhzvx opmnfgpclg xsjzeyxnpw bswhowadhl tgkujfknod bswhowadhl ljhmnbaicr qgfchcatzi cmdqzmgvfi rlxmdzqomd gkcfktyute phknwbtipl zivwgfcxqi phknwbtipl wirlbujvjm kwbnyneokj uhalgukdzb yriqtwavfx rkyixxpcbx yriqtwavfx uhalgukdzb fczruomdab eooyfwmxln epdwcjuvdr kgktiatgjn qepegujmaa koawdpgqdx wkwwcqjtxf osdeymjeil jrmlkfexfk seeyrseflx czvqvijjlb nbjyrygtdh ymvlfsdhbu lazlsvgukx wynbxuuxru qzdrdcxoib voaumgrcuj qzdrdcxoib wynbxuuxru lazlsvgukx ymvlfsdhbu xsjzeyxnpw opmnfgpclg qxuqrfzzob gllungmori xnppuesbrr pbefrggyje xwrvhrxnqy ebqxbaqnmm oegfbrwyrp wynbxuuxru jqtguzxxsl optviwhmbr ivugtsvtqb guuudgvhny vugkhjygfe aruwdskzta vugkhjygfe guuudgvhny stdiixwrjc owusjcmdkp sinegnctim jfccyptuug cpwyxulkjm nbjyrygtdh ymvlfsdhbu xsjzeyxnpw bswhowadhl zpjhxyylhb kvfpaspidv wtyqwjwskq ahqdrcepub gbdejcnknd ahqdrcepub wtyqwjwskq kvfpaspidv zpjhxyylhb bswhowadhl ljhmnbaicr pdljcbluhp ljhmnbaicr qydclznxrd xwrvhrxnqy ebqxbaqnmm oegfbrwyrp ebqxbaqnmm ytidnmibdj lnicnhmajr xychpimpzb sipmuleqch wtlzrefwav afrdrejwtp khisjiexts gkcfktyute xkasbvrrxd gkcfktyute khisjiexts afrdrejwtp wtlzrefwav bimtbhwsby ijbfzrqwct qfbvncxldf ixyurvbpvu qepegujmaa koawdpgqdx psiebvskfb koawdpgqdx wkwwcqjtxf osdeymjeil jrmlkfexfk scesbtewjx jrmlkfexfk osdeymjeil wkwwcqjtxf wtjzgzopuw byyqgjwsrp ahqdrcepub wtyqwjwskq siatqqydwf fczruomdab eooyfwmxln fczruomdab uhalgukdzb dnmgxnhbgi vnzypgtlkj unihwwnyqz kijbyyuzhd wtyqwjwskq kvfpaspidv zpjhxyylhb bswhowadhl xsjzeyxnpw ymvlfsdhbu lazlsvgukx wynbxuuxru jqtguzxxsl xftptyrlvl mysadifwma robpunozly bnmegnfgii robpunozly mysadifwma xftptyrlvl uooysjrxsb nfvvjywhsb ztvejhcxjs kijbyyuzhd idfvjoquhh xqwyvbvueh idfvjoquhh kijbyyuzhd wtyqwjwskq ahqdrcepub byyqgjwsrp ahqdrcepub afortwurqt xifuopshzj xwrvhrxnqy ebqxbaqnmm oegfbrwyrp wynbxuuxru oegfbrwyrp ebqxbaqnmm xwrvhrxnqy xifuopshzj afortwurqt zmfuudfatm afortwurqt chjuuxuacs bimtbhwsby wtlzrefwav afrdrejwtp pwgublhwxg pymtnhypxd frfueiglva ymvlfsdhbu lazlsvgukx wynbxuuxru epdwcjuvdr eqdxeqvtsb lndsfxewdc vkrlpmybdj jrusiskazm gjmmikaxih lkvtxfwozs wkwwcqjtxf osdeymjeil qiqnnrlapz qpxtrjvxpe kwbnyneokj qqtzqvrvyc tgbmxdmvwe qqtzqvrvyc kwbnyneokj wirlbujvjm phknwbtipl xguvjomcdt nwlccbonas xguvjomcdt yqwistxtxc xywdziunpr vugkhjygfe guuudgvhny ivugtsvtqb optviwhmbr jqtguzxxsl pcilmgdrgc jqtguzxxsl wynbxuuxru oegfbrwyrp ebqxbaqnmm xwrvhrxnqy xifuopshzj xwrvhrxnqy pbefrggyje wtlzrefwav sipmuleqch xychpimpzb bulywvvpni xychpimpzb lnicnhmajr aruwdskzta vugkhjygfe guuudgvhny ivugtsvtqb optviwhmbr jqtguzxxsl wynbxuuxru lazlsvgukx ymvlfsdhbu aokbiptbzc ymvlfsdhbu lazlsvgukx wynbxuuxru jqtguzxxsl pcilmgdrgc ivgbjyugdu pcilmgdrgc jqtguzxxsl wynbxuuxru lazlsvgukx ymvlfsdhbu nbjyrygtdh ymvlfsdhbu xsjzeyxnpw bswhowadhl zpjhxyylhb kvfpaspidv wtyqwjwskq kijbyyuzhd unihwwnyqz pbefrggyje xnppuesbrr eqdxeqvtsb epdwcjuvdr wynbxuuxru jqtguzxxsl xftptyrlvl evdoyagqfp
98
oavtmpaqji oavtmpaqji
tmrnpjqnxx tmrnpjqnxx
vugkhjygfe vugkhjygfe
qxfgqgbbdn qxfgqgbbdn
jrmlkfexfk jrmlkfexfk
lnicnhmajr lnicnhmajr
kgktiatgjn kgktiatgjn
jrusiskazm jrusiskazm
qgfchcatzi qgfchcatzi
itbfnxnauh itbfnxnauh
kvxwqiryyu kvxwqiryyu
tmatbexcil tmatbexcil
xguvjomcdt xguvjomcdt
bbczvyonym bbczvyonym
xawkqmfmmx xawkqmfmmx
uhalgukdzb uhalgukdzb
wkwwcqjtxf wkwwcqjtxf
fluzhooehk fluzhooehk
qiqnnrlapz qiqnnrlapz
yiwwdwbzth yiwwdwbzth
ldnozwuuuq ldnozwuuuq
bbwcqzwyoz bbwcqzwyoz
wwqchwdmtx wwqchwdmtx
hofbtczdgp hofbtczdgp
gucdicwxmb gucdicwxmb
smwxdupkdv smwxdupkdv
qfbvncxldf qfbvncxldf
xwrvhrxnqy xwrvhrxnqy
wtlzrefwav wtlzrefwav
hsjqtjkukk hsjqtjkukk
euqbrkzdsw euqbrkzdsw
mysadifwma mysadifwma
afortwurqt afortwurqt
oggftsricu oggftsricu
kyrhqthnvz kyrhqthnvz
xnppuesbrr xnppuesbrr
mdyuzxshey mdyuzxshey
ouxenssqdu ouxenssqdu
guuudgvhny guuudgvhny
qpxtrjvxpe qpxtrjvxpe
ichabbvkhm ichabbvkhm
hkempoemlv hkempoemlv
fdgcygwgjf fdgcygwgjf
vkrlpmybdj vkrlpmybdj
vfdsalrajq vfdsalrajq
lcrihrmoqu lcrihrmoqu
uooysjrxsb uooysjrxsb
rnpokwoqgt rnpokwoqgt
evdoyagqfp evdoyagqfp
tvcolajnao tvcolajnao
cttlxdtaiw cttlxdtaiw
etdxtwotzh etdxtwotzh
tgkujfknod tgkujfknod
zivwgfcxqi zivwgfcxqi
rkyixxpcbx rkyixxpcbx
qepegujmaa qepegujmaa
seeyrseflx seeyrseflx
voaumgrcuj voaumgrcuj
qxuqrfzzob qxuqrfzzob
pbefrggyje pbefrggyje
optviwhmbr optviwhmbr
aruwdskzta aruwdskzta
stdiixwrjc stdiixwrjc
cpwyxulkjm cpwyxulkjm
gbdejcnknd gbdejcnknd
pdljcbluhp pdljcbluhp
oegfbrwyrp oegfbrwyrp
xychpimpzb xychpimpzb
xkasbvrrxd xkasbvrrxd
bimtbhwsby bimtbhwsby
psiebvskfb psiebvskfb
scesbtewjx scesbtewjx
ahqdrcepub ahqdrcepub
eooyfwmxln eooyfwmxln
vnzypgtlkj vnzypgtlkj
bswhowadhl bswhowadhl
bnmegnfgii bnmegnfgii
kijbyyuzhd kijbyyuzhd
xqwyvbvueh xqwyvbvueh
byyqgjwsrp byyqgjwsrp
wynbxuuxru wynbxuuxru
zmfuudfatm zmfuudfatm
afrdrejwtp afrdrejwtp
ymvlfsdhbu ymvlfsdhbu
lndsfxewdc lndsfxewdc
lkvtxfwozs lkvtxfwozs
osdeymjeil osdeymjeil
tgbmxdmvwe tgbmxdmvwe
nwlccbonas nwlccbonas
xywdziunpr xywdziunpr
pcilmgdrgc pcilmgdrgc
xifuopshzj xifuopshzj
bulywvvpni bulywvvpni
ivugtsvtqb ivugtsvtqb
aokbiptbzc aokbiptbzc
ivgbjyugdu ivgbjyugdu
nbjyrygtdh nbjyrygtdh
kvfpaspidv kvfpaspidv
