gucdicwxmb epdwcjuvdr vugkhjygfe vkrlpmybdj zpjhxyylhb rnpokwoqgt zpjhxyylhb vkrlpmybdj vugkhjygfe ahqdrcepub vugkhjygfe vkrlpmybdj zpjhxyylhb rnpokwoqgt ouxenssqdu smwxdupkdv xawkqmfmmx smwxdupkdv unihwwnyqz nwlccbonas qfbvncxldf jedsthbmzo lkvobxyfca lbuiysostx tvuprbwofb siatqqydwf wtlzrefwav rnpokwoqgt iwdghbmiai rnpokwoqgt zpjhxyylhb koawdpgqdx aokbiptbzc psiebvskfb aokbiptbzc koawdpgqdx zpjhxyylhb vkrlpmybdj vugkhjygfe qzdrdcxoib oggftsricu yiwwdwbzth oggftsricu kdujdjjwot tgbmxdmvwe gkcfktyute zjbarjhmau xawkqmfmmx smwxdupkdv ouxenssqdu rnpokwoqgt zpjhxyylhb gjmmikaxih seeyrseflx gwnccktgki ztplgyvqhm gwnccktgki yiwwdwbzth oggftsricu yiwwdwbzth siatqqydwf tvuprbwofb bnmegnfgii kdujdjjwot tgbmxdmvwe gkcfktyute tgbmxdmvwe xtvbrolacp psiebvskfb zumetrybth psiebvskfb aokbiptbzc koawdpgqdx zpjhxyylhb koawdpgqdx zpjhxyylhb rnpokwoqgt jqtguzxxsl evdoyagqfp jqtguzxxsl rnpokwoqgt zpjhxyylhb vkrlpmybdj vugkhjygfe qzdrdcxoib wtyqwjwskq qzdrdcxoib vugkhjygfe epdwcjuvdr gucdicwxmb
21
rnpokwoqgt rnpokwoqgt
ahqdrcepub ahqdrcepub
xawkqmfmmx xawkqmfmmx
lkvobxyfca lkvobxyfca
iwdghbmiai iwdghbmiai
psiebvskfb psiebvskfb
vkrlpmybdj vkrlpmybdj
yiwwdwbzth yiwwdwbzth
zjbarjhmau zjbarjhmau
seeyrseflx seeyrseflx
ztplgyvqhm ztplgyvqhm
oggftsricu oggftsricu
tvuprbwofb tvuprbwofb
gkcfktyute gkcfktyute
zumetrybth zumetrybth
zpjhxyylhb zpjhxyylhb
koawdpgqdx koawdpgqdx
evdoyagqfp evdoyagqfp
vugkhjygfe vugkhjygfe
wtyqwjwskq wtyqwjwskq
epdwcjuvdr epdwcjuvdr
