mdyuzxshey mysadifwma mdyuzxshey vkrlpmybdj jatkaoyfxb bnmegnfgii jatkaoyfxb zumetrybth ebqxbaqnmm kdujdjjwot zjbarjhmau bulywvvpni lndsfxewdc mswyvpdrsy hkempoemlv fznfvsgjhc lkvobxyfca xplqpgpbvq hadchvmijq wynbxuuxru hadchvmijq jqtguzxxsl yiwwdwbzth wtyqwjwskq yiwwdwbzth xftptyrlvl jedsthbmzo oewptytlja knfzsnhzvx oewptytlja owusjcmdkp ljhmnbaicr owusjcmdkp lnicnhmajr oggftsricu euqbrkzdsw oggftsricu qgfchcatzi syxecaxosc gwnccktgki ixyurvbpvu optviwhmbr rkyixxpcbx eooyfwmxln rkyixxpcbx gllungmori jrmlkfexfk wtlzrefwav tmrnpjqnxx cmdqzmgvfi qydclznxrd psiebvskfb bswhowadhl oegfbrwyrp lbuiysostx oegfbrwyrp tgbmxdmvwe oegfbrwyrp lbuiysostx idfvjoquhh lazlsvgukx ahqdrcepub siatqqydwf ixyurvbpvu uooysjrxsb seeyrseflx vugkhjygfe seeyrseflx uooysjrxsb ixyurvbpvu siatqqydwf bulywvvpni zjbarjhmau wkwwcqjtxf qcktwemqbm tvcolajnao vkrlpmybdj zmfuudfatm ouxenssqdu qydclznxrd cmdqzmgvfi qfbvncxldf cmdqzmgvfi tmrnpjqnxx wtlzrefwav hsjqtjkukk smwxdupkdv aokbiptbzc koawdpgqdx unihwwnyqz qepegujmaa xtvbrolacp qepegujmaa unihwwnyqz koawdpgqdx smwxdupkdv hsjqtjkukk wtlzrefwav epdwcjuvdr wynbxuuxru hadchvmijq jqtguzxxsl yiwwdwbzth xftptyrlvl knfzsnhzvx oewptytlja nwlccbonas oewptytlja owusjcmdkp ljhmnbaicr ebqxbaqnmm zumetrybth jatkaoyfxb vkrlpmybdj mdyuzxshey
49
mdyuzxshey mdyuzxshey
mysadifwma mysadifwma
vkrlpmybdj vkrlpmybdj
jatkaoyfxb jatkaoyfxb
bnmegnfgii bnmegnfgii
zumetrybth zumetrybth
ebqxbaqnmm ebqxbaqnmm
kdujdjjwot kdujdjjwot
zjbarjhmau zjbarjhmau
bulywvvpni bulywvvpni
lndsfxewdc lndsfxewdc
mswyvpdrsy mswyvpdrsy
fznfvsgjhc fznfvsgjhc
lkvobxyfca lkvobxyfca
hadchvmijq hadchvmijq
wynbxuuxru wynbxuuxru
jqtguzxxsl jqtguzxxsl
wtyqwjwskq wtyqwjwskq
xftptyrlvl xftptyrlvl
jedsthbmzo jedsthbmzo
oewptytlja oewptytlja
knfzsnhzvx knfzsnhzvx
owusjcmdkp owusjcmdkp
ljhmnbaicr ljhmnbaicr
lnicnhmajr lnicnhmajr
euqbrkzdsw euqbrkzdsw
gwnccktgki gwnccktgki
optviwhmbr optviwhmbr
rkyixxpcbx rkyixxpcbx
eooyfwmxln eooyfwmxln
gllungmori gllungmori
wtlzrefwav wtlzrefwav
cmdqzmgvfi cmdqzmgvfi
qydclznxrd qydclznxrd
psiebvskfb psiebvskfb
lbuiysostx lbuiysostx
tgbmxdmvwe tgbmxdmvwe
lazlsvgukx lazlsvgukx
ahqdrcepub ahqdrcepub
seeyrseflx seeyrseflx
vugkhjygfe vugkhjygfe
qcktwemqbm qcktwemqbm
zmfuudfatm zmfuudfatm
qfbvncxldf qfbvncxldf
aokbiptbzc aokbiptbzc
koawdpgqdx koawdpgqdx
qepegujmaa qepegujmaa
xtvbrolacp xtvbrolacp
nwlccbonas nwlccbonas
