lVOvaZXqjnb1QiPN4SL LxrqIj6vUJmAulbGEsz 6yczq9OEfSPk2s1GodH WMcq9fQKeLJk5Y0CDTR pBC7kb6YvcSm2XysuzG CgrHnsmUEaKbL2Bu9fI PmQXT3OGFtJDs9diWZV wVe6HY1xINUrGjoPvBR 5VbntkgFqTX8w9sYai2 H73qxghnr8SspNjtPW5 K7nbuQS5FWTkmHyhi69 bWTReYw0BhlvS4MOVfL K7nbuQS5FWTkmHyhi69 asp20NJKvZUtDiW1Trx ctr2CvsehWx0ENY16wO DQw9naPXAhyUOL6tvVl 1V4PG7oEw2rS9xRO3Bj 7aRmJfDh4vEt258Ai9L d6UiSTzYoMpXGw48gAD 7ylUw023cBhQYobkz4m d6UiSTzYoMpXGw48gAD bf47z98om5ZMUVORjG0 Sz9FxGJ7CPMEbUovXQq lZ2Ga35MbPOtokD1gF0 cbGv0lH2ekt7XznaK9Q ejNRIidB4gvrEPnTV8U QKaVhgAPN7MzZXkIJif UIJTGnEvaFfWoB4pReZ QKaVhgAPN7MzZXkIJif tmubz8TR6MEqo04GaXQ rqNcZ8MUzDE3H2ekKJp ZYgsVSN6W2mIfqFPXei rqNcZ8MUzDE3H2ekKJp ZCNy86nGLY4wfo1cWje rqNcZ8MUzDE3H2ekKJp qe0CW9YTfri5FH8nzhZ rqNcZ8MUzDE3H2ekKJp 9ZJNwSv0RBa6MeqIpmt rqNcZ8MUzDE3H2ekKJp wG9ACiZlVUHDz67EehO rqNcZ8MUzDE3H2ekKJp YkRo3m4NGhXuEbHLgis rqNcZ8MUzDE3H2ekKJp WFoj1MI7y5B3zXtAgZ8 rqNcZ8MUzDE3H2ekKJp w94BKFb1ecikMGfS70L rqNcZ8MUzDE3H2ekKJp zROkalGf12roedQWiBZ rqNcZ8MUzDE3H2ekKJp tmubz8TR6MEqo04GaXQ QKaVhgAPN7MzZXkIJif ejNRIidB4gvrEPnTV8U cbGv0lH2ekt7XznaK9Q lZ2Ga35MbPOtokD1gF0 Sz9FxGJ7CPMEbUovXQq bf47z98om5ZMUVORjG0 d6UiSTzYoMpXGw48gAD 7aRmJfDh4vEt258Ai9L 1V4PG7oEw2rS9xRO3Bj DQw9naPXAhyUOL6tvVl ctr2CvsehWx0ENY16wO asp20NJKvZUtDiW1Trx K7nbuQS5FWTkmHyhi69 H73qxghnr8SspNjtPW5 5VbntkgFqTX8w9sYai2 wVe6HY1xINUrGjoPvBR PmQXT3OGFtJDs9diWZV CgrHnsmUEaKbL2Bu9fI pBC7kb6YvcSm2XysuzG WMcq9fQKeLJk5Y0CDTR 6yczq9OEfSPk2s1GodH LxrqIj6vUJmAulbGEsz lVOvaZXqjnb1QiPN4SL
25
lVOvaZXqjnb1QiPN4SL lVOvaZXqjnb1QiPN4SL
LxrqIj6vUJmAulbGEsz LxrqIj6vUJmAulbGEsz 6yczq9OEfSPk2s1GodH WMcq9fQKeLJk5Y0CDTR pBC7kb6YvcSm2XysuzG
5VbntkgFqTX8w9sYai2 CgrHnsmUEaKbL2Bu9fI PmQXT3OGFtJDs9diWZV wVe6HY1xINUrGjoPvBR 5VbntkgFqTX8w9sYai2 H73qxghnr8SspNjtPW5 PMi5mGhrzJqWAYD3BHv
bWTReYw0BhlvS4MOVfL K7nbuQS5FWTkmHyhi69 bWTReYw0BhlvS4MOVfL
asp20NJKvZUtDiW1Trx asp20NJKvZUtDiW1Trx ofc35ZL6ED4Qs9nYgtu
ctr2CvsehWx0ENY16wO ctr2CvsehWx0ENY16wO
DQw9naPXAhyUOL6tvVl DQw9naPXAhyUOL6tvVl yReNFSdk9pj46IBuJlD
1V4PG7oEw2rS9xRO3Bj 1V4PG7oEw2rS9xRO3Bj
7aRmJfDh4vEt258Ai9L 7aRmJfDh4vEt258Ai9L
d6UiSTzYoMpXGw48gAD d6UiSTzYoMpXGw48gAD bf47z98om5ZMUVORjG0 YioPekqCUnASaBF9NdH
Sz9FxGJ7CPMEbUovXQq Sz9FxGJ7CPMEbUovXQq 9TnE82lFzgSRfhLcjty
cbGv0lH2ekt7XznaK9Q lZ2Ga35MbPOtokD1gF0 cbGv0lH2ekt7XznaK9Q ejNRIidB4gvrEPnTV8U
QKaVhgAPN7MzZXkIJif QKaVhgAPN7MzZXkIJif M5bN0l7KCxBwZvTjOzI
rqNcZ8MUzDE3H2ekKJp tmubz8TR6MEqo04GaXQ rqNcZ8MUzDE3H2ekKJp prEdKF8t2xfGRCWhIb6 q2hnSgjm30BKapPZH8v PjaGwqf8CSFyxQX6Tph gPuR31xAk9zvU6NTyj8 oarTSh6swBUepOyZfIL J3FvU9WXMbfo8m0ZhcD Dea9uc7gshQNXqSrGwR
7ylUw023cBhQYobkz4m 7ylUw023cBhQYobkz4m
UIJTGnEvaFfWoB4pReZ UIJTGnEvaFfWoB4pReZ
ZYgsVSN6W2mIfqFPXei ZYgsVSN6W2mIfqFPXei
qe0CW9YTfri5FH8nzhZ qe0CW9YTfri5FH8nzhZ
ZCNy86nGLY4wfo1cWje ZCNy86nGLY4wfo1cWje
9ZJNwSv0RBa6MeqIpmt 9ZJNwSv0RBa6MeqIpmt
WFoj1MI7y5B3zXtAgZ8 WFoj1MI7y5B3zXtAgZ8
w94BKFb1ecikMGfS70L w94BKFb1ecikMGfS70L
wG9ACiZlVUHDz67EehO wG9ACiZlVUHDz67EehO
zROkalGf12roedQWiBZ zROkalGf12roedQWiBZ
YkRo3m4NGhXuEbHLgis YkRo3m4NGhXuEbHLgis
