AwxIeucriHjf27FhspG yWzqUasT3R6D74kKJru NWGQdEXnhM5gUqcJ13T yWzqUasT3R6D74kKJru LKpfxPqdJvaI8C0We3z 2oDxBYX4AFTcdsuyjS7 ORVoYgr9pvTkjDEn3z1 SgEu94o85QKaBwRnUqk iYI8LowClq2xG0XWSdZ v8rJpjBE2GMRcaD7w4V PyJKts960QpjhTLD2OE 8CRHxDVKFZsYB6tMpik dLzEgnCZKowbF2kJImP weiO89Us3SIvoaPtrB0 dLzEgnCZKowbF2kJImP qR1w8vWKJ9GTMoIVHEe N4xuWFlCoSegmctI20M ZDtoyidIR6aqQwg1rfL r7atW26zvHYEAjxZB5I 9k3KERBOiDm5tSLWTuV p39vLN8ZTmldOHc7FQq FhQNEw3VjK7YeUgT8rm p39vLN8ZTmldOHc7FQq RZydCPMgeNYjxh8sAGI ZiPlEIqjAW0gpVoJsT6 tW8U5JQYoGLH1fxkDly LdUAKJjGy23PM8pSE0H tW8U5JQYoGLH1fxkDly XfrmtaWRUdFACN809yS 1pEvPaYSub2mW8eItUO JX3fUkTlirV92nytHdI IxZGeW9SUK2QcXf7aJs 81enwCUSxbBZOYdyVNm oXD0mSLKMYy5gjbW7s3 gkIdtam3XO0GhSfHMn2 oqS8bChDzaEOsTV2FZp Z67LKcAUNbXP0xGtue2 4LxtbrVK16vaZhMqPTf sP8cQuHBaxI7wkL0VTS p80UhzCbyXmZiGjNTVY JOjfABw83oFCiaXDvMs p80UhzCbyXmZiGjNTVY SBXYtjvfK32xzIsAgbu p80UhzCbyXmZiGjNTVY mxbN18fatelypn20FLZ p80UhzCbyXmZiGjNTVY JOjfABw83oFCiaXDvMs SILZWArv6k7FcGhyeb5 3WN1qBmcvAExjdM6Gr7 SWcTa048zDXHmAk67vq UhV08bJKBApcNP4O7xl TwZjBSskDY4E9OdRuXv 32iUhWwbaRQdpGN6CP9 JcQAO3uxterl9IUwhKB sho45SEzbYFQpR1CwZm 4WPDhRB2vq5G1CNxpiz 8XdiGJQuvDq0O45cAa3 TD1lnWQY5GcdEjtfVzs Nji35abpK0CTUSlWGuA OzSVlAJPB8pD7McueaG IlfLurGFiMO9W3wUAXR M7vKqQH6U3sGneYpBmr IlfLurGFiMO9W3wUAXR bXmHFcCtVZPv4oxBweM 8aKYx2SdqPRjFvi6yr4 KJwAq0SmfUlOGo8Pbeh Jlkixpd2cLWGKCrVSmf KJwAq0SmfUlOGo8Pbeh C7gXPVA3YZ2QWdsUkGx KJwAq0SmfUlOGo8Pbeh uFkwq6pWAKVEXdDRGQb KJwAq0SmfUlOGo8Pbeh ciYOlIwSpvHz3ybj2mV KJwAq0SmfUlOGo8Pbeh wdEaysuC74BJzk6lPtZ KJwAq0SmfUlOGo8Pbeh 5Sgq2KH8U61EC0W3VNR KJwAq0SmfUlOGo8Pbeh 8XNwOR4jem9hBP3VKuk KJwAq0SmfUlOGo8Pbeh srXSIvPOWTzJ7opbjGc KJwAq0SmfUlOGo8Pbeh XBQSWe7pwDs2Ik8lnAv KJwAq0SmfUlOGo8Pbeh GpTdeJ4jlQkvCMFtiU8 KJwAq0SmfUlOGo8Pbeh ou7YpydAjD9Tzn0MSEv KJwAq0SmfUlOGo8Pbeh BMxnoGrf91mOZwU8P3C KJwAq0SmfUlOGo8Pbeh LgX3GoqbTpRCdhOElKA KJwAq0SmfUlOGo8Pbeh uhaSszxK8v16PtwWV50 KJwAq0SmfUlOGo8Pbeh J1VXRSak3EBr6AGsmz7 KJwAq0SmfUlOGo8Pbeh EwF5nLVG0tZTx9dWU1D KJwAq0SmfUlOGo8Pbeh 8aKYx2SdqPRjFvi6yr4 bXmHFcCtVZPv4oxBweM IlfLurGFiMO9W3wUAXR OzSVlAJPB8pD7McueaG Nji35abpK0CTUSlWGuA TD1lnWQY5GcdEjtfVzs 8XdiGJQuvDq0O45cAa3 4WPDhRB2vq5G1CNxpiz sho45SEzbYFQpR1CwZm JcQAO3uxterl9IUwhKB 32iUhWwbaRQdpGN6CP9 TwZjBSskDY4E9OdRuXv kC0UP5yi37XTohZLezu TwZjBSskDY4E9OdRuXv UhV08bJKBApcNP4O7xl SWcTa048zDXHmAk67vq 3WN1qBmcvAExjdM6Gr7 SILZWArv6k7FcGhyeb5 JOjfABw83oFCiaXDvMs p80UhzCbyXmZiGjNTVY sP8cQuHBaxI7wkL0VTS 4LxtbrVK16vaZhMqPTf Z67LKcAUNbXP0xGtue2 oqS8bChDzaEOsTV2FZp gkIdtam3XO0GhSfHMn2 oXD0mSLKMYy5gjbW7s3 81enwCUSxbBZOYdyVNm IxZGeW9SUK2QcXf7aJs JX3fUkTlirV92nytHdI 1pEvPaYSub2mW8eItUO XfrmtaWRUdFACN809yS tW8U5JQYoGLH1fxkDly ZiPlEIqjAW0gpVoJsT6 RZydCPMgeNYjxh8sAGI p39vLN8ZTmldOHc7FQq 9k3KERBOiDm5tSLWTuV r7atW26zvHYEAjxZB5I ZDtoyidIR6aqQwg1rfL N4xuWFlCoSegmctI20M qR1w8vWKJ9GTMoIVHEe dLzEgnCZKowbF2kJImP 8CRHxDVKFZsYB6tMpik PyJKts960QpjhTLD2OE v8rJpjBE2GMRcaD7w4V iYI8LowClq2xG0XWSdZ SgEu94o85QKaBwRnUqk ORVoYgr9pvTkjDEn3z1 2oDxBYX4AFTcdsuyjS7 LKpfxPqdJvaI8C0We3z yWzqUasT3R6D74kKJru AwxIeucriHjf27FhspG
50
yWzqUasT3R6D74kKJru AwxIeucriHjf27FhspG yWzqUasT3R6D74kKJru LKpfxPqdJvaI8C0We3z wJPGQIr4Njpk7Re6sbX
ORVoYgr9pvTkjDEn3z1 2oDxBYX4AFTcdsuyjS7 ORVoYgr9pvTkjDEn3z1 ZyajO0zqmgFGd4PUlik
SgEu94o85QKaBwRnUqk SgEu94o85QKaBwRnUqk
iYI8LowClq2xG0XWSdZ iYI8LowClq2xG0XWSdZ
PyJKts960QpjhTLD2OE v8rJpjBE2GMRcaD7w4V PyJKts960QpjhTLD2OE
dLzEgnCZKowbF2kJImP 8CRHxDVKFZsYB6tMpik dLzEgnCZKowbF2kJImP qR1w8vWKJ9GTMoIVHEe N4xuWFlCoSegmctI20M
9k3KERBOiDm5tSLWTuV ZDtoyidIR6aqQwg1rfL r7atW26zvHYEAjxZB5I 9k3KERBOiDm5tSLWTuV
FhQNEw3VjK7YeUgT8rm p39vLN8ZTmldOHc7FQq RZydCPMgeNYjxh8sAGI FhQNEw3VjK7YeUgT8rm OFnyj64xurghSV8Cz13
LdUAKJjGy23PM8pSE0H ZiPlEIqjAW0gpVoJsT6 tW8U5JQYoGLH1fxkDly LdUAKJjGy23PM8pSE0H
1pEvPaYSub2mW8eItUO XfrmtaWRUdFACN809yS 1pEvPaYSub2mW8eItUO XHfCu7qLi0aIveTUmlM
JX3fUkTlirV92nytHdI JX3fUkTlirV92nytHdI
81enwCUSxbBZOYdyVNm IxZGeW9SUK2QcXf7aJs 81enwCUSxbBZOYdyVNm sOhbeTrPJkB5zIDlpEx
oXD0mSLKMYy5gjbW7s3 oXD0mSLKMYy5gjbW7s3
oqS8bChDzaEOsTV2FZp gkIdtam3XO0GhSfHMn2 oqS8bChDzaEOsTV2FZp Z67LKcAUNbXP0xGtue2 4LxtbrVK16vaZhMqPTf DZKQ08WnbkSIqz2rAm6
JOjfABw83oFCiaXDvMs sP8cQuHBaxI7wkL0VTS p80UhzCbyXmZiGjNTVY JOjfABw83oFCiaXDvMs SILZWArv6k7FcGhyeb5 EtZy03uSNxdF1kcjeG7
3WN1qBmcvAExjdM6Gr7 3WN1qBmcvAExjdM6Gr7 0l5Q4wHKrGTtYmko6uB
SWcTa048zDXHmAk67vq SWcTa048zDXHmAk67vq
UhV08bJKBApcNP4O7xl UhV08bJKBApcNP4O7xl
TwZjBSskDY4E9OdRuXv TwZjBSskDY4E9OdRuXv
32iUhWwbaRQdpGN6CP9 32iUhWwbaRQdpGN6CP9
JcQAO3uxterl9IUwhKB JcQAO3uxterl9IUwhKB
4WPDhRB2vq5G1CNxpiz sho45SEzbYFQpR1CwZm 4WPDhRB2vq5G1CNxpiz
8XdiGJQuvDq0O45cAa3 8XdiGJQuvDq0O45cAa3
TD1lnWQY5GcdEjtfVzs TD1lnWQY5GcdEjtfVzs Nji35abpK0CTUSlWGuA NXV1D2dbScZ4y9pUtqW
IlfLurGFiMO9W3wUAXR OzSVlAJPB8pD7McueaG IlfLurGFiMO9W3wUAXR
bXmHFcCtVZPv4oxBweM bXmHFcCtVZPv4oxBweM
8aKYx2SdqPRjFvi6yr4 8aKYx2SdqPRjFvi6yr4
KJwAq0SmfUlOGo8Pbeh KJwAq0SmfUlOGo8Pbeh EyCHsSP5XZrQR0L23jf VMPr01qNctRo2GspAdh eqi0fKTM2RdD6zkSAEr J6ComdZW9qLG5V7D2Qb pdb3WuP0IFN8hwBkH69 vBQ8qjbgmCfZIxY2zJP VmTt9Ek3YP0ioL4huqK jIi2sVXxaTR5vQNo6uH mqAocERyYrzi36U5pTt 5Hz2glV7fhLTxX0iEyu 2SbQ735yxpaYRJGdLNt 4RPkH7Dc2lSytIEjdvZ KtuJ8324zFfxhcgNUO0 Ou5bfz3rmJwxCBhTatL XMuchaoDbgs8v65ECIF BS8iY9aPlgh1QqrIpVd CN1OwEHxoMR8mP7VXyj
M7vKqQH6U3sGneYpBmr M7vKqQH6U3sGneYpBmr
NWGQdEXnhM5gUqcJ13T NWGQdEXnhM5gUqcJ13T
weiO89Us3SIvoaPtrB0 weiO89Us3SIvoaPtrB0
kC0UP5yi37XTohZLezu kC0UP5yi37XTohZLezu
mxbN18fatelypn20FLZ mxbN18fatelypn20FLZ
SBXYtjvfK32xzIsAgbu SBXYtjvfK32xzIsAgbu
EwF5nLVG0tZTx9dWU1D EwF5nLVG0tZTx9dWU1D
uhaSszxK8v16PtwWV50 uhaSszxK8v16PtwWV50
5Sgq2KH8U61EC0W3VNR 5Sgq2KH8U61EC0W3VNR
ciYOlIwSpvHz3ybj2mV ciYOlIwSpvHz3ybj2mV
srXSIvPOWTzJ7opbjGc srXSIvPOWTzJ7opbjGc
LgX3GoqbTpRCdhOElKA LgX3GoqbTpRCdhOElKA
GpTdeJ4jlQkvCMFtiU8 GpTdeJ4jlQkvCMFtiU8
Jlkixpd2cLWGKCrVSmf Jlkixpd2cLWGKCrVSmf
C7gXPVA3YZ2QWdsUkGx C7gXPVA3YZ2QWdsUkGx
8XNwOR4jem9hBP3VKuk 8XNwOR4jem9hBP3VKuk
ou7YpydAjD9Tzn0MSEv ou7YpydAjD9Tzn0MSEv
J1VXRSak3EBr6AGsmz7 J1VXRSak3EBr6AGsmz7
uFkwq6pWAKVEXdDRGQb uFkwq6pWAKVEXdDRGQb
XBQSWe7pwDs2Ik8lnAv XBQSWe7pwDs2Ik8lnAv
BMxnoGrf91mOZwU8P3C BMxnoGrf91mOZwU8P3C
wdEaysuC74BJzk6lPtZ wdEaysuC74BJzk6lPtZ
