0 39 106 107 106 39 0 57 190 57 0 31 0 11 179 11 181 11 0 47 152 153 152 47 154 47 0 9 163 9 0 60 108 60 0 58 0 45 173 174 173 45 0 38 148 38 0 49 0 78 0 18 0 94 0 1 157 1 155 156 155 1 0 46 170 46 0 26 158 26 160 26 0 83 169 83 167 83 0 25 124 25 0 84 143 84 132 133 132 84 0 69 110 111 110 69 0 90 182 183 182 90 184 90 0 41 122 123 122 41 112 113 112 41 0 54 191 192 191 54 0 10 199 10 0 87 149 87 151 87 0 44 104 105 104 44 0 5 116 5 0 34 120 34 0 53 176 177 176 53 178 53 0 40 134 135 134 40 0 12 138 139 138 12 0 31 118 119 118 31 0 38 146 147 146 38 0
63
58 100 101
18 102 103
104 104
105 105
106 106
107 107
108 108 109
110 110
111 111
112 112
113 113
199 114 115 197 198 199
116 116 117
31 118
119 119
120 120 121
122 122
123 123
124 124 125
94 126 127
60 128 129
11 130 131
133 132 133
135 134 135
57 136 137 188 189
139 138 139
39 140 141 142
143 143 144 145
38 146
147 147
148 148
149 149 150
151 151
152 152
153 153
154 154
155 155
156 156
157 157
158 158 159
160 160
9 161 162
163 163
47 164 165 166
167 167 168
169 169
170 170 171 172
173 173
174 174
45 175
176 176
177 177
178 178
179 179 180
181 181
182 182
183 183
184 184
78 185 186 187
190 190
191 191 193
192 192
49 194 195 196
