0 3 0 180 134 124 104 17 15 25 27 65 68 65 64 139 184 149 145 55 57 110 99 100 102 108 82 84 95 97 95 35 37 36 37 35 38 35 20 105 47 183 47 120 114 179 94 54 154 159 74 39 2 13 10 12 66 67 123 120 122 151 152 150 69 160 44 189 182 181 182 180 135 138 135 52 50 125 128 117 116 77 186 132 131 132 141 142 141 72 129 144 79 195 30 32 58 55 170 172 170 190 192 191 92 91 92 90 40 43 40 42 41 42 186 187 185 145 148 145 25 28 2 101 77 115 118 115 117 166 137 136 137 135 110 113 17 16 17 15 85 87 85 75 78 75 165 168 165 130 133 130 195 197 196 12 11 12 10 110 57 56 57 110 49 160 162 161 162 160 0
100
3 3
180 180
134 134
124 124
104 104
17 17
15 15
25 25
27 27
65 65
68 68
64 64
139 139
184 184
149 149
145 145
55 55
57 57
110 110
99 99
100 100
102 102
108 108
82 82
95 95
97 97
35 35
37 37
36 36
38 38
20 20
105 105
47 47
183 183
114 114
179 179
94 94
54 54
154 154
159 159
74 74
39 39
2 2
13 13
12 12
66 66
67 67
123 123
120 120
122 122
152 152
69 69
160 160
44 44
189 189
182 182
181 181
135 135
138 138
52 52
125 125
128 128
116 116
186 186
132 132
131 131
141 141
142 142
72 72
129 129
144 144
79 79
195 195
30 30
32 32
58 58
172 172
192 192
92 92
91 91
43 43
42 42
41 41
187 187
148 148
28 28
101 101
118 118
166 166
136 136
113 113
16 16
87 87
78 78
168 168
133 133
197 197
11 11
56 56
161 161
