0 80 84 44 60 63 60 5 8 5 40 29 54 65 20 23 20 55 58 32 31 32 68 67 96 97 95 99 79 89 90 85 88 42 40 39 4 49 94 90 92 90 80 82 81 12 11 12 10 13 10 30 33 30 45 48 45 47 46 47 88 37 35 80 83 80 15 18 15 17 16 17 64 99 52 51 52 50 25 28 25 55 57 55 85 87 86 87 85 77 76 77 85 5 7 71 72 70 0
50
80 80
84 84
44 44
60 60
63 63
5 5
8 8
40 40
29 29
54 54
65 65
20 20
23 23
55 55
58 58
32 32
31 31
68 68
67 67
97 97
99 99
79 79
89 89
90 90
85 85
88 88
42 42
39 39
4 4
49 49
94 94
92 92
82 82
81 81
11 11
13 13
33 33
48 48
46 46
37 37
83 83
18 18
16 16
52 52
51 51
28 28
57 57
86 86
76 76
71 71
