loc0 loc49 loc4 loc39 loc16 loc34 loc25 loc44 loc8 loc32 loc23 loc41 loc5 loc41 loc23 loc32 loc8 loc44 loc25 loc34 loc16 loc39 loc4 loc30 loc12 loc48 loc6 loc42 loc7 loc42 loc6 loc33 loc15 loc33 loc6 loc48 loc12 loc30 loc4 loc49 loc0 loc31 loc19 loc47 loc20 loc38 loc20 loc47 loc19 loc31 loc22 loc31 loc19 loc37 loc1 loc36 loc9 loc27 loc45 loc1 loc49 loc0
19
loc1 loc1
loc38 loc2 loc11
loc12 loc3 loc12 loc21
loc49 loc4
loc5 loc5
loc42 loc6
loc7 loc7
loc44 loc8 loc17 loc25
loc9 loc9
loc47 loc10
loc39 loc13
loc41 loc14
loc15 loc15 loc24
loc16 loc16
loc27 loc18
loc19 loc19
loc20 loc20
loc22 loc22
loc23 loc23
