loc0 loc193 loc67 loc157 loc49 loc157 loc22 loc157 loc4 loc129 loc75 loc138 loc66 loc102 loc48 loc189 loc27 loc117 loc63 loc117 loc27 loc189 loc99 loc180 loc72 loc153 loc1 loc153 loc45 loc153 loc91 loc172 loc55 loc172 loc91 loc127 loc64 loc109 loc73 loc146 loc20 loc146 loc65 loc146 loc73 loc181 loc37 loc136 loc37 loc181 loc73 loc146 loc20 loc137 loc38 loc113 loc41 loc113 loc77 loc185 loc32 loc131 loc83 loc131 loc32 loc185 loc14 loc185 loc77 loc113 loc38 loc137 loc2 loc128 loc74 loc110 loc11 loc110 loc92 loc110 loc74 loc128 loc2 loc137 loc20 loc146 loc73 loc109 loc64 loc127 loc91 loc153 loc72 loc180 loc39 loc180 loc18 loc135 loc36 loc135 loc81 loc135 loc18 loc180 loc99 loc189 loc48 loc102 loc66 loc138 loc75 loc129 loc3 loc183 loc30 loc147 loc93 loc123 loc87 loc159 loc24 loc177 loc15 loc195 loc51 loc195 loc15 loc177 loc24 loc159 loc87 loc123 loc93 loc147 loc30 loc183 loc3 loc129 loc4 loc157 loc12 loc157 loc67 loc193 loc0 loc121 loc31 loc148 loc40 loc148 loc31 loc121 loc0 loc193 loc58 loc184 loc94 loc122 loc50 loc122 loc95 loc122 loc94 loc184 loc58 loc166 loc79 loc151 loc88 loc196 loc43 loc196 loc16 loc196 loc88 loc187 loc61 loc124 loc7 loc169 loc26 loc107 loc53 loc179 loc17 loc179 loc44 loc161 loc80 loc161 loc98 loc125 loc62 loc188 loc23 loc188 loc62 loc125 loc98 loc161 loc44 loc179 loc53 loc107 loc35 loc107 loc71 loc143 loc71 loc107 loc26 loc169 loc7 loc124 loc97 loc133 loc52 loc160 loc115 loc166 loc103 loc0
71
loc1 loc1 loc10
loc20 loc2 loc20
loc129 loc3 loc21
loc4 loc4
loc113 loc5 loc29 loc38
loc30 loc6 loc30
loc7 loc7
loc143 loc8 loc71
loc81 loc9 loc81
loc11 loc11
loc12 loc12
loc193 loc13 loc58 loc85
loc14 loc14
loc15 loc15
loc16 loc16
loc17 loc17
loc180 loc18 loc54
loc64 loc19 loc46 loc64
loc22 loc22
loc23 loc23
loc177 loc24
loc43 loc25 loc43
loc26 loc26
loc27 loc27
loc136 loc28
loc121 loc31
loc32 loc32
loc87 loc33 loc87
loc151 loc34
loc35 loc35
loc36 loc36
loc37 loc37
loc39 loc39
loc40 loc40 loc76
loc41 loc41
loc133 loc42 loc69 loc78 loc97
loc44 loc44
loc45 loc45
loc110 loc47
loc48 loc48
loc49 loc49
loc50 loc50
loc51 loc51
loc52 loc52
loc53 loc53 loc89
loc55 loc55
loc83 loc56 loc83
loc189 loc57
loc62 loc59 loc62 loc68
loc195 loc60 loc96
loc187 loc61 loc70
loc63 loc63
loc65 loc65
loc102 loc66 loc84
loc67 loc67
loc72 loc72 loc90
loc146 loc73
loc74 loc74
loc75 loc75
loc77 loc77
loc79 loc79
loc80 loc80
loc172 loc82 loc91 loc100
loc188 loc86
loc88 loc88
loc92 loc92
loc93 loc93
loc94 loc94
loc95 loc95
loc125 loc98
loc99 loc99
