loc0 loc76 loc13 loc58 loc49 loc58 loc40 loc58 loc31 loc66 loc48 loc66 loc39 loc84 loc3 loc63 loc27 loc63 loc18 loc54 loc36 loc54 loc18 loc63 loc3 loc84 loc12 loc57 loc33 loc60 loc21 loc60 loc15 loc69 loc42 loc87 loc24 loc88 loc7 loc88 loc24 loc87 loc42 loc69 loc15 loc60 loc33 loc57 loc12 loc84 loc39 loc66 loc31 loc58 loc13 loc76 loc22 loc70 loc43 loc70 loc26 loc53 loc35 loc71 loc17 loc62 loc44 loc89 loc8 loc98 loc41 loc95 loc5 loc86 loc14 loc67 loc2 loc67 loc14 loc86 loc50 loc59 loc47 loc92 loc11 loc65 loc29 loc65 loc38 loc65 loc20 loc82 loc28 loc65 loc2 loc67 loc0
35
loc28 loc1 loc10 loc19 loc28 loc37 loc46
loc2 loc2
loc3 loc3
loc49 loc4 loc49
loc5 loc5 loc23
loc21 loc6 loc21
loc7 loc7
loc8 loc8
loc54 loc9
loc92 loc11
loc84 loc12 loc30
loc13 loc13
loc14 loc14
loc69 loc15
loc71 loc16 loc35
loc17 loc17
loc18 loc18
loc29 loc20 loc29
loc22 loc22
loc24 loc24
loc53 loc25 loc26
loc27 loc27 loc45
loc31 loc31
loc86 loc32 loc50
loc33 loc33
loc43 loc34 loc43
loc36 loc36
loc38 loc38
loc39 loc39
loc40 loc40
loc41 loc41
loc42 loc42
loc89 loc44
loc47 loc47
loc48 loc48
