85 1 0 62 7 82 74 8 23 81 72 11 72 13 34 52 83 15 83 16 83 17 60 22 25 27 46 50 79 89 28 32 31 37 38 83 35 6 65 43 60 44 91 3 66 45 53 29 3 47 55 14 48 80 62 51 10 32 54 32 56 76 75 57 19 64 32 68 70 22 60 69 60 66 71 96 60 77 72 26 86 32 87 90 4 42 92 42 93 26 94 26 66 98 29 95 99 60 26 94 85
50
1 1
0 0
7 7
8 8
23 23
81 81
11 11
13 13
34 34
52 52
15 15
16 16
17 17
22 22
27 27
46 46
50 50
79 79
28 28
31 31
37 37
38 38
35 35
43 43
44 44
91 91
45 45
53 53
47 47
55 55
48 48
80 80
51 51
54 54
56 56
76 76
57 57
64 64
68 68
69 69
71 71
96 96
77 77
86 86
87 87
92 92
93 93
94 94
98 98
99 99
