99 176 35 176 103 52 22 8 22 58 22 52 103 76 161 62 128 164 95 24 194 40 2 146 2 86 181 86 2 40 194 24 95 106 159 106 108 174 108 106 95 184 19 1 12 1 19 184 95 164 128 62 161 76 103 52 167 154 149 154 122 48 26 199 39 199 42 199 26 48 122 154 167 52 22 8 135 61 54 88 54 129 28 137 185 45 41 45 185 137 186 85 127 85 186 137 150 137 97 43 18 121 148 16 190 37 53 162 0 21 5 182 68 182 5 23 5 138 170 113 114 113 51 113 170 138 5 21 78 21 0 162 130 104 169 144 55 69 93 69 100 81 126 49 193 142 156 70 156 142 193 49 27 116 117 116 27 49 126 81 100 69 55 144 169 104 130 162 53 37 190 16 148 121 18 133 59 133 18 43 56 96 157 119 157 172 157 96 56 43 66 43 97 137 28 129 54 61 135 8 22 52 103 176 188 175 178 36 155 110 151 110 155 36 98 152 98 32 34 32 98 36 178 79 32 99
69
0 0
1 1
126 4 126
5 5 20 30
8 8 47
81 9 100 158
193 10 123 125
12 12 33
36 15 178
16 17 190
18 18 97 111 124
22 22
24 24
69 25 83 163 173
26 26
27 27
28 28
34 34
35 35
39 39
40 40
41 41
42 42
51 51
162 53 82 130 160 166 171
55 55
56 56
59 59
54 61
2 63 112 192
66 66
68 68
70 70
128 73 80
79 75
78 78
88 88
152 90 98
52 92 103 167
93 94
99 99
58 102
106 106
114 114
117 117
119 119
122 122
127 127
159 131
96 132
142 142
146 146
148 148
149 149
150 150
151 151
155 155
76 161
164 164 168
23 165 180
144 169
170 170
172 172
174 174
181 181
95 183 184
185 185
186 186
176 188
