loc59 loc70 loc37 loc54 loc43 loc65 loc6 loc51 loc36 loc81 loc32 loc47 loc74 loc62 loc74 loc47 loc32 loc68 loc95 loc42 loc90 loc35 loc52 loc45 loc52 loc31 loc5 loc50 loc5 loc25 loc5 loc31 loc52 loc35 loc97 loc35 loc90 loc1 loc90 loc14 loc90 loc42 loc95 loc68 loc20 loc68 loc29 loc68 loc32 loc30 loc71 loc59
24
loc51 loc17 loc51
loc29 loc2 loc29
loc62 loc62
loc97 loc28 loc97 loc46 loc23
loc47 loc83 loc32 loc47
loc71 loc13 loc71 loc72 loc30
loc74 loc74
loc31 loc31
loc54 loc43 loc54 loc16
loc6 loc6 loc65
loc20 loc20
loc70 loc70 loc89 loc37
loc42 loc42 loc34
loc50 loc50 loc11 loc5
loc35 loc35 loc4
loc95 loc41 loc88 loc92 loc84 loc98 loc95
loc68 loc68
loc52 loc52
loc90 loc90 loc33
loc45 loc45
loc25 loc25
loc14 loc14
loc1 loc1
loc36 loc36 loc81
