loc189 loc0 loc17 loc47 loc163 loc77 loc150 loc183 loc83 loc128 loc195 loc50 loc4 loc69 loc34 loc111 loc129 loc190 loc113 loc146 loc95 loc188 loc86 loc164 loc36 loc11 loc70 loc65 loc145 loc25 loc184 loc180 loc20 loc152 loc18 loc32 loc127 loc117 loc169 loc125 loc62 loc54 loc27 loc94 loc172 loc168 loc61 loc191 loc136 loc79 loc104 loc143 loc74 loc153 loc100 loc101 loc26 loc31 loc159 loc23 loc109 loc22 loc40 loc133 loc73 loc38 loc88 loc37 loc162 loc185 loc15 loc156 loc98 loc119 loc142 loc139 loc16 loc78 loc158 loc41 loc194 loc39 loc55 loc135 loc96 loc58 loc53 loc148 loc59 loc131 loc66 loc165 loc114 loc85 loc147 loc177 loc108 loc161 loc76 loc154 loc112 loc189
50
loc38 loc88 loc38 loc37 loc73
loc191 loc61 loc191
loc54 loc172 loc168 loc54
loc180 loc180 loc127
loc117 loc188 loc117
loc145 loc25 loc65 loc70 loc145
loc143 loc104 loc79 loc143 loc74
loc177 loc55 loc161 loc177
loc133 loc158 loc41 loc136 loc133
loc78 loc78
loc128 loc128
loc184 loc184
loc76 loc194 loc39 loc76
loc23 loc109 loc23 loc159
loc96 loc96 loc165 loc135 loc66 loc114 loc58
loc125 loc125 loc62 loc169
loc147 loc147 loc85
loc150 loc150 loc77
loc69 loc190 loc4 loc34 loc69
loc94 loc94 loc27
loc148 loc53 loc148
loc11 loc11
loc146 loc146
loc164 loc36 loc164
loc139 loc139 loc16
loc15 loc15
loc185 loc185
loc111 loc111
loc20 loc18 loc152 loc32 loc20
loc153 loc153
loc59 loc131 loc59
loc98 loc119 loc98
loc47 loc47 loc95 loc163 loc17
loc112 loc112
loc156 loc156
loc142 loc142
loc101 loc31 loc101 loc26 loc100
loc40 loc40
loc129 loc129
loc50 loc50
loc0 loc0
loc22 loc22
loc108 loc108
loc86 loc86
loc154 loc154
loc162 loc162
loc83 loc83
loc183 loc183
loc195 loc195
loc113 loc113
