81 34 161 115 161 34 95 34 123 34 20 34 69 34 16 108 16 34 52 34 154 34 23 34 58 34 132 34 198 34 14 34 33 34 127 34 196 34 152 34 103 34 85 34 100 34 195 34 200 34 18 34 78 197 78 199 78 138 78 164 78 43 78 1 78 183 78 57 78 76 78 158 78 74 78 124 78 9 107 9 78 35 78 80 78 70 78 135 78 49 78 156 78 34 36 189 36 34 167 126 97 126 65 126 153 81
50
34 92 86 180 87 191 77 8 167 109 188 71 130 36 93 90 34 166 184 56 121 88 81 78 179 89 53 12 48 182 45 84 17 162 64 59 165 141 125 46 178 117 96 150 41 27 145 24
153 153
35 35
76 76
135 135
195 195
199 199
183 183
161 161
107 107
124 124
85 85
9 9
57 57
97 42 97 170 126
70 70
52 52
49 49
196 196
20 20
108 108
132 132
58 58
154 154
95 95
18 18
23 23
14 14
115 115
103 103
80 80
1 1 159
127 127
33 33
123 123
164 164
138 138
198 198
158 158
156 156
100 100
65 65
74 74
69 69
197 197
189 189
200 200
152 152
16 16
43 43
