10 1 2 1 3 1 10 50 186 187 186 50 184 50 10 21 23 21 11 12 11 7 37 7 6 36 6 7 8 34 42 34 8 38 8 7 11 21 10 50 51 52 53 54 190 191 190 192 193 192 190 56 57 58 59 196 198 199 198 196 197 196 61 62 63 64 66 67 68 69 71 72 73 74 76 77 78 79 81 82 83 84 86 87 88 89 91 92 93 94 96 97 98 99 101 102 103 104 106 107 108 109 111 112 50 10
43
1 1
2 2
3 3 5
36 6 32 35 36 39 43
7 7
34 8 34
12 11 12 15 29
23 21 22 23 25
37 37 41
38 38
42 42
50 51 52
54 53 54
191 56 57 190 191
198 58 59 61 196 198
63 62 63
66 64 66 67
68 68 69
73 71 72 73
76 74 76
77 77
78 78 79 81
84 82 83 84
86 86
87 87
88 88
89 89
91 91
92 92 93
97 94 96 97
98 98 99
101 101
102 102 103
106 104 106
107 107 108
111 109 111
112 112
184 184 185
186 186
187 187
193 192 193
197 197
199 199
