0 91 0 56 7 54 177 54 7 96 6 96 17 89 45 89 17 62 5 87 5 62 17 135 82 135 17 96 7 56 35 20 81 23 60 189 51 92 51 189 60 55 76 33 76 28 42 28 76 55 31 97 58 3 58 97 176 44 176 97 31 55 60 23 81 84 77 36 90 36 77 84 81 20 35 103 99 27 39 27 99 86 99 78 32 4 66 95 93 71 21 13 21 71 93 178 93 10 75 10 83 10 2 10 43 74 37 47 37 74 43 10 93 95 66 4 32 78 99 27 49 68 57 68 53 68 49 27 99 86 29 14 73 52 73 14 29 86 99 103 35 20 63 24 59 40 8 88 98 88 8 40 69 26 50 22 67 64 67 25 67 22 50 26 69 40 59 11 1 11 142 0
51
1 1
2 2 30
3 3 48 58 97 100
4 4 66
5 5 62
6 6
7 7 56
8 8
32 9 32 78 80
10 10 43
11 11 34
42 12 28 42
13 13
86 14 29 86
25 15 25
96 16 85 96
89 17 70 89
177 18
67 19 22 67
20 20 24 35 63
21 21
23 23 65
26 26 50 69
27 27 49
60 31 55 60
33 33 76
90 36 41 77 79 90
47 37 47
87 38 46 72 87
39 39
40 40 59
44 44
45 45
51 51
52 52 73
53 53
54 54
57 57 68
88 61 88
64 64
71 71 93 95
74 74
75 75
81 81 84
82 82
83 83
91 91
92 92
178 94
98 98
99 99
