Soda C Soda F Soda I J K Soda O Soda R Soda U Soda X Soda AA Soda AD Soda AG Soda AJ Soda AO Soda AT AU AV AW AX AY AZ Soda BD Soda BJ Soda BO BP BQ Soda BT BU Soda BX Soda CA Soda GC Soda GF Soda GI GJ GK Soda GO Soda FR Soda FU Soda FX Soda FA Soda FD Soda FG Soda FJ Soda DO Soda DT DU DV DW DX DY DZ Soda DD Soda DJ Soda DQ Soda DA Soda
47
C C
F F
I I
K K
O O
R R
U U
X X
AA AA
AD AD
AG AG
AJ AJ
AO AO
AT AT
AW AW
AX AX
AZ AZ
BD BD
BJ BJ
BO BO
BQ BQ
BT BT
BU BU
BX BX
CA CA
GC GC
GF GF
GI GI
GK GK
GO GO
FR FR
FU FU
FX FX
FA FA
FD FD
FG FG
FJ FJ
DO DO
DT DT
DU DU
DW DW
DX DX
DZ DZ
DD DD
DJ DJ
DQ DQ
DA DA
