99 34 0 57 1 97 2 97 3 4 5 28 6 90 7 67 8 40 9 14 10 27 11 12 36 13 73 14 93 15 16 17 18 31 19 60 20 57 21 57 22 92 23 12 24 47 25 59 26 46 27 38 28 29 30 31 32 33 34 95 35 52 36 71 37 45 38 61 39 40 33 41 42 31 43 44 38 45 51 46 87 47 54 48 89 49 99
50
0 0
1 1
2 2
3 3
4 4
5 5
6 6
7 7
8 8
9 9
10 10
11 11
12 12
13 13
14 14
15 15
16 16
17 17
18 18
19 19
20 20
21 21
22 22
23 23
24 24
25 25
26 26
27 27
28 28
29 29
30 30
31 31
32 32
33 33
34 34
35 35
36 36
37 37
38 38
39 39
40 40
41 41
42 42
43 43
44 44
45 45
46 46
47 47
48 48
49 49
