0 3 4 5 6 7 8 9 10 12 13 16 15 14 92 94 93 96 99 100 122 121 122 123 122 100 102 106 105 108 105 102 101 104 101 102 105 107 ViksNode 128 129 130 129 128 ViksNode 112 115 113 114 115 112 116 117 33 37 36 35 36 37 39 40 41 42 43 42 44 46 47 48 49 51 53 54 55 54 56 58 59 60 61 58 62 63 62 70 71 64 73 75 74 76 77 78 79 80 81 83 86 85 17 18 19 20 21 20 32 23 25 26 28 27 28 30 0
45
3 3
4 4
7 7
8 8
10 10
13 13
15 15
94 94
99 99
121 121
123 123
106 106
108 108
104 104
130 130
113 113
114 114
117 117
37 37
36 36
35 35
42 42
43 43
47 47
48 48
53 53
55 55
56 56
59 59
60 60
63 63
70 70
71 71
73 73
74 74
78 78
80 80
86 86
18 18
19 19
20 20
21 21
25 25
27 27
30 30
