0 3 4 5 6 7 8 9 10 12 13 16 15 14 33 38 42 44 49 50 52 54 58 62 63 75 76 77 78 79 81 82 90 17 18 19 20 21 20 32 23 25 26 28 27 28 30 28 26 23 32 20 21 17 90 82 81 79 78 77 76 75 63 62 58 54 52 50 49 44 42 41 40 39 37 36 35 36 37 39 40 41 42 43 42 44 46 47 48 49 51 53 54 55 54 56 58 59 60 61 58 62 63 62 70 71 64 73 75 74 76 77 78 79 80 81 83 86 83 81 79 78 77 76 75 63 62 58 54 52 50 49 44 42 38 33 14 11 9 6 5 2 1 0
33
3 3
4 4
7 7
8 8
10 10
13 13
15 15
18 18
19 19
20 20
21 21
25 25
27 27
30 30
35 35
36 36
37 37
42 42
43 43
47 47
48 48
53 53
55 55
56 56
59 59
60 60
63 63
70 70
71 71
73 73
74 74
78 78
80 80
