yZx4F8OpIk5Ar2sBMJAx ixBQklcj47gZLpsoK0Z1 j8a5XYXH6AK0uHrNRime ixBQklcj47gZLpsoK0Z1 uwJup2WiLVChmnkelhR8 ixBQklcj47gZLpsoK0Z1 YCHj3zwS8C1T4iIu3mub ixBQklcj47gZLpsoK0Z1 Ux0fPXy37kADOkMzDLQ2 ixBQklcj47gZLpsoK0Z1 e6PVUjjd6ajldcTPycA6 ixBQklcj47gZLpsoK0Z1 u8Sh3uzUVF2pFMTdyMgE ixBQklcj47gZLpsoK0Z1 a37twrOQlX8ckvFplsbJ ixBQklcj47gZLpsoK0Z1 pyuAeTbcVcifrFis8Hjk ixBQklcj47gZLpsoK0Z1 K5SbR7BNjzxCUkAdrGa5 ixBQklcj47gZLpsoK0Z1 hCu50otWd5xV17Ex0c3a ixBQklcj47gZLpsoK0Z1 O3Hkka0xTn4TYlQWkSEt ixBQklcj47gZLpsoK0Z1 OX2sgS0EKma0KPRXo24b ixBQklcj47gZLpsoK0Z1 2GGOgT8kgyBmX858M38j ixBQklcj47gZLpsoK0Z1 YXB7UTVLkwJ3CJcMVTzW ixBQklcj47gZLpsoK0Z1 MjcrC2MkSyccg6AM7KMW ixBQklcj47gZLpsoK0Z1 Jl9fGpEEaLR4lmSJYVKz ixBQklcj47gZLpsoK0Z1 xfBJiQuas9xv3hIOUe8o ixBQklcj47gZLpsoK0Z1 bSPdwFdSvkSaDMkIhhIm ixBQklcj47gZLpsoK0Z1 t3p35rQwuMfICpxwBTRV ixBQklcj47gZLpsoK0Z1 Z5A3tROaNW2mCwf9Mwns ixBQklcj47gZLpsoK0Z1 3NlcmlomZH13bXyH9A3z ixBQklcj47gZLpsoK0Z1 aUS8Ma4u9DWG5rGkGMu3 ixBQklcj47gZLpsoK0Z1 MMuVzSLYdkYJSnZzYgpt ixBQklcj47gZLpsoK0Z1 sYiNL7uSzhZbFuuuJ7Ov ixBQklcj47gZLpsoK0Z1 1nX5xj0493ZNrFPUOVt9 yZx4F8OpIk5Ar2sBMJAx
25
O3Hkka0xTn4TYlQWkSEt O3Hkka0xTn4TYlQWkSEt
j8a5XYXH6AK0uHrNRime ylc14u4guzQsG1HGoIaW tg1w5Br4i5001iky5uAt coccrxCAACMV0GSxD2xc SxhNwhmBZW56skeskoXT c2xoK29xdkQaHgutY5NS xjrY90FEcI7klV7sjO39 oNRzekgjmcfhwbUnE9E5 j8a5XYXH6AK0uHrNRime 4vVzhXxSoe23m0D4crAQ iPYb45Axawv8d5E4ZUWT BoPjxvlt26bTwBLbfnZh evP9W9Sp0JotOHAnvl9E E0w68ygm8mlxdWmjUSMA ixBQklcj47gZLpsoK0Z1 mhfSTNs1vGxIVkKDB1R9 k4TDiYyIyLOxd2S09stN 9RASC8iIlFoW2F9PoUXZ 3Nm0UHOvSd34D8rM2yZH u3rvHKE2Cknh2L20VX31 KdV5bt367BMwPhG3obI3 sI5I68bj40h6dFM0JU7L brD3Sp7VWuo0VotesZDK p1HQ9bUXYQS3CJ4AN6us 73lJNME3ed7CVENNhT28 OLNsB9xLMpVZMUaTLkU7 TIQTzk08mTKB7r8LXluj
2GGOgT8kgyBmX858M38j 2GGOgT8kgyBmX858M38j
aUS8Ma4u9DWG5rGkGMu3 aUS8Ma4u9DWG5rGkGMu3
1nX5xj0493ZNrFPUOVt9 1nX5xj0493ZNrFPUOVt9
hCu50otWd5xV17Ex0c3a hCu50otWd5xV17Ex0c3a
uwJup2WiLVChmnkelhR8 uwJup2WiLVChmnkelhR8
xfBJiQuas9xv3hIOUe8o xfBJiQuas9xv3hIOUe8o
Jl9fGpEEaLR4lmSJYVKz Jl9fGpEEaLR4lmSJYVKz
OX2sgS0EKma0KPRXo24b OX2sgS0EKma0KPRXo24b
MjcrC2MkSyccg6AM7KMW MjcrC2MkSyccg6AM7KMW
YXB7UTVLkwJ3CJcMVTzW YXB7UTVLkwJ3CJcMVTzW
sYiNL7uSzhZbFuuuJ7Ov sYiNL7uSzhZbFuuuJ7Ov
Ux0fPXy37kADOkMzDLQ2 Ux0fPXy37kADOkMzDLQ2
Z5A3tROaNW2mCwf9Mwns Z5A3tROaNW2mCwf9Mwns
bSPdwFdSvkSaDMkIhhIm bSPdwFdSvkSaDMkIhhIm
e6PVUjjd6ajldcTPycA6 e6PVUjjd6ajldcTPycA6
3NlcmlomZH13bXyH9A3z 3NlcmlomZH13bXyH9A3z
u8Sh3uzUVF2pFMTdyMgE u8Sh3uzUVF2pFMTdyMgE
a37twrOQlX8ckvFplsbJ a37twrOQlX8ckvFplsbJ
YCHj3zwS8C1T4iIu3mub YCHj3zwS8C1T4iIu3mub
pyuAeTbcVcifrFis8Hjk pyuAeTbcVcifrFis8Hjk
t3p35rQwuMfICpxwBTRV t3p35rQwuMfICpxwBTRV
K5SbR7BNjzxCUkAdrGa5 K5SbR7BNjzxCUkAdrGa5
MMuVzSLYdkYJSnZzYgpt MMuVzSLYdkYJSnZzYgpt
