destitute Loomis Rio Darwin Rio Loomis destitute namesake jewel Auberge diligent Auberge Vega Andersen Halstead embassy Dominican bobble Dominican Bleeker minion slowdown schedule slowdown minion Bleeker funny Bleeker Dominican embassy bifurcate illusion bifurcate embassy Dominican bobble McCall papal septillion creekside septillion decor Hewlett swordfish Hewlett decor septillion anvil septillion transpiration shroud choice fatten trill yogurt destitute
27
Andersen Andersen
Auberge Auberge Injun Modesto jewel stanza
Bleeker Bleeker
Darwin Darwin ripe
Dominican Dominican
Halstead Elizabethan Fisk Halstead extractor mediate
funny Gilmore funny midget
Hewlett Hewlett
Rio Hindi Loomis Rio
septillion Isfahan MN balustrade septillion
bobble McCall bobble
Vega Vega
slowdown amateur slowdown
anvil anvil
choice choice shroud
schedule connubial schedule
creekside creekside
decor decor
diligent diligent swingy tate
embassy embassy
fatten fatten
illusion illusion
minion minion
papal papal
swordfish swordfish
transpiration transpiration
yogurt trill yogurt
