woebegone cowhand Irvin cowhand Andersen extrovert Tucson extrovert Andersen cowhand explosion archive barnacle archive sphalerite archive softball archive postscript trimester illusion trimester Curtis deduce Curtis trimester bat Winchester connubial anvil connubial Winchester bat directory bat trimester transfuse catenate transfuse trimester yogurt Simon Rodney Simon Darwin Simon yogurt trimester postscript archive dull swingy Fisk December Zorn December Fisk mediate Fisk swingy dull archive explosion cowhand woebegone felony switchmen imperishable switchmen Gilmore switchmen funny McCall septillion McCall diligent numerology diligent McCall funny wingspread funny switchmen felony thoroughfare felony casserole MN noon MN casserole felony woebegone encumbrance transonic encumbrance sinh Durango bifurcate Durango Hewlett Durango Reilly Durango sinh encumbrance woebegone trill fulsome shovel choice shovel fulsome embroil fulsome trill woebegone cowhand explosion archive barnacle broil thirteen involuntary lexicon involuntary backplate involuntary spill mitre spill involuntary icon torus coarse torus icon involuntary thirteen broil barnacle archive postscript trimester bat Winchester oriole PDP Sunday whatsoever Sunday PDP limitate inform secondary Fisk woebegone
53
Andersen Andersen
Rodney Auberge Goodrich Rodney Simon
Curtis Curtis
Darwin Darwin
December December
Durango Durango sinh
Fisk Fisk
Gilmore Gilmore Stephen simulate
Hewlett Hewlett
Irvin Irvin mack
switchmen Isfahan babysat equipping felony funny tate yearn
McCall McCall
lexicon Modesto Vega involuntary slowdown
Sunday PDP Sunday silage
Reilly Reilly
Tucson Tucson
swingy Wheller dull swingy
Winchester Winchester bunch midstream oriole
Zorn Zorn
numerology administer diligent numerology stanza viscous
anvil anvil
archive archive car explosion papal
backplate backplate
barnacle barnacle broil thirteen
bat bat
bifurcate bifurcate
casserole casserole renaissance
catenate catenate
choice choice
coarse coarse icon update
connubial connubial
deduce deduce
directory directory
MN dreadnought exothermic monotonous
embroil embroil
extrovert extrovert
shovel fulsome shovel
inform funky inform limitate millennium secondary swordfish
illusion griddle illusion
imperishable imperishable
mediate mediate
mitre mitre spill
noon noon
trimester postscript trimester
transonic relaxation transonic
septillion septillion
softball softball
sphalerite sphalerite
thoroughfare thoroughfare
transfuse transfuse
whatsoever whatsoever
wingspread wingspread
yogurt yogurt
