exothermic Bernini Andersen McCall Curtis Injun FPC Iowa Irvin combine namesake Halstead amateur midget coarse extrovert felony Tucson shovel decor shovel lordosis yogurt swordfish sacrifice combine trill swordfish wafer swordfish exothermic
25
Bernini Bernini
Andersen Andersen
McCall McCall
Curtis Curtis
Injun Injun
FPC FPC
Iowa Iowa
Irvin Irvin
combine combine
namesake namesake
Halstead Halstead
amateur amateur
midget midget
coarse coarse
extrovert extrovert
felony felony
Tucson Tucson
shovel shovel
decor decor
lordosis lordosis
yogurt yogurt
swordfish swordfish
sacrifice sacrifice
trill trill
wafer wafer
