Loc35 Loc7 Loc60 Loc34 Loc51 Loc58 Loc37 Loc18 Loc81 Loc96 Loc46 Loc31 Loc23 Loc44 Loc1 Loc70 Loc33 Loc19 Loc28 Loc23 Loc67 Loc13 Loc67 Loc97 Loc77 Loc47 Loc15 Loc20 Loc63 Loc66 Loc14 Loc41 Loc64 Loc65 Loc39 Loc65 Loc48 Loc52 Loc71 Loc84 Loc78 Loc89 Loc4 Loc92 Loc25 Loc10 Loc56 Loc93 Loc43 Loc79 Loc90 Loc73 Loc24 Loc0 Loc74 Loc86 Loc59 Loc22 Loc62 Loc80 Loc34 Loc54 Loc95 Loc35
28
Loc73 Loc24 Loc73 Loc22 Loc0
Loc39 Loc39
Loc78 Loc89 Loc84 Loc78 Loc62 Loc80
Loc77 Loc77
Loc65 Loc65
Loc79 Loc79 Loc93
Loc86 Loc86 Loc74
Loc67 Loc97 Loc23 Loc67 Loc13
Loc48 Loc48 Loc52
Loc71 Loc71
Loc58 Loc58 Loc37
Loc46 Loc46 Loc31
Loc41 Loc41 Loc64
Loc96 Loc7
Loc1 Loc70 Loc1
Loc25 Loc10 Loc25
Loc33 Loc33
Loc35 Loc54 Loc95
Loc51 Loc51 Loc34
Loc19 Loc28
Loc14 Loc14 Loc66
Loc15 Loc15
Loc81 Loc81
Loc92 Loc4 Loc92
Loc63 Loc63
Loc47 Loc47
Loc44 Loc44
Loc90 Loc90
