Loc151 Loc130 Loc4 Loc48 Loc91 Loc177 Loc41 Loc98 Loc165 Loc98 Loc172 Loc184 Loc3 Loc170 Loc115 Loc36 Loc115 Loc170 Loc128 Loc65 Loc138 Loc92 Loc160 Loc158 Loc182 Loc158 Loc166 Loc54 Loc96 Loc85 Loc147 Loc85 Loc7 Loc85 Loc118 Loc141 Loc59 Loc124 Loc102 Loc47 Loc21 Loc99 Loc117 Loc52 Loc70 Loc52 Loc126 Loc52 Loc117 Loc99 Loc21 Loc89 Loc196 Loc173 Loc187 Loc173 Loc196 Loc89 Loc21 Loc47 Loc102 Loc124 Loc59 Loc141 Loc118 Loc85 Loc147 Loc180 Loc34 Loc32 Loc34 Loc55 Loc195 Loc10 Loc2 Loc163 Loc2 Loc10 Loc195 Loc24 Loc195 Loc55 Loc34 Loc180 Loc147 Loc85 Loc96 Loc54 Loc166 Loc158 Loc160 Loc92 Loc49 Loc33 Loc148 Loc33 Loc49 Loc92 Loc138 Loc65 Loc128 Loc16 Loc77 Loc61 Loc77 Loc13 Loc6 Loc127 Loc68 Loc120 Loc43 Loc154 Loc43 Loc120 Loc68 Loc62 Loc46 Loc62 Loc72 Loc62 Loc46 Loc122 Loc94 Loc50 Loc181 Loc194 Loc181 Loc50 Loc94 Loc157 Loc94 Loc17 Loc5 Loc38 Loc190 Loc123 Loc185 Loc123 Loc190 Loc125 Loc151
52
Loc10 Loc55 Loc27 Loc195 Loc110 Loc28
Loc138 Loc49 Loc92 Loc65 Loc138
Loc91 Loc4 Loc48 Loc131 Loc135
Loc170 Loc16 Loc184 Loc170 Loc3 Loc128
Loc94 Loc94
Loc177 Loc177
Loc47 Loc47
Loc160 Loc160
Loc154 Loc109 Loc154
Loc151 Loc130 Loc151 Loc171
Loc6 Loc6 Loc127 Loc66
Loc41 Loc41
Loc165 Loc172 Loc98 Loc101 Loc165 Loc57
Loc61 Loc77 Loc61 Loc134
Loc126 Loc93 Loc126
Loc36 Loc36 Loc156 Loc104
Loc7 Loc7
Loc147 Loc147 Loc180
Loc32 Loc34 Loc32
Loc46 Loc122 Loc62 Loc46
Loc68 Loc68
Loc85 Loc85 Loc118
Loc120 Loc120
Loc102 Loc124 Loc102
Loc185 Loc185
Loc166 Loc54 Loc166
Loc182 Loc20 Loc182
Loc96 Loc96
Loc115 Loc115
Loc148 Loc33 Loc148
Loc99 Loc99
Loc187 Loc187 Loc173 Loc58
Loc194 Loc194 Loc15
Loc157 Loc157
Loc52 Loc52 Loc117
Loc2 Loc2
Loc181 Loc181
Loc38 Loc38
Loc141 Loc161 Loc141 Loc59
Loc163 Loc163
Loc21 Loc89 Loc21
Loc50 Loc50 Loc167 Loc183
Loc158 Loc142 Loc158
Loc43 Loc43
Loc24 Loc24
Loc13 Loc13
Loc17 Loc17
Loc72 Loc72
Loc190 Loc190
Loc123 Loc123 Loc111
Loc125 Loc125
Loc70 Loc70
