1 128 1 22 71 22 16 91 16 133 16 22 1 9 72 9 1 38 61 38 111 38 31 44 18 7 120 7 28 6 30 95 30 6 37 99 37 19 27 140 27 43 136 43 64 43 27 17 27 19 98 19 53 19 37 125 37 6 28 7 18 44 31 143 31 38 1 8 123 8 1 40 15 33 46 33 20 33 127 33 15 12 116 12 11 23 108 23 14 34 50 34 77 34 14 25 80 25 86 25 13 79 13 25 39 32 39 48 5 48 42 10 132 10 76 10 35 92 35 84 35 45 74 45 122 45 35 10 24 134 24 10 42 89 42 48 58 48 68 48 39 57 39 48 5 29 2 81 2 29 129 29 5 48 42 10 26 121 26 4 118 4 26 10 42 48 39 25 14 23 11 47 141 47 21 82 21 47 11 12 15 85 15 103 15 1
68
128 49 87 117 128
50 50
4 51
25 52 109
53 53
46 54 144
108 55 108
8 56
57 57
58 58
12 59
17 60 66
61 61
2 62
7 63 69 83 107 110 130 131
64 64
11 65 142
33 67
68 68
31 70
71 71
72 72
9 73
74 74
34 75 105 106 137
76 76
77 77
27 78
79 79
80 80
81 81
82 82 138
84 84
85 85
86 86
134 88 134
89 89
5 90 93 96
91 91
92 92
22 94 97 112
95 95
98 98
99 99
10 100
30 101
44 102 114
103 103
42 104
111 111
141 113 141
20 115 124
116 116
118 118
6 119 126
120 120
121 121
122 122
123 123
125 125
127 127
129 129
132 132
133 133
32 135 139
136 136
140 140
143 143
