1 8 66 8 1 40 15 33 46 82 46 33 20 64 20 33 15 12 11 23 55 23 14 89 14 34 62 34 14 25 13 58 13 25 39 69 39 48 5 29 5 76 5 42 59 42 10 24 10 26 51 26 4 67 4 26 10 35 87 35 10 42 5 48 39 25 14 23 11 78 11 47 93 47 21 61 21 47 11 12 15 40 1 22 16 49 16 22 1 9 84 9 1 38 31 44 18 7 74 7 28 60 28 6 37 19 54 19 27 43 50 43 27 17 96 17 27 19 37 6 30 95 30 6 28 7 18 36 83 36 18 44 31 91 31 1
40
49 49
50 50
51 51
12 52
24 53 65
54 54
55 55
37 56 68
29 57 73
58 58
59 59
60 60
61 61
62 62
19 63
64 64
66 66
67 67
69 69 80 88
18 70
40 71
33 72
74 74
87 75 87
76 76
44 77
78 78
1 79 90
16 81 92
82 82
83 83
84 84
15 85
25 86
89 89
91 91
93 93
34 94
95 95
96 96
