g3ylJsdLuC idQHxtSnxr 0mnwiU4XrT u4LnQNaaiz yvMowGbkvn vUu8ijgxxf KUJdxKVZFO 0wTk0mYkLH g2I4si69gU IT4pKw3giW 7wS9dKOnJR qjDSEKmZMW jBYJ7v19BQ lfdanPGo3c Pijq8aHqIR s3eMpsYH00 oIVQ2qkgnR bhojeHeddF oIVQ2qkgnR uIf3wnJUdn Tk8ERvdKxF oCk2Yieytb bWDewy6WbV Bx61hYSyg6 K05xB79KZo 2O61j91J3T bserQRNqfz S8BtTu4yH9 WAi18jd2vJ oIVQ2qkgnR h5Si5BAPN0 QTNhZIciNJ qnkfLCmfDn oEdovEhrWM CUEWGmB7Gt dMOAUqH7Z3 qnkfLCmfDn yU6iUY8YgO XOxGPscMMG WcyuqGYOzU oWmQcQwHPo 0SQlBVJ1YY Pz3egMzKU8 gZXiityEnU Pz3egMzKU8 srT70dfQEr RN0bCAV6rQ pk0Vh75DnH 2fevl06VRg t25XjDwQhD 8ZKCAWlImg z9nRKYQ1ub 8ZKCAWlImg tubjzjzUpV M2hatQPY96 CxfzSa2YOV PcFJuErB3q YpRs8m6oyX 2S929yZddP 1QXjsHNYao 723MhcLxt0 TBzLS0OAYU 723MhcLxt0 yky49wE4YG WRd4lScvm6 yky49wE4YG Pv5LMSkQii yky49wE4YG BNkM7qaRNw IA0Uf143OT uvoepIQg9n LCKLTNE1vp TSSOUimHPg Q1N77BLmyb bsEkAY2K41 33omYiVXOD LeZK9UvMT9 emYRLTiyj9 2eMl9AO5o8 QrJxLpX875 dj8JMfo3hX 4znnlMjVra RxW7o7Y2pP GQ4F0g3Mdj XW1Wn7EqpN FqFik17fFH r8njDwxc2t JD3uem81Lg IA0Uf143OT mwzQG3SxnO 97ZNlakBoq TSSOUimHPg BUMLJo6sc3 fecMfiAuGC BUMLJo6sc3 jPXsbXPNMq j98kcW9qGB aEo62SfMqH WvFZJEkTrw 5SSy593K31 FmtLnHv2HY CSjLrGbUz3 xtp1B5q0W1 AXNCIbkEJh dC48GQHGzO 1TfvXd6dPZ mbSdju1TJK 1TfvXd6dPZ u4FAx2sHZm 2OsmeZV9xh u4FAx2sHZm g2I4si69gU oVMPVsMWrZ WYEDqSuNRX KpxiCfRqh3 bserQRNqfz 0mnwiU4XrT wRn7Oi1bcW 0mnwiU4XrT 0SQlBVJ1YY TyL7NE2puV GQ4F0g3Mdj TP2TNyk7wl GQ4F0g3Mdj fXy828RCG4 KUJdxKVZFO 7g0Idy1nzK 03xK87sjTf nKHFs5cKTX Oiowits7js 12ECENJIev Oiowits7js FvzkpZRSj8 YAqGe4tKAP yky49wE4YG BNkM7qaRNw XlU2fx0ZPn 1KJyArncTt z8wUSSybzM j98kcW9qGB onlLq65Azx idQHxtSnxr vnZBjkVngj IGpxjveim7 x7iq98BiN3 IGpxjveim7 x066w6eh4W 0hs3CNDF4L x066w6eh4W fWIjO8yhE3 KHDeTTvJC1 fWIjO8yhE3 EG1t1o8YrR 8KtuAXHUy3 rCoEuOa7EU mok9StGG0X biWuM2iRnz mok9StGG0X TSSOUimHPg BUMLJo6sc3 idQHxtSnxr g3ylJsdLuC
100
idQHxtSnxr idQHxtSnxr
0mnwiU4XrT 0mnwiU4XrT
u4LnQNaaiz u4LnQNaaiz
yvMowGbkvn yvMowGbkvn
vUu8ijgxxf vUu8ijgxxf
KUJdxKVZFO KUJdxKVZFO
0wTk0mYkLH 0wTk0mYkLH
g2I4si69gU g2I4si69gU
IT4pKw3giW IT4pKw3giW
qjDSEKmZMW qjDSEKmZMW
jBYJ7v19BQ jBYJ7v19BQ
lfdanPGo3c lfdanPGo3c
Pijq8aHqIR Pijq8aHqIR
s3eMpsYH00 s3eMpsYH00
oIVQ2qkgnR oIVQ2qkgnR
bhojeHeddF bhojeHeddF
uIf3wnJUdn uIf3wnJUdn
Tk8ERvdKxF Tk8ERvdKxF
oCk2Yieytb oCk2Yieytb
bWDewy6WbV bWDewy6WbV
K05xB79KZo K05xB79KZo
2O61j91J3T 2O61j91J3T
S8BtTu4yH9 S8BtTu4yH9
WAi18jd2vJ WAi18jd2vJ
h5Si5BAPN0 h5Si5BAPN0
QTNhZIciNJ QTNhZIciNJ
qnkfLCmfDn qnkfLCmfDn
oEdovEhrWM oEdovEhrWM
CUEWGmB7Gt CUEWGmB7Gt
dMOAUqH7Z3 dMOAUqH7Z3
yU6iUY8YgO yU6iUY8YgO
WcyuqGYOzU WcyuqGYOzU
oWmQcQwHPo oWmQcQwHPo
Pz3egMzKU8 Pz3egMzKU8
gZXiityEnU gZXiityEnU
srT70dfQEr srT70dfQEr
RN0bCAV6rQ RN0bCAV6rQ
pk0Vh75DnH pk0Vh75DnH
t25XjDwQhD t25XjDwQhD
z9nRKYQ1ub z9nRKYQ1ub
tubjzjzUpV tubjzjzUpV
M2hatQPY96 M2hatQPY96
CxfzSa2YOV CxfzSa2YOV
YpRs8m6oyX YpRs8m6oyX
2S929yZddP 2S929yZddP
1QXjsHNYao 1QXjsHNYao
723MhcLxt0 723MhcLxt0
TBzLS0OAYU TBzLS0OAYU
yky49wE4YG yky49wE4YG
WRd4lScvm6 WRd4lScvm6
Pv5LMSkQii Pv5LMSkQii
BNkM7qaRNw BNkM7qaRNw
IA0Uf143OT IA0Uf143OT
uvoepIQg9n uvoepIQg9n
LCKLTNE1vp LCKLTNE1vp
Q1N77BLmyb Q1N77BLmyb
bsEkAY2K41 bsEkAY2K41
LeZK9UvMT9 LeZK9UvMT9
emYRLTiyj9 emYRLTiyj9
QrJxLpX875 QrJxLpX875
dj8JMfo3hX dj8JMfo3hX
4znnlMjVra 4znnlMjVra
GQ4F0g3Mdj GQ4F0g3Mdj
XW1Wn7EqpN XW1Wn7EqpN
r8njDwxc2t r8njDwxc2t
JD3uem81Lg JD3uem81Lg
mwzQG3SxnO mwzQG3SxnO
97ZNlakBoq 97ZNlakBoq
BUMLJo6sc3 BUMLJo6sc3
fecMfiAuGC fecMfiAuGC
jPXsbXPNMq jPXsbXPNMq
aEo62SfMqH aEo62SfMqH
WvFZJEkTrw WvFZJEkTrw
5SSy593K31 5SSy593K31
CSjLrGbUz3 CSjLrGbUz3
xtp1B5q0W1 xtp1B5q0W1
1TfvXd6dPZ 1TfvXd6dPZ
mbSdju1TJK mbSdju1TJK
u4FAx2sHZm u4FAx2sHZm
2OsmeZV9xh 2OsmeZV9xh
oVMPVsMWrZ oVMPVsMWrZ
KpxiCfRqh3 KpxiCfRqh3
wRn7Oi1bcW wRn7Oi1bcW
TyL7NE2puV TyL7NE2puV
TP2TNyk7wl TP2TNyk7wl
fXy828RCG4 fXy828RCG4
7g0Idy1nzK 7g0Idy1nzK
03xK87sjTf 03xK87sjTf
nKHFs5cKTX nKHFs5cKTX
Oiowits7js Oiowits7js
12ECENJIev 12ECENJIev
FvzkpZRSj8 FvzkpZRSj8
YAqGe4tKAP YAqGe4tKAP
XlU2fx0ZPn XlU2fx0ZPn
onlLq65Azx onlLq65Azx
x7iq98BiN3 x7iq98BiN3
0hs3CNDF4L 0hs3CNDF4L
KHDeTTvJC1 KHDeTTvJC1
8KtuAXHUy3 8KtuAXHUy3
biWuM2iRnz biWuM2iRnz
