6Zg7j6t8kt wXTrLT9dUx GSDEYlNcCM 97dvK2Az7S Dkc5CxJ6RV 97dvK2Az7S eQGeDFyUBy I1RTFIGWhc YrPP1U1r20 ckEVpwA8CD YQKcyMibnc ckEVpwA8CD YrPP1U1r20 7cteJXIZM1 zG9cl6Gy30 KpPj50fAfy fbxiHLAsv4 79JJ9GZF8c M9d0z6OccV ka4cgDWgq7 lrFRnKniRv MpRNDD0glq 4ViGHxfdlc 0gqiqztWgj fhmE7A9rVl gSP0irArmo N08DpqDewo oQb2PqTM8x tvKOOMQ7Sv Iroa6leixY Ma7DUhMrCQ UgxUR9jKcJ NgxnYo41LY 4lUeyqYb0U J6nn6V6pVr 1koyFI8rlU G05S6XZiBa 4RZs4XFvF9 OR78sPVsV9 EZQ9HUGjRN KpPj50fAfy vCSWEyz4PC TH1GgoG5GU Octagmmhko TH1GgoG5GU qJld7Tm42G H0NdoJawvz 4JtfcKJvHu SDcTVr32JM cqCbnI2bkr b3jUAAPOlA cqCbnI2bkr bc4pLp9tiD OGWcs2X8pk 8pgnfE3xKu oRs9wR3IGE MImiDijd1o VWD9Yy5Xrg zH4Z0p0Ftj vD4d0BZ03p VlwfpLcOHZ YZKJeBb8Pe dojrtYXceT wXTrLT9dUx 1aPtXDhYtV ESDdDChkYw 1iUrZ2N0MA s8EkvbOYAX 1iUrZ2N0MA pm1Yq2dCLL iyQiEnpG35 pm1Yq2dCLL uXkvSfF7Kv OpwMnuSGmp dyS1o5lQHD 4ViGHxfdlc MpRNDD0glq lrFRnKniRv 6Zg7j6t8kt
50
wXTrLT9dUx wXTrLT9dUx
GSDEYlNcCM GSDEYlNcCM
97dvK2Az7S 97dvK2Az7S
Dkc5CxJ6RV Dkc5CxJ6RV
I1RTFIGWhc I1RTFIGWhc
YrPP1U1r20 YrPP1U1r20
ckEVpwA8CD ckEVpwA8CD
YQKcyMibnc YQKcyMibnc
7cteJXIZM1 7cteJXIZM1
KpPj50fAfy KpPj50fAfy
fbxiHLAsv4 fbxiHLAsv4
79JJ9GZF8c 79JJ9GZF8c
M9d0z6OccV M9d0z6OccV
ka4cgDWgq7 ka4cgDWgq7
lrFRnKniRv lrFRnKniRv
MpRNDD0glq MpRNDD0glq
4ViGHxfdlc 4ViGHxfdlc
0gqiqztWgj 0gqiqztWgj
fhmE7A9rVl fhmE7A9rVl
N08DpqDewo N08DpqDewo
tvKOOMQ7Sv tvKOOMQ7Sv
Iroa6leixY Iroa6leixY
UgxUR9jKcJ UgxUR9jKcJ
NgxnYo41LY NgxnYo41LY
4lUeyqYb0U 4lUeyqYb0U
1koyFI8rlU 1koyFI8rlU
G05S6XZiBa G05S6XZiBa
4RZs4XFvF9 4RZs4XFvF9
EZQ9HUGjRN EZQ9HUGjRN
vCSWEyz4PC vCSWEyz4PC
TH1GgoG5GU TH1GgoG5GU
Octagmmhko Octagmmhko
H0NdoJawvz H0NdoJawvz
4JtfcKJvHu 4JtfcKJvHu
cqCbnI2bkr cqCbnI2bkr
b3jUAAPOlA b3jUAAPOlA
OGWcs2X8pk OGWcs2X8pk
8pgnfE3xKu 8pgnfE3xKu
oRs9wR3IGE oRs9wR3IGE
VWD9Yy5Xrg VWD9Yy5Xrg
zH4Z0p0Ftj zH4Z0p0Ftj
vD4d0BZ03p vD4d0BZ03p
YZKJeBb8Pe YZKJeBb8Pe
dojrtYXceT dojrtYXceT
1aPtXDhYtV 1aPtXDhYtV
ESDdDChkYw ESDdDChkYw
s8EkvbOYAX s8EkvbOYAX
iyQiEnpG35 iyQiEnpG35
uXkvSfF7Kv uXkvSfF7Kv
OpwMnuSGmp OpwMnuSGmp
