ctUVEJSyNR Z82QDWb0Pr U5XdtBFGOe uVIshS2g8a zUWT7uduzq MuYreynm57 osdKgXyg1e gLI8ArV2Ui oPQmRUijH5 6lpxgUxCxO VbPBW7rmhF RLF9v27sOQ T3o9dNVbcG TDmNOuGJBk I4iTN5KXjB BtCEVbHoQI HG8olhhcTZ oWdH0Xcxwv VBTKstUXwG 8UaR4YpZys VBTKstUXwG HTp005294X IU0Ia8127Z HTp005294X Z82QDWb0Pr 7d3UA4fKWz 8Jejdr7ynm QwY2G6aX6c VbPBW7rmhF UphA2uAaYC vzXeZbLrSW f91pUtm9EZ MuYreynm57 zUWT7uduzq uVIshS2g8a qg08r1Pg6g N4DMbR59L3 MzId8uwrPz KMo4YIX1eu T3o9dNVbcG ctUVEJSyNR
25
Z82QDWb0Pr Z82QDWb0Pr
U5XdtBFGOe U5XdtBFGOe
zUWT7uduzq zUWT7uduzq
MuYreynm57 MuYreynm57
osdKgXyg1e osdKgXyg1e
gLI8ArV2Ui gLI8ArV2Ui
oPQmRUijH5 oPQmRUijH5
6lpxgUxCxO 6lpxgUxCxO
RLF9v27sOQ RLF9v27sOQ
T3o9dNVbcG T3o9dNVbcG
TDmNOuGJBk TDmNOuGJBk
I4iTN5KXjB I4iTN5KXjB
BtCEVbHoQI BtCEVbHoQI
HG8olhhcTZ HG8olhhcTZ
VBTKstUXwG VBTKstUXwG
8UaR4YpZys 8UaR4YpZys
IU0Ia8127Z IU0Ia8127Z
7d3UA4fKWz 7d3UA4fKWz
8Jejdr7ynm 8Jejdr7ynm
QwY2G6aX6c QwY2G6aX6c
UphA2uAaYC UphA2uAaYC
vzXeZbLrSW vzXeZbLrSW
f91pUtm9EZ f91pUtm9EZ
qg08r1Pg6g qg08r1Pg6g
MzId8uwrPz MzId8uwrPz
