1 x 1aA x 1aB 1aC 1aD x 1aF 1aG e 1aL 1aJ 1aL 1aK 1aL 1bI 1aN 1aQ e 1aR 1aT e 1aL 1aU 1aL 1aV 1aW l x 1aX x e 1aY e 1aZ 1aI 1bA 1bB 1bC 1bF 1bG 1aL 1bH x 1bI x l 1bK 1bL 1bM 5 x e 7 8 e x 9 A B x l C E G 1aI H I J K 1aI L N x e P 1bI Q R x S x T V x 1
49
1aA 1aA
1aB 1aB
1aC 1aC
1aD 1aD
1aF 1aF
1aG 1aG
1aJ 1aJ
1aK 1aK
1aL 1aL
1aN 1aN
1aQ 1aQ
1aR 1aR
1aT 1aT
1aU 1aU
1aV 1aV
1aW 1aW
1aX 1aX
1aY 1aY
1aZ 1aZ
1bA 1bA
1bB 1bB
1bC 1bC
1bF 1bF
1bG 1bG
1bH 1bH
1bI 1bI
1bK 1bK
1bL 1bL
1bM 1bM
5 5
7 7
8 8
9 9
A A
B B
C C
E E
G G
H H
I I
J J
K K
L L
N N
P P
Q Q
R R
S S
T T
