1 1eJ 1aP 1eJ 1aK 1eJ 1cD 1eJ K 1eJ 1bO 1eJ 1dS 1eJ 1aJ 1bK 1aJ 1cQ 1aJ 1eD 1aJ 1bQ 1aJ 1bX 1bB 1bX 1aJ 1aZ 1aJ 1cT 1aJ 1dW 1aJ 1cB 1aJ 1eE 1aJ 1cF 1aJ 1bL 1aJ 1eG 1aJ 1bW 1aJ 1dC 1aJ 1aE 1aJ 1eB 1aJ 1aI 1aJ 1bP 1aJ 1bU 1aJ 1bA 1aJ 1dH 1aJ 1aW 1aJ 1aA 1aJ 1dT 1aJ 1cK 1aJ 1dK 1aJ 1aM 1aJ 1eI 1aJ 1eJ 1aU 1eJ 1cI 1eJ 1bN 1eJ 1 1cV 1 1dA 1 1cH 1 1cZ 1 1cO 1 1cN 1 1eJ 1eX 1bE 1eX 1dM 1eX 1bJ 1eX 1cC 1eX 1
51
1eJ 1 1aL 1aN 1aR 1aS 1aV 1bD 1bF 1bH 1bR 1cR 1cY 1dD 1dE 1dF 1dG 1dJ 1dP 1eJ
1aA 1aA
1aJ 1aB 1aC 1aJ 1aQ 1aT 1aY 1bC 1bG 1bM 1bS 1bT 1bV 1bY 1cE 1cG 1cJ 1cP 1cS 1cU 1cW 1cX 1dI 1dN 1dO 1dR 1dV 1dY 1dZ 1eA 1eC 1eF 1eH
1aE 1aE
1aI 1aI
1aK 1aK
1aM 1aM
1aP 1aP
1aU 1aU
1aW 1aW
K 1aX
1aZ 1aZ
1bA 1bA
1bB 1bB
1bE 1bE
1bJ 1bJ
1bK 1bK
1bL 1bL
1bN 1bN
1bO 1bO
1bP 1bP
1bQ 1bQ
1bU 1bU
1bW 1bW
1bX 1bX
1cB 1cB
1cC 1cC
1cD 1cD
1cF 1cF
1cH 1cH
1cI 1cI
1cK 1cK
1cN 1cN
1cO 1cO
1cQ 1cQ
1cT 1cT
1cV 1cV
1cZ 1cZ
1dA 1dA
1dC 1dC
1dH 1dH
1dK 1dK
1dM 1dM
1dS 1dS
1dT 1dT
1dW 1dW
1eB 1eB
1eD 1eD
1eE 1eE
1eG 1eG
1eI 1eI
