5 95 72 87 46 28 6 10 22 10 78 30 75 0 60 18 17 19 92 81 16 45 86 34 77 1 38 42 51 4 51 47 16 27 89 88 52 10 78 83 61 85 98 53 62 60 5 13 88 44 92 81 88 82 47 42 38 69 43 95 58 36 58 95 76 96 4 39 59 60 5 24 5 0 75 40 84 6 91 14 9 11 35 43 67 93 42 38 97 38 42 17 64 59 55 15 90 95 17 74 99 1 38 23 14 72 95 5
50
87 87
46 46
6 6
22 22
30 30
75 75
18 18
92 92
45 45
34 34
1 1
4 4
47 47
27 27
52 52
78 78
85 85
98 98
53 53
62 62
60 60
13 13
44 44
81 81
88 88
82 82
42 42
69 69
95 95
36 36
76 76
39 39
24 24
0 0
40 40
84 84
91 91
11 11
43 43
67 67
93 93
97 97
64 64
55 55
15 15
74 74
99 99
23 23
14 14
5 5
