153 170 15 129 12 34 12 93 12 129 15 170 113 58 50 156 192 5 53 145 53 27 68 118 169 35 177 137 41 108 81 108 79 172 26 181 136 181 146 75 16 126 22 86 13 196 76 124 76 7 76 196 13 86 22 126 16 75 182 75 146 181 26 11 168 150 134 150 168 89 20 89 152 89 74 89 168 11 26 172 79 108 41 91 19 186 52 179 52 186 83 92 171 92 83 186 19 91 41 137 177 35 90 2 98 88 98 3 98 122 98 147 189 78 189 8 189 147 98 2 160 127 160 37 160 2 90 40 90 35 169 118 68 27 53 5 192 156 50 58 99 58 47 21 184 21 161 60 112 60 0 139 43 139 0 195 80 140 80 39 70 180 197 180 70 39 80 195 0 60 161 21 47 120 36 188 183 15 153
54
168 168 11
127 127 160
192 29 192 5
150 150
34 12 34
81 119 81
140 140 195
13 196 13
145 145 178 95 53 77
126 126
68 118 68
2 2 90 56 23 187
50 58 96 128 50
15 15 129
172 26 172 79
124 124
86 86 4
170 113 170
21 21 47 161
3 3
197 197 70 180
182 182
89 89 49 167
37 37
112 112 60
78 163
16 16
98 98
153 153
75 135 194 146
156 156
179 52 179
8 8
43 61 138 131 0 43
188 188 120 36
137 137 41 177
40 40
93 93
189 42 147
122 122
184 184
7 7
99 99
88 88
19 19
35 35 169
74 74
136 136
152 152 28
108 108
134 134
92 83
20 20
171 171
