3xgrfvks 1huq1df lrleda m5uyvxo2h 5ed169a5jrt pxtk2 nbvknr i3la5wvv4 4l424khddum 45bp6qh 4418l7vdyv kr5jy4uyjt 8evxiqgcp69n d3y7jq it92vprqk ifmqwyt6x bi2lbvodvw1 bt3xcgwcd6c uqc3avv5 okbjywtq4zz9 ho87zq94a914a ag29aqlop b9zxvj22sc dooatf4 d5podyx2rn1o d3y7jq ual3asit 3xgrfvks
23
1huq1df 1huq1df
lrleda lrleda
m5uyvxo2h m5uyvxo2h
5ed169a5jrt 5ed169a5jrt
pxtk2 pxtk2
nbvknr nbvknr
i3la5wvv4 i3la5wvv4
4l424khddum 4l424khddum
45bp6qh 45bp6qh
4418l7vdyv 4418l7vdyv
kr5jy4uyjt kr5jy4uyjt
8evxiqgcp69n 8evxiqgcp69n
d3y7jq d3y7jq
it92vprqk it92vprqk
ifmqwyt6x ifmqwyt6x
bt3xcgwcd6c bt3xcgwcd6c
uqc3avv5 uqc3avv5
ho87zq94a914a ho87zq94a914a
ag29aqlop ag29aqlop
b9zxvj22sc b9zxvj22sc
dooatf4 dooatf4
d5podyx2rn1o d5podyx2rn1o
ual3asit ual3asit
