htb26qt qvfndvc yhvc7zg iffsi zxcqho2rbjlhmy8 zou7sx9w pxudbw3kn wqkqf xpxnortd tjwldi 96nf5ma txlltgki ml5lp1nmef ozag34bm9 ht1efrhmh l8yypbh 9lvbrlgk p9mtts gxy4oc4 ushjdkdhm9 5612qqmh g2g6fxcwr2l 9sp3riwrk66 yhp7wbv9 zjh83ae y3eg7gqq6 z4kx8k9 ml5lp1nmef 5stwoup ml5lp1nmef nd9xavj ben42py9 7hz6j8 cou34kvbi itrx5fucdq cou34kvbi og6n7bgq8h nm7ud og6n7bgq8h 6k7du ilaz9q yg6hizqty 5b63nad1 pmyqr c9c2oc6rv 6u4sf1gi 6a87gkworxixf 7pbkkbbpw 4nwqnlye ynuam4f8 4nwqnlye wepv6d1ee9 4ka6l1c8w 4lvyha1 tu8xxomxhi 9oii82xaa 4ka6l1c8w 812l47wm q42s9z886w5 euhqqqmdpe 3881femiv8 s9vu9xx884 dlkmpx s9vu9xx884 hwu8dv9jgknbm 3kxd1h pt2n7hl wqkqf ht1efrhmh l8yypbh 1jhmm8m85 9tdu9g gd5ct4 4w6uhigzl kxhc6t8tu sdmvxrmgbm aplkk57cpzm q42s9z886w5 mw8g2qjo1 kuxb29 kwtb3cg kuxb29 ysiw8m4l 5612qqmh i6lsw66h lnnsb9 9egqgrh7x4e hjrkpj3ea mucolb1r f92ere3 e7lxs pt2n7hl vrem3ey3kg44 479y34 zjh83ae 8m3pascg s9vu9xx884 52a3fj2zh zhyb5y fej54ps5j eb3m8w2lan obabms pe165 3khitn6 h1gz5hzz b4mzy7ptg vl6czuab zou7sx9w ay5sahonq84 qsf54c6a1s23 uzsjpl5f5 wepv6d1ee9 ic2r4blmm9 tfiihyy dt4ljfgjkizpq ozag34bm9 x73l73jp 9lvbrlgk k3qywmpr wqkqf q42s9z886w5 pxudbw3kn art44ncra ynuam4f8 1161ildqnj p5ujl2azex yr44oj2 yx6dguko zjj1dm8s f92ere3 eb88zd8x pwqxinlzb3s ligw3mffc grn3uqx9y zjj1dm8s s9vu9xx884 8m3pascg hc2hf5t8 188h5ax 1ca2x2cnc mw8g2qjo1 8jea4n4ez 52a3fj2zh 87jxa 4w6uhigzl vqthskq ilaz9q vqthskq 37v6d hyc885fvjls pt2n7hl hq5mh8mi pt2n7hl piawzpgtzz9 kxhc6t8tu 8gc7dka8lfy 29vqtk3x a5u8g4sej 52oycn21v t4iedm 3uf452o6g 59yzvtv htb26qt
83
yhvc7zg yhvc7zg
iffsi iffsi
zou7sx9w zou7sx9w
wqkqf wqkqf
tjwldi tjwldi
txlltgki txlltgki
ozag34bm9 ozag34bm9
l8yypbh l8yypbh
9lvbrlgk 9lvbrlgk
p9mtts p9mtts
ushjdkdhm9 ushjdkdhm9
g2g6fxcwr2l g2g6fxcwr2l
yhp7wbv9 yhp7wbv9
y3eg7gqq6 y3eg7gqq6
5stwoup 5stwoup
nd9xavj nd9xavj
7hz6j8 7hz6j8
itrx5fucdq itrx5fucdq
og6n7bgq8h og6n7bgq8h
nm7ud nm7ud
6k7du 6k7du
yg6hizqty yg6hizqty
pmyqr pmyqr
6u4sf1gi 6u4sf1gi
7pbkkbbpw 7pbkkbbpw
ynuam4f8 ynuam4f8
4ka6l1c8w 4ka6l1c8w
tu8xxomxhi tu8xxomxhi
9oii82xaa 9oii82xaa
812l47wm 812l47wm
euhqqqmdpe euhqqqmdpe
dlkmpx dlkmpx
hwu8dv9jgknbm hwu8dv9jgknbm
pt2n7hl pt2n7hl
ht1efrhmh ht1efrhmh
1jhmm8m85 1jhmm8m85
gd5ct4 gd5ct4
kxhc6t8tu kxhc6t8tu
aplkk57cpzm aplkk57cpzm
mw8g2qjo1 mw8g2qjo1
kwtb3cg kwtb3cg
ysiw8m4l ysiw8m4l
i6lsw66h i6lsw66h
9egqgrh7x4e 9egqgrh7x4e
mucolb1r mucolb1r
e7lxs e7lxs
vrem3ey3kg44 vrem3ey3kg44
zjh83ae zjh83ae
8m3pascg 8m3pascg
52a3fj2zh 52a3fj2zh
fej54ps5j fej54ps5j
obabms obabms
3khitn6 3khitn6
h1gz5hzz h1gz5hzz
vl6czuab vl6czuab
ay5sahonq84 ay5sahonq84
uzsjpl5f5 uzsjpl5f5
ic2r4blmm9 ic2r4blmm9
dt4ljfgjkizpq dt4ljfgjkizpq
x73l73jp x73l73jp
k3qywmpr k3qywmpr
q42s9z886w5 q42s9z886w5
art44ncra art44ncra
1161ildqnj 1161ildqnj
yr44oj2 yr44oj2
yx6dguko yx6dguko
f92ere3 f92ere3
pwqxinlzb3s pwqxinlzb3s
grn3uqx9y grn3uqx9y
s9vu9xx884 s9vu9xx884
hc2hf5t8 hc2hf5t8
1ca2x2cnc 1ca2x2cnc
8jea4n4ez 8jea4n4ez
87jxa 87jxa
4w6uhigzl 4w6uhigzl
ilaz9q ilaz9q
37v6d 37v6d
hyc885fvjls hyc885fvjls
hq5mh8mi hq5mh8mi
piawzpgtzz9 piawzpgtzz9
8gc7dka8lfy 8gc7dka8lfy
a5u8g4sej a5u8g4sej
t4iedm t4iedm
