y1ueyuwp 3hlob94j5u 7og7qr4t86 8cfvpx26xwcwt u4xzrfm7f svhmnjst1e kab7t8o7qjj 9956fi umnww3 4cddmu86gmo 38s4jyp4eu uus7jirbe jjeivv4j55 q847myi 8eg2mee yik8cqxn2 2y9obuu swoprer j2pso94 kc3zwg52 f3vyq53xc yida2btlrgcd2it ehy39 t9q1ztn8723 kch7lui7 31raz5hp9v vnsdusp b7of9a fhrrge eq5c5ygub w4qoh15 rkd38ui5s4 8erlfq ywksl5wd mqt67y9n xllfi9b bmicm4au p53u2x9bku99j ywksl5wd 95nsenz6 quxig9xz2 6u33i 2bwd2j l12pu jjeivv4j55 vehkyi71w g7pgjjh6 my85gnmouy g7pgjjh6 y1ueyuwp
43
3hlob94j5u 3hlob94j5u
7og7qr4t86 7og7qr4t86
8cfvpx26xwcwt 8cfvpx26xwcwt
u4xzrfm7f u4xzrfm7f
svhmnjst1e svhmnjst1e
kab7t8o7qjj kab7t8o7qjj
9956fi 9956fi
umnww3 umnww3
4cddmu86gmo 4cddmu86gmo
38s4jyp4eu 38s4jyp4eu
uus7jirbe uus7jirbe
jjeivv4j55 jjeivv4j55
q847myi q847myi
8eg2mee 8eg2mee
yik8cqxn2 yik8cqxn2
2y9obuu 2y9obuu
swoprer swoprer
j2pso94 j2pso94
kc3zwg52 kc3zwg52
f3vyq53xc f3vyq53xc
yida2btlrgcd2it yida2btlrgcd2it
ehy39 ehy39
t9q1ztn8723 t9q1ztn8723
kch7lui7 kch7lui7
31raz5hp9v 31raz5hp9v
vnsdusp vnsdusp
fhrrge fhrrge
eq5c5ygub eq5c5ygub
w4qoh15 w4qoh15
rkd38ui5s4 rkd38ui5s4
8erlfq 8erlfq
ywksl5wd ywksl5wd
mqt67y9n mqt67y9n
xllfi9b xllfi9b
bmicm4au bmicm4au
p53u2x9bku99j p53u2x9bku99j
95nsenz6 95nsenz6
quxig9xz2 quxig9xz2
6u33i 6u33i
2bwd2j 2bwd2j
l12pu l12pu
vehkyi71w vehkyi71w
my85gnmouy my85gnmouy
