index97 index1 index39 index15 index3 index11 index49 index79 index84 index23 index27 index32 index35 index98 index38 index42 index16 index52 index16 index70 index29 index43 index70 index59 index83 index2 index94 index76 index25 index6 index41 index14 index0 index53 index24 index13 index72 index58 index9 index8 index48 index26 index57 index60 index96 index31 index48 index78 index22 index91 index71 index10 index85 index44 index7 index33 index73 index68 index51 index63 index50 index97
24
index0 index0
index3 index1 index3 index11 index15 index39 index51 index63 index97
index32 index2 index32 index38 index76 index94
index41 index6 index25 index41
index7 index7
index8 index8 index26 index48 index78
index22 index9 index22
index10 index10
index14 index13 index14
index27 index23 index27
index24 index24
index43 index29 index43
index31 index31
index73 index33 index73
index35 index35
index16 index42 index59 index70
index44 index44
index79 index49 index79
index52 index52
index60 index57 index60
index58 index58 index72
index68 index68
index85 index85
index91 index91
