index155 index193 index44 index14 index142 index124 index198 index22 index86 index53 index133 index107 index133 index39 index157 index21 index6 index63 index49 index167 index109 index23 index109 index167 index158 index92 index58 index118 index11 index88 index152 index114 index18 index121 index57 index15 index57 index121 index18 index114 index95 index186 index134 index10 index146 index89 index117 index89 index146 index10 index134 index186 index95 index169 index42 index169 index95 index114 index152 index88 index11 index118 index115 index130 index96 index130 index26 index170 index81 index170 index25 index37 index174 index37 index196 index168 index143 index168 index196 index62 index30 index62 index196 index37 index174 index24 index69 index91 index165 index91 index69 index24 index174 index37 index25 index170 index26 index130 index115 index118 index58 index92 index158 index167 index49 index63 index102 index172 index102 index108 index5 index32 index181 index32 index199 index112 index171 index9 index190 index19 index190 index120 index116 index120 index190 index9 index131 index99 index131 index20 index145 index106 index56 index55 index56 index156 index100 index156 index56 index106 index145 index20 index131 index9 index171 index112 index199 index32 index5 index108 index102 index63 index6 index21 index157 index39 index133 index107 index76 index113 index3 index110 index3 index27 index97 index27 index3 index113 index76 index107 index133 index53 index86 index22 index198 index124 index142 index14 index67 index164 index17 index61 index150 index61 index17 index164 index4 index126 index4 index164 index67 index14 index87 index141 index128 index142 index155
54
index110 index3 index110
index4 index4
index181 index5 index32 index66 index144
index49 index6 index49 index63 index167
index19 index9 index19 index190
index134 index10 index40 index50 index83 index134 index186
index11 index11 index90
index124 index14 index124 index142
index15 index15
index17 index17 index67 index164
index18 index18
index145 index20
index157 index21 index157
index198 index22 index52 index198
index23 index23
index174 index24 index174
index25 index25
index96 index26 index96 index130
index97 index27 index97 index125
index30 index30 index47 index62
index117 index31 index89
index37 index37
index39 index39
index42 index42
index193 index44
index55 index55
index56 index56 index106
index57 index57
index58 index58
index118 index60 index115 index118
index91 index69
index81 index81 index137 index170
index133 index86 index133
index128 index87 index128 index141
index88 index88
index92 index92 index158 index159
index95 index95 index169
index99 index99 index131
index100 index100 index129 index156
index107 index107
index172 index108 index172
index109 index109
index112 index112 index199
index113 index113
index114 index114
index116 index116
index121 index121
index126 index126
index143 index143
index150 index150
index152 index152
index155 index155
index165 index165
index168 index196
