ZfI6StUliqd8YxBr0zVp uYmver98TgwbkIsM8XgU cC9SZGtAtirSBnbvLWzt QGzcn6XPemZ0IhmCJCmq Z6746tUNXH05XsKVq5bc WEpQsV1SPLNjRDFxWGJw Fa64KRccvM4rqOgxBKtu YzWX8RqUW0YPFsebUKYP gj1PIUxoUprs5rKMLNpv BFat56YSkekx77JCOMI4 QUmdpeJNwq8Od3rclrVL Af4sQnaDf5G2yrOfmk45 SI1jqone3x4IZwZ6qVW6 Hxhi6IYOb3B8uxHbGYVt 98jc4TOf5CFD5ooRLXKs QBaUzVWA62rnfcsnEShZ zs8puphf0SbuOBS6XpM9 gGXF4imn3IOLlYGD81XA 5JVto9dbOz4Lu3AeAOZD RnnCc8OgQLqPe5HvvbS3 ip0vmcqzxYgrY2Mc3Bu9 UoiNiYnewh16WNDFqvYW Z38PT2VWeDoNiuh4rc0v ZBTm8fkarNXg3vLUAnt8 SI1jqone3x4IZwZ6qVW6 mMagcNSN7U8s7oy3e0j4 oeCop1Abe4Jnm8NehklA Uyd9f29pyEdBbjOVo8bB gX6xMy6pWnenI68kwgcu ZfI6StUliqd8YxBr0zVp
25
ZfI6StUliqd8YxBr0zVp ZfI6StUliqd8YxBr0zVp
uYmver98TgwbkIsM8XgU uYmver98TgwbkIsM8XgU
cC9SZGtAtirSBnbvLWzt cC9SZGtAtirSBnbvLWzt
QGzcn6XPemZ0IhmCJCmq QGzcn6XPemZ0IhmCJCmq
Z6746tUNXH05XsKVq5bc Z6746tUNXH05XsKVq5bc
WEpQsV1SPLNjRDFxWGJw WEpQsV1SPLNjRDFxWGJw
Fa64KRccvM4rqOgxBKtu Fa64KRccvM4rqOgxBKtu
YzWX8RqUW0YPFsebUKYP YzWX8RqUW0YPFsebUKYP
gj1PIUxoUprs5rKMLNpv gj1PIUxoUprs5rKMLNpv
BFat56YSkekx77JCOMI4 BFat56YSkekx77JCOMI4
QUmdpeJNwq8Od3rclrVL QUmdpeJNwq8Od3rclrVL
Af4sQnaDf5G2yrOfmk45 Af4sQnaDf5G2yrOfmk45
SI1jqone3x4IZwZ6qVW6 SI1jqone3x4IZwZ6qVW6
Hxhi6IYOb3B8uxHbGYVt Hxhi6IYOb3B8uxHbGYVt
98jc4TOf5CFD5ooRLXKs 98jc4TOf5CFD5ooRLXKs
QBaUzVWA62rnfcsnEShZ QBaUzVWA62rnfcsnEShZ
zs8puphf0SbuOBS6XpM9 zs8puphf0SbuOBS6XpM9
gGXF4imn3IOLlYGD81XA gGXF4imn3IOLlYGD81XA
5JVto9dbOz4Lu3AeAOZD 5JVto9dbOz4Lu3AeAOZD
RnnCc8OgQLqPe5HvvbS3 RnnCc8OgQLqPe5HvvbS3
ip0vmcqzxYgrY2Mc3Bu9 ip0vmcqzxYgrY2Mc3Bu9
UoiNiYnewh16WNDFqvYW UoiNiYnewh16WNDFqvYW
ZBTm8fkarNXg3vLUAnt8 ZBTm8fkarNXg3vLUAnt8
mMagcNSN7U8s7oy3e0j4 mMagcNSN7U8s7oy3e0j4
gX6xMy6pWnenI68kwgcu gX6xMy6pWnenI68kwgcu
