hC71hIuyRaST3AiaSZqg Wf6tYlitgmZKoXfughsS UQEmoPmHSH2FlTDuXOEx Wf6tYlitgmZKoXfughsS hC71hIuyRaST3AiaSZqg YygsiZkXDS9oQ07w4psX hC71hIuyRaST3AiaSZqg cXmjc3Wu4kjM1IHGgfA5 hC71hIuyRaST3AiaSZqg YygsiZkXDS9oQ07w4psX iS3QMNvYa0RbuZKbJowP OAcbYkMyAi1Iu0vWaaFc 5doygtE58PVlrfBbaaxD nOsoIFzZBhdd6bjP45Ba Z2YJKymsE6JEohxl2CgC 2TderjwrXrNV2UBZ77eD LI8fhHKJlh7mQx1nNK0m IWOalMs6IXX5Ln6F9Eov 2QgUKFj4HV0dn5Ia55tj QYsTJmc2IUi36H1YK47s Tgouk8HApNFShyYjQedR Dv6lwBgjbbZceuQXFzFf Tgouk8HApNFShyYjQedR D3gODzQIzHZRe5A487BX g5fwwkfUKem4JdibLkXM PFAHK1LPbENiUm01N8B0 xtgYSd34f56WAH3CCBpW 8X2kWfVN7ACYeLRlwU5k t9sTQNaMU9o2HF5pm7xT 8X2kWfVN7ACYeLRlwU5k xtgYSd34f56WAH3CCBpW IC3wlDskAWyf0o1M61kl tb41LamjPxrSZBTCVL4N b9q1t3OMZ6dXE5R6ca5w vXrEXAmThLoQVXFImZcg 7DZfG4yobV0xCcSaxf27 5E8wNso5HkheqEVi0Uhr 6jnt0RQvUBeXBhrLOwzh EnQuMk7pVZUnmn2BboBv 6jnt0RQvUBeXBhrLOwzh EfhuR5UGBxqkoqdQBn2E 4MuL6AbQo2ozZ4x7psrd 1wSeohNTb1oCspxe2x4j MCc3yEIO8tXzzu5ZknlT kuIwHVHn49UEM4TprHKr MCc3yEIO8tXzzu5ZknlT 1wSeohNTb1oCspxe2x4j 4MuL6AbQo2ozZ4x7psrd KqTw626stjcdChciHrJ6 OLGSBuAPLZmdhTN6ApoS 8w6JkwNghwwfzVWZlMG6 1uTE034Q24DWmybWBbX4 RNtZ6m1O9hQj2ovJiJE3 JuSdCG8HSUzwufkmRvTN PqB0lgs9Brze4wJGQzAM JuSdCG8HSUzwufkmRvTN 8IUV6HBSYn47shRwVW5F fxnnXXAtldMGBgqECnVx 8IUV6HBSYn47shRwVW5F JuSdCG8HSUzwufkmRvTN RNtZ6m1O9hQj2ovJiJE3 1uTE034Q24DWmybWBbX4 8w6JkwNghwwfzVWZlMG6 OLGSBuAPLZmdhTN6ApoS KqTw626stjcdChciHrJ6 WgneGAZv4qtDq8Q5DYZf NWAZrSnr0i1Dj5TA6dLc fuNQ8Sfy86k6zaBQjwEz NWAZrSnr0i1Dj5TA6dLc 24YcTAlCtPoNC11H3BAQ jLS4UljOCe6h8LwAOGRX 24YcTAlCtPoNC11H3BAQ NWAZrSnr0i1Dj5TA6dLc WgneGAZv4qtDq8Q5DYZf KqTw626stjcdChciHrJ6 4MuL6AbQo2ozZ4x7psrd EfhuR5UGBxqkoqdQBn2E 6jnt0RQvUBeXBhrLOwzh EnQuMk7pVZUnmn2BboBv g6Fit1BcwBIbAAJnBKGn OBEPyJuvhH0Z9VoT2UNC h52UeNen88U7Y4iFuOF7 z0rRwRZbA1TaaAgS8PYu h52UeNen88U7Y4iFuOF7 OBEPyJuvhH0Z9VoT2UNC g6Fit1BcwBIbAAJnBKGn EnQuMk7pVZUnmn2BboBv 6jnt0RQvUBeXBhrLOwzh 5E8wNso5HkheqEVi0Uhr 7DZfG4yobV0xCcSaxf27 vXrEXAmThLoQVXFImZcg b9q1t3OMZ6dXE5R6ca5w tb41LamjPxrSZBTCVL4N IC3wlDskAWyf0o1M61kl xtgYSd34f56WAH3CCBpW PFAHK1LPbENiUm01N8B0 g5fwwkfUKem4JdibLkXM D3gODzQIzHZRe5A487BX Tgouk8HApNFShyYjQedR Mufarp9xGx29xj0P1ijS lVjpvSHc5hBrS7dzTmI1 Mufarp9xGx29xj0P1ijS Tgouk8HApNFShyYjQedR QYsTJmc2IUi36H1YK47s 2QgUKFj4HV0dn5Ia55tj IWOalMs6IXX5Ln6F9Eov LI8fhHKJlh7mQx1nNK0m 2TderjwrXrNV2UBZ77eD Z2YJKymsE6JEohxl2CgC nOsoIFzZBhdd6bjP45Ba 5doygtE58PVlrfBbaaxD ZUt08qPkISJA3VT4fdsK VkEnPX1CQCoh4CxlXSlf kITtdSORrLGuHqAl2YGb EEWjQ3rZ3GM9oucA2vc5 qyWH5Ui5kFJGpXM7i2RZ P6PcaiimLTne6w5m7SJi qyWH5Ui5kFJGpXM7i2RZ EEWjQ3rZ3GM9oucA2vc5 kITtdSORrLGuHqAl2YGb VkEnPX1CQCoh4CxlXSlf ZUt08qPkISJA3VT4fdsK oq1GulTWdKtwAlNIQxnY 2dfprAgHp3T6RrgooKgP uJlmjikTUoEO48jGpFMW TrUW9m3qjkTMvqHNRot0 zbsjvfwSdNExCnTFLo8x 4wWd3kvalFkda9M583i7 btiXecpJBKmrIHtQ7jPA 4wWd3kvalFkda9M583i7 zbsjvfwSdNExCnTFLo8x TrUW9m3qjkTMvqHNRot0 uJlmjikTUoEO48jGpFMW 2dfprAgHp3T6RrgooKgP Mi1upMhcgP7iV16OWKN5 2dfprAgHp3T6RrgooKgP x81SdeDfzbsk8wgCHcJT CgUyoeVDFzkf0g6EiF8w x81SdeDfzbsk8wgCHcJT eULKHiriYHElwEbrQo2X NjrNYv2s9TjuFmdhy6vq aGWdv30UuUFiszMErlJF jGNThQH3U9Qqi91Eop7X 61VEe5QpRdEG1AHTZmSn jGNThQH3U9Qqi91Eop7X rW1b1NT9NaRlIIxoT8XF ddzqPXECnHQT4a4RIpSF rW1b1NT9NaRlIIxoT8XF W5rNQea9NsCafaUbLgWC C5aQkckiWq5qVUhbiI57 nmwnnNlPCMIjajSEo2R3 63EFNMvLteBrV7Lj9nA4 dsEyS8WvuzfBZPrbbzZx RDnAjQbgrCahBSBieO1p 6KcltWtleWJ6izN3XL0F wqyhoOJuJuNfuZ1c9ZhU EqrhH8oFQmMRN10foGjV wqyhoOJuJuNfuZ1c9ZhU 6KcltWtleWJ6izN3XL0F RDnAjQbgrCahBSBieO1p dsEyS8WvuzfBZPrbbzZx 63EFNMvLteBrV7Lj9nA4 nmwnnNlPCMIjajSEo2R3 laRDyozSdXcFtmdQ5VqD nmwnnNlPCMIjajSEo2R3 C5aQkckiWq5qVUhbiI57 oakCd1HozhO35GtImcF2 RSJQdRAK7H6zYHVeXyPj oakCd1HozhO35GtImcF2 C5aQkckiWq5qVUhbiI57 W5rNQea9NsCafaUbLgWC rW1b1NT9NaRlIIxoT8XF jGNThQH3U9Qqi91Eop7X aGWdv30UuUFiszMErlJF nP45x6vSjSYCI8DDOBiZ bw0K7NVh1sgqlnescYkX nP45x6vSjSYCI8DDOBiZ aGWdv30UuUFiszMErlJF NjrNYv2s9TjuFmdhy6vq eULKHiriYHElwEbrQo2X x81SdeDfzbsk8wgCHcJT 468JV90VoJDfHRf7bwGC NqvNOj5h3GSbJm5NawjL 468JV90VoJDfHRf7bwGC x81SdeDfzbsk8wgCHcJT 2dfprAgHp3T6RrgooKgP nnG2z19YXqYOoAxMQkFV 72cxNTZ1Tw5teVGiR2xj iS3QMNvYa0RbuZKbJowP YygsiZkXDS9oQ07w4psX hC71hIuyRaST3AiaSZqg
58
bw0K7NVh1sgqlnescYkX bw0K7NVh1sgqlnescYkX
Mi1upMhcgP7iV16OWKN5 3MmCPAjYheu6g9TkIxDm NXZByMrsstrrXRLxVcyg Mi1upMhcgP7iV16OWKN5 gZiMcGUkLd8qaWleLH1T qsbRHSDlSHG3Ep5gugbq
IWOalMs6IXX5Ln6F9Eov IWOalMs6IXX5Ln6F9Eov 2TderjwrXrNV2UBZ77eD yMXdJdorJpzOHHt9uIfg LI8fhHKJlh7mQx1nNK0m
nmwnnNlPCMIjajSEo2R3 2YL9dYowMkTTxjU0fVal nmwnnNlPCMIjajSEo2R3
C5aQkckiWq5qVUhbiI57 R22TNV5lr1tmI44FcHvv W5rNQea9NsCafaUbLgWC oakCd1HozhO35GtImcF2 C5aQkckiWq5qVUhbiI57 yXrak2UUHdgFCsCWvgfp
PqB0lgs9Brze4wJGQzAM JuSdCG8HSUzwufkmRvTN FE29I03FH1qEyEvIQNGT
fuNQ8Sfy86k6zaBQjwEz fuNQ8Sfy86k6zaBQjwEz
63EFNMvLteBrV7Lj9nA4 63EFNMvLteBrV7Lj9nA4 dsEyS8WvuzfBZPrbbzZx
laRDyozSdXcFtmdQ5VqD laRDyozSdXcFtmdQ5VqD
EqrhH8oFQmMRN10foGjV EqrhH8oFQmMRN10foGjV
wqyhoOJuJuNfuZ1c9ZhU wqyhoOJuJuNfuZ1c9ZhU 6KcltWtleWJ6izN3XL0F
xtgYSd34f56WAH3CCBpW xtgYSd34f56WAH3CCBpW
RDnAjQbgrCahBSBieO1p RDnAjQbgrCahBSBieO1p
IC3wlDskAWyf0o1M61kl IC3wlDskAWyf0o1M61kl
g5fwwkfUKem4JdibLkXM g5fwwkfUKem4JdibLkXM
ddzqPXECnHQT4a4RIpSF ddzqPXECnHQT4a4RIpSF rW1b1NT9NaRlIIxoT8XF
RSJQdRAK7H6zYHVeXyPj RSJQdRAK7H6zYHVeXyPj
YygsiZkXDS9oQ07w4psX YygsiZkXDS9oQ07w4psX v0QCMKnmfkXllH4nQHen
61VEe5QpRdEG1AHTZmSn 61VEe5QpRdEG1AHTZmSn
fxnnXXAtldMGBgqECnVx 8IUV6HBSYn47shRwVW5F DmIjX4adnoqSEDmx2f39 1ae7bJScGomdGEdgag5b mkGdh9qd7uj9x5W3Koxj
zbsjvfwSdNExCnTFLo8x zbsjvfwSdNExCnTFLo8x TrUW9m3qjkTMvqHNRot0
WgneGAZv4qtDq8Q5DYZf WgneGAZv4qtDq8Q5DYZf
OAcbYkMyAi1Iu0vWaaFc OAcbYkMyAi1Iu0vWaaFc
nOsoIFzZBhdd6bjP45Ba nOsoIFzZBhdd6bjP45Ba 5doygtE58PVlrfBbaaxD Z2YJKymsE6JEohxl2CgC
jLS4UljOCe6h8LwAOGRX jLS4UljOCe6h8LwAOGRX
EnQuMk7pVZUnmn2BboBv 6jnt0RQvUBeXBhrLOwzh 1Oc2bGjHzXrMLiYLik5Z QHOT9LWV0s6xVVreglDh g6Fit1BcwBIbAAJnBKGn
P6PcaiimLTne6w5m7SJi ymIUUgCvgB7r5le0Mh11 P6PcaiimLTne6w5m7SJi
1wSeohNTb1oCspxe2x4j 1wSeohNTb1oCspxe2x4j 4MuL6AbQo2ozZ4x7psrd
uJlmjikTUoEO48jGpFMW oq1GulTWdKtwAlNIQxnY 2dfprAgHp3T6RrgooKgP
EfhuR5UGBxqkoqdQBn2E fzCA3w8Mu664WC0yRZb5
4wWd3kvalFkda9M583i7 4wWd3kvalFkda9M583i7
qyWH5Ui5kFJGpXM7i2RZ qyWH5Ui5kFJGpXM7i2RZ
NqvNOj5h3GSbJm5NawjL NqvNOj5h3GSbJm5NawjL l5OFQGDhW1xJJ8ERuglz 468JV90VoJDfHRf7bwGC
EEWjQ3rZ3GM9oucA2vc5 EEWjQ3rZ3GM9oucA2vc5
cXmjc3Wu4kjM1IHGgfA5 COVfDobG5VcfcSxLDUch cXmjc3Wu4kjM1IHGgfA5
NjrNYv2s9TjuFmdhy6vq aGWdv30UuUFiszMErlJF eULKHiriYHElwEbrQo2X
Tgouk8HApNFShyYjQedR sCcEFmBkhTop4sycKzuM Tgouk8HApNFShyYjQedR Mufarp9xGx29xj0P1ijS
KqTw626stjcdChciHrJ6 KqTw626stjcdChciHrJ6
8w6JkwNghwwfzVWZlMG6 8w6JkwNghwwfzVWZlMG6
CgUyoeVDFzkf0g6EiF8w CgUyoeVDFzkf0g6EiF8w x81SdeDfzbsk8wgCHcJT
btiXecpJBKmrIHtQ7jPA btiXecpJBKmrIHtQ7jPA
NWAZrSnr0i1Dj5TA6dLc NWAZrSnr0i1Dj5TA6dLc 24YcTAlCtPoNC11H3BAQ
kuIwHVHn49UEM4TprHKr kuIwHVHn49UEM4TprHKr
72cxNTZ1Tw5teVGiR2xj nnG2z19YXqYOoAxMQkFV 72cxNTZ1Tw5teVGiR2xj
lVjpvSHc5hBrS7dzTmI1 lVjpvSHc5hBrS7dzTmI1
1uTE034Q24DWmybWBbX4 RNtZ6m1O9hQj2ovJiJE3 1uTE034Q24DWmybWBbX4
z0rRwRZbA1TaaAgS8PYu z0rRwRZbA1TaaAgS8PYu OBEPyJuvhH0Z9VoT2UNC
kITtdSORrLGuHqAl2YGb VkEnPX1CQCoh4CxlXSlf
Wf6tYlitgmZKoXfughsS Ca5sYccbD9TUz7JLHrcf Wf6tYlitgmZKoXfughsS
2QgUKFj4HV0dn5Ia55tj 2QgUKFj4HV0dn5Ia55tj
OLGSBuAPLZmdhTN6ApoS OLGSBuAPLZmdhTN6ApoS
tb41LamjPxrSZBTCVL4N b9q1t3OMZ6dXE5R6ca5w
vXrEXAmThLoQVXFImZcg 7DZfG4yobV0xCcSaxf27 vXrEXAmThLoQVXFImZcg
t9sTQNaMU9o2HF5pm7xT t9sTQNaMU9o2HF5pm7xT
QYsTJmc2IUi36H1YK47s QYsTJmc2IUi36H1YK47s
UQEmoPmHSH2FlTDuXOEx UQEmoPmHSH2FlTDuXOEx
PFAHK1LPbENiUm01N8B0 PFAHK1LPbENiUm01N8B0
Dv6lwBgjbbZceuQXFzFf Dv6lwBgjbbZceuQXFzFf
