M2S9flVUcYP2sJdh8LXf sH3pvLOfMUrEGUrmsHCu tuE7UekaxGUib4idWtYa 93aDiM8K0XhtiVcCVKi2 vodEvdIApqt0N3TZsbxN cdaizmjQrCe5Vnwy3JQF tVhIJJgs0kEFaQx1hdWm Jjat3uJ5XboI9kZe0522 L8bxdxuDa5issn2PiN3u yZPIHwySFuIdRJCMzjnz L8bxdxuDa5issn2PiN3u Jjat3uJ5XboI9kZe0522 Dc1wEVV3kuOZotG6pNlL Dt5YfbjQq6VoKnyw6Zav m1IYiQsUBuvvpTv7yWXO Dt5YfbjQq6VoKnyw6Zav Dc1wEVV3kuOZotG6pNlL LNMZej67uy0Whvqp5OR1 Dc1wEVV3kuOZotG6pNlL k7k4sHxeh1pR4sOjcVuj Dc1wEVV3kuOZotG6pNlL ag5vZ07KPwCr1Lpz8zM0 fmFrd4vggNac5TkiFJAd Z8MZ2JfftjeVVnGFSOQe fmFrd4vggNac5TkiFJAd XmlH4l2BXG35TF70bZqZ NMTjl1jsvrb7y2ggdCSc XmlH4l2BXG35TF70bZqZ fmFrd4vggNac5TkiFJAd ag5vZ07KPwCr1Lpz8zM0 Dc1wEVV3kuOZotG6pNlL Dt5YfbjQq6VoKnyw6Zav JajH9BPb1gw5kQ2oTRnP dOKaHsIcDX32wPXAX2Gt yHMPX8vHctuUweyLluyz 5gumrx48u1yPpF6ivPOI yHMPX8vHctuUweyLluyz oWxP87H6AXwFzF0dpB9d 4bQwji0D4wyEDLd54MWv 9GrchmlNCDIapQ9OnEYh 4bQwji0D4wyEDLd54MWv 8KfYYXeMqM0D4nShLOzi v0QJIKD4q7sFXrzFSb6J 8KfYYXeMqM0D4nShLOzi tUowOUG1V7iCXBCMR0AT 8KfYYXeMqM0D4nShLOzi 4bQwji0D4wyEDLd54MWv oWxP87H6AXwFzF0dpB9d yHMPX8vHctuUweyLluyz dOKaHsIcDX32wPXAX2Gt JajH9BPb1gw5kQ2oTRnP Dt5YfbjQq6VoKnyw6Zav Dc1wEVV3kuOZotG6pNlL Jjat3uJ5XboI9kZe0522 tVhIJJgs0kEFaQx1hdWm cdaizmjQrCe5Vnwy3JQF vodEvdIApqt0N3TZsbxN EtrZREkmL456viQQJ9Rb S8uMGvUglWyhnfV5Wzdp dKH5OdpmJKCU83bbXVxZ Kfu1pc3YPMGebW7Iu8ex dKH5OdpmJKCU83bbXVxZ 0uvEfLgT4s8ImTk9VWBt dKH5OdpmJKCU83bbXVxZ S8uMGvUglWyhnfV5Wzdp EtrZREkmL456viQQJ9Rb Pqf0Sn4UvsBLaxz7WO4n nbZglhhmYQAPQz4eETaj MtQDjkLToWj4d53MMhKG M2S9flVUcYP2sJdh8LXf
26
Dt5YfbjQq6VoKnyw6Zav Dt5YfbjQq6VoKnyw6Zav
dOKaHsIcDX32wPXAX2Gt Eu0wGcDBBrgvePzHfqrS ECCnzlgsMEvTYjNwAlfM yHMPX8vHctuUweyLluyz uy6RcQAYd3ATM1Icq3my zdtRVpQ9lVyEhNj9Evpp LxEzX08MG9T8knIYbul0 oWxP87H6AXwFzF0dpB9d dOKaHsIcDX32wPXAX2Gt
m1IYiQsUBuvvpTv7yWXO m1IYiQsUBuvvpTv7yWXO
M2S9flVUcYP2sJdh8LXf H59EihDjhfpS7ToXFM3L M2S9flVUcYP2sJdh8LXf
S8uMGvUglWyhnfV5Wzdp dKH5OdpmJKCU83bbXVxZ S8uMGvUglWyhnfV5Wzdp EtrZREkmL456viQQJ9Rb
tUowOUG1V7iCXBCMR0AT tUowOUG1V7iCXBCMR0AT
5gumrx48u1yPpF6ivPOI 5gumrx48u1yPpF6ivPOI gZVNRDm5p6aX5QEEX8UG vxiwkV1b5fV2sGCBFsRQ
sH3pvLOfMUrEGUrmsHCu sH3pvLOfMUrEGUrmsHCu
LNMZej67uy0Whvqp5OR1 LNMZej67uy0Whvqp5OR1
tuE7UekaxGUib4idWtYa PZrpdQAa8H8tkrajh08J
nbZglhhmYQAPQz4eETaj Pqf0Sn4UvsBLaxz7WO4n 48nWZMVqWDxfH9uMf2U3 nbZglhhmYQAPQz4eETaj pNXWB5geApaSjbsCCT4J zD7ErBenXxsG4D9b5TEV
v0QJIKD4q7sFXrzFSb6J v0QJIKD4q7sFXrzFSb6J 8KfYYXeMqM0D4nShLOzi
tVhIJJgs0kEFaQx1hdWm tVhIJJgs0kEFaQx1hdWm Z0DuoZMcx6oyDPWFznMK
NMTjl1jsvrb7y2ggdCSc NMTjl1jsvrb7y2ggdCSc
9GrchmlNCDIapQ9OnEYh 9Jr76N4fnNot7SNYqBKG 4bQwji0D4wyEDLd54MWv jgcWqrcniA4q9WNs9xkc 9GrchmlNCDIapQ9OnEYh
L8bxdxuDa5issn2PiN3u L8bxdxuDa5issn2PiN3u
Kfu1pc3YPMGebW7Iu8ex Kfu1pc3YPMGebW7Iu8ex
Z8MZ2JfftjeVVnGFSOQe Z8MZ2JfftjeVVnGFSOQe
93aDiM8K0XhtiVcCVKi2 93aDiM8K0XhtiVcCVKi2 Bc6dudheE3WGLxP0iDdK
Jjat3uJ5XboI9kZe0522 Jjat3uJ5XboI9kZe0522 W4IxjYZtRN88GGSV9Uoc
fmFrd4vggNac5TkiFJAd fmFrd4vggNac5TkiFJAd
XmlH4l2BXG35TF70bZqZ XmlH4l2BXG35TF70bZqZ
cdaizmjQrCe5Vnwy3JQF cdaizmjQrCe5Vnwy3JQF vodEvdIApqt0N3TZsbxN
k7k4sHxeh1pR4sOjcVuj k7k4sHxeh1pR4sOjcVuj
yZPIHwySFuIdRJCMzjnz yZPIHwySFuIdRJCMzjnz
0uvEfLgT4s8ImTk9VWBt 0uvEfLgT4s8ImTk9VWBt
