200 101 1 56 1 52 1 77 1 14 1 31 1 82 1 92 1 29 1 78 1 35 1 58 1 60 1 10 1 11 1 6 1 27 1 25 1 38 1 18 1 91 1 8 1 24 1 3 1 90 1 66 1 64 1 86 1 39 1 83 1 49 1 17 1 97 1 69 1 85 1 15 1 57 1 28 1 72 1 54 1 42 1 93 1 62 1 79 1 81 1 71 1 95 1 45 1 96 1 40 1 101 200
50
1 2 4 5 7 9 12 13 16 19 20 21 22 23 26 30 32 33 34 36 37 41 43 44 46 47 48 50 51 53 55 59 61 63 65 67 68 70 73 74 75 76 80 84 87 88 89 94 98 99 100
3 3
6 6
8 8
10 10
11 11
14 14
15 15
17 17
18 18
24 24
25 25
27 27
28 28
29 29
31 31
35 35
38 38
39 39
40 40
42 42
45 45
49 49
52 52
54 54
56 56
57 57
58 58
60 60
62 62
64 64
66 66
69 69
71 71
72 72
77 77
78 78
79 79
81 81
82 82
83 83
85 85
86 86
90 90
91 91
92 92
93 93
95 95
96 96
97 97
