Jacksonville Tulsa SanJose FortWorth Detroit Columbus Seattle LasVegas LongBeach Oakland Philadelphia Oakland Phoenix Oakland Albuquerque Tulsa Minneapolis Jacksonville Atlanta Fresno Atlanta SanFrancisco Nashville ElPaso LosAngeles Indianapolis Raleigh Memphis Raleigh Austin Milwaukee Tucson Milwaukee Arlington Portland Arlington Louisville Arlington OklahomaCity Boston SanAntonio Miami Oakland Philadelphia Houston ColoradoSprings VirginiaBeach Nashville Milwaukee Jacksonville
25
Jacksonville Jacksonville
Tulsa Tulsa
SanJose SanJose
FortWorth FortWorth
Columbus Columbus
Seattle Seattle
LasVegas LasVegas
LongBeach LongBeach
Philadelphia Philadelphia
Phoenix Phoenix
Albuquerque Albuquerque
Minneapolis Minneapolis
Atlanta Atlanta
Fresno Fresno
SanFrancisco SanFrancisco
ElPaso ElPaso
LosAngeles LosAngeles
Indianapolis Indianapolis
Memphis Memphis
Austin Austin
Tucson Tucson
Portland Portland
Louisville Louisville
Boston Boston
VirginiaBeach VirginiaBeach
