SaintPaul Garland Newark Scottsdale LosAngeles Plano LosAngeles Scottsdale Denver Scottsdale Honolulu Austin SanAntonio Austin LosAngeles Durham Toledo JerseyCity Lexington JerseyCity ChulaVista Baltimore Albuquerque BatonRouge FortWorth BatonRouge Albuquerque Baltimore ChulaVista Cincinnati StPetersburg Henderson StPetersburg Austin Aurora FortWayne Albuquerque Baltimore ChulaVista SanDiego ColoradoSprings Houston Stockton Milwaukee Columbus Glendale Columbus Phoenix Durham SantaAna Pittsburgh Philadelphia ColoradoSprings SanDiego Dallas Tucson Philadelphia Oakland WinstonSalem Durham Phoenix Cincinnati ChulaVista SanDiego SanJose SanDiego ChulaVista Cincinnati Phoenix Durham SantaAna Durham Phoenix Cincinnati OklahomaCity Hialeah OklahomaCity Cincinnati ChulaVista JerseyCity Lincoln Minneapolis BatonRouge Albuquerque Baltimore LongBeach Baltimore ChulaVista Charlotte ChulaVista Cincinnati Fresno Spokane StPetersburg Milwaukee Columbus Cleveland Toledo Atlanta Toledo JerseyCity Laredo JerseyCity Riverside Chesapeake Fresno KansasCity Greensboro Dallas ColoradoSprings Philadelphia SanFrancisco Stockton Milwaukee Columbus Phoenix Durham Memphis Louisville Irving Laredo JerseyCity ChulaVista Cincinnati Phoenix Cincinnati StPetersburg Cincinnati Fremont Chandler Greensboro LongBeach Baltimore Mesa Indianapolis Mesa Baltimore ChulaVista Cincinnati StPetersburg Lubbock Austin LosAngeles Bakersfield Minneapolis SanDiego Tampa Toledo Cleveland Anchorage FortWayne Albuquerque Baltimore LongBeach Dallas Tucson Raleigh Tucson Detroit NewOrleans Chandler Hialeah OklahomaCity ElPaso Austin Aurora Omaha Madison SanJose SanDiego ChulaVista Cincinnati ChulaVista SanDiego SanJose SaintPaul
49
Newark Newark
Plano Plano
Scottsdale Scottsdale
Denver Denver
Honolulu Honolulu
SanAntonio SanAntonio
Durham Durham
Lexington Lexington
FortWorth FortWorth
Henderson Henderson
Austin Austin
FortWayne FortWayne
Baltimore Baltimore
Houston Houston
Glendale Glendale
Pittsburgh Pittsburgh
SanDiego SanDiego
Tucson Tucson
WinstonSalem WinstonSalem
SanJose SanJose
SantaAna SantaAna
Hialeah Hialeah
Lincoln Lincoln
LongBeach LongBeach
Charlotte Charlotte
Spokane Spokane
Milwaukee Milwaukee
Atlanta Atlanta
Laredo Laredo
Chesapeake Chesapeake
Dallas Dallas
Stockton Stockton
Columbus Columbus
Memphis Memphis
JerseyCity JerseyCity
Phoenix Phoenix
StPetersburg StPetersburg
Chandler Chandler
Indianapolis Indianapolis
Lubbock Lubbock
Bakersfield Bakersfield
Tampa Tampa
Anchorage Anchorage
Raleigh Raleigh
NewOrleans NewOrleans
OklahomaCity OklahomaCity
ElPaso ElPaso
Aurora Aurora
Madison Madison
