Chattanooga Cleveland SanAntonio Memphis Wichita Memphis SanAntonio Cleveland Chattanooga ElPaso Dayton Plano Fresno GrandRapids Buffalo Pomona Buffalo GrandRapids Fresno Plano Austin Vancouver Detroit BatonRouge Bakersfield Oceanside Bakersfield BatonRouge OverlandPark Surprise OverlandPark Scottsdale Riverside Scottsdale Tempe Scottsdale Riverside Indianapolis Fayetteville Richmond Fayetteville Aurora Baltimore Aurora Orange Henderson Toledo Henderson MorenoValley Anaheim NewYork Anaheim ChulaVista Anaheim MorenoValley Henderson Orange Frisco KansasCity Frisco Orange Aurora Fayetteville Indianapolis FortLauderdale SanDiego FortLauderdale Savannah ElkGrove McAllen ElkGrove Savannah FortLauderdale Indianapolis Phoenix LittleRock Shreveport LittleRock CapeCoral LittleRock Fremont Huntsville Fremont SanBernardino Boise SanBernardino SanJose SanBernardino Joliet Madison Lincoln OklahomaCity Irvine Syracuse Irvine Norfolk Raleigh Hayward Raleigh Norfolk SaintPaul Norfolk Raleigh Hayward Akron RanchoCucamonga Newark RanchoCucamonga Akron Hayward Raleigh Norfolk Irvine OklahomaCity Lincoln Madison Joliet SanBernardino Fremont LittleRock Phoenix Indianapolis Riverside Scottsdale OverlandPark BatonRouge Bakersfield Salinas Murfreesboro Charlotte Murfreesboro Salinas Bakersfield BatonRouge Detroit Vancouver Austin DesMoines NewportNews Alexandria NewportNews Orlando NewportNews DesMoines Cincinnati LongBeach GrandPrairie LongBeach Cincinnati Paterson Cincinnati Albuquerque LosAngeles Albuquerque Cincinnati WinstonSalem Knoxville Berkeley Knoxville WinstonSalem Cincinnati DesMoines Austin Plano Lubbock Corona Jackson Brownsville Boston Salem Ontario Salem Boston Brownsville Jackson Corona FortWorth VirginiaBeach Glendale Dayton ElPaso Chattanooga
57
Plano Yonkers Durham Louisville Plano Lubbock
Alexandria Alexandria
Madison Joliet Lincoln Denton Madison
Orlando Orlando
Fresno Worcester GrandRapids
Shreveport LittleRock Phoenix Shreveport
Bakersfield GardenGrove Bakersfield
Aurora Aurora Lexington
NewportNews DesMoines NewportNews
Surprise Surprise Anchorage Midland
Knoxville Knoxville
Hayward Jacksonville SantaClarita Hayward Akron
Oceanside Oceanside
Baltimore Baltimore
Henderson Henderson Orange
Fremont Fremont Honolulu SanFrancisco
Riverside Riverside Scottsdale Indianapolis
Memphis Memphis
Boise SanBernardino Boise Fontana
Huntsville Tacoma Oxnard
Wichita Wichita
Paterson Paterson
SaintPaul Washington SaintPaul
Ontario Ontario Salem
Cleveland Cleveland
Jackson Brownsville Corona Olathe Jackson
McAllen McAllen
Charlotte Charlotte Murfreesboro
Berkeley Springfield Spokane Berkeley
Tempe Tempe
Glendale Glendale
GrandPrairie GrandPrairie
Syracuse Irvine SantaAna Syracuse
Vancouver Vancouver PortStLucie
VirginiaBeach FortWorth
Austin Austin
Raleigh Raleigh
NewYork Anaheim NewYork
SanJose SanJose
Richmond Fayetteville Richmond
LongBeach Cincinnati
ChulaVista ChulaVista
SanDiego FortLauderdale SanDiego
ElPaso ElPaso
ElkGrove Savannah
CapeCoral CapeCoral
Buffalo Buffalo
BatonRouge BatonRouge
Boston Boston
LosAngeles Waco LosAngeles
Toledo Chicago Toledo Naperville
SanAntonio SanAntonio
KansasCity KansasCity
MorenoValley Tallahassee
Newark Newark
Pomona Pomona
Frisco Frisco
