Taylorville Weberside Jonesbury Jamestown Jonesbury Lloydton Jonesbury Weberside Taylorville Alejandroport Shawnport Mariaview Saraport Lewisburgh Saraport Mariaview Kristenmouth Alexmouth Kristenmouth Mariaview Saraport Mariaview Shawnport Alejandroport Taylorville Valerietown Johnmouth Kempshire Michaelfort Kempshire Johnmouth Valerietown Taylorville Alejandroport Shawnport Mariaview Kristenmouth Mariaview Shawnport Alejandroport Taylorville Valerietown Stewartberg Tinaville Steventown Tinaville Stewartberg Valerietown Johnmouth Kempshire Grahambury Johnsonside Grahambury Kempshire Johnmouth Valerietown Taylorville Alejandroport Ashleyland Kathyfort Hawkinsland Kathyfort Ashleyland Alejandroport Taylorville Weberside Jonesbury Jamestown Nicholefurt Jamestown Jonesbury Weberside Taylorville Alejandroport Shawnport Mariaview Saraport Underwoodmouth Saraport Mariaview Shawnport Alejandroport Deborahfurt Anthonyburgh Martinezfort Ericksonmouth Martinezfort Anthonyburgh Deborahfurt Jacobberg Foleyhaven Jacobberg Deborahfurt Anthonyburgh Martinezfort Anthonyburgh Deborahfurt Alejandroport Ashleyland Kathyfort Hawkinsland Camposstad Hawkinsland Kathyfort Ashleyland Alejandroport Taylorville Weberside Jonesbury Jamestown Glasston Jamestown Jonesbury Weberside Taylorville Valerietown Stewartberg Tinaville Nicholasshire Tinaville Stewartberg Valerietown Taylorville Weberside Eduardotown Sullivanmouth Underwoodborough Sullivanmouth Eduardotown Weberside Jonesbury Lloydton Stephensonburgh Lloydton Smithborough Lloydton Jonesbury Weberside Taylorville Alejandroport Shawnport Mariaview Kristenmouth Stevenshire Kristenmouth Mariaview Shawnport Alejandroport Ashleyland Kathyfort Hawkinsland Ayalabury Hawkinsland Kathyfort Ashleyland Alejandroport Taylorville Weberside Eduardotown Sullivanmouth Michaelville Sullivanmouth Eduardotown Weberside Taylorville
24
Jamestown Jamestown
Lloydton Lloydton
Lewisburgh Lewisburgh
Alexmouth Alexmouth
Saraport Saraport
Michaelfort Michaelfort
Kristenmouth Kristenmouth
Steventown Steventown
Johnsonside Johnsonside
Grahambury Grahambury
Hawkinsland Hawkinsland
Nicholefurt Nicholefurt
Underwoodmouth Underwoodmouth
Ericksonmouth Ericksonmouth
Foleyhaven Foleyhaven
Martinezfort Martinezfort
Camposstad Camposstad
Glasston Glasston
Nicholasshire Nicholasshire
Underwoodborough Underwoodborough
Stephensonburgh Stephensonburgh
Smithborough Smithborough
Stevenshire Stevenshire
Ayalabury Ayalabury
