Hernandezville Joelview Downsville Williammouth Haasville Williammouth Downsville Joelview Hernandezville Beckyshire Ponceville Bridgesville Esparzaberg Thomasburgh Johnsonmouth Thomasburgh Esparzaberg Bridgesville Ponceville Beckyshire Hernandezville Joelview Farmerside Ryanton Williamsmouth Johnstonmouth Williamsmouth Ryanton Farmerside Joelview Hernandezville Beckyshire Ponceville Bridgesville Esparzaberg Kristinbury Allenberg Kristinbury Esparzaberg Bridgesville Ponceville Mcculloughchester Jonestown Barbarachester Jonestown Kellyfort Pittsland Kellyfort Jonestown Mcculloughchester Crystalchester Smithmouth Crystalchester Mcculloughchester Ponceville Beckyshire Hernandezville Joelview Farmerside Ralphtown Stricklandbury Tylermouth Stricklandbury Ralphtown Farmerside Joelview Mitchellchester Lopezmouth Dixonton Francesmouth Dixonton Lopezmouth Mitchellchester Joelview Hernandezville Beckyshire Ponceville Mcculloughchester Jonestown Kellyfort Tinatown Kellyfort Jonestown Mcculloughchester Ponceville Beckyshire Hernandezville Joelview Farmerside Gabriellabury Murphyberg Hendersonchester Murphyberg Gabriellabury Farmerside Joelview Hernandezville Beckyshire Ponceville Bridgesville Esparzaberg Thomasburgh Esparzaberg Bridgesville Ponceville Beckyshire Hernandezville Joelview Mitchellchester Lopezmouth Dixonton Keithton Dixonton Lopezmouth Mitchellchester Joelview Farmerside Gabriellabury Courtneyfurt Contrerasland Courtneyfurt Gabriellabury Farmerside Joelview Hernandezville Beckyshire Ponceville Bridgesville Dennisstad Wilsonburgh Dennisstad Bridgesville Ponceville Beckyshire Hernandezville Joelview Farmerside Ralphtown Garciaport Charlesburgh Angelaview Charlesburgh Garciaport Ralphtown Farmerside Joelview Hernandezville Beckyshire Ponceville Bridgesville Riveramouth Martinton Deborahfort Martinton Riveramouth Bridgesville Esparzaberg Kristinbury Esparzaberg Bridgesville Ponceville Beckyshire Hernandezville Joelview Mitchellchester Lopezmouth Dixonton Keithton Andrewland Keithton Dixonton Lopezmouth Mitchellchester Joelview Hernandezville Beckyshire Ponceville Bridgesville Riveramouth Bradshawside Wandaside Bradshawside Riveramouth Bridgesville Ponceville Beckyshire Hernandezville Joelview Farmerside Gabriellabury Courtneyfurt Morrisbury Courtneyfurt Gabriellabury Farmerside Joelview Hernandezville Beckyshire Ponceville Bridgesville Riveramouth Martinton Riveramouth Bridgesville Ponceville Beckyshire Derekton Wallaceville Morenoside Johnport Morenoside Wallaceville Derekton Beckyshire Ponceville Garymouth Camposstad Williamsville Camposstad Garymouth Ponceville Beckyshire Hernandezville Joelview Farmerside Ryanton Williamsmouth Mcdonaldmouth Williamsmouth Ryanton Farmerside Joelview Mitchellchester Lopezmouth Heathermouth Lopezview Robertsfort Lopezview Heathermouth Lopezmouth Mitchellchester Joelview Hernandezville Beckyshire Derekton Wallaceville Morenoside Amberfurt Morenoside Wallaceville Derekton Beckyshire Hernandezville Joelview Mitchellchester Sheabury Maysfort Huynhton Maysfort Sheabury Mitchellchester Joelview Hernandezville Beckyshire Ponceville Mcculloughchester Jonestown Kellyfort Jonestown Mcculloughchester Ponceville Beckyshire Hernandezville Joelview Farmerside Ryanton Williamsmouth Mcdonaldmouth Adkinsfurt Mcdonaldmouth Williamsmouth Ryanton Farmerside Joelview Hernandezville Beckyshire Ponceville Mcculloughchester Crystalchester Smithmouth Robertborough Smithmouth Crystalchester Mcculloughchester Ponceville Garymouth Christophertown Crystaltown Christophertown Garymouth Ponceville Beckyshire Hernandezville Joelview Farmerside Ralphtown Stricklandbury Tylermouth Deanstad Tylermouth Stricklandbury Ralphtown Farmerside Joelview Hernandezville Beckyshire Ponceville Bridgesville Dennisstad Wilsonburgh Harristown Wilsonburgh Josephton Wilsonburgh Dennisstad Bridgesville Esparzaberg Thomasburgh Sanchezland Thomasburgh Esparzaberg Bridgesville Ponceville Beckyshire Hernandezville Joelview Mitchellchester Lopezmouth Heathermouth Emilymouth Heathermouth Lopezmouth Mitchellchester Joelview Hernandezville Beckyshire Ponceville Mcculloughchester Jonestown Barbarachester Jonesberg Barbarachester Jonestown Mcculloughchester Ponceville Garymouth Christophertown Crystaltown Johnsontown Crystaltown Christophertown Garymouth Ponceville Bridgesville Riveramouth Bradshawside Riveramouth Bridgesville Ponceville Beckyshire Hernandezville Joelview Farmerside Ralphtown Garciaport Charlesburgh Garciaport Ralphtown Farmerside Joelview Hernandezville Beckyshire Derekton Thomaschester Mcfarlandville Belindamouth Mcfarlandville Thomaschester Derekton Beckyshire Hernandezville Joelview Mitchellchester Lopezmouth Dixonton Keithton Aprilstad Keithton Dixonton Lopezmouth Mitchellchester Joelview Hernandezville Beckyshire Ponceville Garymouth Camposstad Donaldstad Camposstad Garymouth Ponceville Beckyshire Hernandezville Joelview Downsville Richardhaven Tammychester Rebeccaton Tammychester Richardhaven Downsville Joelview Hernandezville Beckyshire Ponceville Garymouth Camposstad Donaldstad Thomastown Donaldstad Camposstad Garymouth Ponceville Beckyshire Hernandezville Joelview Mitchellchester Lopezmouth Heathermouth Lopezview Heathermouth Lopezmouth Dixonton Francesmouth Richardville Francesmouth Dixonton Lopezmouth Mitchellchester Joelview Downsville Richardhaven Tammychester Richardhaven Downsville Joelview Hernandezville Beckyshire Ponceville Bridgesville Riveramouth Martinton Brianland Martinton Riveramouth Bridgesville Ponceville Beckyshire Hernandezville
49
Haasville Haasville
Johnsonmouth Johnsonmouth
Johnstonmouth Johnstonmouth
Allenberg Allenberg
Barbarachester Barbarachester
Pittsland Pittsland
Smithmouth Smithmouth
Tylermouth Tylermouth
Francesmouth Francesmouth
Tinatown Tinatown
Hendersonchester Hendersonchester
Thomasburgh Thomasburgh
Keithton Keithton
Contrerasland Contrerasland
Wilsonburgh Wilsonburgh
Angelaview Angelaview
Deborahfort Deborahfort
Kristinbury Kristinbury
Andrewland Andrewland
Wandaside Wandaside
Morrisbury Morrisbury
Martinton Martinton
Johnport Johnport
Williamsville Williamsville
Mcdonaldmouth Mcdonaldmouth
Robertsfort Robertsfort
Amberfurt Amberfurt
Huynhton Huynhton
Kellyfort Kellyfort
Adkinsfurt Adkinsfurt
Robertborough Robertborough
Crystaltown Crystaltown
Deanstad Deanstad
Harristown Harristown
Josephton Josephton
Sanchezland Sanchezland
Emilymouth Emilymouth
Jonesberg Jonesberg
Johnsontown Johnsontown
Bradshawside Bradshawside
Charlesburgh Charlesburgh
Belindamouth Belindamouth
Aprilstad Aprilstad
Donaldstad Donaldstad
Rebeccaton Rebeccaton
Thomastown Thomastown
Lopezview Lopezview
Richardville Richardville
Tammychester Tammychester
