Porterton Dianashire Burgessview Marcusburgh Matthewburgh Virginiastad Johnsonberg Virginiastad Matthewburgh Bondfort Adamview Bondfort Matthewburgh Marcusburgh Burgessview Dianashire Ashleyborough Osborneville Payneview Jacksonville Jennifertown Feliciaville Jennifertown Jacksonville Payneview Osborneville Ashleyborough Dianashire Burgessview Marcusburgh Matthewburgh Bondfort Shawnmouth Buckleyside Shawnmouth Bondfort Matthewburgh Marcusburgh Burgessview Dianashire Ashleyborough Paulburgh Walltown Callahantown Maryport Combsville Maryport Callahantown Walltown Paulburgh Ashleyborough Dianashire Porterton Wallton Danielleport Melissaview Cheyennefurt Thompsonshire Cheyennefurt Melissaview Danielleport Wallton Porterton Dianashire Burgessview Marcusburgh Fletcherland Kingview Williamschester Mirandaview Williamschester Kingview Fletcherland Marcusburgh Burgessview Dianashire Ashleyborough Clarkberg Burtonview Murphyside Bakertown Derekville Bakertown Murphyside Burtonview Clarkberg Ashleyborough Dianashire Burgessview Marcusburgh Tylerbury Jamestown Wilsonstad Jamestown Tylerbury Marcusburgh Burgessview Dianashire Porterton Wallton Derekmouth Jeffreyfort Johnsonchester Susanfort Johnsonchester Jeffreyfort Derekmouth Wallton Danielleport Scottburgh Laurenbury Haleview Hallstad Haleview Laurenbury Scottburgh Danielleport Cooperton Lopezborough Waltersmouth Adamport Waltersmouth Lopezborough Cooperton Danielleport Wallton Porterton Dianashire Ashleyborough Osborneville Christophermouth Shawnhaven Dannyside Shawnhaven Christophermouth Osborneville Ashleyborough Dianashire Porterton Wallton Davisstad Jacksonton Singletonton Clarkbury Jermaineton Clarkbury Singletonton Jacksonton Davisstad Wallton Porterton Dianashire Burgessview Billton Banksburgh Yvonneborough Parkermouth Yvonneborough Banksburgh Billton Burgessview Dianashire Ashleyborough Clarkberg Burtonview Murphyside Bakertown Jameston Bakertown Murphyside Burtonview Clarkberg Ashleyborough Dianashire Burgessview Marcusburgh Tylerbury Paultown Hansonbury Paultown Tylerbury Marcusburgh Burgessview Dianashire Porterton Wallton Derekmouth Geraldside Joseport Hallborough Kylieview Hallborough Joseport Geraldside Derekmouth Wallton Porterton Dianashire Ashleyborough Osborneville Payneview Barnesmouth Harrisport Brendaview Harrisport Barnesmouth Payneview Osborneville Ashleyborough Dianashire Porterton Wallton Davisstad Leechester Pettyton Bondmouth Mercedesmouth Bondmouth Pettyton Leechester Davisstad Wallton Derekmouth Charlesberg Weberbury Kimberlyburgh Weberbury Charlesberg Derekmouth Wallton Porterton Dianashire Burgessview Williamfort Thomasville Lopezburgh Leahmouth Lopezburgh Thomasville Williamfort Burgessview Dianashire Porterton Wallton Derekmouth Charlesberg Weberbury Kimberlyburgh Candiceland Kimberlyburgh Weberbury Charlesberg Derekmouth Wallton Danielleport Melissaview Campbellhaven Annberg Houstonchester Annberg Campbellhaven Melissaview Danielleport Wallton Porterton Dianashire Ashleyborough Clarkberg Reevestown Judithview Michaelview Judithview Reevestown Clarkberg Ashleyborough Dianashire Porterton Wallton Danielleport Melissaview Campbellhaven Annberg Dyerport Annberg Campbellhaven Melissaview Danielleport Wallton Derekmouth Charlesberg Kevinberg Patriciabury Troyfort Patriciabury Kevinberg Charlesberg Derekmouth Geraldside Michellehaven Cranemouth Michellehaven Geraldside Derekmouth Jeffreyfort Garytown Audreyfort Garytown Jeffreyfort Derekmouth Wallton Porterton Dianashire Ashleyborough Paulburgh Walltown Callahantown Maryport Reynoldsview Maryport Callahantown Walltown Paulburgh Ashleyborough Dianashire Porterton Wallton Derekmouth Charlesberg Sethland Ellisstad Sethland Charlesberg Derekmouth Wallton Porterton Dianashire Burgessview Williamfort Thomasville Lopezburgh Byrdfurt Lopezburgh Thomasville Williamfort Burgessview Dianashire Porterton Wallton Derekmouth Charlesberg Kevinberg Adamside Andrewschester Adamside Kevinberg Charlesberg Sethland Tannerhaven Sethland Charlesberg Derekmouth Wallton Danielleport Melissaview Cheyennefurt Watsonville Christyland Watsonville Cheyennefurt Melissaview Danielleport Wallton Derekmouth Jeffreyfort Garytown Audreyfort Patriciaside Audreyfort Garytown Jeffreyfort Derekmouth Wallton Porterton Dianashire Burgessview Williamfort Thomasville Lopezburgh Byrdfurt Garciamouth Byrdfurt Lopezburgh Thomasville Williamfort Burgessview Marcusburgh Matthewburgh Virginiastad Robinsonmouth Virginiastad Matthewburgh Marcusburgh Burgessview Dianashire Porterton Wallton Derekmouth Charlesberg Kevinberg Adamside Kevinberg Charlesberg Derekmouth Wallton Porterton Dianashire Ashleyborough Clarkberg Burtonview Murphyside Bakertown Murphyside Burtonview Clarkberg Ashleyborough Dianashire Burgessview Billton Banksburgh Simmonsburgh Michaelville Williamland Michaelville Simmonsburgh Banksburgh Billton Burgessview Dianashire Porterton Wallton Derekmouth Charlesberg Kevinberg Patriciabury Kevinberg Charlesberg Derekmouth Wallton Porterton Dianashire Burgessview Marcusburgh Matthewburgh Virginiastad Robinsonmouth Horneside Robinsonmouth Virginiastad Matthewburgh Marcusburgh Burgessview Dianashire Ashleyborough Osborneville Payneview Teresafort Smithtown Jacksonland Smithtown Teresafort Payneview Osborneville Ashleyborough Dianashire Burgessview Williamfort Thomasville Lopezburgh Byrdfurt Loweryborough Byrdfurt Lopezburgh Thomasville Williamfort Burgessview Dianashire Porterton Wallton Derekmouth Charlesberg Kevinberg Adamside Bradberg Adamside Kevinberg Charlesberg Derekmouth Wallton Porterton Dianashire Ashleyborough Osborneville Payneview Jacksonville Christopherhaven Jacksonville Payneview Barnesmouth Harrisport Barnesmouth Payneview Osborneville Ashleyborough Dianashire Porterton Wallton Davisstad Newmanburgh Gallowaymouth Rioshaven Gallowaymouth Newmanburgh Davisstad Leechester Pettyton Jonesfurt Pettyton Bondmouth Taylorton Bondmouth Pettyton Leechester Davisstad Wallton Porterton Dianashire Burgessview Marcusburgh Fletcherland Kingview Williamschester Kingview Fletcherland Marcusburgh Burgessview Dianashire Ashleyborough Osborneville Christophermouth Shawnhaven Candaceborough Shawnhaven Christophermouth Osborneville Ashleyborough Dianashire Porterton Wallton Derekmouth Geraldside Joseport Gabrielburgh Hodgesstad Gabrielburgh Joseport Geraldside Derekmouth Charlesberg Weberbury Clarkport Weberbury Charlesberg Derekmouth Wallton Davisstad Leechester Pettyton Bondmouth Pettyton Leechester Davisstad Wallton Derekmouth Geraldside Michellehaven Ramosborough Fordhaven Ramosborough Michellehaven Geraldside Derekmouth Wallton Porterton Dianashire Ashleyborough Osborneville Payneview Barnesmouth Clarkborough Barnesmouth Payneview Osborneville Ashleyborough Dianashire Burgessview Williamfort Williamport Ashleystad Holthaven Ashleystad Williamport Williamfort Burgessview Dianashire Porterton Wallton Derekmouth Charlesberg Sethland Ellisstad Osbornemouth Ellisstad Sethland Charlesberg Derekmouth Wallton Porterton Dianashire Burgessview Williamfort Moodyburgh Heatherberg Thomasborough Ortegaberg Thomasborough Heatherberg Moodyburgh Williamfort Burgessview Dianashire Ashleyborough Paulburgh Walltown Scotttown Jacksonview Danielville Jacksonview Scotttown Walltown Paulburgh Ashleyborough Dianashire Burgessview Marcusburgh Matthewburgh Bondfort Shawnmouth Bondfort Matthewburgh Marcusburgh Burgessview Williamfort Williamport Ashleystad Codyton Ryanside Codyton Ashleystad Williamport Williamfort Burgessview Dianashire Ashleyborough Osborneville Payneview Teresafort Smithtown Teresafort Payneview Osborneville Ashleyborough Paulburgh Walltown Scotttown Jacksonview Scotttown Walltown Paulburgh Ashleyborough Dianashire Porterton Wallton Derekmouth Geraldside Michellehaven Ramosborough Michellehaven Geraldside Derekmouth Wallton Porterton Dianashire Ashleyborough Paulburgh Robertsstad Toddtown Swansonshire Toddtown Robertsstad Paulburgh Ashleyborough Dianashire Porterton Wallton Derekmouth Charlesberg Kevinberg Patriciabury Thomasmouth Patriciabury Kevinberg Charlesberg Derekmouth Wallton Davisstad Leechester Castanedachester Suttonville Castanedachester Leechester Davisstad Wallton Danielleport Melissaview Campbellhaven Annberg Campbellhaven Melissaview Danielleport Wallton Porterton Dianashire Ashleyborough Paulburgh Walltown Callahantown Maryport Callahantown Walltown Paulburgh Ashleyborough Dianashire Burgessview Marcusburgh Fletcherland Willisfurt Ortizberg Willisfurt Fletcherland Marcusburgh Burgessview Dianashire Ashleyborough Osborneville Payneview Teresafort Calvinton Teresafort Payneview Osborneville Ashleyborough Paulburgh Walltown Johnberg Williamshire Johnberg Walltown Paulburgh Ashleyborough Dianashire Burgessview Williamfort Williamport Ashleystad Codyton Ashleystad Holthaven Vickiville Holthaven Ashleystad Codyton Mindyview Codyton Ashleystad Williamport Williamfort Burgessview Dianashire Ashleyborough Osborneville Payneview Teresafort Smithtown Abigailville Smithtown Teresafort Payneview Osborneville Ashleyborough Clarkberg Reevestown Judithview Michaelview Clarenceview Michaelview Judithview Reevestown Clarkberg Ashleyborough Dianashire Burgessview Williamfort Moodyburgh Heatherberg Thomasborough Masseyside Thomasborough Heatherberg Moodyburgh Williamfort Burgessview Dianashire Porterton Wallton Danielleport Melissaview Cheyennefurt Watsonville Robertomouth Watsonville Cheyennefurt Melissaview Danielleport Wallton Porterton Dianashire Burgessview Billton Banksburgh Simmonsburgh Michaelville Simmonsburgh Banksburgh Billton Burgessview Dianashire Ashleyborough Osborneville Payneview Jacksonville Jennifertown Jacksonville Payneview Osborneville Ashleyborough Dianashire Porterton Wallton Derekmouth Jeffreyfort Johnsonchester Nealfurt Johnsonchester Jeffreyfort Derekmouth Wallton Porterton Dianashire Burgessview Marcusburgh Matthewburgh Bondfort Adamview Harrisborough Adamview Bondfort Matthewburgh Marcusburgh Burgessview Dianashire Porterton Wallton Danielleport Cooperton Lopezborough Waltersmouth Adkinsberg Waltersmouth Lopezborough Cooperton Danielleport Wallton Porterton Dianashire Burgessview Williamfort Moodyburgh Gregoryberg Smithfort Millerborough Smithfort Gregoryberg Moodyburgh Williamfort Burgessview Billton Banksburgh Yvonneborough Parkermouth Shawnfort Parkermouth Yvonneborough Banksburgh Billton Burgessview Dianashire Porterton Wallton Danielleport Melissaview Cheyennefurt Watsonville Cheyennefurt Melissaview Danielleport Wallton Porterton Dianashire Ashleyborough Paulburgh Robertsstad Toddtown Swansonshire Abigailhaven Swansonshire Toddtown Robertsstad Paulburgh Ashleyborough Dianashire Burgessview Williamfort Moodyburgh Gregoryberg Smithfort Gregoryberg Moodyburgh Williamfort Burgessview Dianashire Porterton Wallton Davisstad Newmanburgh Gallowaymouth Rioshaven Josephstad Rioshaven Gallowaymouth Newmanburgh Davisstad Jacksonton Singletonton Clarkbury Singletonton Jacksonton Davisstad Wallton Porterton Dianashire Burgessview Marcusburgh Matthewburgh Bondfort Shawnmouth Priceville Shawnmouth Bondfort Matthewburgh Marcusburgh Burgessview Dianashire Porterton Wallton Derekmouth Geraldside Michellehaven Cranemouth Joneschester Cranemouth Michellehaven Geraldside Joseport Hallborough Joseport Geraldside Derekmouth Wallton Porterton Dianashire Burgessview Williamfort Moodyburgh Heatherberg Thomasborough Heatherberg Moodyburgh Williamfort Burgessview Dianashire Porterton
99
Johnsonberg Johnsonberg
Adamview Adamview
Feliciaville Feliciaville
Buckleyside Buckleyside
Combsville Combsville
Thompsonshire Thompsonshire
Mirandaview Mirandaview
Derekville Derekville
Wilsonstad Wilsonstad
Susanfort Susanfort
Haleview Haleview
Hallstad Hallstad
Adamport Adamport
Dannyside Dannyside
Jermaineton Jermaineton
Parkermouth Parkermouth
Jameston Jameston
Hansonbury Hansonbury
Kylieview Kylieview
Brendaview Brendaview
Mercedesmouth Mercedesmouth
Kimberlyburgh Kimberlyburgh
Leahmouth Leahmouth
Candiceland Candiceland
Houstonchester Houstonchester
Michaelview Michaelview
Dyerport Dyerport
Troyfort Troyfort
Cranemouth Cranemouth
Audreyfort Audreyfort
Reynoldsview Reynoldsview
Ellisstad Ellisstad
Byrdfurt Byrdfurt
Andrewschester Andrewschester
Tannerhaven Tannerhaven
Christyland Christyland
Patriciaside Patriciaside
Garciamouth Garciamouth
Robinsonmouth Robinsonmouth
Adamside Adamside
Bakertown Bakertown
Williamland Williamland
Patriciabury Patriciabury
Horneside Horneside
Jacksonland Jacksonland
Loweryborough Loweryborough
Bradberg Bradberg
Christopherhaven Christopherhaven
Harrisport Harrisport
Rioshaven Rioshaven
Jonesfurt Jonesfurt
Taylorton Taylorton
Williamschester Williamschester
Candaceborough Candaceborough
Hodgesstad Hodgesstad
Gabrielburgh Gabrielburgh
Clarkport Clarkport
Bondmouth Bondmouth
Fordhaven Fordhaven
Clarkborough Clarkborough
Holthaven Holthaven
Osbornemouth Osbornemouth
Ortegaberg Ortegaberg
Danielville Danielville
Shawnmouth Shawnmouth
Ryanside Ryanside
Smithtown Smithtown
Jacksonview Jacksonview
Ramosborough Ramosborough
Swansonshire Swansonshire
Thomasmouth Thomasmouth
Suttonville Suttonville
Annberg Annberg
Maryport Maryport
Ortizberg Ortizberg
Calvinton Calvinton
Williamshire Williamshire
Codyton Codyton
Vickiville Vickiville
Mindyview Mindyview
Abigailville Abigailville
Clarenceview Clarenceview
Masseyside Masseyside
Robertomouth Robertomouth
Michaelville Michaelville
Jennifertown Jennifertown
Nealfurt Nealfurt
Harrisborough Harrisborough
Adkinsberg Adkinsberg
Millerborough Millerborough
Shawnfort Shawnfort
Watsonville Watsonville
Abigailhaven Abigailhaven
Smithfort Smithfort
Josephstad Josephstad
Clarkbury Clarkbury
Priceville Priceville
Joneschester Joneschester
Hallborough Hallborough
