A0 A4 B0 C8 B1 J7 C0 C6 E4 E9 G0 I7 A6 A1 A2 A8 B4 A5 G2 I1 J3 B5 A3 C5 C7 D1 D7 E1 E3 G3 H2 I3 I5 I8 J0 B8 D0 D4 D9 E2 E5 E7 F1 F2 G1 G4 G8 H1 H7 I0 J1 J6 A7 D8 H8 A9 B2 B7 B9 C2 C4 D2 F3 F4 F7 F9 H6 I6 J4 J5 J8 J9 B3 D3 K0 B6 C1 C3 C9 D5 D6 E0 E6 E8 F0 F5 F6 F8 G5 G6 G7 G9 H0 H3 H4 H5 H9 I2 I4 I9 J2 A0
50
H6 A1 A9 B2 C2 C4 D2 F4 F7 F9 H6 I6 J8
A2 A2 A8 B4 B5 D9 E2 E5 E7 F1 F2 G4 G8 H1 H7 I0
D7 A3 C7 D7 E3 H2 I3 I8 J0
B1 A4 B1 G0 I7
G2 A5 G2 I1
A6 A6 K0
A7 A7 D8 H8
C8 B0 C8
B3 B3
H4 B6 C1 E0 F6 F8 H0 H4 H5 H9 I4
B7 B7
B8 B8
B9 B9
C0 C0
C3 C3
C5 C5
C6 C6
C9 C9
D0 D0
D1 D1
D3 D3
D4 D4
D5 D5
D6 D6
E1 E1
E4 E4
E6 E6
E8 E8
E9 E9
F0 F0
F3 F3
F5 F5
G1 G1
G3 G3
G5 G5
G6 G6
G7 G7
G9 G9
H3 H3
I2 I2
I5 I5
I9 I9
J1 J1
J2 J2
J3 J3
J4 J4
J5 J5
J6 J6
J7 J7
J9 J9
