0 23 88 64 50 34 78 14 78 34 55 90 55 34 57 4 60 54 49 54 92 54 60 79 56 67 96 27 96 67 56 79 17 87 95 87 17 79 26 65 98 47 22 51 13 51 22 47 98 65 26 79 60 4 57 34 50 64 15 194 61 28 75 5 12 53 20 81 20 53 12 5 70 16 70 5 74 21 93 21 80 43 80 21 74 5 59 32 59 97 31 2 31 66 31 97 59 5 198 10 71 94 71 10 198 5 75 28 185 42 19 37 19 128 83 128 19 42 185 28 61 194 72 194 30 8 30 194 15 33 76 33 15 64 48 139 63 139 48 64 15 194 61 28 75 5 12 62 134 44 85 1 69 1 58 0
52
0 0 73
69 1 69
2 2 31 86
43 3 43 80
34 4 25 34 36 55 57 78
5 5 41
83 6 9 24 29 40 46 52 82 83 89
50 7 48 50 64
8 8 30
10 10 71
79 11 79
12 12 62
13 13 51
14 14
194 15
16 16
17 17
95 18 87 95
19 19
20 20 53
21 21
22 22
23 23 88
65 26 65
27 27
28 28 38
32 32 59
76 33 76 84
128 35
37 37
67 39 67 96
42 42 45
85 44 85
47 47
49 49
54 54 60
56 56
58 58
61 61
63 63
66 66
98 68 77 91 98
70 70
72 72
74 74
75 75
81 81
90 90
92 92 99
93 93
94 94
97 97
