K BH FS BH K B CA GD CA EN FD EN AM CF AM EN FD BJ DV BF EU BF R AS R BF GL GR CM DN EH FU CH FU FM BG FM DZ I AX BA G BE BY V FI GO Z GO FI V BY BE G BA CB FO EK GE EK FO CB BA AX I DZ AB DZ FM FU EH DN CM GR EO DE EV CY EV EG BQ EG AG GG AG EG AF ED GC ED AF BB CW CV X CV CW BB AF EG EV DE EO GR GL BF DV BL M U DC EB AN EB DC U DG DM DI DK AJ DK DI DM DG U DC EB AN DS Y EQ GF CT GI FJ BP FJ P EC FE EC P GJ DB DX EM DX DB BI FG AU CQ AU FR GK CJ EU K
53
K B
G G
I I DZ
CW L BB CW
DC M U DC
FJ P BO FJ GJ
R R
EK T EK
V V BY
X X
AN Y AN DH DS
Z Z GO
AB AB
GC AF ED GC
GG AG GG
EU AH AW EU
AJ AJ DK
AM AM
AS AS
BA AX BA
BE BE
BF BF BL BX DP DV EJ GL
BG BG
BI BI
FD BJ FD
BP BP
BQ BQ EG
CJ BR CJ CK FH GK
FO CB FO FZ
GF CE EQ FP GF
CF CF
CM CM GR
CQ CQ
CT CT
CY CY
DX DB DX
DG DG EL
DM DI
CH DR EZ FU FX
EM EA EM
FE EC FE FV
DN EH
EN EN
DE EO
EV EV
FG FG
FI FI
FM FM
FR FR
FS FS
GD GD
GE GE
GI GI
