AY R B BG F H I O BP P Q CK BK T L U V CD W AA AB AE AH C CP AI AK AM CJ AO AQ AK AS AE AU C AV AW AV AX AV AY BA BE BF BG BI BJ H BO I BP AW BU W BX AY BZ AU CA AN CC CD CE CF BK CK CL T CM T CP CQ H S CR AM CU D CV AY
50
B B
F F
H H
I I
O O
P P
Q Q
T T
U U
V V
W W
AA AA
AB AB
AE AE
AH AH
AI AI
AK AK
AM AM
AO AO
AQ AQ
AS AS
AU AU
AV AV
AW AW
AX AX
AY AY
BA BA
BE BE
BF BF
BG BG
BI BI
BJ BJ
BO BO
BP BP
BU BU
BX BX
BZ BZ
CA CA
CC CC
CD CD
CE CE
CF CF
CK CK
CL CL
CM CM
CP CP
CQ CQ
CR CR
CU CU
CV CV
