89 69 89 100 87 61 122 102 148 102 143 114 125 114 143 102 122 61 179 190 39 81 38 41 38 32 38 94 86 56 156 56 86 29 86 173 86 94 38 81 39 33 25 33 39 85 146 85 39 149 39 190 118 1 118 190 73 193 73 182 98 182 73 133 194 49 128 49 4 127 80 127 101 169 5 169 101 78 27 48 27 78 101 127 4 49 144 160 144 49 111 83 11 82 65 82 11 109 112 109 11 83 111 49 194 133 73 190 39 132 195 132 39 190 179 119 70 192 70 135 70 136 3 64 31 6 31 107 31 64 3 136 70 119 179 190 39 81 38 41 37 124 59 75 89
49
89 100 199 12 187
38 96 94 151 38
179 179
148 178 102 148 13 58
101 101
39 132 190 16 39
56 86 197 21 155 56 188
5 172 169 5
127 127 88
73 79 97 36 73 133
3 3 18 136 64
122 122
33 33 121
156 51 189 156
41 99 44 37 41
27 78 27
59 124 59
11 183 109 11 83
125 125
128 128 23
135 135
29 29
173 173 130
81 81
114 114
146 146
107 107
75 75
69 69
49 194 111 140 144 141 49
195 195
149 149
25 25
98 98
4 4
65 191 65
193 193
85 85
160 160
80 80
61 61
6 6 31
192 192 70
112 112
32 32
48 48 9
118 118
1 1
82 147 82
