fmdhlepsteinstdnkill epsteindlsfdntmkillh nhslfmepsteindtkilld hnfdtmlepsteinkillds msfltdkillnepsteinhd dfkilllmtepsteinhdsn nfdhkilllsmtepsteind killnsfmhdepsteindtl epsteindlsfdntmkillh dnkillepsteinlshdtfm epsteinkillmsftnddlh dmepsteinfnhltkillsd epsteinkillmsftnddlh epsteinskilldlndhmtf fdshnmkillepsteinltd killnsfmhdepsteindtl fthddnmlepsteinkills fmsepsteindntldhkill tlmsdhdnkillfepstein tmlepsteinsdnfkillhd tlmsdhdnkillfepstein dfslntkillmepsteindh killdmnsfhldepsteint fhndskillepsteintldm lhsepsteindtdnmkillf lnsmkilltfdepsteindh killnfsdhltmepsteind fdshnmkillepsteinltd killnsfmhdepsteindtl nfmdkillhdlepsteinst hdepsteinskillldtnfm hnfdtmlepsteinkillds nltdmsfepsteinkilldh fkillepsteindlhdnsmt epsteinkillmsftnddlh dnkillepsteinlshdtfm killnfsdhltmepsteind fdshnmkillepsteinltd killnsfmhdepsteindtl ddlmnftepsteinhskill tlsfdmdepsteinnhkill epsteinlshkilldnfdmt killepsteinlhtfdsmdn epsteinlshkilldnfdmt flepsteindndhmtkills killdmnsfhldepsteint epsteintdkilllnfdhms ntlepsteindmfdshkill nhslfmepsteindtkilld hnfdtmlepsteinkillds epsteindfhlmdnskillt fmsepsteindntldhkill fkillepsteinmldnhstd depsteinnlsfmhtkilld fkillepsteinmldnhstd epsteinkillnmsdhtdlf nepsteinlmdkilldhfts dhkilllsepsteinmntdf killepsteinlhtfdsmdn dnkillepsteinlshdtfm epsteindlsfdntmkillh fmdhlepsteinstdnkill nhmkilllsftepsteindd fmdhlepsteinstdnkill epsteindlsfdntmkillh dnkillepsteinlshdtfm epsteinkillmsftnddlh fkillepsteindlhdnsmt lsdepsteinfmkillndth tlmsdhdnkillfepstein fmsepsteindntldhkill fshtdepsteinmldnkill epsteintdkilllnfdhms killdmnsfhldepsteint flepsteindndhmtkills killdmnsfhldepsteint ddtmkillepsteinflsnh fddsepsteinhnlkilltm lndsdkilltmepsteinhf hnsdkilllftdmepstein nepsteinlmdkilldhfts killdmnsfhldepsteint ndkillftdsmepsteinlh hsdlepsteinmnkilldft hsndepsteindlmtkillf tlmsdhdnkillfepstein lsdepsteinfmkillndth fkillepsteindlhdnsmt nltdmsfepsteinkilldh tmsdnfdlkillhepstein mftkillepsteinndlhsd dnkillepsteinlshdtfm lmhdtfdepsteinnkills dnkillepsteinlshdtfm hnsdkilllftdmepstein epsteinfsddmthkillnl dhepsteindsnlkillfmt epsteinfsddmthkillnl hnsdkilllftdmepstein ddlmnftepsteinhskill fepsteinhsntddkilllm ddlmnftepsteinhskill dnkillepsteinlshdtfm lhepsteinkilldtnmfsd hsdfepsteintlnkilldm nhslfmepsteindtkilld hnfdtmlepsteinkillds epsteindfhlmdnskillt dlnsthfmepsteinkilld dfdkillepsteinslmhnt lnsmkilltfdepsteindh stepsteinhkillfmnldd fkillepsteindlhdnsmt epsteinkillmsftnddlh epsteinskilldlndhmtf epsteinkillmsftnddlh fkillepsteindlhdnsmt nltdmsfepsteinkilldh hnfdtmlepsteinkillds nltdmsfepsteinkilldh lthfkilldnsmepsteind hepsteinsddnfkillmlt nkilltdhlmdepsteinsf hepsteinsddnfkillmlt epsteinkillmsftnddlh fhndskillepsteintldm epsteinkillmsftnddlh fkillepsteindlhdnsmt lsdepsteinfmkillndth tlmsdhdnkillfepstein lsdepsteinfmkillndth tdfepsteinnlhdkillsm dfkilllmtepsteinhdsn hkilldfepsteinmdlnts killdmnsfhldepsteint flepsteindndhmtkills epsteinlshkilldnfdmt flepsteindndhmtkills killdmnsfhldepsteint ddtmkillepsteinflsnh hepsteinsddnfkillmlt ddtmkillepsteinflsnh killmlepsteindthnfsd ddlmnftepsteinhskill fepsteinhsntddkilllm lsdepsteinfmkillndth tlmsdhdnkillfepstein epsteinmhndfkilltdls hnsdkilllftdmepstein dnkillepsteinlshdtfm epsteindlsfdntmkillh fmdhlepsteinstdnkill
49
msfltdkillnepsteinhd msfltdkillnepsteinhd
nfdhkilllsmtepsteind nfdhkilllsmtepsteind
epsteindlsfdntmkillh epsteindlsfdntmkillh
epsteinkillmsftnddlh epsteinkillmsftnddlh
dmepsteinfnhltkillsd dmepsteinfnhltkillsd
fdshnmkillepsteinltd fdshnmkillepsteinltd
fmsepsteindntldhkill fmsepsteindntldhkill
tmlepsteinsdnfkillhd tmlepsteinsdnfkillhd
killdmnsfhldepsteint killdmnsfhldepsteint
lnsmkilltfdepsteindh lnsmkilltfdepsteindh
hdepsteinskillldtnfm hdepsteinskillldtnfm
dnkillepsteinlshdtfm dnkillepsteinlshdtfm
killnsfmhdepsteindtl killnsfmhdepsteindtl
tlsfdmdepsteinnhkill tlsfdmdepsteinnhkill
killepsteinlhtfdsmdn killepsteinlhtfdsmdn
epsteintdkilllnfdhms epsteintdkilllnfdhms
ntlepsteindmfdshkill ntlepsteindmfdshkill
epsteindfhlmdnskillt epsteindfhlmdnskillt
depsteinnlsfmhtkilld depsteinnlsfmhtkilld
dhkilllsepsteinmntdf dhkilllsepsteinmntdf
nhmkilllsftepsteindd nhmkilllsftepsteindd
lsdepsteinfmkillndth lsdepsteinfmkillndth
fshtdepsteinmldnkill fshtdepsteinmldnkill
flepsteindndhmtkills flepsteindndhmtkills
ddtmkillepsteinflsnh ddtmkillepsteinflsnh
lndsdkilltmepsteinhf lndsdkilltmepsteinhf
nepsteinlmdkilldhfts nepsteinlmdkilldhfts
ndkillftdsmepsteinlh ndkillftdsmepsteinlh
hsndepsteindlmtkillf hsndepsteindlmtkillf
nltdmsfepsteinkilldh nltdmsfepsteinkilldh
mftkillepsteinndlhsd mftkillepsteinndlhsd
lmhdtfdepsteinnkills lmhdtfdepsteinnkills
dhepsteindsnlkillfmt dhepsteindsnlkillfmt
fepsteinhsntddkilllm fepsteinhsntddkilllm
lhepsteinkilldtnmfsd lhepsteinkilldtnmfsd
hsdfepsteintlnkilldm hsdfepsteintlnkilldm
dlnsthfmepsteinkilld dlnsthfmepsteinkilld
stepsteinhkillfmnldd stepsteinhkillfmnldd
epsteinskilldlndhmtf epsteinskilldlndhmtf
hnfdtmlepsteinkillds hnfdtmlepsteinkillds
nkilltdhlmdepsteinsf nkilltdhlmdepsteinsf
fhndskillepsteintldm fhndskillepsteintldm
tlmsdhdnkillfepstein tlmsdhdnkillfepstein
dfkilllmtepsteinhdsn dfkilllmtepsteinhdsn
epsteinlshkilldnfdmt epsteinlshkilldnfdmt
hepsteinsddnfkillmlt hepsteinsddnfkillmlt
killmlepsteindthnfsd killmlepsteindthnfsd
ddlmnftepsteinhskill ddlmnftepsteinhskill
epsteinmhndfkilltdls epsteinmhndfkilltdls
