dldkilltnmhfepsteins msddkilllthepsteinfn dlfdkilltepsteinhnms killmdshdtnflepstein sdndhepsteinltkillfm dkillfepsteinnhdmtls depsteinlfnmkilldsht tldkillhsfnmepsteind depsteinlfnmkilldsht dkillfepsteinnhdmtls sdndhepsteinltkillfm mdkillntepsteindfhsl sdndhepsteinltkillfm killmdshdtnflepstein fmhlnkilldepsteindst mdkillnlsdtepsteinhf ldepsteinhmfnkillsdt killdepsteinmfltdshn tsdnhkilllmepsteindf killdepsteinmfltdshn tsmdepsteinkillhfdln dmtlsfhnkilldepstein dhsepsteintlkillmfnd epsteinhdkillltsmfdn fhdmnepsteindkillslt fmtnkilldepsteindhsl tdnfmdhepsteinslkill epsteintfhndkilllmsd tdkillepsteinsmhdfnl sdndhepsteinltkillfm killmdshdtnflepstein fdskillndtmepsteinlh killmdshdtnflepstein fthlkillnepsteindsdm killhdfnsepsteinmltd epsteinfsltkillnhddm dhkillldsepsteintnmf killtdmsdfhnepsteinl dhkillldsepsteintnmf epsteinfsltkillnhddm fmltddhnepsteinskill epsteinfsltkillnhddm dhkillldsepsteintnmf dkillnmhldstfepstein fddsmepsteintnkillhl ldhtdkillepsteinfsmn sepsteindhmnltkillfd hnddkilltslmfepstein thdlskillnfdmepstein lepsteinkilldhfmstnd thdlskillnfdmepstein dmtlsfhnkilldepstein dhmkillfdltnsepstein lkilldtnmsepsteindfh smtepsteinkilldfnhdl killmfndshdtepsteinl mfndlsdepsteinhkillt fdmtdepsteinkilllsnh lntkillepsteinfsddhm fkillepsteinndmdlhts mkillthfdlnepsteinds fkillepsteinndmdlhts mdkilllfdnstepsteinh fdmtdepsteinkilllsnh mfndlsdepsteinhkillt killmfndshdtepsteinl fhnmkillepsteinsdltd depsteinftndhmkillsl fthlkillnepsteindsdm killhtdmdlnsfepstein hmdkilllnepsteinfsdt msepsteintlhnfkilldd sldhnfmtdkillepstein epsteinldtnfmshdkill fdmtdepsteinkilllsnh lntkillepsteinfsddhm mhdskillldftnepstein killtdslhfdepsteinnm slepsteinkillfmddhtn killtdslhfdepsteinnm shfnmltepsteindkilld hnddkilltslmfepstein dmtlsfhnkilldepstein hnddkilltslmfepstein smtepsteinkilldfnhdl mfndlsdepsteinhkillt dsftepsteindhkillmnl sdlhfnmdepsteintkill mltdhfdepsteinkillsn depsteinftndhmkillsl hepsteinnfdmlsdtkill depsteinftndhmkillsl tldkillhsfnmepsteind killshdlmftnepsteind ndkillthdepsteinlsmf lkillfthdsepsteindnm skillmfepsteinthddnl dkillnmhldstfepstein hdntepsteinkilllsdfm smkillnepsteinfldthd hdmndfepsteinstkilll lkillepsteintdshmfnd mdkilllfdnstepsteinh sdndhepsteinltkillfm lmkillepsteintsndfhd sdndhepsteinltkillfm shfnmltepsteindkilld killtdslhfdepsteinnm fmtnkilldepsteindhsl tdnfmdhepsteinslkill mhkillepsteinddlfsnt tldkillhsfnmepsteind msddkilllthepsteinfn tldkillhsfnmepsteind depsteinlfnmkilldsht tepsteinkilldflhnmsd lhsntdepsteindkillmf nepsteinfthdldmkills fkillepsteinndmdlhts dtsmdnlhfepsteinkill epsteinsnmflhtdkilld dtsmdnlhfepsteinkill fkillepsteinndmdlhts mdkilllfdnstepsteinh ldepsteindhkilltsmfn fdskillndtmepsteinlh killmdshdtnflepstein fthlkillnepsteindsdm depsteinftndhmkillsl dhkillldsepsteintnmf dkillnmhldstfepstein epsteinshlkilldmnfdt dfdepsteintlnskillhm epsteinshlkilldmnfdt dkillnmhldstfepstein hdntepsteinkilllsdfm mhkillepsteinddlfsnt depsteinlfnmkilldsht dkillfepsteinnhdmtls sdndhepsteinltkillfm mdkillntepsteindfhsl tndskilldfepsteinmhl mdkillntepsteindfhsl epsteinhdkillltsmfdn mkilldlshdtfepsteinn killhtdmdlnsfepstein nfltdmkillsdepsteinh mfndlsdepsteinhkillt dmldfhskillntepstein mfndlsdepsteinhkillt hddtnsmfkillepsteinl fsepsteindkillhmtdln killhdfnsepsteinmltd mdkilllfdnstepsteinh epsteinfthkilldnslmd killdldepsteinmfsthn nepsteinfthdldmkills lnepsteintdfmdshkill skillmfepsteinthddnl killsepsteindmtflhnd killfthnmsdlepsteind tsmdepsteinkillhfdln depsteinlfnmkilldsht dkillfepsteinnhdmtls sdndhepsteinltkillfm dfkilllepsteinsnmhtd epsteinhdkillltsmfdn tkilllepsteinfsnhmdd hepsteinntdkillsdmfl depsteintkilllnmsfdh shfnmltepsteindkilld killtdslhfdepsteinnm mhdskillldftnepstein fmtnkilldepsteindhsl killhtdmdlnsfepstein hmdkilllnepsteinfsdt killhtdmdlnsfepstein fmtnkilldepsteindhsl tdnfmdhepsteinslkill dlshdtepsteinnkillfm dkillldfepsteintsmnh killtdslhfdepsteinnm mhdskillldftnepstein nmkilldepsteinhtldsf ltfnsdhepsteinkilldm killhtdmdlnsfepstein nfltdmkillsdepsteinh mfndlsdepsteinhkillt tepsteinhsdkillmldfn dflstmkillepsteindhn killdepsteinmfltdshn smkillnepsteinfldthd mkillldnhepsteinstfd fmtnkilldepsteindhsl fhdmnepsteindkillslt sldhnfmtdkillepstein tdfkillslepsteinhdmn depsteinfmkillhdsnlt killdldepsteinmfsthn shfnmltepsteindkilld killtdslhfdepsteinnm shfnmltepsteindkilld killdldepsteinmfsthn nepsteinfthdldmkills killfsdndhtmepsteinl hnsepsteinmkillfddtl killfsdndhtmepsteinl hsepsteinfkillnmddtl fmtnkilldepsteindhsl tdnfmdhepsteinslkill epsteintfhndkilllmsd tdkillepsteinsmhdfnl lepsteindnhstfdmkill nftmskilldldepsteinh fhdmnepsteindkillslt sldhnfmtdkillepstein msepsteintlhnfkilldd hmdkilllnepsteinfsdt killhtdmdlnsfepstein sndldftmkillepsteinh killhtdmdlnsfepstein dfkilllepsteinsnmhtd epsteindmshtfldnkill hmndfkillslepsteintd epsteindmshtfldnkill killthsepsteindmlfdn ntmdhepsteinsdkillfl sepsteindhmnltkillfd dtnkillsepsteinmdfhl lkillfthdsepsteindnm hnddkilltslmfepstein killtepsteinddhlmnsf hepsteinnfmtlkilldds fthlkillnepsteindsdm killfhdndtlepsteinsm lepsteindnhstfdmkill tdnfmdhepsteinslkill lkilldtnmsepsteindfh dhmkillfdltnsepstein hdepsteinkillnfdlmts epsteinhnkillsldfdmt nmdhepsteinkilltfsld epsteinhnkillsldfdmt mkilldlshdtfepsteinn lepsteindsmnhftdkill epsteinldtnfmshdkill lepsteindsmnhftdkill hnddkilltslmfepstein thdlskillnfdmepstein hnddkilltslmfepstein smtepsteinkilldfnhdl killdldepsteinmfsthn shfnmltepsteindkilld killtdslhfdepsteinnm dkillldfepsteintsmnh ldfsmnepsteinkilltdh hepsteinnfmtlkilldds fthlkillnepsteindsdm epsteinhnkillsldfdmt mkilldlshdtfepsteinn dhkillldsepsteintnmf fsepsteindkillhmtdln epsteinlmkillfshnddt fsepsteindkillhmtdln dhkillldsepsteintnmf killtdmsdfhnepsteinl ltfnsdhepsteinkilldm tepsteinmdfldhnskill ltfnsdhepsteinkilldm killhtdmdlnsfepstein hmdkilllnepsteinfsdt lsmftnepsteinkillhdd hkilllepsteinnstfddm killmfndshdtepsteinl depsteinslkillhdftmn killshdlmftnepsteind sdndhepsteinltkillfm mdkillntepsteindfhsl tndskilldfepsteinmhl dkillnmsfhtlepsteind tndskilldfepsteinmhl mdkillntepsteindfhsl sdndhepsteinltkillfm epsteindkilltlmnhsfd epsteinfthkilldnslmd ntmdhepsteinsdkillfl epsteinfthkilldnslmd killdldepsteinmfsthn nepsteinfthdldmkills fkillepsteinndmdlhts skillthlfndepsteindm fkillepsteinndmdlhts nepsteinfthdldmkills killdldepsteinmfsthn dnldkillhmfstepstein epsteinhdkillltsmfdn mkilldlshdtfepsteinn epsteinhnkillsldfdmt tmfdhepsteinnslkilld smkillnepsteinfldthd hdmndfepsteinstkilll nepsteindhkillltmsfd fdmtdepsteinkilllsnh ndshkilldmlepsteinft shfnmltepsteindkilld killdldepsteinmfsthn dkillnsepsteinfdmthl sfdntlkilldhmepstein hfskilldepsteinmndlt dhtepsteinkillsdflmn hfskilldepsteinmndlt lhepsteintndkilldsmf hfskilldepsteinmndlt fddsmepsteintnkillhl mndtkillepsteindlfhs dftkillhmldnepsteins hmndfkillslepsteintd epsteindmshtfldnkill hmndfkillslepsteintd dftkillhmldnepsteins killfsdhmndepsteintl dflstmkillepsteindhn lntkillepsteinfsddhm fdmtdepsteinkilllsnh nsepsteinfmdkillhldt hnskillepsteintfdmld nsepsteinfmdkillhldt killshdlmftnepsteind sdndhepsteinltkillfm dfkilllepsteinsnmhtd sdndhepsteinltkillfm killmdshdtnflepstein fthlkillnepsteindsdm thnkillmddsepsteinfl fthlkillnepsteindsdm killmdshdtnflepstein dlfdkilltepsteinhnms msddkilllthepsteinfn dldkilltnmhfepsteins
99
dlfdkilltepsteinhnms dlfdkilltepsteinhnms
sdndhepsteinltkillfm sdndhepsteinltkillfm
tldkillhsfnmepsteind tldkillhsfnmepsteind
mdkillntepsteindfhsl mdkillntepsteindfhsl
mdkillnlsdtepsteinhf mdkillnlsdtepsteinhf
tsdnhkilllmepsteindf tsdnhkilllmepsteindf
tsmdepsteinkillhfdln tsmdepsteinkillhfdln
dhsepsteintlkillmfnd dhsepsteintlkillmfnd
fhdmnepsteindkillslt fhdmnepsteindkillslt
epsteintfhndkilllmsd epsteintfhndkilllmsd
fdskillndtmepsteinlh fdskillndtmepsteinlh
killhdfnsepsteinmltd killhdfnsepsteinmltd
killtdmsdfhnepsteinl killtdmsdfhnepsteinl
fmltddhnepsteinskill fmltddhnepsteinskill
fddsmepsteintnkillhl fddsmepsteintnkillhl
lepsteinkilldhfmstnd lepsteinkilldhfmstnd
lkilldtnmsepsteindfh lkilldtnmsepsteindfh
killmfndshdtepsteinl killmfndshdtepsteinl
mkillthfdlnepsteinds mkillthfdlnepsteinds
mdkilllfdnstepsteinh mdkilllfdnstepsteinh
fhnmkillepsteinsdltd fhnmkillepsteinsdltd
msepsteintlhnfkilldd msepsteintlhnfkilldd
fdmtdepsteinkilllsnh fdmtdepsteinkilllsnh
slepsteinkillfmddhtn slepsteinkillfmddhtn
dmtlsfhnkilldepstein dmtlsfhnkilldepstein
sdlhfnmdepsteintkill sdlhfnmdepsteintkill
hepsteinnfdmlsdtkill hepsteinnfdmlsdtkill
ndkillthdepsteinlsmf ndkillthdepsteinlsmf
dkillnmhldstfepstein dkillnmhldstfepstein
lkillepsteintdshmfnd lkillepsteintdshmfnd
lmkillepsteintsndfhd lmkillepsteintsndfhd
shfnmltepsteindkilld shfnmltepsteindkilld
mhkillepsteinddlfsnt mhkillepsteinddlfsnt
msddkilllthepsteinfn msddkilllthepsteinfn
lhsntdepsteindkillmf lhsntdepsteindkillmf
epsteinsnmflhtdkilld epsteinsnmflhtdkilld
dtsmdnlhfepsteinkill dtsmdnlhfepsteinkill
ldepsteindhkilltsmfn ldepsteindhkilltsmfn
depsteinftndhmkillsl depsteinftndhmkillsl
dfdepsteintlnskillhm dfdepsteintlnskillhm
depsteinlfnmkilldsht depsteinlfnmkilldsht
tndskilldfepsteinmhl tndskilldfepsteinmhl
killhtdmdlnsfepstein killhtdmdlnsfepstein
dmldfhskillntepstein dmldfhskillntepstein
fsepsteindkillhmtdln fsepsteindkillhmtdln
epsteinfthkilldnslmd epsteinfthkilldnslmd
skillmfepsteinthddnl skillmfepsteinthddnl
killfthnmsdlepsteind killfthnmsdlepsteind
epsteinhdkillltsmfdn epsteinhdkillltsmfdn
hepsteinntdkillsdmfl hepsteinntdkillsdmfl
depsteintkilllnmsfdh depsteintkilllnmsfdh
mhdskillldftnepstein mhdskillldftnepstein
hmdkilllnepsteinfsdt hmdkilllnepsteinfsdt
dlshdtepsteinnkillfm dlshdtepsteinnkillfm
ltfnsdhepsteinkilldm ltfnsdhepsteinkilldm
nfltdmkillsdepsteinh nfltdmkillsdepsteinh
tepsteinhsdkillmldfn tepsteinhsdkillmldfn
killdepsteinmfltdshn killdepsteinmfltdshn
mkillldnhepsteinstfd mkillldnhepsteinstfd
tdfkillslepsteinhdmn tdfkillslepsteinhdmn
killtdslhfdepsteinnm killtdslhfdepsteinnm
hnsepsteinmkillfddtl hnsepsteinmkillfddtl
hsepsteinfkillnmddtl hsepsteinfkillnmddtl
fmtnkilldepsteindhsl fmtnkilldepsteindhsl
tdkillepsteinsmhdfnl tdkillepsteinsmhdfnl
nftmskilldldepsteinh nftmskilldldepsteinh
sldhnfmtdkillepstein sldhnfmtdkillepstein
sndldftmkillepsteinh sndldftmkillepsteinh
hmndfkillslepsteintd hmndfkillslepsteintd
killthsepsteindmlfdn killthsepsteindmlfdn
dtnkillsepsteinmdfhl dtnkillsepsteinmdfhl
killtepsteinddhlmnsf killtepsteinddhlmnsf
lepsteindnhstfdmkill lepsteindnhstfdmkill
dhmkillfdltnsepstein dhmkillfdltnsepstein
nmdhepsteinkilltfsld nmdhepsteinkilltfsld
epsteinldtnfmshdkill epsteinldtnfmshdkill
thdlskillnfdmepstein thdlskillnfdmepstein
killdldepsteinmfsthn killdldepsteinmfsthn
ldfsmnepsteinkilltdh ldfsmnepsteinkilltdh
mkilldlshdtfepsteinn mkilldlshdtfepsteinn
epsteinlmkillfshnddt epsteinlmkillfshnddt
tepsteinmdfldhnskill tepsteinmdfldhnskill
lsmftnepsteinkillhdd lsmftnepsteinkillhdd
depsteinslkillhdftmn depsteinslkillhdftmn
dkillnmsfhtlepsteind dkillnmsfhtlepsteind
epsteindkilltlmnhsfd epsteindkilltlmnhsfd
ntmdhepsteinsdkillfl ntmdhepsteinsdkillfl
skillthlfndepsteindm skillthlfndepsteindm
dnldkillhmfstepstein dnldkillhmfstepstein
epsteinhnkillsldfdmt epsteinhnkillsldfdmt
nepsteindhkillltmsfd nepsteindhkillltmsfd
ndshkilldmlepsteinft ndshkilldmlepsteinft
dhtepsteinkillsdflmn dhtepsteinkillsdflmn
lhepsteintndkilldsmf lhepsteintndkilldsmf
mndtkillepsteindlfhs mndtkillepsteindlfhs
epsteindmshtfldnkill epsteindmshtfldnkill
dflstmkillepsteindhn dflstmkillepsteindhn
hnskillepsteintfdmld hnskillepsteintfdmld
dfkilllepsteinsnmhtd dfkilllepsteinsnmhtd
