tepsteinfdkilldlmhns killepsteintdldshfnm nkillsdtdhfmlepstein htskillepsteindnlfdm hldmepsteindsnkilltf fnmhskilldepsteinltd ndlepsteinhdtskillfm snldmtkillfepsteindh skilldnmlhdftepstein nfdhepsteinltsdmkill thmepsteinlkillfsndd fnlskillhtepsteindmd hdepsteinsmdtnflkill tmhsnfepsteinldkilld ndlmhepsteintdskillf nlhtdsdepsteinfmkill killepsteintdldshfnm hdkillfmtslndepstein hepsteinnfstkilllmdd tskillepsteinhfmddnl lepsteinfdkillsdnmht dhlepsteindkillsmtnf epsteinthsdmndkillfl nkillsdtdhfmlepstein hfskillnepsteinldtdm killnfhdsdltepsteinm dhlepsteindkillsmtnf mfskillnhlddtepstein epsteindsmnlfdtkillh mfskillnhlddtepstein thmepsteinlkillfsndd killepsteintdldshfnm dtepsteindnhmskillfl fnmhskilldepsteinltd msnepsteinfkillhtdld hkillmepsteinstdfdnl msnepsteinfkillhtdld epsteinsdfmhltkillnd slepsteinftndkillmdh hdkillfmtslndepstein tepsteinfdkilldlmhns
25
killepsteintdldshfnm killepsteintdldshfnm
nkillsdtdhfmlepstein nkillsdtdhfmlepstein
htskillepsteindnlfdm htskillepsteindnlfdm
hldmepsteindsnkilltf hldmepsteindsnkilltf
fnmhskilldepsteinltd fnmhskilldepsteinltd
ndlepsteinhdtskillfm ndlepsteinhdtskillfm
snldmtkillfepsteindh snldmtkillfepsteindh
skilldnmlhdftepstein skilldnmlhdftepstein
nfdhepsteinltsdmkill nfdhepsteinltsdmkill
thmepsteinlkillfsndd thmepsteinlkillfsndd
fnlskillhtepsteindmd fnlskillhtepsteindmd
hdepsteinsmdtnflkill hdepsteinsmdtnflkill
tmhsnfepsteinldkilld tmhsnfepsteinldkilld
ndlmhepsteintdskillf ndlmhepsteintdskillf
nlhtdsdepsteinfmkill nlhtdsdepsteinfmkill
hepsteinnfstkilllmdd hepsteinnfstkilllmdd
tskillepsteinhfmddnl tskillepsteinhfmddnl
lepsteinfdkillsdnmht lepsteinfdkillsdnmht
dhlepsteindkillsmtnf dhlepsteindkillsmtnf
epsteinthsdmndkillfl epsteinthsdmndkillfl
killnfhdsdltepsteinm killnfhdsdltepsteinm
epsteindsmnlfdtkillh epsteindsmnlfdtkillh
msnepsteinfkillhtdld msnepsteinfkillhtdld
hkillmepsteinstdfdnl hkillmepsteinstdfdnl
epsteinsdfmhltkillnd epsteinsdfmhltkillnd
