149 000 001 002 013 024 015 006 015 024 025 026 025 024 031 044 036 037 038 048 038 037 036 041 030 020 010 000 149 060 062 054 053 050 053 054 053 056 053 054 059 054 062 060 062 054 063 064 063 065 063 054 053 056 066 056 053 054 062 070 067 070 071 068 071 070 069 070 062 054 063 079 078 079 078 077 076 080 076 081 076 077 078 083 078 077 076 075 074 085 074 086 084 088 087 089 087 086 084 072 063 090 091 092 097 096 097 090 063 054 062 060 149 100 105 103 104 102 101 100 105 109 111 109 105 100 107 116 115 117 126 122 123 122 126 122 121 125 140 142 140 125 121 116 107 100 149
35
006 006
026 026
031 031
037 037
048 048
050 050
053 053
054 054
056 056
059 059
060 060
064 064
065 065
066 066
067 067
068 068
069 069
078 078
079 079
080 080
081 081
083 083
085 085
086 086
088 088
089 089
091 091
096 096
097 097
103 103
104 104
111 111
115 115
123 123
126 126
