60 00 01 02 13 24 15 06 15 24 25 26 25 24 31 44 36 37 38 48 38 37 36 41 30 20 10 00 60 62 54 53 50 53 54 53 56 53 54 59 54 62 60 62 54 63 64 63 65 63 54 53 56 66 56 53 54 62 70 67 70 71 68 71 70 69 70 62 54 63 79 78 79 78 77 76 80 76 81 76 77 78 83 78 77 76 75 74 85 74 86 84 88 87 89 87 86 84 72 63 90 91 92 97 96 97 90 63 54 62 60
28
06 06
26 26
31 31
37 37
48 48
50 50
53 53
54 54
56 56
59 59
60 60
64 64
65 65
66 66
67 67
68 68
69 69
78 78
79 79
80 80
81 81
83 83
85 85
86 86
88 88
89 89
91 91
96 96
