start loc1 home51 loc1 home55 loc1 loc3 loc1 home54 loc1 start loc50 home98 loc50 home96 loc50 home92 loc50 home94 loc50 home100 loc50 start loc1 loc3 loc4 loc5 loc6 home61 loc6 home64 loc6 home59 loc6 home60 loc6 home63 loc6 loc7 loc8 loc9 loc10 loc11 loc12 loc13 loc14 loc15 loc16 loc17 loc106 loc19 loc106 home78 loc106 home76 loc106 home72 loc106 home73 loc106 home75 loc106 loc19 loc20 loc21 loc22 loc23 loc24 loc25 home89 loc25 home82 loc25 home88 loc25 home83 loc25 home81 loc25 home86 loc25 home80 loc25 loc24 loc23 loc22 loc21 loc20 loc19 loc106 loc17 loc16 loc15 loc14 loc13 loc12 loc11 loc10 loc9 loc8 loc7 loc6 loc5 loc4 loc3 loc1 start
30
home51 home51
loc1 home52 home53 home56 home57 home58
home54 home54
home55 home55
home59 home59
home60 home60
home61 home61
loc6 home62 home65 home66 home67 home68 home69
home63 home63
home64 home64
loc106 home70 home71 home74 home77 home79
home72 home72
home73 home73
home75 home75
home76 home76
home78 home78
home80 home80
home81 home81
home82 home82
home83 home83
loc25 home84 home85 home87
home86 home86
home88 home88
home89 home89
loc50 home90 home91 home93 home95 home97 home99
home92 home92
home94 home94
home96 home96
home98 home98
home100 home100
