CorpusChristi ElPaso Akron ElPaso Cincinnati Amarillo Cincinnati ElPaso Akron DalyCity Canton Columbia Davenport Bloomington Austin Beaumont Detroit Columbus Detroit Beaumont Austin Asheville Austin Bloomington Davenport Carrollton Arvada Carrollton Davenport Anchorage BelAir Anchorage Davenport Clarksville Chattanooga Escondido Arlington Augusta BatonRouge Chesapeake Durham Chesapeake BatonRouge Augusta Arlington Escondido Chattanooga Clarksville Davenport Elkhart Champaign Anaheim CathedralCity Anaheim Champaign Elkhart Davenport Columbia Canton Clearwater Bryan Clearwater BoiseCity Danbury Dallas Danbury DavidsonCounty AppleValley Chandler AppleValley DavidsonCounty ColoradoSprings Chicago Appleton Chicago Denton Bremerton Denton CorpusChristi
28
Akron Akron DalyCity
Columbus Albuquerque Columbus
CorpusChristi Alexandria CapeCoral CorpusChristi Downey ElMonte ElPaso
Amarillo Amarillo
CathedralCity Anaheim CathedralCity
AppleValley AppleValley ColoradoSprings
Appleton Appleton Bridgeport Chicago
Arvada Arvada
Asheville Asheville
Augusta Augusta
Austin Austin
Beaumont Beaumont
BelAir BelAir
Bloomington Bloomington
Danbury BoiseCity Danbury
Dallas BonitaSprings Dallas
Clearwater Boulder Clearwater
Bremerton Bremerton Denton Denver
Columbia Brownsville Canton Charleston Columbia
Bryan Bryan
Carrollton Carrollton
Champaign Champaign Elkhart
Chandler Chandler
Chattanooga Chattanooga Escondido
Cincinnati Cincinnati
Davenport Davenport Elizabeth
Anchorage Deltona
Durham Durham
