FortCollins Elkhart Bremerton Grayslake Bremerton Allentown Detroit Lacey Brighton Lacey Irving Cary Irving Lacey Detroit Allentown Bremerton Henderson LittleRock Henderson BoiseCity Eugene BoiseCity Henderson Bremerton Elkhart FortCollins Harlingen Anaheim Harlingen Knoxville Hemet Knoxville Harlingen FortCollins Bakersfield AnnArbor Bakersfield FortCollins Akron Elizabeth Akron FortSmith Arvada Leominster Arvada Hickory Arvada Fargo Arvada Davenport Albuquerque Davenport Arvada FortWaltonBeach Amarillo Alexandria Amarillo FortWaltonBeach Arvada Hickory Inglewood Lubbock Louisville Lubbock Inglewood Hickory Arvada FortSmith Akron FortCollins Elkhart Champaign Harrisburg Irvine Harrisburg Champaign Elkhart FortCollins Harlingen Anaheim Kennewick LasVegas Bellevue Independence Bellevue LasVegas Austin Lorain Clarksville Dallas Jefferson Burbank Jefferson Marysville Aberdeen Barnstable Brownsville Fayetteville Appleton Fayetteville Brownsville Barnstable Gilbert Jacksonville Gilbert Houston DalyCity Houston Beaumont Bethlehem Beaumont Houston Fresno Kalamazoo Fresno Houston Gilbert Barnstable Aberdeen CollegeStation ElPaso CollegeStation Boise CollegeStation Laredo Carrollton Berkeley DavidsonCounty Berkeley Carrollton Frederick Hampton Lafayette Hampton Frederick Carrollton Laredo CollegeStation Aberdeen Marysville Jefferson Burbank Indianapolis Garland GrandRapids Garland Indianapolis Burbank Jefferson Dallas Clarksville Lorain Austin Layton Bloomington Layton FortWayne Evansville Clearwater Chicago FortCollins
52
Aberdeen Aberdeen
LittleRock Abilene LittleRock
Akron Akron
Albuquerque Albuquerque
Alexandria Alexandria
Allentown Allentown AppleValley
Amarillo Amarillo FortWaltonBeach
Anaheim Anaheim Kennewick
FortWayne Anchorage Danbury Evansville Fairfield Joliet Lancaster LasCruces
AnnArbor AnnArbor
Appleton Appleton
Arvada Arvada Erie
Leominster Atlanta Leominster Manchester
Barnstable Augusta Barnstable Brownsville Gilbert
Lorain Austin CedarRapids Cleveland Lorain
Bakersfield Bakersfield
Fargo Baltimore BonitaSprings Fargo
Houston Beaumont Fresno Houston
Bellevue Bellevue Lakeland
Berkeley Berkeley CapeCoral ElMonte
Bethlehem Bethlehem
Boise Boise
Eugene BoiseCity Eugene
Clarksville Bradenton Dallas
Bremerton Bremerton Henderson
Brighton Brighton Fremont
Burbank Burbank Indianapolis Jefferson
Carrollton Carrollton Frederick
Cary Cary
Elkhart Champaign Elkhart
Bloomington Chandler ColoradoSprings Denver DesMoines Layton
Chicago Chicago
ElPaso CollegeStation ElPaso
DalyCity DalyCity
DavidsonCounty DavidsonCounty
Detroit Detroit
Elizabeth Elizabeth
Fayetteville Fayetteville
Irvine Fontana Harrisburg Irvine
FortCollins FortCollins Hollywood
GrandRapids Garland GrandRapids
Grayslake Grayslake
Lafayette Hampton Lafayette Lakewood
Harlingen Harlingen
Hemet Hemet Knoxville
Hickory Hickory Inglewood
Independence Independence
Irving Irving
Jacksonville Jacksonville
Kalamazoo Kalamazoo
Lacey Lacey
Louisville Louisville Lubbock
