BatonRouge Aberdeen Abilene Albany Augusta Albuquerque Amarillo Anchorage Bellevue AnnArbor Brownsville Arvada Atlanta AtlanticCity Aurora Barnstable BatonRouge Beaumont Allentown Atlanta Berkeley Bethlehem Augusta Birmingham AnnArbor BoiseCity Boston Boulder Birmingham Bradenton Bryan Buffalo Burbank Cambridge BatonRouge
24
Aberdeen Aberdeen
Abilene Abilene
Albany Albany
Albuquerque Albuquerque
Amarillo Amarillo
Anchorage Anchorage
AnnArbor AnnArbor
Arvada Arvada
Atlanta Atlanta
AtlanticCity AtlanticCity
Aurora Aurora
Barnstable Barnstable
BatonRouge BatonRouge
Beaumont Beaumont
Berkeley Berkeley
Bethlehem Bethlehem
Birmingham Birmingham
BoiseCity BoiseCity
Boston Boston
Boulder Boulder
Bradenton Bradenton
Bryan Bryan
Buffalo Buffalo
Burbank Burbank
