152 75 50 184 7 14 8 108 89 108 8 14 85 96 85 61 45 160 175 160 157 160 45 61 85 14 7 184 179 0 62 145 62 0 154 51 172 51 2 51 130 180 130 94 105 94 13 38 13 94 130 51 154 78 123 170 123 54 115 59 53 4 113 5 182 5 113 4 53 102 181 102 53 59 115 54 123 78 154 0 155 58 1 80 186 80 1 58 155 0 95 35 166 81 166 35 95 0 179 119 101 139 134 139 36 142 87 171 66 171 87 142 169 142 36 139 65 144 65 139 101 37 101 119 179 184 50 183 185 111 185 183 50 75 152 27 97 27 152 75 50 184 179 0 154 51 130 94 173 24 143 151 143 24 149 41 73 21 73 41 90 116 147 84 56 84 147 116 90 41 149 150 91 152
45
111 31 112 111 168
142 142 28
97 97 27
90 116 165 90
89 89 60
105 105 94
45 79 45
169 169
157 157
170 170 54
56 56
134 134
172 172
37 37
183 9 183
175 175
91 163
73 41 73 149 126
166 35 166
0 95 0
171 171
139 139 65 101
78 78
151 143 151
81 81
186 12
58 58
50 50 153
21 92
87 87
96 85 96
182 5 182
180 130 180
62 121
145 145
4 113 53
38 13 42 38
8 136 8
184 184
144 144
181 181
2 2
51 51
75 75
66 66
