4HOMU ZRPB5 YJ67U 8CLEZ Z22CS KOYRV Z22CS 8CLEZ YJ67U ZRPB5 4HOMU JXLE1 X180A LIRLU X180A JXLE1 4HOMU C7WKJ OIPRN P419D XEEQB P419D WI88U EDSMH WI88U P419D OIPRN C7WKJ V8GEC 53Y1R K50JQ 6OA3K CFGE5 PXCIN 2BUI5 6WOBI 2BUI5 7GA8O 2BUI5 PXCIN L2PQE TCC7B L2PQE PXCIN CFGE5 6OA3K K50JQ 53Y1R CM5WA 4WDJE VHCFR AT3CI 768ZF AT3CI SHOOM AT3CI VHCFR 4WDJE BE5V8 4WDJE ELH5L TI35I RAAD4 HWKGJ C8O6I 45JXE DOLRQ 45JXE PTADN 45JXE C8O6I HWKGJ H1LTE HWKGJ LKP22 HWKGJ T9O11 PYPSO DCHO3 RU85S 50J5H RU85S HZHRA RU85S DCHO3 PYPSO T9O11 HWKGJ RAAD4 FRZVP 69BJO FRZVP RAAD4 TI35I ELH5L IF7TL 6ACGE 0U9HU KC9RF 0U9HU 6ACGE Q5DAA WZB33 Q5DAA SKPO7 Q5DAA 0D2BR Q02X6 0D2BR Q5DAA 3AIXW Q5DAA 6ACGE IF7TL ELH5L 4WDJE W2M5C Q7FCL W2M5C 4WDJE CM5WA 53Y1R DTPF4 TORQI 1F0YL TORQI L2GJ5 TORQI DTPF4 53Y1R CM5WA 4WDJE ELH5L UW44H Y61KP TBPBM M1HJR NPDI9 M1HJR TBPBM Y61KP UW44H 52MNN 4YS4G 4HOMU
53
PXCIN L2PQE CFGE5 PXCIN LEBVZ
Q02X6 945CN 1RS2N
L2GJ5 L2GJ5
LIRLU 2C63O LIRLU
XEEQB SYV5N XEEQB
768ZF 768ZF
RU85S RU85S
KOYRV KOYRV
KC9RF KC9RF
4YS4G ZN2EP SA6G0 IZESQ 52MNN
DOLRQ 45JXE DOLRQ
TI35I UW44H TI35I ELH5L
0D2BR 0D2BR
NPDI9 M1HJR ZHSBU NPDI9
1F0YL 1F0YL
WZB33 WP2MA 0VPRW ZZH8Z WZB33 Q5DAA
50J5H 50J5H
Q7FCL Q7FCL W2M5C
SHOOM SHOOM
HWKGJ HWKGJ
IF7TL 6ACGE IF7TL
TORQI DTPF4 TORQI
7GA8O 7GA8O
K50JQ 7U3JG 53Y1R K50JQ V8GEC
BE5V8 BE5V8
ZRPB5 TY0L7 C7WKJ ZRPB5 61QWU PMFJ2
EDSMH WI88U EDSMH
PYPSO DCHO3 8EXDQ PYPSO T9O11
RAAD4 RAAD4 9WSXC FCYPJ
FRZVP FRZVP
HZHRA HZHRA
TBPBM Y61KP TBPBM
P419D P419D OIPRN FC0PR
LKP22 V22SY MC71K LLTLN LKP22
JXLE1 JXLE1
H1LTE H1LTE C45HH OLLV9 BVMDZ
X180A DDXG0 X180A
PTADN PTADN
2BUI5 2BUI5 A1QRL
3AIXW 3AIXW
0U9HU 0U9HU
4WDJE 4WDJE
VHCFR W2H22 VHCFR
CM5WA CM5WA WXZHF
6WOBI 6WOBI
AT3CI AT3CI
SKPO7 SKPO7
69BJO 69BJO
6OA3K 6OA3K
C8O6I C8O6I
YJ67U YJ67U
8CLEZ 8CLEZ
TCC7B TCC7B
