WNYCV UUOP5 2CPYE UUOP5 XTUSM UUOP5 18R1B URMBF GXYLV HR8IA OE5TB HR8IA GXYLV URMBF 2FT0Z URMBF 18R1B H7R17 XRQ65 5I6U4 V11OW 1BUOS V11OW 5I6U4 XRQ65 H7R17 18R1B F5YBY 91RFG F5YBY 18R1B UUOP5 9HVLF UUOP5 18R1B URMBF CHXFM GAXPM QTZLJ 77EY5 KRLTG 77EY5 QTZLJ 42QVU KR27P B8UZ8 1ACIU XD7IR 1ACIU B8UZ8 KR27P 42QVU QTZLJ 7CXN0 XPFOM 7CXN0 ULCTZ H8ZPW CUG55 BMC9X ZA57Z QM4LH WNYCV
27
H7R17 XRQ65 EQWAL
B8UZ8 1ACIU B8UZ8
H8ZPW H8ZPW KB443 X2AM4 YMTTJ
GXYLV GXYLV
91RFG TG5ZG 91RFG F5YBY
OE5TB OE5TB
2CPYE QSI1X 1UWW5 F07YB
77EY5 QTZLJ 77EY5 EYREL
HR8IA HR8IA
ULCTZ ULCTZ
V11OW V11OW
XPFOM XPFOM HHCET 65TK9 7CXN0
UUOP5 K1ZSD UUOP5 BO3AW
5I6U4 5I6U4 2KYXC
XTUSM XTUSM UGOIO
KRLTG KRLTG
URMBF XBRKQ URMBF HZ80H H212X
ZA57Z ZA57Z
1BUOS 1BUOS
2FT0Z 2FT0Z
42QVU 42QVU
GAXPM GAXPM 1NBGE XDKMD
CUG55 CUG55
XD7IR XD7IR
BMC9X BMC9X
9HVLF 9HVLF
18R1B 18R1B
