fab8g 7J90B cDkiZ yM9nQ iy8Ty guI5B 0SCRq bD2TR TjmY2 fab8g TjmY2 gwQSf 4Dy05 PpZP8 LBzlR Nbb6U HPcVt Flgse Gt2w1 tcyH9 1pNjr 015ql 1rURn cm8oa pnHil 8tK4L BWyM2 pnHil G944F 8PY0r 4Dy05 KzS0e TjmY2 Bw1D7 HaHFT cQMFl GHmnJ eDWES I7fCS Vjk2Z lJJK2 RgC1Q mgHYN 77EXR n9AEE 1rURn 4GEPG f5Qx2 tEdSo 4Dy05 b4E7v G91ym g1WJz wiGnS rzyrR bepE0 9ZatH 2Z0oU zgyDJ AGorf TQZik I7fCS FW6DI g1WJz 3XMfZ RgC1Q TjmY2 Q0oXi aiycm bSoeD lJfgZ g1WJz 77EXR 1SvIs zgyDJ BJ1iC zgyDJ 0YoJb VIl39 HigE0 pesnn HPcVt CT8M8 I7fCS KWmhW VUKiE obqW1 HKgVO pnHil O1QPI vonuO cQMFl DHhK9 5Ix1v 4Dy05 yM9nQ l0HDP pnHil kCdcu H6HgM nScgp 1OpM2 Gt2w1 lcarA rO2GE H6HgM XDGuI HPcVt adW6k ciJ7c o4F0A 4ORRk Upoa8 TtUXd f5Qx2 nRTkO f5Qx2 RhMSo VUKiE qchZ3 VUKiE tQXF5 f5Qx2 BybTG rzyrR F7m3U HigE0 RnwlC Upoa8 KB016 Upoa8 9u8oD Upoa8 L54Jg Gt2w1 dAx9s cQMFl wKKkJ f5Qx2 ZlgGe zgyDJ c17Qf 4b2sA rO2GE rzyrR H6HgM uQK8T TjmY2 sF84c pnHil P5ucv zgyDJ f5Qx2 vonuO 3FUsL 9ZatH fhc2k zgyDJ 1xx4U zgyDJ Lqz0g zgyDJ 8xyrX zgyDJ x8KLa zgyDJ B3NSd VUKiE xoAtW fr0Bd fab8g
100
7J90B 7J90B
cDkiZ cDkiZ
iy8Ty iy8Ty
guI5B guI5B
bD2TR bD2TR
fab8g fab8g
gwQSf gwQSf
PpZP8 PpZP8
LBzlR LBzlR
Nbb6U Nbb6U
Flgse Flgse
Gt2w1 Gt2w1
1pNjr 1pNjr
015ql 015ql
cm8oa cm8oa
8tK4L 8tK4L
BWyM2 BWyM2
G944F G944F
8PY0r 8PY0r
KzS0e KzS0e
Bw1D7 Bw1D7
HaHFT HaHFT
GHmnJ GHmnJ
eDWES eDWES
Vjk2Z Vjk2Z
lJJK2 lJJK2
mgHYN mgHYN
n9AEE n9AEE
4GEPG 4GEPG
tEdSo tEdSo
b4E7v b4E7v
G91ym G91ym
wiGnS wiGnS
bepE0 bepE0
2Z0oU 2Z0oU
AGorf AGorf
TQZik TQZik
FW6DI FW6DI
3XMfZ 3XMfZ
RgC1Q RgC1Q
Q0oXi Q0oXi
aiycm aiycm
lJfgZ lJfgZ
g1WJz g1WJz
1SvIs 1SvIs
BJ1iC BJ1iC
0YoJb 0YoJb
VIl39 VIl39
pesnn pesnn
CT8M8 CT8M8
KWmhW KWmhW
obqW1 obqW1
HKgVO HKgVO
O1QPI O1QPI
cQMFl cQMFl
DHhK9 DHhK9
5Ix1v 5Ix1v
yM9nQ yM9nQ
l0HDP l0HDP
kCdcu kCdcu
nScgp nScgp
1OpM2 1OpM2
lcarA lcarA
H6HgM H6HgM
XDGuI XDGuI
adW6k adW6k
ciJ7c ciJ7c
o4F0A o4F0A
4ORRk 4ORRk
TtUXd TtUXd
nRTkO nRTkO
RhMSo RhMSo
qchZ3 qchZ3
tQXF5 tQXF5
BybTG BybTG
F7m3U F7m3U
RnwlC RnwlC
KB016 KB016
9u8oD 9u8oD
L54Jg L54Jg
dAx9s dAx9s
wKKkJ wKKkJ
ZlgGe ZlgGe
c17Qf c17Qf
4b2sA 4b2sA
rzyrR rzyrR
uQK8T uQK8T
sF84c sF84c
P5ucv P5ucv
f5Qx2 f5Qx2
3FUsL 3FUsL
9ZatH 9ZatH
fhc2k fhc2k
1xx4U 1xx4U
Lqz0g Lqz0g
8xyrX 8xyrX
x8KLa x8KLa
B3NSd B3NSd
VUKiE VUKiE
fr0Bd fr0Bd
