10 59 15 53 30 35 64 35 30 53 15 59 10 14 69 68 69 21 23 89 54 55 90 55 2 82 83 82 2 55 54 89 43 8 61 93 61 6 97 66 40 66 97 6 61 8 43 77 76 46 48 42 81 42 80 42 48 78 79 78 48 46 76 77 43 89 23 74 75 24 45 73 72 41 18 31 91 57 91 31 18 41 87 51 87 86 50 86 87 41 72 3 71 34 70 34 71 3 0 84 85 20 58 10
30
50 50 86
51 51 87
35 52 88
15 53 59
54 54
55 55 62 63 94 95
91 56 91
57 57
10 58 92
93 60 93
61 61
64 64 65 96
66 66 97
40 67 98
68 68 69
70 70
3 71
41 72
45 73
75 74 75
46 76
43 77
79 78 79
80 80
81 81
82 82
83 83
85 84 85
89 89
90 90
