0 92 157 92 159 2 176 119 33 185 33 186 33 179 124 179 180 179 33 18 147 80 146 194 193 194 146 7 153 51 152 198 197 151 197 198 152 51 153 7 146 80 147 18 33 185 133 91 135 91 134 41 181 41 134 91 78 31 108 31 106 167 168 167 106 31 78 91 133 185 33 119 176 2 196 23 109 110 17 111 17 110 109 21 154 93 156 30 104 103 104 30 189 139 96 140 190 140 96 139 189 30 136 187 188 187 136 85 136 30 156 93 154 21 109 169 109 21 115 25 116 25 115 21 109 23 196 149 148 88 150 88 148 149 196 2 164 163 100 43 102 43 100 49 183 130 95 131 184 131 95 130 183 49 100 163 164 15 144 60 143 192 191 192 143 60 64 35 114 35 112 171 112 35 113 172 113 35 64 60 144 15 164 2 123 94 122 94 15 0
60
100 100
163 101 163 164
102 102
103 103 105 165 166
104 104
167 106 167
168 107 168
108 108
109 109
110 110 170
111 111
112 112
113 113
114 114
21 115 173
116 116 174
25 117
23 118 175
119 119 120
122 121 122 177 178
2 123 159
124 124 126 179
180 125 180
181 127 128 129 181 182
130 130 183
184 131 184
95 132
185 133 185
134 134
135 135
187 136 187
188 137 188
85 138
96 139 140 141
191 142 191
143 143
144 144
193 145 193
146 146 194
147 147
148 148 195
149 149
150 150
151 151
152 152
153 153
93 154 155 156
157 157
0 158 160 161 162
169 169
171 171
172 172
176 176
186 186
189 189
190 190
192 192
196 196
197 197
198 198
