0 2 6 14 6 13 28 58 28 13 27 56 114 56 113 56 27 13 6 14 29 59 119 59 29 14 30 62 30 61 30 14 6 2 5 12 25 51 103 51 104 51 25 52 106 52 105 52 25 12 5 11 23 47 96 194 96 193 96 47 95 47 23 48 97 195 97 196 97 48 23 11 24 49 99 199 99 49 100 49 24 11 5 12 26 53 107 53 26 54 110 54 26 12 5 2 0 1 3 7 3 8 18 37 75 152 75 151 75 37 76 154 76 37 18 38 77 156 77 155 77 38 78 157 78 38 18 8 17 35 71 144 71 35 72 146 72 35 17 36 74 36 73 148 73 36 17 8 3 1 4 10 21 44 89 180 89 44 90 44 21 43 88 43 87 176 87 43 21 10 22 46 94 46 93 187 93 46 22 45 92 185 92 45 91 183 91 45 22 10 4 9 19 39 80 162 80 161 80 39 79 160 79 159 79 39 19 40 82 166 82 40 81 164 81 40 19 9 20 41 84 41 83 167 83 41 20 42 85 172 85 171 85 42 86 173 86 42 20 9 4 1 3 7 16 33 67 135 67 136 67 33 68 33 16 34 70 142 70 34 69 139 69 34 16 7 15 32 66 32 65 32 15 31 63 128 63 127 63 31 15 7 3 1 0
73
100 100
11 101 102
103 103
104 104
105 105
106 106
107 107
53 108
110 109 110
13 111 112 115 116
113 113
114 114
58 117 118
119 119
59 120
14 121 122
61 123 124
62 125 126
127 127
128 128
63 129 130
65 131 132
66 133 134
135 135
136 136
68 137 138
139 139 140
70 141
142 142
71 143
144 144
72 145
146 146
148 147 148
74 149 150
151 151
152 152
154 153 154
155 155
156 156
157 157 158
159 159
160 160
161 161
162 162
81 163
164 164
82 165
166 166
167 167 168
84 169 170
171 171
172 172
173 173 174
87 175
176 176
88 177 178
89 179
180 180
90 181 182
183 183
91 184
185 185
92 186
187 187 188
94 189 190
95 191 192
193 193
194 194
195 195
196 196
48 197 198
199 199
