0 1 3 7 15 31 15 32 66 32 15 7 16 34 69 34 70 34 16 33 68 33 16 7 3 8 18 37 75 37 18 38 78 38 77 38 18 8 17 35 71 35 17 36 73 36 17 8 3 1 4 9 19 39 79 39 80 39 19 40 81 40 19 9 20 41 83 41 20 9 4 10 21 44 89 44 21 43 87 43 21 10 22 46 94 46 22 45 91 45 92 45 22 10 4 1 0 2 5 11 23 48 98 48 97 48 23 11 24 50 24 49 99 49 24 11 5 12 26 12 25 51 25 12 5 2 6 13 28 58 28 13 27 55 27 56 27 13 6 14 29 14 30 62 30 14 6 2 0
39
50 50
51 51 52
26 53 54
55 55
56 56
28 57
58 58
29 59 60
30 61
62 62
31 63 64
32 65
66 66
68 67 68
69 69
70 70
71 71
35 72
73 73
36 74
75 75
37 76
77 77
78 78
79 79
80 80
81 81
19 82
83 83
41 84 85 86
87 87 88
89 89 90
91 91
92 92
94 93 94
23 95 96
97 97
98 98
99 99
