1 96 71 35 92 84 43 15 43 84 92 35 71 96 1 4 2 98 83 87 91 97 0 95 94 72 86 22 45 54 42 44 16 80 78 76 89 88 24 67 81 49 59 49 34 49 53 49 56 49 52 49 70 49 55 49 74 49 38 57 61 79 77 66 69 62 81 68 90 63 82 60 58 81 75 67 24 88 89 76 78 80 16 85 51 64 46 48 47 99 45 27 29 39 40 18 73 30 23 28 31 50 32 26 41 19 36 37 65 12 8 13 14 33 20 11 9 17 21 25 10 3 5 7 93 6 93 7 5 3 10 25 21 17 9 11 20 33 14 13 8 12 65 37 36 19 41 26 32 50 31 28 23 30 73 18 40 39 29 27 45 22 86 72 94 95 0 97 91 87 83 98 2 4 1
50
15 15
94 94
45 45
54 54
42 42
44 44
16 16
80 80
78 78
76 76
89 89
88 88
24 24
67 67
81 81
49 49
59 59
34 34
53 53
56 56
52 52
70 70
55 55
74 74
38 38
57 57
61 61
79 79
77 77
66 66
69 69
62 62
68 68
90 90
63 63
82 82
60 60
58 58
75 75
85 85
51 51
64 64
46 46
48 48
47 47
99 99
36 36
20 20
7 7
6 6
