55 2 18 3 4 6 7 9 11 15 12 13 15 4 16 20 18 20 21 1 23 1 25 27 29 31 32 34 35 36 37 39 15 41 42 5 44 45 46 48 7 49 3 51 52 54 55 57 58 60 61 62 63 1 65 12 67 29 69 70 71 2 72 73 75 77 79 15 80 81 5 83 3 85 3 87 89 90 10 92 93 94 2 96 98 4 99 2 100 2 102 103 25 104 20 106 107 108 110 112 1 55
73
2 2
3 3
4 4
6 6
7 7
9 9
11 11
12 12
13 13
15 15
16 16
18 18
20 20
21 21
23 23
25 25
27 27
29 29
31 31
32 32
34 34
35 35
36 36
37 37
39 39
41 41
42 42
44 44
45 45
46 46
48 48
49 49
51 51
52 52
54 54
55 55
57 57
58 58
60 60
61 61
62 62
63 63
65 65
67 67
69 69
70 70
71 71
72 72
73 73
75 75
77 77
79 79
80 80
81 81
83 83
85 85
87 87
89 89
90 90
92 92
93 93
94 94
96 96
98 98
99 99
100 100
102 102
103 103
104 104
106 106
107 107
108 108
110 110
