Soda ChiOmega SigmaKappa AlphaChi Cory DeltaDelta InternationalHouse Soda BerkeleyHillel BerkeleyHigh Jupiter Etcheverry Mars Etcheverry Venus Soda Saturn AlphaCentauri Cory Gregoire BayStreet Dwinelle Emeryville Pomona Compton Ashby Perris Fontana Cory SanBernardino Cory Upland Chino Whittier Dwinelle SouthGate Tijuana SanDiego Etcheverry Jalisco Etcheverry Guadalajara Bechtel SanMiguel NorthGate Tuxcacuesco Talpa ElGrullo Soda MexicoCity Dwinelle Tuhuamixtel Myto Etcheverry Kips TripleRock Etcheverry Rasputin Cory CREAM Tako Cory Tang Cory Cancun DKingGallery Soda BAMPFA Platano Dwinelle CafeTibet Dwinelle FantasticComics SantaBarbara Soda Sacramento Etcheverry LosAngeles Davis Irvine Bechtel Riverside Dwinelle VictoryPoint Cory ChezPanisse Sibley Soda
55
ChiOmega ChiOmega
SigmaKappa SigmaKappa
AlphaChi AlphaChi
DeltaDelta DeltaDelta
InternationalHouse InternationalHouse
BerkeleyHillel BerkeleyHillel
BerkeleyHigh BerkeleyHigh
Jupiter Jupiter
Mars Mars
Venus Venus
Saturn Saturn
AlphaCentauri AlphaCentauri
Gregoire Gregoire
BayStreet BayStreet
Emeryville Emeryville
Pomona Pomona
Compton Compton
Ashby Ashby
Perris Perris
Fontana Fontana
SanBernardino SanBernardino
Upland Upland
Chino Chino
Whittier Whittier
SouthGate SouthGate
Tijuana Tijuana
SanDiego SanDiego
Jalisco Jalisco
Guadalajara Guadalajara
SanMiguel SanMiguel
Tuxcacuesco Tuxcacuesco
Talpa Talpa
ElGrullo ElGrullo
MexicoCity MexicoCity
Tuhuamixtel Tuhuamixtel
Myto Myto
Kips Kips
TripleRock TripleRock
Rasputin Rasputin
CREAM CREAM
Tako Tako
Tang Tang
Cancun Cancun
DKingGallery DKingGallery
BAMPFA BAMPFA
Platano Platano
CafeTibet CafeTibet
FantasticComics FantasticComics
SantaBarbara SantaBarbara
Sacramento Sacramento
LosAngeles LosAngeles
Irvine Irvine
Riverside Riverside
VictoryPoint VictoryPoint
ChezPanisse ChezPanisse
