Soda Doe Dwinelle Wheeler Stephans Stanley Haas Evans Hertz Dwinelle Barrows RSF Etcheverry Sproul Soda GBC Hearst MLK BWW Cory MemorialStadium Dwinelle MainStacks Dwinelle Morgan Mulford Wellman Soda Unit1 Unit2 Etcheverry Unit3 Blackwell BC Foothill ClarkKerr LakeMerrit GoldenStatePark TheRoof Cory Soda
26
Doe Doe
Wheeler Wheeler
Stephans Stephans
Haas Haas
Hertz Hertz
Barrows Barrows
RSF RSF
Sproul Sproul
GBC GBC
MLK MLK
BWW BWW
MemorialStadium MemorialStadium
MainStacks MainStacks
Morgan Morgan
Mulford Mulford
Wellman Wellman
Unit1 Unit1
Unit2 Unit2
Unit3 Unit3
Blackwell Blackwell
BC BC
Foothill Foothill
ClarkKerr ClarkKerr
LakeMerrit LakeMerrit
GoldenStatePark GoldenStatePark
TheRoof TheRoof
