5 4 33 137 42 165 63 165 94 20 11 20 35 188 142 25 105 25 142 188 110 188 35 20 94 39 92 39 94 165 173 165 42 44 86 85 86 44 42 165 94 109 192 18 192 100 78 179 78 29 164 29 78 100 192 96 175 22 175 96 155 40 123 62 34 138 55 102 55 138 116 95 116 134 50 134 71 119 67 41 67 119 71 134 116 138 34 133 68 195 68 133 186 112 171 104 83 117 83 104 171 82 129 146 129 82 154 187 154 82 27 0 53 199 166 32 166 122 166 199 48 199 53 0 27 174 101 1 101 174 27 82 171 112 186 189 77 143 77 140 77 189 186 133 34 76 81 19 151 19 81 76 34 121 52 162 52 121 157 121 34 133 120 158 80 158 2 60 72 149 90 159 90 149 72 60 2 158 45 14 45 158 120 133 34 62 36 91 150 130 64 37 177 37 64 130 150 91 191 194 191 150 130 5
61
112 10 103 189
194 194
1 1 101
100 100
81 47 43 81
149 28 180 149
50 178 50 71
133 133
171 171
14 14
85 85
2 2
150 91
48 48
33 33 137
122 122
76 76 156
32 32
187 187
146 146
138 138 69 153 116 61 51 183
64 37 64
175 96
199 199 53
20 135 20
27 174
92 39 92
140 140
41 67 41
142 25 188
177 177
34 9 34
165 193 42
104 104
105 105 17
117 31 170 83
94 168 75 152 58
63 26 63
162 162
18 16 192 18
154 46 154
164 164
157 157
40 123
143 196 143 184 77
52 52
102 102
86 44
158 158
11 11
55 55
151 151
80 80
110 110
95 99
159 159
173 173
179 179 78
68 68
195 56
22 22
