2 78 19 94 19 78 7 6 87 41 70 28 70 41 25 35 25 41 87 6 7 84 96 84 7 72 53 43 24 43 38 44 38 43 53 72 5 72 62 72 99 11 29 14 29 11 99 93 99 72 7 78 79 81 79 16 76 16 79 78 2 67 2 78 19 47 66 47 19 78 7 6 50 77 13 83 34 20 18 23 18 71 18 20 34 83 22 88 56 74 56 88 22 83 34 61 69 60 0 19 78 2
30
35 25 35
44 44 38
13 13
29 29
53 98 72
19 58 47
70 17 70
78 63 1
28 28
76 16 40 76
34 69 61 42 83 34
62 62
23 59 23
67 67
96 30 96
24 31 24
88 4 88
81 3 81
0 0 60
93 10
14 14 86
94 94
5 5
66 66
7 7
11 11
41 65 41
87 50
74 74
71 71
