COM REU SDN MEX POL PNG POL MEX MLI CPV COK HND GRC GMB NGA FSM FIN GAB FIN FSM ESP GEO GHA GIB EGY GIB GHA GEO GBR FRA ESH ECU ESH FRA GBR GEO ESP FSM NGA GMB GRC HND MAR HND COK CPV LIE LTU KWT LTU LIE CPV MLI MEX SDN REU AFG REU COM NER MTQ NER MYT NER COM SGS SHN CHN COD HUN JPN LBN JPN HUN COD CHN SHN SGS MUS SGS PRK NIU CZE NIU IRN IOT IRN MYS DZA MYS IRN NIU CZE DEU CXR DEU CZE NIU PRK SGS COM MDG IDN HKG HTI HKG KAZ HKG IDN MMR NPL PRY MDA PRY BIH BHS BIH AZE BDI BHR BLM BHR BOL BMU BOL BHR BDI AZE BIH PRY NPL MMR HMD MMR NPL NRU CAF BVT CAF NRU PSE MLT CRI KGZ LAO KNA LAO LUX NIC AUS ATG AUS NIC LUX LAO KGZ CRI MLT PSE NRU NPL MMR IDN RUS SGP QAT ALB QAT COM
55
BVT CIV LKA CAF
HTI CAN GUM HTI
GRC HND GRC
NPL MOZ NPL PRY NRU PSE
NIC ITA LUX IRL ABW NIC
HKG KOR IDN RUS COL HKG
NER NER
MYT MYT ARM
REU REU
CXR CXR
CPV LIE MAC CPV RWA
EGY EGY
MMR MMR
HUN GNQ PAK HUN JPN
GMB PAN NFK JEY ALA GMB
SHN SHN
ESH FRA ESH
ESP ESP
BLM BLM BEN
COD COG COD
GIB GIB
MAR MAR
SGS LBR KHM NZL SGS
POL MEX POL ARE
ATG ATG AUS
MDA MDA
DZA DZA
SDN SDN
GBR GBR
LBN LBN
MTQ MTQ
AZE BDI AZE
MUS DMA DJI
BHS BHS
KNA KNA LAO
AFG AFG
COK COK
ALB ALB
HMD HRV HMD
PNG PNG
MLI MLI
FIN GIN FSM FIN
GEO GEO
KAZ KAZ
CZE CYP DEU
CHN CHN
KWT KWT LTU
IRN IRN
NIU NIU
BHR BHR
ECU ECU
IOT IOT
GAB GAB
BMU BMU
GHA GHA
