ATG AUS CHE AND ARM AND CHL AFG CHL CCK CAN BEL BRA BEL CAN CCK CHL AFG ABW AFG COD CAN CCK CAN BEL BGR BLR COG BRA BEL CAN CCK CHL AFG AGO AFG BVT AIA ALA BTN AND ARG AND BTN BVT CHN COG BLR BLZ BLR COG CHE AND CMR BVT ASM ATA ASM CHE BTN BWA BRN BRB BRN BWA BTN ALA BTN BDI BMU BFA BHS AZE BLR COG CHE AUS ATG
25
ARM ARM
AFG AFG
BRA BRA
CAN CAN
CHL CHL
ABW ABW
COD COD
CCK CCK
BGR BGR
BLR BLR
BEL BEL
AGO AGO
AIA AIA
ARG ARG
BVT BVT
BLZ BLZ
AND AND
CMR CMR
ATA ATA
BTN BTN
BRB BRB
ALA ALA
BMU BMU
BFA BFA
BHS BHS
