DZA ALB AND ARE CYM GRD CAF COD BRN GNQ HND HMD GLP GRC HKG BGD BDI BES BLM BHS DOM CUW FIN FLK FRO FSM GHA GEO HND DMA DJI DNK CZE CXR CYM CYP CUB GUY AUS GUY GTM COG CCK CHE BVT FRA GBR ECU FSM ERI AUT BRB CAN CIV BFA BLM BRA BEN BLR DMA ATA ATF ASM CYP AFG ABW AFG FIN ESP AND ALB ARG ALB DZA
50
ALB ALB
AND AND
ARE ARE
CYM CYM
GRD GRD
CAF CAF
COD COD
BRN BRN
GNQ GNQ
HND HND
HMD HMD
GLP GLP
GRC GRC
HKG HKG
BGD BGD
BDI BDI
BES BES
BLM BLM
BHS BHS
DOM DOM
CUW CUW
FIN FIN
FLK FLK
FRO FRO
FSM FSM
GHA GHA
GEO GEO
DJI DJI
DNK DNK
CZE CZE
CXR CXR
CUB CUB
AUS AUS
COG COG
CCK CCK
CHE CHE
BVT BVT
FRA FRA
GBR GBR
ECU ECU
ERI ERI
BRB BRB
CAN CAN
BFA BFA
BEN BEN
BLR BLR
ATA ATA
ATF ATF
ABW ABW
ARG ARG
