9c2647cde6e44cc385c8 910d00572d9d42cebb4a 211ddbbf614a47428f13 5dc9f852f2454533879f eff3a759e4134e70a252 7e0770b0df094f329117 eff3a759e4134e70a252 5a3b69fa8cfb4982a27c 4b0552fc8849432cb855 af0a537d56ff42a99a0a d8780223b4744b5b91e5 7cf52b0864ce43a5abfd a22afbff48914ac888a0 00dd89601f03490d8809 a0f6a505c8184e86afc9 5215b0f0bd724c5cb095 d4f8d48cee014966a5b7 bb5eae787bbc407b98a6 d4f8d48cee014966a5b7 5215b0f0bd724c5cb095 b3931f6d1087486cb913 d5bccd7804014eca8c6c 2783e022fae94929bf16 664988394a5f48d79e79 00dd89601f03490d8809 ce2f0e6b8eb94a748c7d 1e0fece7be3f41c786cb dee15252c0e54b84beaf 4c8b2bb0f24f4375a715 06d5c776fda04040b880 934f0cae8959401e9aa3 9b9da0cbe5514fabb1ae 934f0cae8959401e9aa3 e0d1e21ff6cc4d64aff7 934f0cae8959401e9aa3 4ec91b9ee7034cd9a61a 0f214fa889a6406e8826 fb99bf17106441ce9e47 82654fedf62042cb92dc cd51464f29fe4984870b 849492e2a4f04946a2c6 54de46f8d4f647d1baa7 e5d122afc38c45dea5ae d8316f23d67e43ccb5e7 7aff972e183b44c8bc47 ca0b4771edab4289a9de 42f0effdbad6403aad72 ca0b4771edab4289a9de 74bfaa171ba342fc9e58 1a4c9d2bea59474aa118 5cbb478f9b6b40daa8e9 babcd00b2c484c36bc48 1c62a698c79e460eb5ff b3a599b5126842e1bf24 884e85a591684c7ebc61 a2e35f0c3c9143c68a9e 42e3ccb6ddd54a0aa3cb 8fb88a81c320403c8940 fab56f22f8684dd18893 8fb88a81c320403c8940 e6237b02869349c2bcc8 26a1d084007f489fba55 06635824d9b841f7b41e 7a1df78f40b245bfbb97 06635824d9b841f7b41e 369f058d996d4cd0a86c 0a53d934f24848f9bda3 dbfc82377b8f4429bc5e 2bcf7711ba8b49129f0c e5a9ca3b130945588284 de3e2c10d9714f8dbcde b927c43e198546078ea6 00c8dafefbc2451eb0fa e74a97c92dba4d8ea2d5 e05275dbed2540ddb1d0 df9c93ed7a63447389dd 529d899e8f2545bfbc5a 87788962cd304b248baf 529d899e8f2545bfbc5a 8e02573f1324425c9311 fc5bdc219fbc4eb6939e 0753fe21061c4e058dad a93ad0e2cf094eb9b1f3 404713e80e9740c9b7cd b96177c96ab740b3965b 404713e80e9740c9b7cd c947a496d2b34bb89bb9 e87b98454fe24297b210 09b94d1b44c348ceadb9 242983dadb1f4402a4a9 dfd6b57b9f444dd99a9b ef84408a20334d7d9940 df9fcc997b4f4a18b94a ef84408a20334d7d9940 c69875060dcb453ead1a f2ab71e12a0b4ca8a555 76432c67ac2d44b384c1 12a170c171ef44d4b662 4f6bd13f81714bdb882b effa9d0de823441bb67f b47b7b94e7d74f398b8f 85ec82d3a96e4436a5a2 dc974af4378c41789aae 884523a7277b40f4972f 8a66a2d4fdf74f2e9b0e 9a6fd45cb4d44509bce9 884523a7277b40f4972f fc38d8b64f88401c97fd 884523a7277b40f4972f f47cbc59a0584307a0f1 3574209d67b74478ae2e c15cfb41ef824fd2a1c0 a581f1b5cd374bd0ba96 44c8674ccef1477b965f c7ef0821b71641f390ee 19f204e30ad4442cb966 9f09c91be53540919ab1 2b0e5d986b0a4f1cb926 5b3dce289f444b0aa162 f74897e94729433fa22f 33edfebd58804049be59 e3726a85ffc34b1282cf f74897e94729433fa22f bd01ba7047cb4d04a847 dde0459354634ebdbc7f bbd144150de64860b03c 5fd6476364e640bea476 fa1e4bc6ddcc462f984f 5fd6476364e640bea476 53afa325a7d34c438292 8563fff9bc9b483e839f 5b7e4d089e434c6a9293 cfa4f7b46ab548c1a67a 205f1eddbda0478aada6 9b93a8a7d0b543339985 ec162ad32a614344923a b42e69fcc93540ff9100 519c6812f5c84e2da127 d484483c58914446843f 9c2647cde6e44cc385c8
55
7cf52b0864ce43a5abfd a22afbff48914ac888a0 d8780223b4744b5b91e5
af0a537d56ff42a99a0a af0a537d56ff42a99a0a
fa1e4bc6ddcc462f984f fa1e4bc6ddcc462f984f 53afa325a7d34c438292 5fd6476364e640bea476
664988394a5f48d79e79 664988394a5f48d79e79
5dc9f852f2454533879f 5dc9f852f2454533879f
f47cbc59a0584307a0f1 a581f1b5cd374bd0ba96 3574209d67b74478ae2e f47cbc59a0584307a0f1 c15cfb41ef824fd2a1c0
fc38d8b64f88401c97fd fc38d8b64f88401c97fd 884523a7277b40f4972f 8a66a2d4fdf74f2e9b0e 9a6fd45cb4d44509bce9
4c8b2bb0f24f4375a715 934f0cae8959401e9aa3 4c8b2bb0f24f4375a715 9b9da0cbe5514fabb1ae 0f214fa889a6406e8826 e0d1e21ff6cc4d64aff7
e3726a85ffc34b1282cf e3726a85ffc34b1282cf 33edfebd58804049be59
42f0effdbad6403aad72 74bfaa171ba342fc9e58 ca0b4771edab4289a9de 42f0effdbad6403aad72
00dd89601f03490d8809 ce2f0e6b8eb94a748c7d a0f6a505c8184e86afc9 00dd89601f03490d8809
e05275dbed2540ddb1d0 e74a97c92dba4d8ea2d5 e05275dbed2540ddb1d0
b96177c96ab740b3965b b96177c96ab740b3965b
884e85a591684c7ebc61 884e85a591684c7ebc61 a2e35f0c3c9143c68a9e ec162ad32a614344923a
0753fe21061c4e058dad 0753fe21061c4e058dad
9f09c91be53540919ab1 19f204e30ad4442cb966
d5bccd7804014eca8c6c d5bccd7804014eca8c6c 2783e022fae94929bf16
b3931f6d1087486cb913 b3931f6d1087486cb913
5a3b69fa8cfb4982a27c 5a3b69fa8cfb4982a27c eff3a759e4134e70a252
5b3dce289f444b0aa162 f74897e94729433fa22f 5b3dce289f444b0aa162 2b0e5d986b0a4f1cb926
cfa4f7b46ab548c1a67a cfa4f7b46ab548c1a67a
0a53d934f24848f9bda3 7a1df78f40b245bfbb97 26a1d084007f489fba55 8fb88a81c320403c8940 fab56f22f8684dd18893 06635824d9b841f7b41e e6237b02869349c2bcc8 dbfc82377b8f4429bc5e 0a53d934f24848f9bda3 42e3ccb6ddd54a0aa3cb
c69875060dcb453ead1a c69875060dcb453ead1a ef84408a20334d7d9940 c7ef0821b71641f390ee
d484483c58914446843f d484483c58914446843f
df9fcc997b4f4a18b94a df9fcc997b4f4a18b94a
1a4c9d2bea59474aa118 1a4c9d2bea59474aa118
54de46f8d4f647d1baa7 849492e2a4f04946a2c6 54de46f8d4f647d1baa7
404713e80e9740c9b7cd 404713e80e9740c9b7cd
5b7e4d089e434c6a9293 5b7e4d089e434c6a9293
dee15252c0e54b84beaf dee15252c0e54b84beaf
9b93a8a7d0b543339985 9b93a8a7d0b543339985 205f1eddbda0478aada6
df9c93ed7a63447389dd df9c93ed7a63447389dd
babcd00b2c484c36bc48 babcd00b2c484c36bc48 1c62a698c79e460eb5ff
d4f8d48cee014966a5b7 bb5eae787bbc407b98a6 d4f8d48cee014966a5b7 5215b0f0bd724c5cb095
519c6812f5c84e2da127 b42e69fcc93540ff9100
c947a496d2b34bb89bb9 242983dadb1f4402a4a9 2bcf7711ba8b49129f0c 09b94d1b44c348ceadb9 e87b98454fe24297b210 c947a496d2b34bb89bb9
e5a9ca3b130945588284 e5a9ca3b130945588284
85ec82d3a96e4436a5a2 85ec82d3a96e4436a5a2
82654fedf62042cb92dc 82654fedf62042cb92dc cd51464f29fe4984870b
910d00572d9d42cebb4a 910d00572d9d42cebb4a
b3a599b5126842e1bf24 b3a599b5126842e1bf24
bbd144150de64860b03c bbd144150de64860b03c
f2ab71e12a0b4ca8a555 76432c67ac2d44b384c1
529d899e8f2545bfbc5a 529d899e8f2545bfbc5a
7e0770b0df094f329117 7e0770b0df094f329117
12a170c171ef44d4b662 12a170c171ef44d4b662
bd01ba7047cb4d04a847 bd01ba7047cb4d04a847
9c2647cde6e44cc385c8 211ddbbf614a47428f13
de3e2c10d9714f8dbcde b927c43e198546078ea6
e5d122afc38c45dea5ae e5d122afc38c45dea5ae
44c8674ccef1477b965f 44c8674ccef1477b965f
87788962cd304b248baf 87788962cd304b248baf
b47b7b94e7d74f398b8f b47b7b94e7d74f398b8f
8e02573f1324425c9311 8e02573f1324425c9311
d8316f23d67e43ccb5e7 d8316f23d67e43ccb5e7
