Soda 50 51 57 51 52 51 58 59 58 51 50 Soda a b b1 b c d d0 d e e0 e f g h h0 h h1 h i j j0 j j1 j k l l0 l k k1 k k0 k j i h g f f0 f f1 f e d c b a Soda 66 67 85 86 87 88 87 86 85 67 80 81 80 67 68 69 68 90 91 92 93 92 91 90 68 95 96 97 98 99 98 97 96 95 68 67 66 75 76 77 78 79 78 77 76 75 66 70 71 72 73 74 73 72 71 70 66 Soda o p r s u w u s r p o Soda
35
Soda a0 a1
b1 b0 b1
c c0 c1
d0 d0
d d1 e1
e0 e0
f0 f0
f1 f1
g g0 g1
h0 h0 i0 i1
h1 h1
j0 j0
j1 j1
k0 k0
k1 k1
l0 l0
l l1
w y
50 54 55 56
57 57
58 58
59 59
52 60 61 62 63 64 65
72 72
74 74
77 77
79 79
81 82 84
86 87
88 89
92 92
93 94
97 97
99 99
69 69
