Soda 3 2 4 5 7 6 8 9 10 11 13 12 16 14 15 17 18 19 20 21 23 22 24 25 28 26 27 29 30 31 32 33 34 35 37 36 38 42 39 40 41 43 44 45 46 48 47 49 51 50 53 52 55 54 56 58 57 59 61 62 60 63 64 65 66 67 68 69 70 74 71 72 73 75 76 77 78 79 80 81 82 83 84 85 86 88 87 89 90 92 93 91 95 94 97 96 98 99 100 5 101 Soda
100
3 3
2 2
4 4
5 5
7 7
6 6
8 8
9 9
10 10
11 11
13 13
12 12
16 16
14 14
15 15
17 17
18 18
19 19
20 20
21 21
23 23
22 22
24 24
25 25
28 28
26 26
27 27
29 29
30 30
31 31
32 32
33 33
34 34
35 35
37 37
36 36
38 38
42 42
39 39
40 40
41 41
43 43
44 44
45 45
46 46
48 48
47 47
49 49
51 51
50 50
53 53
52 52
55 55
54 54
56 56
58 58
57 57
59 59
61 61
62 62
60 60
63 63
64 64
65 65
66 66
67 67
68 68
69 69
70 70
74 74
71 71
72 72
73 73
75 75
76 76
77 77
78 78
79 79
80 80
81 81
82 82
83 83
84 84
85 85
86 86
88 88
87 87
89 89
90 90
92 92
93 93
91 91
95 95
94 94
97 97
96 96
98 98
99 99
100 100
101 101
