Wurster Silver Boston Honolulu Alabama Montgomery California Frank Hazardous Sutardja Recreational Maxwell Sather Pennsylvania Visitor Stanley Massachusetts Salem Hilgard Vermont Parking Optometry Juneau Class Florida Raleigh Oregon Simpson Spieker North Tennessee Nevada Simon Moses McLaughlin Pitzer Hesse Indianapolis Kleeberger Chan Cory Goldman Gilman Blackwell Anthony Moffitt Barrows Brain Idaho Observatory Wurster
50
Wurster Wurster
Silver Silver
Boston Boston
Honolulu Honolulu
Alabama Alabama
Montgomery Montgomery
California California
Frank Frank
Hazardous Hazardous
Sutardja Sutardja
Recreational Recreational
Maxwell Maxwell
Sather Sather
Pennsylvania Pennsylvania
Visitor Visitor
Stanley Stanley
Massachusetts Massachusetts
Salem Salem
Hilgard Hilgard
Vermont Vermont
Parking Parking
Optometry Optometry
Juneau Juneau
Class Class
Florida Florida
Raleigh Raleigh
Oregon Oregon
Simpson Simpson
Spieker Spieker
North North
Tennessee Tennessee
Nevada Nevada
Simon Simon
Moses Moses
McLaughlin McLaughlin
Pitzer Pitzer
Hesse Hesse
Indianapolis Indianapolis
Kleeberger Kleeberger
Chan Chan
Cory Cory
Goldman Goldman
Gilman Gilman
Blackwell Blackwell
Anthony Anthony
Moffitt Moffitt
Barrows Barrows
Brain Brain
Idaho Idaho
Observatory Observatory
