Rhode Krutch Energy Hearst Campanile Providence Utah Florida Jacobs Birge Clark Bancroft Harrisburg Hawaii CNMAT Blackwell Annapolis LeConte Cory Edwards Observatory Wisconsin McLaughlin Haste Illinois Moffitt Silver Insectary Chou Little Nashville Baton Bowles Montana Moses Jefferson East Hartford Donner Lansing Chvez Hellman BART Columbia Stadium Michigan Class International Hertz Pennsylvania McEnerney Kentucky Tang Life Jones Durham Columbus Salt Heating Berkeley Sproul Maryland West Olympia Tennessee Martin Durant Concord Simpson Madison Simon Morrison Oregon Police Brain Topeka Lower Boalt Richmond Nevada University Austin Mathematical Minnesota Valley Barrows Cheyenne Montgomery Hargrove Foothill Springer Santa Etcheverry Trenton Maxwell Mulford Grinnell Warren Mississippi Cleary Rhode
100
Rhode Rhode
Krutch Krutch
Energy Energy
Hearst Hearst
Campanile Campanile
Providence Providence
Utah Utah
Florida Florida
Jacobs Jacobs
Birge Birge
Clark Clark
Bancroft Bancroft
Harrisburg Harrisburg
Hawaii Hawaii
CNMAT CNMAT
Blackwell Blackwell
Annapolis Annapolis
LeConte LeConte
Cory Cory
Edwards Edwards
Observatory Observatory
Wisconsin Wisconsin
McLaughlin McLaughlin
Haste Haste
Illinois Illinois
Moffitt Moffitt
Silver Silver
Insectary Insectary
Chou Chou
Little Little
Nashville Nashville
Baton Baton
Bowles Bowles
Montana Montana
Moses Moses
Jefferson Jefferson
East East
Hartford Hartford
Donner Donner
Lansing Lansing
Chvez Chvez
Hellman Hellman
BART BART
Columbia Columbia
Stadium Stadium
Michigan Michigan
Class Class
International International
Hertz Hertz
Pennsylvania Pennsylvania
McEnerney McEnerney
Kentucky Kentucky
Tang Tang
Life Life
Jones Jones
Durham Durham
Columbus Columbus
Salt Salt
Heating Heating
Berkeley Berkeley
Sproul Sproul
Maryland Maryland
West West
Olympia Olympia
Tennessee Tennessee
Martin Martin
Durant Durant
Concord Concord
Simpson Simpson
Madison Madison
Simon Simon
Morrison Morrison
Oregon Oregon
Police Police
Brain Brain
Topeka Topeka
Lower Lower
Boalt Boalt
Richmond Richmond
Nevada Nevada
University University
Austin Austin
Mathematical Mathematical
Minnesota Minnesota
Valley Valley
Barrows Barrows
Cheyenne Cheyenne
Montgomery Montgomery
Hargrove Hargrove
Foothill Foothill
Springer Springer
Santa Santa
Etcheverry Etcheverry
Trenton Trenton
Maxwell Maxwell
Mulford Mulford
Grinnell Grinnell
Warren Warren
Mississippi Mississippi
Cleary Cleary
