Donner Old North Topeka Foothill Haas Cyclotron Helena Providence Optometry Life Santa Minnesota Iowa Juneau Ishi Illinois Phoenix Gilman Gayley Recreational McCone Wurster Haste Tallahassee Donner
25
Donner Donner
Old Old
North North
Topeka Topeka
Foothill Foothill
Haas Haas
Cyclotron Cyclotron
Helena Helena
Providence Providence
Optometry Optometry
Life Life
Santa Santa
Minnesota Minnesota
Iowa Iowa
Juneau Juneau
Ishi Ishi
Illinois Illinois
Phoenix Phoenix
Gilman Gilman
Gayley Gayley
Recreational Recreational
McCone McCone
Wurster Wurster
Haste Haste
Tallahassee Tallahassee
