LeonieHill ChangiPoint SungeiKadut KampongUbi Shipyard NeeSoon OrangeGrove DefuIndustrialPark Tyersall DefuIndustrialPark OrangeGrove NeeSoon JurongWestCentral Outram Sennett Outram HougangCentral ConeyIsland CompassvaleTrafalgar Changi Ridout BishanEast Yishun Phillip SerangoonGarden Victoria Clementi Novena TampinesWest PasirRisWestElias ChoaChuKangCentral PasirRisWestElias TampinesWest Novena SungeiRoad Woodgrove SungeiRoad SembawangSprings SungeiRoad ClarkeQuay SungeiRoad KallangWay AnchorvaleBuangkok YioChuKang MandaiWest YioChuKang AnchorvaleBuangkok KallangWay SungeiRoad Semakau Frankel FarrerPark Frankel Semakau SungeiRoad Cecil PasirPanjang2 Springleaf PasirPanjang2 TanjongRhu GeylangBahru AirportRoad GeylangBahru TanjongRhu PasirPanjang2 Cecil SungeiRoad SembawangSprings PasirRisPark Sentosa Guilin GreenwoodPark LeonieHill
27
Guilin Guilin Sentosa
GreenwoodPark Trafalgar GreenwoodPark
Novena Townsville Novena TuasBay TanglinHalt SingaporePolytechnic
Yishun SerangoonGarden Phillip BishanEast Yishun
Springleaf Springleaf
Woodgrove ClementiCentral SungeiRoad PunggolTownCentre Woodgrove ChangiWest
FarrerPark FarrerPark
SungeiKadut SungeiKadut
YioChuKang Boulevard YioChuKang
Outram MonksHill Outram
AirportRoad AirportRoad
AnchorvaleBuangkok KallangWay AnchorvaleBuangkok
Shipyard Shipyard
TampinesWest YuhuaWestBoonLay TampinesWest
Sennett Sennett
SembawangSprings SembawangSprings
NeeSoon Kranji NeeSoon JurongWestCentral
Clementi Victoria
Changi Ridout
MandaiWest MandaiWest NorthCoast BukitBatokCentral
PasirPanjang2 PasirPanjang2
Frankel Semakau
OrangeGrove OrangeGrove
ChoaChuKangCentral ChoaChuKangCentral LoyangEast
ConeyIsland ConeyIsland
Tyersall Tyersall DefuIndustrialPark
ClarkeQuay KampongGlam
