BukitBatokEast KakiBukit SwissClub Frankel SungeiRoad Simei Redhill GaliBatuMandai Frankel Tengeh Frankel SwissClub RiverValley SimpangNorth Bendemeer NeeSoon JooKoon DowntownCore Gombak SwissClub Frankel ChoaChuKang GhimMoh Hillcrest LowerSeletar LeonieHill KampongGlam Sudong PearlsHill Redhill Gombak CityHall Frankel Tengeh Safti Tengeh Frankel TanjongPagar Springleaf Tyersall TiongBahruStation DowntownCore Gombak CityHall Springleaf SwissClub Sembawang BukitBatokEast
24
Frankel Frankel
SungeiRoad SungeiRoad
Simei Simei
Redhill Redhill
GaliBatuMandai GaliBatuMandai
Tengeh Tengeh
RiverValley RiverValley
SimpangNorth SimpangNorth
NeeSoon NeeSoon
JooKoon JooKoon
DowntownCore DowntownCore
SwissClub SwissClub
ChoaChuKang ChoaChuKang
GhimMoh GhimMoh
Hillcrest Hillcrest
LowerSeletar LowerSeletar
LeonieHill LeonieHill
Sudong Sudong
PearlsHill PearlsHill
Safti Safti
TanjongPagar TanjongPagar
Tyersall Tyersall
TiongBahruStation TiongBahruStation
CityHall CityHall
