YuhuaEast Sennett TelokBlangahDrive CityHall Simpang Mandai PasirRis SembawangStraits Shipyard OrangeGrove Shipyard ClarkeQuay BedokSouth ClarkeQuay Shipyard SembawangStraits OneTreeHill Trafalgar OneTreeHill HongKah UpperThomson HongKah OneTreeHill ClementiNorth EvertonPark ReservoirView PulauPunggolTimor ChoaChuKang JurongRiver Saujana BoatQuay Aljunied YioChuKang Aljunied BoatQuay Saujana JurongRiver ChoaChuKang PulauPunggolTimor Khatib SimpangNorth AlexandraNorth SimpangNorth Khatib PulauPunggolTimor ReservoirView EvertonPark ClementiNorth OneTreeHill SembawangStraits SouthernIslands HongKahNorth SouthernIslands WestCoast TuasNorthPioneer Chatsworth Commonwealth KentRidge Commonwealth SungeiRoad WaterwayEast SungeiRoad Kranji PangSua DairyFarm PeiChun Northland Mountbatten Northland WoodlandsWest BukitBatokSouth PasirPanjang2 SerangoonCentral PasirPanjang2 BukitBatokSouth WoodlandsWest Northland PeiChun DairyFarm PangSua Kranji MandaiWest NatureReserve ChangiWest NatureReserve MandaiWest Kranji SungeiRoad Commonwealth Chatsworth InstitutionHill RochorCanal InstitutionHill LoyangEast Kembangan LoyangEast InstitutionHill Chatsworth TuasNorthPioneer TohGuan PasirRisDrive TohGuan PayaLebarEast GeylangEast Moulmein GeylangEast MountEmily KebunBahru Tampines MonksHill MandaiEast MonksHill Tampines KebunBahru TuasBay SembawangEast TuasBay PunggolField TuasBay KebunBahru MountEmily GeylangEast PayaLebarEast TohGuan TuasNorthPioneer WestCoast SouthernIslands SembawangHills Dunearn KeatHong Dunearn UluPandan YioChuKangEast UluPandan Dunearn SembawangHills SouthernIslands SembawangStraits PasirRis Mandai ClementiCentral Serangoon Brickworks KampongUbi TelokBlangahRise Sentosa TelokBlangahRise SungeiKadut TelokBlangahRise KallangWay IstanaNegara KallangWay TelokBlangahRise KampongUbi Brickworks Serangoon ClementiCentral SerangoonNorth TagoreSindo SerangoonNorth ClementiCentral Mandai ChengSan BoonLayPlace LowerSeletar BoonLayPlace OneNorth Anson AngMoKioTownCentre BukitTimah Port BukitTimah AngMoKioTownCentre Anson OneNorth BoonLayPlace ChengSan JurongWestCentral Cairnhill JurongWestCentral ChengSan Mandai Simpang CityHall TelokBlangahDrive Sennett SerangoonGarden Sennett ChinaSquare Sennett YuhuaEast
57
Northland Northland WoodlandsWest
HongKah HongKah
BukitTimah AngMoKioTownCentre ChangiPoint
SerangoonNorth SerangoonNorth
SimpangNorth Paterson SimpangNorth Khatib
PasirRis Punggol BedokNorth SembawangStraits PasirRis Matilda Geylang Mandai
YioChuKang YioChuKang
KentRidge KentRidge Commonwealth
KeatHong KeatHong SembawangHills
HongKahNorth HongKahNorth SouthernIslands
Serangoon Serangoon
Trafalgar OneTreeHill Trafalgar ClementiNorth
TagoreSindo EastCoast TagoreSindo Sembawang
Sennett Sennett
WaterwayEast WaterwayEast SungeiRoad
SungeiKadut SungeiKadut
SembawangEast TuasPromenade TiongBahru Tanglin TuasBay
Moulmein Museum PayaLebarEast BenoiSector Moulmein GeylangEast
Mountbatten Mountbatten
LowerSeletar LowerSeletar PearlsHill
BedokSouth BedokSouth
TuasNorthPioneer TuasNorthPioneer TohGuan
CityHall CityHall
TelokBlangahRise TelokBlangahRise
IstanaNegara IstanaNegara
BoatQuay HougangCentral BoatQuay Saujana DefuIndustrialPark
PasirRisDrive PasirRisDrive
DairyFarm PangSua DairyFarm
Tampines Tampines BukitBatokWest
ChoaChuKang ChoaChuKang
PasirPanjang2 BukitBatokSouth
Shipyard Shipyard PasirRisPark
PeiChun JurongPort PeiChun JooSengPayaLebar TampinesNorth
Brickworks Brickworks DhobyGhaut
Aljunied Aljunied
SerangoonGarden SerangoonGarden SingaporeRiver
SerangoonCentral SerangoonCentral
BoonLayPlace BoonLayPlace
ReservoirView EvertonPark ReservoirView
AlexandraNorth AlexandraNorth
PunggolField PunggolField
Sentosa Sentosa
Chatsworth InstitutionHill Chatsworth
PulauPunggolTimor PulauPunggolTimor
UluPandan UluPandan
Cairnhill Cairnhill JurongWestCentral
OneNorth OneNorth
YioChuKangEast YioChuKangEast
Port Port
UpperThomson UpperThomson
ChinaSquare ChinaSquare
OrangeGrove PeoplesPark BayfrontSubzone OrangeGrove
MandaiEast MandaiEast
ChangiWest ChangiWest
KebunBahru KebunBahru
Kembangan Kembangan
RochorCanal RochorCanal
