0 48 0 52 0 39 72 6 72 39 0 57 90 57 0 36 69 36 0 58 0 37 0 60 93 60 0 41 74 41 0 42 0 66 0 49 82 49 0 64 0 45 78 12 78 45 0 44 77 11 77 44 0 47 0 61 94 28 94 61 0 54 87 21 87 54 0 59 92 59 0 38 71 38 0 63 96 30 96 63 0 56 89 23 89 56 0 51 84 18 84 51 0 43 76 43 0 34 67 1 67 34 0 46 79 13 79 46 0 65 98 32 98 65 0 48 81 15 81 48 0 52 85 19 85 52 0 58 91 25 91 58 0 40 73 7 73 40 0 42 75 9 75 42 0
29
1 1
48 2 17 20 22 29
69 3
37 4
71 5
6 6
7 7
74 8
9 9
76 10
11 11
12 12
13 13
47 14
15 15
82 16
18 18
19 19
21 21
23 23
90 24
25 25
92 26
93 27
28 28
30 30
64 31
32 32
66 33
