139 18 84 189 84 49 106 1 47 77 16 85 121 91 62 76 142 76 47 32 183 146 183 84 4 6 125 196 85 2 153 112 41 163 23 14 24 134 101 157 8 200 198 147 11 18 15 81 15 18 86 152 32 74 133 43 46 113 173 128 15 54 5 87 64 28 78 21 139 176 105 127 11 147 184 45 61 187 191 141 198 71 104 66 1 106 60 12 94 65 16 85 2 72 2 153 111 30 113 190 123 20 187 109 188 6 4 84 9 161 95 109 108 57 39 173 48 26 16 108 111 153 106 14 23 182 79 107 33 62 144 30 54 191 133 114 111 30 13 30 156 58 74 32 148 71 26 16 53 13 30 144 62 32 66 105 158 36 147 2 38 39 60 182 103 82 67 128 155 50 98 2 38 134 3 96 27 14 15 31 99 35 5 158 119 142 185 96 3 104 138 104 116 131 105 22 125 169 122 81 95 161 44 41 44 197 178 8 157 2 149 7 60 20 67 19 140 118 17 59 156 30 21 30 111 25 36 130 36 158 105 192 69 17 142 37 166 89 166 145 4 75 4 84 44 38 134 186 16 26 16 172 1 55 165 132 157 139
99
189 189
106 106
77 77
91 91
142 142
47 47
146 146
84 84
125 125
85 85
112 112
23 23
101 101
8 8
198 198
11 11
81 81
18 18
152 152
74 74
43 43
173 173
15 15
5 5
64 64
78 78
176 176
127 127
184 184
187 187
141 141
71 71
1 1
60 60
65 65
2 2
72 72
111 111
113 113
123 123
109 109
188 188
9 9
95 95
57 57
48 48
108 108
153 153
14 14
79 79
33 33
144 144
191 191
114 114
13 13
58 58
148 148
16 16
30 30
32 32
158 158
147 147
39 39
182 182
82 82
128 128
98 98
134 134
27 27
31 31
35 35
119 119
96 96
138 138
104 104
131 131
22 22
122 122
161 161
41 41
178 178
157 157
7 7
67 67
118 118
156 156
21 21
25 25
130 130
105 105
69 69
37 37
89 89
145 145
75 75
44 44
186 186
26 26
172 172
