F8 M5 K6 D8 Q3 P7 J2 O5 I3 Q8 H5 R8 N0 B2 H4 G0 E2 S9 I4 P9 F1 B0 Q5 B4 E4 S7 D9 N6 I6 C8 O1 C3 S4 C2 D3 N4 R9 E3 T0 Q0 N2 N1 H6 T8 A0 F9 C0 A1 E5 G4 N8 L6 K3 R4 J0 I9 K5 D5 A8 T9 H3 S8 R0 D7 H2 A2 I2 P2 M6 F2 C1 D4 R6 Q8 Q7 B3 S5 N7 H1 O5 G6 T1 K1 G1 S0 I0 L0 L9 R8 O2 I3 P6 S2 P5 T2 M0 C4 R0 J1 F4 E8 E7 A3 N3 H0 I8 T5 G9 R3 O3 K8 A9 D6 R1 F6 N8 F8
100
M5 M5
K6 K6
D8 D8
Q3 Q3
P7 P7
J2 J2
O5 O5
I3 I3
Q8 Q8
H5 H5
R8 R8
N0 N0
B2 B2
H4 H4
G0 G0
E2 E2
S9 S9
I4 I4
P9 P9
F1 F1
B0 B0
Q5 Q5
B4 B4
E4 E4
S7 S7
D9 D9
N6 N6
I6 I6
C8 C8
O1 O1
C3 C3
C2 C2
D3 D3
N4 N4
R9 R9
E3 E3
T0 T0
Q0 Q0
N2 N2
N1 N1
H6 H6
T8 T8
A0 A0
F9 F9
C0 C0
A1 A1
E5 E5
G4 G4
N8 N8
L6 L6
K3 K3
R4 R4
J0 J0
I9 I9
K5 K5
D5 D5
A8 A8
T9 T9
H3 H3
S8 S8
R0 R0
D7 D7
H2 H2
A2 A2
I2 I2
P2 P2
M6 M6
F2 F2
C1 C1
D4 D4
R6 R6
Q7 Q7
B3 B3
S5 S5
N7 N7
H1 H1
G6 G6
T1 T1
K1 K1
G1 G1
S0 S0
I0 I0
L9 L9
O2 O2
P6 P6
S2 S2
P5 P5
M0 M0
C4 C4
J1 J1
E8 E8
E7 E7
A3 A3
H0 H0
I8 I8
T5 T5
G9 G9
O3 O3
A9 A9
F6 F6
