Qwilfish Tropius Slowbro Simisear Sandile Drampa Phanpy Skiddo Noibat Terrakion Politoed Lotad Drapion Tropius Scatterbug Meloetta Sandile Vullaby Volcarona Magmar Inkay Slurpuff Metang Terrakion Noibat Skiddo Phanpy Lotad Politoed Terrakion Scatterbug Tropius Qwilfish Drampa Sandile Simisear Noibat Magmar Phanpy Lotad Metang Terrakion Scatterbug Taillow Drapion Vullaby Porygon2 Meloetta Sandile Simisear Slowbro Simisear Sandile Drampa Phanpy Skiddo Noibat Terrakion Politoed Lotad Drapion Tropius Scatterbug Meloetta Sandile Vullaby Volcarona Magmar Inkay Slurpuff Metang Steenee Volcarona Magmar Noibat Tornadus Politoed Lotad Skorupi Tropius Slowbro Dewpider Sandile Drampa Shellos Magmar Noibat Metapod Metang Lotad Wartortle Taillow Scatterbug Crawdaunt Porygon2 Vullaby Paras Taillow Scatterbug Dewpider Froakie Drampa Shellos Nincada Noibat Tornadus Gengar Lotad Skorupi Honedge Scatterbug Dewpider Amoonguss Vullaby Shellos Tsareena Inkay Metapod Jumpluff Steenee Wartortle Vespiquen Inkay Metapod Gengar Munna Skorupi Honedge Kakuna Dewpider Froakie Magnemite Shellos Nincada Whismur Metapod Gengar Xerneas Wartortle Honedge Weezing Crawdaunt Amoonguss Zekrom Paras Tsareena Woobat Crawdaunt Amoonguss Magnemite Comfey Nincada Whismur Bounsweet Gengar Munna Seaking Honedge Kakuna Tauros Amoonguss Magnemite Weepinbell Tsareena Whismur Stufful Jumpluff Xerneas Shellder Vespiquen Weezing Plusle Jumpluff Xerneas Seaking Treecko Kakuna Tauros Swadloon Magnemite Comfey Lumineon Whismur Bounsweet Yungoos Xerneas Seaking Bastiodon Weezing Tauros Wailord Zekrom Weepinbell Escavalier Woobat Stufful Conkeldurr Zekrom Wartortle Magmar Phanpy Drampa Qwilfish
63
Qwilfish Qwilfish
Simisear Simisear
Phanpy Phanpy
Terrakion Terrakion
Drapion Drapion
Meloetta Meloetta
Volcarona Volcarona
Slurpuff Slurpuff
Skiddo Skiddo
Politoed Politoed
Tropius Tropius
Sandile Sandile
Magmar Magmar
Metang Metang
Taillow Taillow
Porygon2 Porygon2
Slowbro Slowbro
Drampa Drampa
Noibat Noibat
Lotad Lotad
Scatterbug Scatterbug
Vullaby Vullaby
Inkay Inkay
Steenee Steenee
Tornadus Tornadus
Skorupi Skorupi
Dewpider Dewpider
Shellos Shellos
Metapod Metapod
Wartortle Wartortle
Crawdaunt Crawdaunt
Paras Paras
Froakie Froakie
Nincada Nincada
Gengar Gengar
Honedge Honedge
Amoonguss Amoonguss
Tsareena Tsareena
Jumpluff Jumpluff
Vespiquen Vespiquen
Munna Munna
Kakuna Kakuna
Magnemite Magnemite
Whismur Whismur
Xerneas Xerneas
Weezing Weezing
Zekrom Zekrom
Woobat Woobat
Comfey Comfey
Bounsweet Bounsweet
Seaking Seaking
Tauros Tauros
Weepinbell Weepinbell
Stufful Stufful
Shellder Shellder
Plusle Plusle
Treecko Treecko
Swadloon Swadloon
Lumineon Lumineon
Yungoos Yungoos
Bastiodon Bastiodon
Wailord Wailord
Escavalier Escavalier
