Latias Raticate Talonflame Petilil Shelgon Charmeleon Wurmple Jigglypuff Toxicroak Primeape Infernape Magearna Dartrix Staryu Elgyem Noivern Keldeo Scolipede Exeggutor Golisopod Reshiram Luvdisc Palkia Bounsweet Relicanth Vibrava Latias
25
Raticate Raticate
Talonflame Talonflame
Petilil Petilil
Shelgon Shelgon
Charmeleon Charmeleon
Wurmple Wurmple
Jigglypuff Jigglypuff
Toxicroak Toxicroak
Primeape Primeape
Infernape Infernape
Magearna Magearna
Dartrix Dartrix
Staryu Staryu
Elgyem Elgyem
Noivern Noivern
Keldeo Keldeo
Scolipede Scolipede
Exeggutor Exeggutor
Golisopod Golisopod
Reshiram Reshiram
Luvdisc Luvdisc
Palkia Palkia
Bounsweet Bounsweet
Relicanth Relicanth
Vibrava Vibrava
