Qwilfish Tropius Drapion Vullaby Volcarona Magmar Inkay Meloetta Sandile Drampa Gengar Metapod Whismur Dewpider Sandile Drampa Qwilfish Tropius Slowbro Simisear Sandile Metapod Metang Crawdaunt Woobat Crawdaunt Metang Metapod Sandile Vullaby Volcarona Steenee Volcarona Magmar Noibat Nincada Shellos Magnemite Swadloon Tauros Gengar Lotad Drapion Tropius Scatterbug Meloetta Sandile Vullaby Porygon2 Crawdaunt Weezing Escavalier Weezing Vespiquen Weezing Crawdaunt Scatterbug Honedge Seaking Nincada Shellos Magnemite Shellos Magmar Phanpy Skiddo Skorupi Munna Skorupi Lotad Amoonguss Stufful Whismur Bastiodon Whismur Metapod Noibat Metapod Weezing Metapod Sandile Drampa Froakie Dewpider Scatterbug Taillow Drapion Lotad Metang Terrakion Noibat Honedge Weepinbell Tsareena Shellos Drampa Froakie Bounsweet Gengar Lotad Metang Slurpuff Metang Terrakion Noibat Honedge Weezing Plusle Jumpluff Xerneas Seaking Treecko Seaking Xerneas Shellder Tsareena Inkay Slurpuff Metang Lotad Wartortle Zekrom Conkeldurr Zekrom Wartortle Magmar Shellos Tropius Skorupi Skiddo Phanpy Lotad Amoonguss Zekrom Wailord Xerneas Shellos Nincada Comfey Nincada Noibat Metapod Jumpluff Vullaby Sandile Dewpider Kakuna Tornadus Gengar Drampa Qwilfish
50
Volcarona Volcarona
Meloetta Meloetta
Gengar Gengar
Whismur Whismur
Qwilfish Qwilfish
Simisear Simisear
Metapod Metapod
Woobat Woobat
Sandile Sandile
Steenee Steenee
Nincada Nincada
Swadloon Swadloon
Tauros Tauros
Drapion Drapion
Scatterbug Scatterbug
Vullaby Vullaby
Porygon2 Porygon2
Escavalier Escavalier
Vespiquen Vespiquen
Crawdaunt Crawdaunt
Seaking Seaking
Magnemite Magnemite
Magmar Magmar
Munna Munna
Skorupi Skorupi
Stufful Stufful
Bastiodon Bastiodon
Noibat Noibat
Weezing Weezing
Froakie Froakie
Taillow Taillow
Metang Metang
Weepinbell Weepinbell
Drampa Drampa
Bounsweet Bounsweet
Slurpuff Slurpuff
Honedge Honedge
Plusle Plusle
Treecko Treecko
Shellder Shellder
Inkay Inkay
Lotad Lotad
Conkeldurr Conkeldurr
Shellos Shellos
Skiddo Skiddo
Amoonguss Amoonguss
Wailord Wailord
Comfey Comfey
Jumpluff Jumpluff
Kakuna Kakuna
