Myrtle Abilene Hartford Joliet Champaign Barnstable Dallas Jacksonville Grays Lansing Muskegon Moreno Merced Erie Fayetteville Chicago Hollywood Bradenton Hemet Collins Cary Bridgeport Hollywood Harlingen Macon Cedar Plen Brownsville Bradenton Bloomington Brownsville Albany Albuquerque Lorain Barnstable Nashua Miramar Kissimmee Nashua Montgomery Davidson Hartford Leominster Alexandria Minneapolis Lexington GreenBay Abilene Aribel Baltimore Albany Irvine Abilene Aribel Kansas Chandler Merced Mobile Champaign Appleton Cathedral Lansing Corpus Deltona Lacey Huntsville Bradenton Houma Medford GreenBay Huntington Alexandria Moreno Myrtle
50
Hartford Hartford
Joliet Joliet
Barnstable Barnstable
Dallas Dallas
Grays Grays
Muskegon Muskegon
Merced Merced
Erie Erie
Chicago Chicago
Hollywood Hollywood
Hemet Hemet
Cary Cary
Bridgeport Bridgeport
Harlingen Harlingen
Macon Macon
Cedar Cedar
Plen Plen
Bradenton Bradenton
Bloomington Bloomington
Brownsville Brownsville
Albuquerque Albuquerque
Lorain Lorain
Nashua Nashua
Miramar Miramar
Kissimmee Kissimmee
Montgomery Montgomery
Davidson Davidson
Leominster Leominster
Minneapolis Minneapolis
Lexington Lexington
GreenBay GreenBay
Aribel Aribel
Baltimore Baltimore
Albany Albany
Abilene Abilene
Kansas Kansas
Chandler Chandler
Mobile Mobile
Champaign Champaign
Appleton Appleton
Cathedral Cathedral
Lansing Lansing
Corpus Corpus
Deltona Deltona
Huntsville Huntsville
Houma Houma
Medford Medford
Huntington Huntington
Alexandria Alexandria
Moreno Moreno
