Burlington Cambridge Buffalo Hayward Denver Rapids Naperville Harlingen Amarillo Hayward Myrtle Louisville Chicago Merced Barnstable Columbus Honolulu Davenport McAllen Killeen Prairie Bridgeport Cedar Chattanooga Rapids Denver Hayward Denver Clarke Miramar Clarke Cedar Nashville Cambridge Buffalo Louisville Chicago Independence Hampton Lewisville Greenville Burlington
25
Buffalo Buffalo
Denver Denver
Naperville Naperville
Amarillo Amarillo
Myrtle Myrtle
Chicago Chicago
Merced Merced
Columbus Columbus
Honolulu Honolulu
Davenport Davenport
McAllen McAllen
Killeen Killeen
Prairie Prairie
Bridgeport Bridgeport
Chattanooga Chattanooga
Rapids Rapids
Hayward Hayward
Clarke Clarke
Miramar Miramar
Cedar Cedar
Cambridge Cambridge
Louisville Louisville
Independence Independence
Hampton Hampton
Greenville Greenville
