Monroe Aribel Bradenton Louisville Three Grays Mesquite Hampton Albany Huntington Ten Burlington Miami Lauderdale Kenosha Bloomington Melbourne Myrtle Kissimmee Baton Chicago Allentown Asheville Fairfield Arlington Four Irving Elizabeth Miami Chesapeake Asheville Gainesville Frederick Clarke Montgomery Dayton Baltimore Mesa Cathedral Kailua Cathedral Elkhart Aberdeen Greensboro Dallas Gilbert Boise Athens Eight Akron Killeen Amarillo Austin Lewisville Seven Monroe Aribel Johnson Boulder Naples Fresno Hagerstown Lancaster Havre ElkGrove Vista Brownsville Davidson Rapids Arlington Bridgeport Erie Modesto Appleton Manchester Brownsville Hesperia Lowell Carrollton Lancaster Prairie Muskegon Daytona Gulfport Lacey Boulder Brownsville Davidson Dayton Birmingham Rapids Hartford Kennewick Huntington Cleveland Three Irving Dallas Julian Bradenton Cary Lakeland Laredo Mobile Erie Bethlehem Anchorage Apple Lowell Cambridge Kissimmee Hayward Austin Layton Lafayette Monterey Fargo Merced Asheville Chesapeake Glendale Viejo Denton Canton Kissimmee Muskegon Anaheim Boise Lincoln Anchorage Brighton Huntsville Jackson Leominster Hagerstown Detroit Murfreesboro Hialeah Bedford Lowell Antioch Seven Charleston Fairfield Hickory Columbus Carrollton Jacksonville Eight Abilene Monroe Clarksville Corpus Fayetteville Layton Macon Denver Lewisville Monroe
99
Bradenton Bradenton
Three Three
Mesquite Mesquite
Hampton Hampton
Albany Albany
Ten Ten
Burlington Burlington
Miami Miami
Kenosha Kenosha
Melbourne Melbourne
Kissimmee Kissimmee
Baton Baton
Allentown Allentown
Fairfield Fairfield
Arlington Arlington
Four Four
Elizabeth Elizabeth
Chesapeake Chesapeake
Gainesville Gainesville
Clarke Clarke
Montgomery Montgomery
Baltimore Baltimore
Mesa Mesa
Kailua Kailua
Elkhart Elkhart
Aberdeen Aberdeen
Greensboro Greensboro
Gilbert Gilbert
Athens Athens
Akron Akron
Killeen Killeen
Amarillo Amarillo
Lewisville Lewisville
Seven Seven
Monroe Monroe
Johnson Johnson
Naples Naples
Hagerstown Hagerstown
Havre Havre
Vista Vista
Brownsville Brownsville
Rapids Rapids
Bridgeport Bridgeport
Erie Erie
Modesto Modesto
Manchester Manchester
Hesperia Hesperia
Lowell Lowell
Lancaster Lancaster
Prairie Prairie
Daytona Daytona
Lacey Lacey
Boulder Boulder
Davidson Davidson
Dayton Dayton
Birmingham Birmingham
Hartford Hartford
Kennewick Kennewick
Huntington Huntington
Cleveland Cleveland
Irving Irving
Dallas Dallas
Julian Julian
Cary Cary
Lakeland Lakeland
Laredo Laredo
Mobile Mobile
Bethlehem Bethlehem
Apple Apple
Cambridge Cambridge
Hayward Hayward
Austin Austin
Lafayette Lafayette
Monterey Monterey
Merced Merced
Asheville Asheville
Glendale Glendale
Viejo Viejo
Denton Denton
Canton Canton
Muskegon Muskegon
Anaheim Anaheim
Boise Boise
Anchorage Anchorage
Huntsville Huntsville
Leominster Leominster
Detroit Detroit
Hialeah Hialeah
Bedford Bedford
Antioch Antioch
Charleston Charleston
Hickory Hickory
Carrollton Carrollton
Jacksonville Jacksonville
Abilene Abilene
Clarksville Clarksville
Corpus Corpus
Fayetteville Fayetteville
Layton Layton
