DK BL FA CS BC CA DI BH EY DZ GB DN HJ AV AU BE CW AO FJ CE AN EN AC DP HE DX DF FD DU AB AZ AG DM DX BW ED AI CT EI FZ AC HC FB CP DO EO AK DB CY EF EA DA CD CR FP FH AC EL FG AR BV DL CS EP HF FN GX BT BW DD AJ GY AT EQ HI FO EB FT CI AS AM FW FD CM EH BI CK GV DE ET GZ EM EW GR BR CC GG BL FT FD GN AA CU DE EY BF AY EF BA DT BA ES GT BU AV HB FZ BM BP CG HD GN BZ CX DK
94
FA FA
CS CS
BC BC
CA CA
DI DI
BH BH
EY EY
DZ DZ
GB GB
DN DN
HJ HJ
AU AU
BE BE
CW CW
AO AO
CE CE
AN AN
EN EN
DP DP
HE HE
DF DF
DU DU
AB AB
AZ AZ
AG AG
DM DM
DX DX
ED ED
CT CT
FZ FZ
HC HC
FB FB
CP CP
DO DO
EO EO
AK AK
DB DB
CY CY
EA EA
CD CD
CR CR
FP FP
FH FH
EL EL
FG FG
BV BV
DL DL
EP EP
HF HF
FN FN
GX GX
BW BW
DD DD
GY GY
AT AT
EQ EQ
HI HI
EB EB
FT FT
CI CI
AM AM
FW FW
CM CM
BI BI
CK CK
GV GV
ET ET
GZ GZ
EM EM
EW EW
GR GR
BR BR
CC CC
GG GG
BL BL
FD FD
AA AA
CU CU
DE DE
BF BF
AY AY
EF EF
DT DT
ES ES
GT GT
AV AV
HB HB
BM BM
BP BP
CG CG
HD HD
GN GN
BZ BZ
CX CX
