Soda AnthonyHall BotanicalGarden AnthonyHall EastGate BancroftLibrary CampbellHall BancroftLibrary BoaltHall CyclotronRd BoaltHall BancroftLibrary EastGate AnthonyHall BerkeleyArtMuseum EvansDiamond BarrowLane Cory BarrowLane EvansDiamond BerkeleyArtMuseum CalvinLaboratory CheitHall DonnerLab ChanShunAuditorium EtcheverryHall CNMAT EtcheverryHall ChanShunAuditorium DonnerLab CheitHall BlumHall BlackwellHall EshlemanHall BlackwellHall BlumHall CheitHall AlumniHouse BarkerHall BanwayBldg EdwardsStadium CaliforniaHall EdwardsStadium BanwayBldg BarkerHall AlumniHouse CareerCenter AlumniHouse CheitHall CalvinLaboratory BerkeleyArtMuseum AnthonyHall Campanile BerkeleyWayWest BrainImagingCenter Soda
20
AlumniHouse AlumniHouse DoeMemorialLibrary
AnthonyHall AnthonyHall Campanile ChouHall
CampbellHall BancroftLibrary EastAsianLibrary CampbellHall
EdwardsStadium BanwayBldg EdwardsStadium
BarkerHall BarkerHall
EvansDiamond BarrowLane BarrowsHall BARTStation BerkeleyArtMuseum DavisHall EvansDiamond
BrainImagingCenter BerkeleyWayWest BrainImagingCenter
BlumHall BirgeHall BlumHall
BlackwellHall BlackwellHall
CyclotronRd BoaltHall CyclotronRd
BotanicalGarden BotanicalGarden
CaliforniaHall CaliforniaHall
DonnerLab CalvinLaboratory CheitHall ClarkKerrCampus DonnerLab
CareerCenter CareerCenter VLSB Dwinelle
ChanShunAuditorium ChanShunAuditorium EtcheverryHall
CNMAT CNMAT
Cory Cory
Soda DurantHall
EastGate EastGate
EshlemanHall EshlemanHall
