Soda EtcheverryHall WicksonNaturalArea EtcheverryHall Soda MartinezCommons ClearyHall MartinezCommons Saratoga Cory Saratoga Hayward Unit3 Albany SanRafael IshiCourt Pacifica LowerSproulPlaza Pacifica IshiCourt FoundersRock SternHall FoundersRock EvansHall SanRamon EvansHall FoundersRock Piedmont NorthGateHall DonnerLab LewisHall DonnerLab NorthGateHall Piedmont BarkerHall WomenFacultyClub BarkerHall PimentelHall CalvinLaboratory PimentelHall BarkerHall Piedmont FoundersRock IshiCourt Benicia BancroftLibrary EastGate BancroftLibrary Unit1 HertzHall SproulPlaza Emeryville SproulPlaza AnthonyHall SproulPlaza HertzHall Unit1 Healdsburg Unit1 BancroftLibrary Benicia ZellerbachPlayhouse MulfordHall ZellerbachHall MulfordHall ZellerbachPlayhouse Benicia IshiCourt SanRafael Fairfield WursterHall Fairfield SanRafael WheelerHall KroeberHall WestCircle KroeberHall WheelerHall SanRafael IshiCourt FoundersRock MinorHallAddition StHelena KleebergerFieldHouse Orinda GiauqueHall Orinda KleebergerFieldHouse SatherTower Pittsburg Insectary Soda
34
GiauqueHall Campanile GiauqueHall Alameda
ClearyHall ClearyHall
IshiCourt IshiCourt ClarkKerrCampus SanPablo Benicia
WursterHall Fairfield WursterHall
EastGate StadiumRimWay Belmont BancroftLibrary ChouHall EastGate
LowerSproulPlaza LowerSproulPlaza
MulfordHall ZellerbachPlayhouse MulfordHall
Pittsburg SatherTower Pittsburg
ZellerbachHall ZellerbachHall
AnthonyHall AnthonyHall
Healdsburg Healdsburg
MartinezCommons Pinole Brisbane MartinezCommons
DonnerLab DonnerLab NorthGateHall HargroveMusicLibrary
Cory Saratoga Cory BlumHall
EtcheverryHall EtcheverryHall
Hayward HearstMiningCircle Hayward Unit3
CalvinLaboratory PimentelHall GilmanHall GoldmanField HearstGreekTheatre CalvinLaboratory
KroeberHall KroeberHall WheelerHall
Orinda KleebergerFieldHouse Oakley Orinda StHelena WestGate
SternHall SternHall WellmanHall
WestCircle WestCircle
HertzHall HertzHall
LewisHall LewisHall
EvansHall EvansHall
Insectary Insectary
Unit1 Unit1
FoundersRock FoundersRock MinorHallAddition
Pacifica Pacifica Hillsborough
Piedmont Piedmont
SanRafael Albany SanRafael
SanRamon SanRamon
Emeryville Emeryville SproulPlaza
WomenFacultyClub BarkerHall WomenFacultyClub FrankSchlessingerWay
WicksonNaturalArea WicksonNaturalArea
