LegendsAquaticCenter EllsworthParkingStru LegendsAquaticCenter DurantHall LegendsAquaticCenter LawSchool CITRIS NorthField InvestigativeReporti LegendsAquaticCenter LevineFrickeSoftball LegendsAquaticCenter GolbousPlace LeConteHall SodaHall ValleyLifeSciencesBu LegendsAquaticCenter NorthGateHall LewisHall MemorialGlade SatherTower LegendsAquaticCenter EucalyptusGrove StarrEastAsianLibrar LegendsAquaticCenter GoldmanField SoutheastAsianStudie LegendsAquaticCenter
19
EllsworthParkingStru EllsworthParkingStru
DurantHall DurantHall
LawSchool LawSchool
CITRIS CITRIS
NorthField NorthField
InvestigativeReporti InvestigativeReporti
LevineFrickeSoftball LevineFrickeSoftball
LegendsAquaticCenter LegendsAquaticCenter
GolbousPlace GolbousPlace
LeConteHall LeConteHall
SodaHall SodaHall
ValleyLifeSciencesBu ValleyLifeSciencesBu
NorthGateHall NorthGateHall
LewisHall LewisHall
MemorialGlade MemorialGlade
SatherTower SatherTower
EucalyptusGrove EucalyptusGrove
StarrEastAsianLibrar StarrEastAsianLibrar
GoldmanField GoldmanField
