BerkeleyArtMuseumand FoxCottage2350Bowdit BerkeleyArtMuseumand MartinezCommons BerkeleyArtMuseumand FallProgramforFreshm AnthonyHall BerkeleyArtMuseumand GoldmanField BerkeleyArtMuseumand SimpsonCenterforStud PublicAffairsOfficeo BowlesHall BancroftLibrary McConeHall CesarEChavezStudentC LeConteHall MaxwellFamilyFieldan KoshlandHall BerkeleyArtMuseumand GianniniHall BerkeleyArtMuseumand BancroftDanceStudio BerkeleyArtMuseumand CareerCenter HavilandHall MariesHouse BerkeleyArtMuseumand SutardjaDaiHall BerkeleyArtMuseumand ObservatoryHill KoretVisitorCenter BerkeleyArtMuseumand StanleyHall BerkeleyArtMuseumand Demography HearstMemorialMining AlumniHouse EnergyBiosciencesBui PacificFilmArchiveBe NorthField ArchitectsEngineersA InsectaryGreenhouse BanwayBuilding BerkeleyArtMuseumand MulfordHall MagnesCollectionofJe FacultyGlade WarrenHall GraduateTheologicalU SpiekerAquaticsCompl MosesHall EvansHall ManvilleHall BarrowsHall BerkeleyArtMuseumand EvansDiamond HaasSchoolofBusiness EdwardsTrackStadiumG BerkeleyArtMuseumand LegendsAquaticCenter FacultyClub InternationalHouse MathematicalSciences GolbousPlace LawSchool LatinAmericanStudies BerkeleyArtMuseumand IRLE BerkeleyArtMuseumand EastAsianStudiesInst Unit1ResidentHall BerkeleyArtMuseumand UniversityHouse BerkeleyArtMuseumand CaliforniaHall SimonHall BerkeleyArtMuseumand ClarkKerrCampus MorrisonHall EllsworthParkingStru BerkeleyArtMuseumand NaturalResourcesLabo BerkeleyArtMuseumand Sebastians CheitHall LawrenceHallofScienc BerkeleyArtMuseumand LawrenceBerkeleyNati McLaughlinHall Library LiKaShingCenter BerkeleyArtMuseumand WellmanHall BerkeleyArtMuseumand CoryHall SatherTower ZellerbachHall BerkeleyArtMuseumand AHammock UpperHearstParkingSt InvestigativeReporti BerkeleyArtMuseumand LowerHearstParkingSt AcademicInnovationSt BerkeleyArtMuseumand ChancellorsEsplanade HenryHWheelerBrainIm BerkeleyArtMuseumand UniversityHealthServ BerkeleyArtMuseumand
81
FoxCottage2350Bowdit FoxCottage2350Bowdit
MartinezCommons MartinezCommons
FallProgramforFreshm FallProgramforFreshm
AnthonyHall AnthonyHall
GoldmanField GoldmanField
SimpsonCenterforStud SimpsonCenterforStud
PublicAffairsOfficeo PublicAffairsOfficeo
BowlesHall BowlesHall
BancroftLibrary BancroftLibrary
McConeHall McConeHall
CesarEChavezStudentC CesarEChavezStudentC
LeConteHall LeConteHall
MaxwellFamilyFieldan MaxwellFamilyFieldan
KoshlandHall KoshlandHall
GianniniHall GianniniHall
BancroftDanceStudio BancroftDanceStudio
CareerCenter CareerCenter
HavilandHall HavilandHall
MariesHouse MariesHouse
SutardjaDaiHall SutardjaDaiHall
ObservatoryHill ObservatoryHill
KoretVisitorCenter KoretVisitorCenter
StanleyHall StanleyHall
Demography Demography
HearstMemorialMining HearstMemorialMining
AlumniHouse AlumniHouse
EnergyBiosciencesBui EnergyBiosciencesBui
PacificFilmArchiveBe PacificFilmArchiveBe
NorthField NorthField
ArchitectsEngineersA ArchitectsEngineersA
InsectaryGreenhouse InsectaryGreenhouse
BanwayBuilding BanwayBuilding
MulfordHall MulfordHall
MagnesCollectionofJe MagnesCollectionofJe
FacultyGlade FacultyGlade
WarrenHall WarrenHall
GraduateTheologicalU GraduateTheologicalU
SpiekerAquaticsCompl SpiekerAquaticsCompl
MosesHall MosesHall
EvansHall EvansHall
ManvilleHall ManvilleHall
BarrowsHall BarrowsHall
EvansDiamond EvansDiamond
HaasSchoolofBusiness HaasSchoolofBusiness
EdwardsTrackStadiumG EdwardsTrackStadiumG
LegendsAquaticCenter LegendsAquaticCenter
FacultyClub FacultyClub
InternationalHouse InternationalHouse
MathematicalSciences MathematicalSciences
GolbousPlace GolbousPlace
LawSchool LawSchool
LatinAmericanStudies LatinAmericanStudies
IRLE IRLE
EastAsianStudiesInst EastAsianStudiesInst
Unit1ResidentHall Unit1ResidentHall
UniversityHouse UniversityHouse
CaliforniaHall CaliforniaHall
SimonHall SimonHall
ClarkKerrCampus ClarkKerrCampus
MorrisonHall MorrisonHall
EllsworthParkingStru EllsworthParkingStru
NaturalResourcesLabo NaturalResourcesLabo
BerkeleyArtMuseumand BerkeleyArtMuseumand
Sebastians Sebastians
CheitHall CheitHall
LawrenceHallofScienc LawrenceHallofScienc
LawrenceBerkeleyNati LawrenceBerkeleyNati
McLaughlinHall McLaughlinHall
Library Library
LiKaShingCenter LiKaShingCenter
WellmanHall WellmanHall
CoryHall CoryHall
SatherTower SatherTower
ZellerbachHall ZellerbachHall
AHammock AHammock
UpperHearstParkingSt UpperHearstParkingSt
InvestigativeReporti InvestigativeReporti
LowerHearstParkingSt LowerHearstParkingSt
AcademicInnovationSt AcademicInnovationSt
ChancellorsEsplanade ChancellorsEsplanade
HenryHWheelerBrainIm HenryHWheelerBrainIm
