a aj fl c et c aw ci fy fn w c ec eu b ae b ey cv ep aa de em c m bl gn dq az ex u en df ee dm y du dt b ff cl e bi fb a dx bd ct bc ga eq eg dg p a ag bm a gl a b ck fh b ap fa d cs d fz l do cu fv ev ar er a ea a b fd t h a fr d ew c b cq ak al fg j e fu gp bv gh dn a o b ah dj gb br cd k b gm ch a fs b by bf a ed an b cp b cb b bz b ab bb c dv b a
99
aj aj
fl fl
et et
aw aw
ci ci
fy fy
fn fn
w w
ec ec
eu eu
ae ae
ey ey
cv cv
ep ep
aa aa
de de
em em
m m
bl bl
gn gn
dq dq
az az
ex ex
u u
en en
df df
ee ee
dm dm
y y
du du
dt dt
ff ff
cl cl
e e
bi bi
fb fb
dx dx
bd bd
ct ct
bc bc
ga ga
eq eq
eg eg
dg dg
p p
ag ag
bm bm
gl gl
b b
ck ck
fh fh
ap ap
fa fa
cs cs
fz fz
l l
do do
cu cu
fv fv
ev ev
ar ar
er er
ea ea
a a
fd fd
t t
h h
fr fr
ew ew
c c
cq cq
ak ak
al al
fg fg
j j
fu fu
gp gp
bv bv
gh gh
dn dn
o o
ah ah
dj dj
gb gb
br br
cd cd
k k
gm gm
ch ch
fs fs
by by
bf bf
ed ed
an an
cp cp
cb cb
bz bz
ab ab
bb bb
