Pantheon Jinx Nunu Akali Spectre Anivia Oracle CentaurWarrunner CrystalMaiden Xerath Jayce Disruptor Lux Jhin BountyHunter Malphite Tiny Rumble LoneDruid NightStalker Draven Ezreal Tailyah Ziggs KogMaw Talon Morgana Skarner Magnus Jax Lich Heimerdinger Ashe ChaosKnight Kled MasterYi Bard ArcWarden SpiritBreaker Bristleback Maokai Slark TrollWarlord Phoenix WraithKing Ahri Galio Shyvana Jayce Lucian Graves Pantheon
48
Jinx Jinx
Nunu Nunu
Akali Akali
Spectre Spectre
Anivia Anivia
Oracle Oracle
CentaurWarrunner CentaurWarrunner
CrystalMaiden CrystalMaiden
Xerath Xerath
Jayce Jayce
Disruptor Disruptor
Lux Lux
Jhin Jhin
BountyHunter BountyHunter
Malphite Malphite
Tiny Tiny
Rumble Rumble
LoneDruid LoneDruid
NightStalker NightStalker
Draven Draven
Ezreal Ezreal
Tailyah Tailyah
Ziggs Ziggs
KogMaw KogMaw
Talon Talon
Morgana Morgana
Skarner Skarner
Magnus Magnus
Jax Jax
Lich Lich
Heimerdinger Heimerdinger
Ashe Ashe
ChaosKnight ChaosKnight
Kled Kled
MasterYi MasterYi
Bard Bard
ArcWarden ArcWarden
SpiritBreaker SpiritBreaker
Bristleback Bristleback
Maokai Maokai
Slark Slark
TrollWarlord TrollWarlord
Phoenix Phoenix
WraithKing WraithKing
Ahri Ahri
Galio Galio
Shyvana Shyvana
Lucian Lucian
