Fizz Thresh Heimerdinger Huskar Sven Nasus Medusa Tiny Katarina Gragas Terrorblade KhaZix Slardar Kassadin Gragas Kennen CentaurWarrunner Sniper WinterWyvern Nidalee NightStalker Annie Singed Quinn Ekko Venomancer Karma Omniknight Terrorblade StormSpirit Amumu BountyHunter Huskar Warlock Weaver ShadowFiend DeathProphet Fiddlesticks Janna Undying Zeus Rengar Fizz Magnus Visage TrollWarlord Orianna Kled Jinx Syndra Leshrac Sona Azir LoneDruid Zed Rubick Morphling Irelia Techies Beastmaster FacelessVoid VelKoz LeBlanc Amumu Karma Pantheon ShadowDemon BountyHunter Puck SpiritBreaker Bane Yorick Vladimir Ryze Mirana Slark Orianna Gragas Trundle JarvanIV Timbersaw Jayce Ziggs Tristana Xayah Cassiopeia Chen Viktor Leona Oracle Brand Lucian Vi Bard Nunu Brewmaster ShadowShaman Talon Necrophos Rumble Zilean TahmKench Kayn Fizz
88
Thresh Thresh
Heimerdinger Heimerdinger
Huskar Huskar
Sven Sven
Nasus Nasus
Medusa Medusa
Tiny Tiny
Katarina Katarina
Terrorblade Terrorblade
KhaZix KhaZix
Slardar Slardar
Kassadin Kassadin
Gragas Gragas
Kennen Kennen
CentaurWarrunner CentaurWarrunner
Sniper Sniper
WinterWyvern WinterWyvern
Nidalee Nidalee
NightStalker NightStalker
Annie Annie
Singed Singed
Quinn Quinn
Ekko Ekko
Venomancer Venomancer
Karma Karma
Omniknight Omniknight
StormSpirit StormSpirit
BountyHunter BountyHunter
Warlock Warlock
Weaver Weaver
ShadowFiend ShadowFiend
DeathProphet DeathProphet
Fiddlesticks Fiddlesticks
Janna Janna
Undying Undying
Rengar Rengar
Fizz Fizz
Magnus Magnus
Visage Visage
TrollWarlord TrollWarlord
Kled Kled
Jinx Jinx
Syndra Syndra
Sona Sona
Azir Azir
LoneDruid LoneDruid
Zed Zed
Rubick Rubick
Morphling Morphling
Irelia Irelia
Techies Techies
Beastmaster Beastmaster
FacelessVoid FacelessVoid
VelKoz VelKoz
LeBlanc LeBlanc
Amumu Amumu
Pantheon Pantheon
ShadowDemon ShadowDemon
Puck Puck
SpiritBreaker SpiritBreaker
Bane Bane
Yorick Yorick
Vladimir Vladimir
Ryze Ryze
Mirana Mirana
Slark Slark
Orianna Orianna
Trundle Trundle
JarvanIV JarvanIV
Timbersaw Timbersaw
Jayce Jayce
Ziggs Ziggs
Tristana Tristana
Xayah Xayah
Cassiopeia Cassiopeia
Chen Chen
Viktor Viktor
Leona Leona
Oracle Oracle
Lucian Lucian
Vi Vi
Nunu Nunu
Brewmaster Brewmaster
ShadowShaman ShadowShaman
Talon Talon
Rumble Rumble
Zilean Zilean
TahmKench TahmKench
