Zeus EmberSpirit Leshrac Slardar Dazzle TreantProtector Braum Zeus Bloodseeker Sven Renekton Axe Skarner ElderTitan Nocturne Twitch Syndra Olaf Lycan Blitzcrank Xayah Lulu Xayah Shen Sona Zeus
19
EmberSpirit EmberSpirit
Leshrac Leshrac
Slardar Slardar
Dazzle Dazzle
TreantProtector TreantProtector
Braum Braum
Zeus Zeus
Bloodseeker Bloodseeker
Sven Sven
Renekton Renekton
Axe Axe
ElderTitan ElderTitan
Nocturne Nocturne
Twitch Twitch
Syndra Syndra
Lycan Lycan
Blitzcrank Blitzcrank
Xayah Xayah
Lulu Lulu
