0 2 3 4 5 4 3 2 0 7 25 7 9 24 9 10 72 67 63 59 57 51 57 59 63 67 72 10 11 71 68 64 68 71 11 10 26 28 29 28 27 77 27 28 12 30 33 41 81 41 33 30 31 40 31 14 15 76 78 76 15 16 99 16 15 14 47 45 42 45 47 48 49 92 90 44 43 91 43 80 88 94 88 80 43 44 90 92 49 50 93 89 93 50 49 48 47 14 17 18 19 18 17 14 31 30 12 73 69 65 70 65 61 65 69 73 12 28 29 34 38 75 95 96 97 98 97 96 95 75 38 34 29 35 39 37 84 87 82 83 82 87 84 37 39 35 29 28 26 10 9 7 8 74 66 62 58 56 52 55 54 53 54 55 52 56 58 62 66 74 8 7 0
50
0 0 1 21 22 23
2 2
3 3
4 4
5 5 6
7 7 8
9 9
72 10 26 72
11 11 71
29 12 28 29 34 35
15 13 14 15 16
18 17 18
19 19 20
24 24
25 25
27 27
33 30 32 33 36
40 31 40
37 37 39
75 38 75
81 41 79 81
42 42 86
91 43 46 91
44 44
45 45 47
49 48 49 50
51 51
55 52 54 55 56
53 53
59 57 59
66 58 62 66 74
64 60 64 68
61 61
63 63
65 65 69 73
67 67
70 70
76 76
77 77
78 78
94 80 88 94
83 82 83
84 84 87
99 85 99
89 89
90 90
92 92
93 93
96 95 96 97
98 98
