6 8 4 1 0 7 2 6 11 10 15 10 18 19 16 14 13 15 11 24 20 23 26 21 24 30 39 31 30 36 38 30 42 46 41 40 48 44 42 55 50 57 58 51 59 51 55 67 62 63 65 69 60 67 73 77 75 78 74 78 72 79 73 80 87 88 85 81 80 96 90 97 98 99 95 96 103 109 106 105 101 102 107 100 103 111 112 118 113 115 114 111 124 120 126 128 125 128 129 124 133 139 137 130 132 138 137 134 133 143 148 145 149 144 147 146 143 158 150 153 154 152 157 158 168 164 160 167 163 166 168 172 176 170 178 177 179 172 189 182 181 187 184 186 185 180 189 199 194 190 191 198 196 199 6
92
8 8
4 4
1 1
0 0
7 7
10 10
15 15
18 18
19 19
14 14
20 20
23 23
26 26
21 21
39 39
31 31
36 36
38 38
46 46
41 41
40 40
48 48
50 50
57 57
51 51
59 59
62 62
63 63
65 65
69 69
60 60
77 77
75 75
78 78
74 74
79 79
87 87
88 88
85 85
81 81
90 90
97 97
98 98
95 95
109 109
106 106
105 105
101 101
107 107
112 112
118 118
113 113
115 115
114 114
120 120
126 126
128 128
125 125
129 129
139 139
137 137
130 130
132 132
134 134
148 148
145 145
149 149
144 144
146 146
150 150
153 153
152 152
157 157
164 164
167 167
163 163
166 166
176 176
170 170
178 178
177 177
179 179
182 182
181 181
187 187
186 186
185 185
194 194
190 190
191 191
198 198
196 196
