L16 L29 L16 L135 L99 L129 L128 L91 L128 L129 L9 L104 L126 L84 L8 L116 L101 L93 L101 L116 L8 L84 L114 L140 L62 L82 L153 L131 L153 L22 L94 L78 L94 L21 L109 L89 L107 L89 L13 L76 L38 L134 L74 L134 L38 L76 L13 L89 L109 L21 L94 L22 L153 L82 L62 L124 L63 L119 L72 L119 L80 L119 L90 L92 L90 L119 L63 L27 L63 L149 L4 L143 L4 L149 L63 L103 L133 L144 L133 L68 L133 L103 L63 L124 L5 L130 L1 L130 L19 L95 L152 L95 L19 L130 L5 L18 L5 L124 L62 L140 L114 L79 L12 L28 L52 L28 L12 L79 L114 L84 L126 L151 L126 L104 L150 L87 L150 L104 L142 L16
45
L4 L4
L107 L106 L35 L77 L107 L70
L78 L7 L78 L24 L85 L94 L22
L82 L62 L153 L82
L134 L125 L134 L38
L95 L95
L131 L131 L53 L110 L141
L126 L83 L104 L126 L9
L119 L119 L75
L29 L29
L63 L146 L20 L103 L149 L47 L61 L63
L114 L114 L100 L79 L145
L89 L89 L139 L11
L91 L91 L128 L129
L18 L18
L144 L144
L130 L130 L5
L150 L150
L16 L16
L92 L92
L52 L43 L52
L84 L56 L84
L93 L93
L87 L87
L13 L76
L74 L74
L8 L2 L8
L140 L140
L27 L138 L27
L109 L109
L80 L80
L143 L40 L143 L65
L28 L28 L12 L67
L116 L101
L142 L142
L151 L151
L90 L90
L1 L1
L72 L72
L133 L133
L135 L99
L124 L124
L21 L21 L147
L68 L68
L152 L152
