5 0 4 0 1 2 3 2 1 0 5 11 17 23 29 35 41 47 53 48 49 48 53 47 42 46 42 43 44 45 44 43 42 47 41 36 37 38 39 38 37 36 41 47 53 59 54 55 56 57 56 55 54 59 65 71 77 72 77 83 89 95 90 94 90 95 101 96 100 96 97 98 99 98 97 96 101 107 102 103 104 103 102 107 101 95 89 84 88 84 85 86 85 84 89 83 78 79 80 81 80 79 78 83 77 71 66 67 68 69 68 67 66 71 65 60 61 62 61 60 65 71 77 72 73 74 75 74 73 72 77 83 89 95 90 91 92 93 92 91 90 95 89 83 77 71 65 59 53 47 41 35 29 24 25 26 27 26 25 24 29 23 17 12 16 12 13 14 15 14 13 12 17 11 6 7 8 9 8 7 6 11 17 23 18 19 20 21 23 17 11 5
48
0 0
1 1
3 2 3
4 4
7 6 7 8 10
9 9
17 12 13
15 14 15
16 16
23 18 22
20 19 20
21 21
29 24 28
27 25 26 27
35 30 31 32 33 34
41 36 40
38 37 38
39 39
46 42 46
43 43 44
45 45
49 48 49 50 51 52
55 54 55 58
56 56
57 57
62 60 61 62 63 64
66 66 70
67 67
68 68
69 69
72 72 73 76
75 74 75
83 78 82
79 79
80 80
81 81
88 84 88
86 85 86 87
90 90 91
92 92
93 93
94 94
96 96
98 97 98
99 99
100 100
103 102 103 106
104 104 105
