0 26 18 12 9 82 78 73 76 68 64 56 55 141 145 143 146 4 11 19 22 29 31 36 30 27 32 137 132 127 118 110 104 108 109 105 128 131 142 138 15 16 10 5 28 85 86 81 75 69 65 66 67 60 123 122 39 45 42 40 44 51 47 53 49 43 35 33 25 24 23 125 133 134 93 96 94 95 97 101 117 113 111 114 7 8 13 63 62 70 77 84 80 83 120 119 127 135 142 148 146 89 97 34 97 98 90 2 0
100
0 0
26 26
18 18
12 12
9 9
82 82
78 78
73 73
76 76
68 68
64 64
56 56
55 55
141 141
145 145
143 143
146 146
4 4
11 11
19 19
22 22
29 29
31 31
36 36
30 30
27 27
32 32
137 137
132 132
127 127
118 118
110 110
104 104
108 108
109 109
105 105
128 128
131 131
142 142
138 138
15 15
16 16
10 10
5 5
28 28
85 85
86 86
81 81
75 75
69 69
65 65
66 66
67 67
60 60
123 123
122 122
39 39
45 45
42 42
40 40
44 44
51 51
47 47
53 53
49 49
43 43
35 35
33 33
25 25
24 24
23 23
125 125
133 133
134 134
93 93
96 96
94 94
95 95
97 97
101 101
117 117
113 113
111 111
114 114
7 7
8 8
13 13
62 62
70 70
77 77
84 84
80 80
83 83
120 120
119 119
135 135
148 148
89 89
34 34
98 98
