0 1 11 1 15 1 10 1 17 1 18 1 0 2 21 2 25 2 22 2 26 2 27 2 0 3 32 3 29 3 36 3 0 4 39 4 41 4 40 4 43 4 44 4 0 5 49 5 48 5 50 5 54 5 0 6 57 6 55 6 59 6 61 6 63 6 0 7 64 7 70 7 68 7 71 7 0 8 73 8 80 8 77 8 76 8 79 8 0 9 87 9 89 9 82 9 83 9 0
49
1 1
11 11
15 15
10 10
17 17
18 18
2 2
21 21
25 25
22 22
26 26
27 27
3 3
32 32
29 29
36 36
4 4
39 39
41 41
40 40
43 43
44 44
5 5
49 49
48 48
50 50
54 54
6 6
57 57
55 55
59 59
61 61
63 63
7 7
64 64
70 70
68 68
71 71
8 8
73 73
80 80
77 77
76 76
79 79
9 9
87 87
89 89
82 82
83 83
