1 119 151 2 74 16 163 147 160 112 12 140 57 59 53 143 36 27 95 192 97 182 29 7 78 129 32 42 126 139 13 167 127 70 181 183 14 186 89 153 87 45 21 142 184 170 123 165 60 118 76 108 68 52 197 3 11 149 17 100 35 6 114 132 79 176 40 137 9 117 64 180 161 20 67 120 164 122 172 25 99 28 121 93 44 190 65 77 116 148 94 159 191 188 92 91 34 131 81 178 155 48 1
100
119 119
151 151
2 2
74 74
16 16
163 163
147 147
160 160
112 112
12 12
140 140
57 57
59 59
53 53
143 143
36 36
27 27
95 95
192 192
97 97
182 182
29 29
7 7
78 78
129 129
32 32
42 42
126 126
139 139
13 13
167 167
127 127
70 70
181 181
183 183
14 14
186 186
89 89
153 153
87 87
45 45
21 21
142 142
184 184
170 170
123 123
165 165
60 60
118 118
76 76
108 108
68 68
52 52
197 197
3 3
11 11
149 149
17 17
100 100
35 35
6 6
114 114
132 132
79 79
176 176
40 40
137 137
9 9
117 117
64 64
180 180
161 161
20 20
67 67
120 120
164 164
122 122
172 172
25 25
99 99
28 28
121 121
93 93
44 44
190 190
65 65
77 77
116 116
148 148
94 94
159 159
191 191
188 188
92 92
91 91
34 34
131 131
81 81
178 178
155 155
