187 68 7 110 179 36 8 66 172 78 164 78 166 173 30 2 30 173 72 136 178 161 77 107 77 49 191 188 190 169 6 12 6 111 21 90 21 108 149 132 93 41 146 69 39 160 165 194 154 97 54 55 54 89 189 80 194 154 134 44 180 117 73 117 140 58 95 58 126 58 157 83 33 56 35 53 35 159 176 65 183 175 142 128 9 102 124 23 124 133 131 109 22 181 71 148 123 15 82 127 101 92 184 15 123 150 124 171 69 146 114 79 163 106 152 84 144 52 144 119 144 87 177 162 185 32 45 70 199 195 63 48 158 94 86 13 59 37 42 37 120 153 29 153 86 156 47 67 18 67 196 68 187
56
48 63 48 94
6 111 152 90 6 108
82 82 184 92 15 127
124 133 23 124
53 33 53 83
144 119 172
191 191 161
72 173 72
142 175 142
163 163 41
13 13 120 59 42
71 181 71
179 110 36 7
148 148
109 109 131
132 132
2 30 2
180 117 180 44
165 165
146 69 146 171
128 128
157 157
150 150
54 54 89
9 9
169 169 190
12 12
32 162 70 32 199 45
189 80
77 107
78 78 164 166
153 153 29
134 134
18 67 18
183 183 65
55 55
176 176
93 93
178 136
140 140
66 8
95 95
87 87
160 160 39
97 97
52 52
114 114
187 68
156 47 156
73 73
126 126
58 58
79 79
196 196
154 154
86 86
