16 39 75 92 19 85 7 6 7 85 3 68 3 45 3 85 19 92 83 60 88 53 94 15 57 52 57 84 96 0 38 31 72 31 38 86 99 82 62 82 20 11 20 82 99 86 38 0 96 84 21 40 55 40 21 84 57 15 94 51 71 44 71 51 94 59 37 65 61 23 17 29 50 58 50 29 17 23 61 65 37 59 94 53 88 60 83 92 75 39 16 33 63 25 16
29
82 86 82 20 81
72 93
75 75
92 90 92 19 83
31 31
94 51 94 18 77
7 7
61 23 61
63 33 36
88 35 60 88
29 17 29
52 84 52
65 37 65
58 58
0 0 96
45 5
62 62
68 68 74
55 40 21 55
50 50
15 80 15
11 11
6 6
53 53
25 25
3 3
44 44
85 85
39 39
