location1 location20 location133 location20 location169 location143 location106 location37 location65 location37 location106 location118 location43 location118 location148 location118 location93 location179 location158 location28 location158 location179 location93 location118 location106 location100 location92 location100 location136 location11 location185 location11 location136 location105 location136 location100 location106 location182 location110 location182 location106 location143 location57 location17 location175 location32 location159 location184 location181 location184 location199 location184 location91 location68 location161 location35 location161 location146 location139 location75 location139 location146 location161 location68 location91 location184 location172 location74 location172 location157 location44 location5 location44 location157 location149 location157 location44 location12 location128 location25 location128 location12 location44 location157 location172 location184 location159 location32 location96 location95 location195 location196 location94 location130 location94 location22 location94 location196 location195 location95 location96 location32 location175 location17 location57 location143 location186 location143 location171 location143 location169 location127 location154 location165 location116 location10 location69 location49 location3 location49 location140 location16 location197 location16 location13 location16 location140 location49 location69 location10 location116 location165 location154 location127 location169 location20 location1 location178 location27 location108 location1
50
location69 location69 location107 location10 location190
location35 location35
location106 location106 location177 location182 location59 location164
location197 location16 location197
location1 location20 location90 location56 location26 location178
location105 location180 location105
location91 location97 location82 location91
location28 location158 location28
location11 location11
location25 location25 location128
location43 location43
location157 location157 location6
location169 location169
location184 location123 location184 location129 location46 location40
location110 location110 location142
location44 location12 location44 location111
location179 location179 location93
location92 location92 location100 location33 location193
location57 location57
location65 location65
location74 location74 location172
location165 location116 location165
location196 location195 location196
location161 location68 location146 location161
location108 location108 location27
location143 location143
location49 location140 location49
location96 location2 location150 location85 location95 location96
location118 location188 location118
location133 location133
location37 location37
location159 location159
location17 location17 location152
location75 location139 location75
location149 location149
location130 location130 location94
location199 location199
location171 location171
location5 location5 location114
location22 location22
location13 location13
location136 location136 location30 location109
location32 location87 location32
location175 location175
location186 location186
location181 location58 location181
location3 location3
location154 location127 location154
location148 location148
location185 location185
