location1 location38 location17 location10 location46 location45 location99 location45 location58 location30 location91 location32 location91 location30 location57 location35 location79 location80 location79 location35 location57 location95 location57 location35 location78 location77 location3 location77 location40 location77 location78 location35 location57 location30 location58 location45 location46 location10 location49 location10 location6 location89 location75 location9 location75 location42 location59 location42 location44 location23 location44 location42 location75 location21 location51 location21 location36 location29 location8 location29 location36 location19 location2 location54 location53 location1
25
location46 location94 location56 location10 location46
location36 location19 location36 location29 location71
location49 location49
location99 location99
location35 location35 location43 location79 location78 location83 location57
location23 location23 location47
location75 location21 location52 location75
location59 location59
location89 location6 location89
location42 location42
location54 location2 location54 location66
location1 location38 location17 location90 location31
location8 location8
location80 location80
location91 location91 location74 location30
location95 location95
location45 location58 location48 location45
location51 location51
location77 location72 location77
location9 location9
location44 location44
location40 location40
location3 location3
location32 location32
location53 location53
