0 18 85 100 52 21 25 78 29 37 19 22 49 20 98 12 42 4 88 89 47 9 41 30 87 71 44 66 1 74 27 45 64 93 76 11 86 81 67 10 28 60 90 32 15 2 35 38 39 80 59 57 51 69 92 70 91 58 73 24 154 84 68 14 72 6 63 135 23 135 43 94 26 3 83 31 16 48 46 5 95 62 13 17 36 33 61 53 54 7 54 77 56 79 34 99 97 8 82 40 96 75 55 75 65 50 0
51
74 1 45 66 74
2 2 15
31 3 16 31 83
88 4 88
5 5 46 48
6 6
53 7 53 54
8 8 96
47 9 47 89
10 10 67
11 11
12 12 42 80
62 13 62
68 14 68
17 17
18 18 21
19 19 37
20 20
22 22 49
23 23 43
58 24 58 73
59 25 26 29 57 59 78 94
27 27
28 28
30 30 41 44 71 87
32 32
36 33 36
79 34 79 99
38 35 38 39
82 40 82
50 50 65
51 51
52 52
55 55
56 56
60 60 90
61 61
63 63
93 64 93
92 69 92
91 70 91
72 72
75 75
76 76
77 77
86 81 86
84 84
100 85 100
95 95
97 97
98 98
