c5 t1 t0 q1 t9 e1 e4 r7 h3 q3 s2 n6 h1 c4 g9 c8 k9 c3 j2 a4 a6 h5 g1 m7 o7 k1 f6 t2 i0 g6 p7 b7 n3 h2 q8 r1 m4 j7 a0 o0 q0 s3 l6 l0 f3 f5 t7 f2 j6 r2 p0 g0 q5 g5 e0 o2 k6 b3 a1 a8 l1 m0 b1 d4 i1 a7 p9 o8 j3 h4 s4 g3 o4 t8 i5 d6 r9 i4 n4 n0 l8 t6 l3 h0 j5 s1 h6 d5 g7 s9 g8 e2 s7 r4 g4 t5 e5 o6 l4 o5 b5 c5
50
e4 e4 s4 h4 r7
s1 s1 j5
h1 h1
d5 g7 h6 d5
q1 q1
i1 d4 i1
o7 n3 o7 k1 f6
r9 r9 i4
e2 s7 g8 s9 e2
j7 o0 a0 j7 m4
b1 b1 m0
f3 f5 f3
h3 h3
l0 g9 l0 j3 p9 o8
q0 r1 q0
t6 t6 l3 h0
n6 n6
b7 b7
g3 g3
t5 r4 g4 t5
d6 d6
f2 t7 j6 f2
l6 l6
a1 b3 a1
g1 g1 m7 h5
n0 n0
o4 o4 e1 t9
q8 h2 q8
q5 g5 q5 e0 g0 k6 o2
p0 p0
o5 o5
q3 s2 q3
o6 o6
p7 g6 p7
c8 c8 k9
a7 a7
t8 l8 i5 t8
c3 c3
t0 t0 t1
a8 a8 l1
l4 l4
j2 j2 s3
r2 r2
i0 i0 t2
a6 a6
n4 n4
b5 b5
e5 e5
c4 c4
a4 a4
