According to all known laws of there is no way no is there of laws known all to According care what humans think black and shake it up Breakfast Hang on Oan you believe this I this believe you Oan on Hang Breakfast up it shake and black think humans what care According wings are too small get its fat little body off the The flies anyway because bees because anyway flies The the off body little fat its get small too are wings According
19
to to
all known
of of
no is
way way bee be Its
too are
small small
get its
body little
the off The
flies anyway
bees bees
what what
black think and
it it
Breakfast Breakfast
Hang on
you you
I this pick
