0 41 167 171 73 169 73 171 163 171 167 41 0 7 155 7 161 139 23 45 37 25 123 25 37 45 23 139 161 147 89 63 5 113 5 63 159 97 159 115 47 115 159 131 105 179 135 93 193 93 189 9 189 93 127 175 151 199 151 21 173 53 173 21 107 31 107 141 27 177 27 91 27 141 43 195 101 195 43 141 59 65 95 83 183 69 109 69 183 83 95 65 59 49 13 49 191 79 181 111 181 17 11 55 11 17 181 79 191 49 59 141 43 187 197 71 197 187 43 141 107 21 151 175 127 93 135 179 105 131 159 63 89 87 61 87 19 185 0
50
199 1 129 149 165 199
73 3 73 171
5 5
0 7 39
9 9 77 121 157 189
11 11
13 13 49
43 15 43 119 187
17 17
185 19 185
151 21 35 125 151
23 23
25 25
27 27 141
191 29 79 191
31 31 107
91 33 91 137
37 37 45
41 41
47 47
95 51 65 67 95 145
53 53
55 55
167 57 167
59 59 133
61 61
63 63 159
69 69 153 183
71 71 75 197
89 81 85 87 89 143 147
83 83
193 93 193
97 97
175 99 117 127 175
101 101
111 103 111 181
105 105 131
109 109
113 113
115 115
123 123
135 135
139 139 161
155 155
163 163
169 169
173 173
177 177
179 179
195 195
