0 181 199 45 39 0 58 188 126 3 52 122 125 160 109 12 145 78 11 19 32 42 195 138 136 73 116 3 119 73 170 172 197 169 183 168 126 29 31 138 179 2 130 94 31 33 128 105 74 29 68 104 184 37 143 104 142 69 21 182 24 185 180 2 156 164 157 144 16 159 96 114 0 41 131 51 174 115 31 185 194 76 103 30 158 38 69 185 177 146 17 46 177 80 97 191 183 86 30 198 1 163 10 4 10 190 23 60 44 8 3 35 50 192 95 189 128 18 147 29 124 133 109 4 178 24 70 13 43 159 62 140 93 131 51 121 182 24 77 79 193 112 9 129 120 0
80
199 199
39 39
58 58
188 188
3 3
52 52
125 125
160 160
12 12
78 78
19 19
32 32
195 195
136 136
116 116
119 119
170 170
197 197
183 183
126 126
31 31
179 179
2 2
94 94
33 33
105 105
74 74
68 68
184 184
143 143
142 142
21 21
24 24
180 180
156 156
157 157
16 16
96 96
0 0
131 131
174 174
115 115
185 185
194 194
103 103
158 158
38 38
69 69
177 177
17 17
46 46
80 80
191 191
86 86
198 198
163 163
4 4
190 190
60 60
8 8
35 35
50 50
192 192
189 189
18 18
29 29
133 133
109 109
178 178
70 70
43 43
159 159
62 62
93 93
51 51
182 182
77 77
193 193
9 9
129 129
