61 48 60 28 49 94 92 5 86 51 10 98 15 29 36 60 58 80 84 2 74 11 69 0 8 1 88 32 45 67 3 36 48 8 72 82 90 42 22 4 89 6 14 51 33 63 83 70 90 28 65 28 11 26 44 42 35 91 31 20 40 85 97 19 33 90 30 79 28 49 39 97 37 73 26 60 57 60 97 19 17 76 25 2 61
50
60 60
28 28
92 92
5 5
86 86
10 10
98 98
15 15
36 36
58 58
80 80
2 2
74 74
11 11
69 69
1 1
32 32
67 67
3 3
48 48
8 8
72 72
82 82
42 42
4 4
6 6
14 14
51 51
63 63
83 83
70 70
90 90
65 65
26 26
44 44
35 35
91 91
31 31
40 40
85 85
33 33
30 30
39 39
37 37
73 73
57 57
97 97
17 17
76 76
25 25
