190 75 166 56 68 10 68 25 22 117 30 117 22 104 22 117 89 100 179 44 65 38 145 121 6 121 145 38 65 44 103 168 23 186 57 169 176 21 176 169 57 186 102 109 102 181 102 186 84 192 69 108 54 163 93 164 93 165 67 33 114 92 106 92 132 152 132 92 114 33 58 33 67 147 67 165 136 165 93 189 111 189 93 163 54 108 162 108 133 156 1 142 1 156 133 108 69 192 84 186 23 168 103 44 82 52 61 52 82 44 64 55 34 55 36 55 64 44 179 66 71 171 71 182 2 99 134 99 2 182 113 123 113 182 71 66 179 100 89 117 22 25 68 199 146 193 90 193 139 115 177 101 177 115 139 193 146 199 68 56 74 60 76 49 185 112 85 149 85 112 185 49 76 107 62 46 62 107 76 60 74 56 45 153 5 172 4 190
59
67 165 67 8
60 60
193 146 139 193
185 185
103 141 168 103
52 138 52
104 104
34 55 34
108 192 3 69 133 108
176 176
134 188
186 29 198 186 84 102
36 36
142 1 142 156
179 11 179
56 166 135 153 56 45 68
123 123
54 50 54 32
62 62
181 118 181
182 182 113 94
117 117
4 172 47 5
109 109
21 21
61 61
112 112
33 33
177 177 173
2 2
6 137
147 27
58 129 83
10 10
162 162 95
99 99
76 76
90 40
38 38
149 149
57 57
114 92 114
23 23
163 163
100 100
71 66 71
169 169
22 22
121 121
152 132 152
101 101
171 195
30 30
46 46
65 44 65
164 93 116 164
136 136
106 106
111 111 189
