114 78 161 119 171 127 111 115 37 5 195 196 134 177 134 196 195 5 37 115 111 127 171 119 161 78 114 49 67 98 100 81 182 57 117 75 109 181 66 181 21 181 112 105 112 42 33 48 15 43 197 43 70 125 16 183 146 169 87 169 146 183 176 132 12 132 176 183 16 125 124 31 14 3 7 96 147 32 24 32 147 96 167 96 7 3 4 3 14 31 124 125 70 43 15 48 33 42 112 181 109 75 117 1 35 149 62 149 45 149 95 53 187 135 187 53 95 149 129 92 47 26 18 26 47 92 129 149 62 108 51 173 0 10 25 10 0 173 51 108 62 149 35 1 117 57 182 81 188 81 100 98 67 91 28 91 114
55
16 16
114 174 102 170 166 49 114 150 94
183 183
78 78
188 188
28 199 28 91
21 21
167 167
75 75
25 191 76
51 51 175 173 74
3 103 14 3
7 7
33 42 33
182 182
127 111 127 155 69
134 196 134
12 12
181 148 181
24 24
26 26
169 146 169 84
197 197
4 4
18 63 18
15 70 15 131 43 89 59
10 10 0 133 29
45 154 164
66 66
5 37 195 115 41 5
112 112
105 105
119 171 161 119
1 1
62 149 108 62
187 187
98 98
117 117
67 67
92 92
147 147 36
35 35
135 135 93
100 100
96 96
95 95
81 81
31 31 124
109 109
132 176
177 177
53 53
32 32
87 87 38
47 47
