gc gk em gk gc as ac ab dy cg fy db az cn az db fa db fy br er am cd ep cd am er br g br fy cg dy ab cm dg u ds et bn b v ai v gq bu y bu fg eg fg bu gq a at a bq fe e ff ga dx gn by p by gn dx fq fk fq dx gn gh fd fo bl an ad gj ad bx ap bb fn bb ap bx ad gj di gi d dh en dq fi bj ge bj fi dq aw h dj gg dp do dp gg dj h aw dq en dh d gi di gj ad an bl fo fd gh gn by bc ah ao cv cl cs cl ee cj ee cl cv ao ah bc by gn dx ga ff e fe bq a gq v b bn et df fh df et ds u dg fr q bw gc
51
d d eq
dg cm dg gm
p ah bc by p
cs cs ao cv cl
gn gn gh
dy dy fw
bl fd an fo ft bl
er er am go
ds ds
bj bj fi
q q
ep ep ck
fy br fy cg
et j et bv cr cp
at at
bb bt bb
gj ad di cq gj
fn fn ey
a bq a
ap ap
b cz b
gg gg dp
az az
dh dq bp en ae dh
gi gi
ai dn ai
gc as co gk
do do
u u
cj bi el cj
ab ac ab
cn cn
h aw dj
fr fr dw
g g
ee ee
ga dx ga
ff ff
e fe e
bx bx
em em
y y
eg es
db db
fk fk fq
bu gq bu
fh fh
v v
fa fa
bn bn
ge ge
