n0 n47 n32 n11 n9 n8 n46 n14 n26 n22 n37 n22 n26 n14 n46 n8 n36 n8 n9 n11 n32 n12 n7 n27 n10 n44 n10 n6 n42 n43 n31 n41 n5 n41 n31 n4 n1 n29 n13 n23 n19 n48 n3 n40 n16 n20 n49 n20 n16 n38 n33 n45 n28 n2 n30 n2 n28 n45 n33 n38 n16 n40 n3 n34 n39 n0
25
n0 n0
n1 n1 n4 n29
n30 n2 n30
n40 n3 n40
n5 n5 n15 n21 n41
n27 n6 n7 n10 n27
n8 n8
n11 n9 n11
n12 n12
n23 n13 n23
n14 n14
n16 n16
n45 n17 n28 n45
n43 n18 n31 n42 n43
n19 n19 n48
n49 n20 n24 n49
n22 n22
n37 n25 n37
n26 n26
n32 n32 n47
n33 n33 n38
n39 n34 n39
n36 n35 n36
n44 n44
n46 n46
