n0 n22 n33 n12 n28 n77 n34 n56 n88 n48 n21 n11 n92 n45 n60 n85 n68 n31 n66 n59 n61 n32 n87 n2 n81 n74 n20 n10 n16 n51 n69 n44 n93 n46 n65 n55 n40 n23 n67 n50 n49 n8 n36 n25 n13 n94 n83 n78 n39 n99 n54 n57 n86 n6 n75 n29 n47 n70 n26 n37 n96 n17 n91 n72 n97 n35 n76 n43 n5 n53 n4 n18 n42 n71 n64 n30 n89 n19 n38 n90 n98 n63 n27 n14 n82 n24 n9 n3 n15 n58 n7 n73 n41 n79 n52 n80 n84 n1 n95 n62 n0
50
n0 n0
n1 n1 n84
n81 n2 n81
n3 n3 n15
n4 n4 n5 n53
n86 n6 n57 n86
n7 n7 n41 n58 n73
n36 n8 n36
n9 n9
n10 n10
n11 n11
n28 n12 n28
n13 n13
n14 n14
n16 n16 n51 n69
n35 n17 n35 n43 n76 n97
n18 n18 n42
n19 n19 n30 n89 n90
n20 n20 n44
n21 n21
n22 n22
n67 n23 n67
n82 n24 n80 n82
n25 n25 n94
n70 n26 n37 n47 n70
n27 n27 n63 n98
n75 n29 n75
n31 n31 n66 n68
n32 n32 n61
n33 n33
n34 n34
n38 n38
n39 n39
n65 n40 n49 n55 n65
n92 n45 n60 n92
n46 n46
n88 n48 n88
n50 n50
n52 n52 n79
n99 n54 n96 n99
n77 n56 n77
n59 n59
n95 n62 n64 n71 n95
n72 n72 n91
n74 n74
n78 n78
n83 n83
n85 n85
n87 n87
n93 n93
