Liam Jordan Jack Joshua Lucas Noah Maverick Anthony Angel Jaxson Cameron Gabriel Christian Nicholas Daniel Jameson Benjamin Grayson Alexander Leo Bryson Malachi Henry Jayce Matthew John Asher Brayden Jonathan Ethan Aiden Mateo Oscar Levi Oscar Karter James Oliver Andrew Logan Nolan Elijah Adrian Harrison Bentley Mason Charles Tucker Connor Nathan Calvin Michael Aaron David Brody Elliot Jasper Alan Santiago Carter Antonio Owen Antonio Kaleb Isaac Kaleb Antonio Grant Max Lincoln Dylan Joel Nathaniel Luis Eric Samuel Eric Greyson Eric Beau William Landon Bennett Justin Josiah Julian Matteo Ezra Jackson Ezra Jose Ezra Ezekiel Jeremiah Ezekiel Ezra Jose Ashton Calvin Nathan Kevin Finn Jacob Finn Luke Miles Nolan Ryan Xavier Emmett Thomas Hunter Isaiah Andrew Roman Jayden Roman Evan Jude Joseph Robert Giovanni Ayden Theodore Jude Zachary Tyler Eli Sawyer Ian Alejandro Dawson Edward Sebastian Edward Wyatt Gael Jameson Hudson Jameson Benjamin Jaxon Waylon Caleb Wesley Malachi Adam Colton Tucker Aiden Richard Easton Patrick Christopher Kai Carson Emmanuel Gael Dawson Marcus Parker Marcus Waylon Gavin Zion Hayden Victor Dominic Victor Hayden Austin Hayden Grant Cooper Grant Antonio Kaleb Elias Kaleb Santiago Alan Patrick Dean Zachary Jude Jace Jude Evan Liam
90
Liam Liam
Jordan Jordan
Jack Jack
Joshua Joshua
Lucas Lucas
Noah Noah
Maverick Maverick
Anthony Anthony
Angel Angel
Jaxson Jaxson
Cameron Cameron
Gabriel Gabriel
Christian Christian
Nicholas Nicholas
Daniel Daniel
Benjamin Benjamin
Grayson Grayson
Alexander Alexander
Leo Leo
Bryson Bryson
Henry Henry
Matthew Matthew
John John
Asher Asher
Brayden Brayden
Jonathan Jonathan
Ethan Ethan
Aiden Aiden
Mateo Mateo
Levi Levi
James James
Oliver Oliver
Andrew Andrew
Logan Logan
Nolan Nolan
Elijah Elijah
Adrian Adrian
Mason Mason
Charles Charles
Connor Connor
Nathan Nathan
Michael Michael
Aaron Aaron
David David
Carter Carter
Owen Owen
Isaac Isaac
Lincoln Lincoln
Dylan Dylan
Samuel Samuel
Greyson Greyson
William William
Landon Landon
Josiah Josiah
Julian Julian
Ezra Ezra
Jackson Jackson
Jose Jose
Ezekiel Ezekiel
Jeremiah Jeremiah
Jacob Jacob
Luke Luke
Ryan Ryan
Xavier Xavier
Thomas Thomas
Hunter Hunter
Isaiah Isaiah
Jayden Jayden
Evan Evan
Joseph Joseph
Robert Robert
Theodore Theodore
Eli Eli
Ian Ian
Sebastian Sebastian
Wyatt Wyatt
Hudson Hudson
Jaxon Jaxon
Caleb Caleb
Adam Adam
Colton Colton
Easton Easton
Christopher Christopher
Carson Carson
Parker Parker
Dominic Dominic
Austin Austin
Cooper Cooper
Elias Elias
Jace Jace
