Liam Isaiah Daniel Isaiah Joseph Jaxson Brayden Samuel Brayden Jaxson Michael Ezra Thomas Dylan Owen Dylan Thomas James Thomas Ezra Michael Jaxson Joseph Mateo Alexander Mason Jayden Cooper Jayden Adam Ian Henry Ian Adam Jayden Mason Alexander Mateo Sebastian David Sebastian Josiah Eli Dominic Roman Dominic Carter Dominic Oliver Dominic Eli Josiah Colton Leo Isaiah Liam
19
Liam Liam
Owen Noah John Owen
Jaxson William Logan Aiden Luke
James James
Carter Benjamin Carter
Mason Mason Elijah Jayden
Oliver Oliver
Roman Jacob
Dominic Lucas Jackson Wyatt
Michael Michael
Alexander Alexander
Brayden Ethan
Daniel Daniel
Cooper Matthew
Henry Henry
Isaiah Joseph
Samuel Samuel
David Sebastian David
Dylan Dylan
