LOC60 LOC153 LOC166 LOC41 LOC166 LOC153 LOC17 LOC49 LOC116 LOC51 LOC133 LOC89 LOC99 LOC55 LOC99 LOC89 LOC133 LOC117 LOC66 LOC117 LOC133 LOC125 LOC63 LOC58 LOC63 LOC125 LOC133 LOC51 LOC116 LOC18 LOC56 LOC68 LOC69 LOC180 LOC120 LOC62 LOC120 LOC180 LOC69 LOC68 LOC158 LOC98 LOC190 LOC98 LOC48 LOC147 LOC142 LOC147 LOC48 LOC188 LOC194 LOC172 LOC194 LOC188 LOC108 LOC8 LOC119 LOC156 LOC46 LOC65 LOC46 LOC156 LOC119 LOC8 LOC108 LOC188 LOC170 LOC164 LOC170 LOC7 LOC170 LOC20 LOC192 LOC52 LOC192 LOC76 LOC177 LOC76 LOC30 LOC76 LOC192 LOC129 LOC35 LOC129 LOC60
31
LOC51 LOC51 LOC116
LOC142 LOC142
LOC164 LOC164
LOC166 LOC166
LOC89 LOC133 LOC89 LOC96
LOC190 LOC190
LOC192 LOC192
LOC153 LOC64 LOC97 LOC145 LOC144 LOC70
LOC58 LOC63 LOC58
LOC62 LOC62 LOC161
LOC180 LOC59 LOC180 LOC6 LOC189 LOC134 LOC80
LOC52 LOC52
LOC98 LOC158 LOC48 LOC36
LOC35 LOC24
LOC65 LOC65
LOC7 LOC7
LOC8 LOC8 LOC54 LOC72
LOC56 LOC56 LOC18
LOC108 LOC108
LOC172 LOC38
LOC117 LOC117
LOC41 LOC160
LOC170 LOC170
LOC30 LOC30
LOC55 LOC55
LOC194 LOC194
LOC66 LOC139
LOC177 LOC177
LOC46 LOC46
LOC69 LOC68
LOC17 LOC17
