LOC16 LOC18 LOC15 LOC9 LOC33 LOC44 LOC33 LOC9 LOC15 LOC46 LOC53 LOC46 LOC37 LOC82 LOC34 LOC12 LOC34 LOC36 LOC26 LOC4 LOC32 LOC78 LOC91 LOC43 LOC91 LOC78 LOC32 LOC4 LOC47 LOC63 LOC45 LOC79 LOC45 LOC63 LOC47 LOC4 LOC26 LOC36 LOC51 LOC3 LOC6 LOC70 LOC6 LOC3 LOC51 LOC36 LOC34 LOC90 LOC56 LOC89 LOC62 LOC89 LOC56 LOC48 LOC61 LOC31 LOC61 LOC48 LOC56 LOC90 LOC14 LOC90 LOC34 LOC82 LOC28 LOC82 LOC37 LOC46 LOC25 LOC59 LOC73 LOC59 LOC25 LOC46 LOC15 LOC18 LOC22 LOC18 LOC83 LOC57 LOC83 LOC18 LOC16
26
LOC45 LOC45 LOC50
LOC79 LOC79
LOC15 LOC18 LOC52 LOC15
LOC4 LOC17 LOC47 LOC26 LOC4
LOC53 LOC25 LOC46 LOC97 LOC53
LOC70 LOC70
LOC56 LOC23 LOC98 LOC56 LOC90 LOC20
LOC44 LOC96
LOC3 LOC3
LOC9 LOC9 LOC85
LOC34 LOC82
LOC12 LOC81 LOC12
LOC62 LOC62
LOC37 LOC95 LOC37
LOC73 LOC59 LOC73 LOC99
LOC36 LOC36
LOC22 LOC22
LOC61 LOC61
LOC57 LOC57
LOC33 LOC33
LOC43 LOC43
LOC78 LOC78
LOC89 LOC89
LOC14 LOC29
LOC31 LOC31
LOC28 LOC28
