zero two three four five six zero three ten eleven twelve thirteen fourteen eight fifteen twentyone twenty twentyone fifteen twentytwo twentythree twentyfour twentyfive twentyfour twentythree twentytwo twentynine thirty thirtyone thirtytwo thirtythree thirtyfour thirtyfive twentynine thirtysix thirtyseven thirtyeight thirtynine thirtyeight thirtyseven fortyfour fortyfive fortysix fortyseven fortyeight fortynine fortythree fifty fiftyone fiftytwo fiftythree fiftyfour fiftyfive fiftysix fifty fiftyseven fiftyeight fiftynine sixty sixtyone sixtytwo sixtythree fiftyseven fiftyeight sixtyfive sixtysix sixtyseven sixtyeight sixtynine seventy sixtyfour seventyone seventyseven seventysix seventyfive seventysix seventyseven seventyone seventyeight seventynine eighty eightyone eightytwo eightythree eightyfour seventyeight seventynine eighty eightyseven eightyeight eightynine eightyeight ninetyfive eightyeight eightyone seventyfour sixtyseven sixty fiftythree fortysix thirtynine thirtytwo twentyfive eighteen eleven four zero
49
two two
three three
four four
five five
six six
ten ten
twelve twelve
fourteen fourteen
fifteen fifteen
twenty twenty
twentytwo twentytwo
twentyfour twentyfour
twentyfive twentyfive
twentynine twentynine
thirty thirty
thirtythree thirtythree
thirtyfour thirtyfour
thirtyfive thirtyfive
thirtysix thirtysix
thirtyseven thirtyseven
thirtynine thirtynine
fortyfour fortyfour
fortyfive fortyfive
fortyseven fortyseven
fortyeight fortyeight
fifty fifty
fiftyone fiftyone
fiftythree fiftythree
fiftyfive fiftyfive
fiftyseven fiftyseven
sixty sixty
sixtyone sixtyone
sixtytwo sixtytwo
sixtyfive sixtyfive
sixtysix sixtysix
sixtyseven sixtyseven
sixtyeight sixtyeight
seventy seventy
seventyone seventyone
seventyfive seventyfive
seventyseven seventyseven
seventyeight seventyeight
seventynine seventynine
eightyone eightyone
eightytwo eightytwo
eightyfour eightyfour
eightyseven eightyseven
eightyeight eightyeight
eightynine eightynine
