zero three zero five six seven zero two nine ten eleven twelve thirteen fourteen eight fifteen sixteen seventeen eighteen nineteen twenty nineteen eighteen twentyfive twentyfour thirtyone thirtytwo thirtythree thirtyfour thirtyfive twentynine thirty thirtyseven thirtyeight thirtynine forty fortyone fortytwo thirtysix thirtyseven thirtyeight fortyfive fortysix thirtynine thirtytwo twentyfive eighteen eleven four zero
25
three three
five five
six six
seven seven
nine nine
eleven eleven
twelve twelve
thirteen thirteen
fourteen fourteen
fifteen fifteen
sixteen sixteen
eighteen eighteen
nineteen nineteen
twenty twenty
twentyfive twentyfive
thirtyone thirtyone
thirtytwo thirtytwo
thirtyfour thirtyfour
thirtyfive thirtyfive
thirtyseven thirtyseven
thirtyeight thirtyeight
forty forty
fortytwo fortytwo
fortyfive fortyfive
fortysix fortysix
