zero one two three zero six seven zero three ten eleven twelve thirteen fourteen eight fifteen sixteen seventeen eighteen nineteen twenty twentyone fifteen sixteen twentythree twentyfour twentyfive twentysix twentyseven twentyeight twentytwo twentynine thirtyfive thirtyfour thirtythree thirtyfour thirtyfive twentynine thirty thirtyseven thirtyeight thirtyseven thirtysix fortythree fortyfour fortyfive fortyfour fortythree fortynine fortythree fortyfour fortyfive fiftytwo fiftythree fiftyfour fiftyfive fiftysix fifty fiftyseven fiftyeight fiftynine sixty fiftynine fiftyeight fiftyseven sixtyfour sixtyfive sixtysix sixtyseven sixtyeight sixtynine seventy sixtyfour seventyone seventytwo seventythree seventyfour seventyfive seventysix seventyseven seventyone seventyeight seventynine eighty eightyone eightytwo eightythree eightyfour seventyeight seventynine eighty eightyseven eightysix eightyfive ninetyone ninetyeight ninetytwo ninetynine onehun onehunone onehuneight onehunnine onehunten onehuneleven onehuntwelve onehunsix onehunthirteen onehunfourteen onehunfifteen onehunsixteen onehunseventeen onehuneighteen onehunnineteen onehunthirteen onehunfourteen onehuntwentyone onehuntwentytwo onehuntwentythree onehuntwentyfour onehuntwentyfive onehuntwentysix onehuntwenty onehuntwentyseven onehuntwentyeight onehuntwentynine onehunthirty onehuntwentynine onehuntwentyeight onehunthirtyfive onehunthirtyfour onehunforty onehunthirtyfour onehunthirtyfive onehunthirtysix onehunfortythree onehunfortyfour onehunfortyfive onehunfortysix onehunfortyseven onehunfortyone onehunfortytwo onehunfortynine onehunfifty onehunfortynine onehunfortyeight onehunfiftyfour onehunfortyeight onehunfortynine onehunfifty onehunfiftyseven onehunfiftyeight onehunfiftynine onehunsixty onehunsixtyone onehunfiftyfive onehunfiftysix onehunsixtythree onehunsixtyfour onehunsixtyfive onehunsixtysix onehunsixtyseven onehunsixtyeight onehunsixtytwo onehunsixtynine onehunseventy onehunseventyone onehunseventytwo onehunseventythree onehunseventyfour onehunseventyfive onehunsixtynine onehunseventysix onehunseventyseven onehunseventyeight onehunseventynine onehuneighty onehuneightyone onehuneightytwo onehunseventysix onehunseventyseven onehuneightyfour onehuneightyfive onehuneightysix onehuneightyseven onehuneightyeight onehuneightynine onehuneightythree onehunninety onehunninetyone onehunninetytwo onehunninetythree onehunninetyfour onehuneightyseven onehuneighty onehunseventythree onehunsixtysix onehunfiftynine onehunfiftytwo onehunfortyfive onehunthirtyeight onehunthirtyone onehuntwentyfour onehunseventeen onehunten onehunthree ninetysix eightynine eightytwo seventyfive sixtyeight sixtyone fiftyfour fortyseven forty thirtythree twentysix nineteen twelve five zero
99
one one
two two
three three
six six
seven seven
ten ten
eleven eleven
twelve twelve
fourteen fourteen
fifteen fifteen
sixteen sixteen
seventeen seventeen
twenty twenty
twentythree twentythree
twentyfive twentyfive
twentysix twentysix
twentyseven twentyseven
twentynine twentynine
thirtythree thirtythree
thirtyfour thirtyfour
thirtyseven thirtyseven
thirtyeight thirtyeight
fortythree fortythree
fortyfour fortyfour
fortyfive fortyfive
fortynine fortynine
fiftytwo fiftytwo
fiftythree fiftythree
fiftyfive fiftyfive
fiftyseven fiftyseven
fiftyeight fiftyeight
sixty sixty
sixtyfour sixtyfour
sixtysix sixtysix
sixtyseven sixtyseven
sixtynine sixtynine
seventy seventy
seventyone seventyone
seventytwo seventytwo
seventyfive seventyfive
seventyseven seventyseven
seventyeight seventyeight
seventynine seventynine
eightytwo eightytwo
eightythree eightythree
eightyfour eightyfour
eightyseven eightyseven
ninetyeight ninetyeight
ninetynine ninetynine
onehunone onehunone
onehuneight onehuneight
onehunten onehunten
onehuneleven onehuneleven
onehunthirteen onehunthirteen
onehunsixteen onehunsixteen
onehunseventeen onehunseventeen
onehuneighteen onehuneighteen
onehunnineteen onehunnineteen
onehuntwentyone onehuntwentyone
onehuntwentythree onehuntwentythree
onehuntwentyfour onehuntwentyfour
onehuntwentysix onehuntwentysix
onehuntwentyseven onehuntwentyseven
onehuntwentyeight onehuntwentyeight
onehunthirty onehunthirty
onehunthirtyfive onehunthirtyfive
onehunforty onehunforty
onehunfortythree onehunfortythree
onehunfortyfour onehunfortyfour
onehunfortyfive onehunfortyfive
onehunfortysix onehunfortysix
onehunfortynine onehunfortynine
onehunfifty onehunfifty
onehunfiftyfour onehunfiftyfour
onehunfiftyseven onehunfiftyseven
onehunfiftynine onehunfiftynine
onehunsixty onehunsixty
onehunsixtyone onehunsixtyone
onehunsixtythree onehunsixtythree
onehunsixtyfour onehunsixtyfour
onehunsixtyfive onehunsixtyfive
onehunsixtysix onehunsixtysix
onehunsixtynine onehunsixtynine
onehunseventy onehunseventy
onehunseventyone onehunseventyone
onehunseventythree onehunseventythree
onehunseventyfour onehunseventyfour
onehunseventyfive onehunseventyfive
onehunseventysix onehunseventysix
onehunseventyeight onehunseventyeight
onehuneighty onehuneighty
onehuneightyone onehuneightyone
onehuneightytwo onehuneightytwo
onehuneightyfour onehuneightyfour
onehuneightyseven onehuneightyseven
onehunninety onehunninety
onehunninetyone onehunninetyone
onehunninetytwo onehunninetytwo
onehunninetythree onehunninetythree
