0 36 31 74 58 59 66 22 77 41 60 45 96 93 62 43 49 1 95 4 99 15 38 75 29 44 50 67 71 76 18 37 61 73 92 7 34 17 40 27 97 80 19 79 28 63 98 85 64 72 52 78 20 47 35 46 57 84 82 30 32 53 54 25 89 48 23 56 68 83 55 8 10 81 6 51 87 39 70 14 86 9 69 12 33 11 13 91 90 5 2 65 94 144 43 24 100 96 16 3 88 116 42 21 163 26 44 0
100
0 0
36 36
31 31
74 74
58 58
59 59
66 66
22 22
77 77
41 41
60 60
45 45
96 96
93 93
62 62
43 43
49 49
1 1
95 95
4 4
99 99
15 15
38 38
75 75
29 29
44 44
50 50
67 67
71 71
76 76
18 18
37 37
61 61
73 73
92 92
7 7
34 34
17 17
40 40
27 27
97 97
80 80
19 19
79 79
28 28
63 63
98 98
85 85
64 64
72 72
52 52
78 78
20 20
47 47
35 35
46 46
57 57
84 84
82 82
30 30
32 32
53 53
54 54
25 25
89 89
48 48
23 23
56 56
68 68
83 83
55 55
8 8
10 10
81 81
6 6
51 51
87 87
39 39
70 70
14 14
86 86
9 9
69 69
12 12
33 33
11 11
13 13
91 91
90 90
5 5
2 2
65 65
94 94
24 24
16 16
3 3
88 88
42 42
21 21
26 26
