0 52 58 38 97 32 61 2 91 70 11 70 98 56 25 69 24 62 91 27 52 9 52 41 51 19 86 18 44 82 19 35 23 0 36 89 5 19 97 1 97 19 35 60 52 0 43 10 28 81 34 25 33 14 58 74 31 19 15 56 97 40 22 18 48 55 24 21 29 42 6 63 22 21 29 7 17 16 45 49 45 80 47 80 66 3 94 51 10 51 39 7 29 42 86 30 45 63 33 14 58 71 8 4 20 31 13 46 82 54 12 29 7 17 16 92 37 51 26 91 52 0
49
38 38
32 32
2 2
11 11
25 25
24 24
27 27
9 9
41 41
19 19
18 18
44 44
23 23
36 36
5 5
1 1
35 35
0 0
43 43
28 28
34 34
33 33
31 31
15 15
40 40
48 48
21 21
42 42
6 6
22 22
7 7
49 49
47 47
3 3
10 10
39 39
29 29
30 30
45 45
14 14
8 8
4 4
20 20
13 13
46 46
12 12
17 17
16 16
37 37
