Afghanistan Albania Algeria Andorra Angola Antigu Argentina Armenia Australia Austria Austrian Azerbaijan Baden Bahrain Bangladesh Barbados Bavaria Belarus Belgium Belize Benin Bolivia Bosnia Botswana Brazil Brunei Brunswick Bulgaria Burkina Burma Burundi Cabo Cambodia Cameroon Canada Chad Chile China Colombia Comoros Costarica CotedIvoire Croatia Cuba Cyprus Czechi Czechoslovakia Congo Denmark Djibouti Dominica Dominicanrepublic Ecuador Egypt ElSalvador EquatorialGuinea Eritrea Estonia Eswatini Ethiopia Fiji Finland France Gabon Georgia Germany Ghana Greece Grenada Guatemala Guinea GuineaBissau Guyana Haiti Hanover HanseaticRepublics Hawaii Hesse HolySee Honduras Hungary Iceland India Indonesia Iran Iraq Ireland Israel Italy Jamaica Japan Jordan Kazakhstan Kenya Kiribati Korea Kosovo Kuwait Kyrgyzstan Laos Afghanistan
50
Laos Afghanistan Laos
Algeria Albania Algeria Andorra
Argentina Angola Antigu Argentina
Armenia Armenia
Australia Australia
Austria Austria
Austrian Austrian Azerbaijan
Bahrain Baden Bahrain Bangladesh
Barbados Barbados
Bavaria Bavaria
Belgium Belarus Belgium
Belize Belize
Benin Benin
Bolivia Bolivia Bosnia
Brazil Botswana Brazil
Brunei Brunei
Brunswick Brunswick
Burkina Bulgaria Burkina
Burma Burma Burundi Cabo
Cameroon Cambodia Cameroon Canada
Chad Chad Chile
Colombia China Colombia Comoros
CotedIvoire Costarica CotedIvoire
Cuba Croatia Cuba Cyprus
Czechoslovakia Czechi Czechoslovakia Congo
Djibouti Denmark Djibouti Dominica
Ecuador Dominicanrepublic Ecuador Egypt
EquatorialGuinea ElSalvador EquatorialGuinea
Eritrea Eritrea Estonia Eswatini Ethiopia
France Fiji Finland France
Gabon Gabon
Georgia Georgia
Germany Germany
Greece Ghana Greece
Grenada Grenada Guatemala
Guinea Guinea GuineaBissau
Guyana Guyana
Hanover Haiti Hanover HanseaticRepublics
Hesse Hawaii Hesse
HolySee HolySee
Hungary Honduras Hungary Iceland
Indonesia India Indonesia
Iran Iran Iraq
Ireland Ireland
Israel Israel Italy
Jamaica Jamaica Japan
Kazakhstan Jordan Kazakhstan
Kenya Kenya Kiribati
Kosovo Korea Kosovo
Kyrgyzstan Kuwait Kyrgyzstan
