Afghanistan Albania Afghanistan Djibouti Afghanistan Albania Algeria Andorra Angola Antigu Argentina Armenia Australia Austria Austrian Azerbaijan Baden Bahrain Bangladesh Barbados Bavaria Belarus Belgium Belize Benin Bolivia Bosnia Botswana Brazil Brunei Brunswick Bulgaria Burkina Burma Burundi Cabo Cambodia Cameroon Canada Chad Chile China Colombia Comoros Costarica CotedIvoire Croatia Cuba Cyprus Czechi Czechoslovakia Congo Denmark Djibouti Afghanistan
25
Afghanistan Afghanistan
Albania Albania Algeria
Andorra Andorra Angola Antigu
Australia Argentina Armenia Australia
Austrian Austria Austrian
Azerbaijan Azerbaijan Baden
Barbados Bahrain Bangladesh Barbados Bavaria
Belarus Belarus Belgium Belize
Bosnia Benin Bolivia Bosnia Botswana
Brazil Brazil
Brunei Brunei
Brunswick Brunswick Bulgaria
Burkina Burkina
Burma Burma
Burundi Burundi Cabo
Canada Cambodia Cameroon Canada Chad
China Chile China
Colombia Colombia
Comoros Comoros
CotedIvoire Costarica CotedIvoire
Croatia Croatia Cuba
Cyprus Cyprus Czechi
Congo Czechoslovakia Congo
Denmark Denmark
Djibouti Djibouti
