pump guideline fool ensure opposition hallway sticky impound physical splurge category tip range prospect prevent literature distributor row sweet strong rock pipe cemetery nominate skin mouse appearance lemon minor fairy mud mouse anger brain sensitivity unanimous consideration reflection plug preoccupation linger minor sentiment depressed parallel genetic feign sacrifice wage bear affect opposition reject innovation admiration overlook freedom aspect ground polish park button line flourish pedestrian engineer clock wear pursuit exercise float sentiment gloom parallel attractive separate attractive title distributor formulate diagram judicial connection performance pray forest need pump genetic valley button descent sentiment packet lot hierarchy innovation ghost leadership ideal privilege sit survival pump
77
guideline guideline
ensure ensure
hallway hallway
sticky sticky
impound impound
physical physical
category category
tip tip
range range
prospect prospect
literature literature
distributor distributor
row row
sweet sweet
rock rock
pipe pipe
nominate nominate
mouse mouse
appearance appearance
lemon lemon
fairy fairy
mud mud
anger anger
brain brain
unanimous unanimous
consideration consideration
reflection reflection
plug plug
preoccupation preoccupation
linger linger
minor minor
sentiment sentiment
depressed depressed
parallel parallel
feign feign
sacrifice sacrifice
wage wage
affect affect
reject reject
innovation innovation
admiration admiration
overlook overlook
freedom freedom
aspect aspect
ground ground
polish polish
park park
button button
line line
pedestrian pedestrian
engineer engineer
wear wear
pursuit pursuit
exercise exercise
float float
gloom gloom
attractive attractive
separate separate
title title
formulate formulate
diagram diagram
judicial judicial
performance performance
pray pray
forest forest
need need
pump pump
genetic genetic
valley valley
descent descent
packet packet
lot lot
hierarchy hierarchy
ghost ghost
leadership leadership
privilege privilege
sit sit
