paint ambiguous rake blade inherit tame paint fetch desire simple nutty same ice floor thumb fling finish measure indicate ray diligent same determine glamorous trucks slam route imported appear complain learning stink wooden paint
24
ambiguous ambiguous
rake rake
blade blade
inherit inherit
paint paint
desire desire
nutty nutty
ice ice
floor floor
thumb thumb
finish finish
measure measure
indicate indicate
ray ray
diligent diligent
same same
determine determine
glamorous glamorous
slam slam
route route
imported imported
complain complain
learning learning
stink stink
