S R30 H30 H31 H30 R30 S R18 S R2 S R12 H12 H13 H12 R12 S R36 S R8 H8 R8 S R32 H32 H33 H32 R32 S R20 H20 R20 S R0 S R6 H6 R6 S R4 H4 H5 H4 R4 S R10 H10 H11 H10 R10 S R16 H16 R16 S R22 H22 R22 S R26 H26 H27 H26 R26 S R24 H24 R24 S R34 H34 R34 S R28 H28 H29 H28 R28 S R18 H18 H19 R18 S
23
R0 H0 H1
R2 H2 H3
H5 H4 H5
H6 H6 H7
H8 H8 H9
H10 H10
H11 H11
H13 H12 H13
R30 H14 H15 H38 H39
H16 H16 H17
R18 H18
H19 H19
H20 H20 H21
H22 H22 H23
H24 H24 H25
H26 H26
H27 H27
H29 H28 H29
H30 H30
H31 H31
H33 H32 H33
H34 H34 H35
R36 H36 H37
