7FD578 1AC5CE 7FD578 4BCD0B 7B7BDE 4BCD0B 01684B E27C41 E5D023 6CAF19 9B7F16 B40756 981760 1176C9 6C7BF0 F94356 A085DD 4BCD0B F4C859 66B94B EEEA40 9F01C8 1EE680 2E60FC 1BD5F4 19E454 61D740 19E454 719360 981760 FF39A5 981760 1176C9 853F1A 283373 3E0BDD 2C376F E5D023 7EA726 283373 877D0E CE97C4 C3030C 859C0E 01684B 853F1A 7FD578
25
1AC5CE 1AC5CE
7B7BDE 7B7BDE
01684B 01684B
E27C41 E27C41
E5D023 E5D023
6CAF19 6CAF19
9B7F16 9B7F16
B40756 B40756
981760 981760
1176C9 1176C9
6C7BF0 6C7BF0
A085DD A085DD
F4C859 F4C859
66B94B 66B94B
EEEA40 EEEA40
9F01C8 9F01C8
1EE680 1EE680
2E60FC 2E60FC
1BD5F4 1BD5F4
61D740 61D740
FF39A5 FF39A5
3E0BDD 3E0BDD
2C376F 2C376F
877D0E 877D0E
859C0E 859C0E
