188645 0FB66D FA567E B833F0 657F93 B7B073 EF4D57 B7B073 A7E9D9 0D7DE7 A7E9D9 DBDC9A 994F93 DBDC9A A5CCB5 B3243F 9B0EC2 B3243F 1276AF 825884 48C2D5 825884 1276AF B3243F E0E349 2C101C CB09C0 2C101C 35F60D AA8E14 35F60D B86446 31D332 DD2694 AD298D AE6906 784F83 7BF2B5 37F745 8D0852 D443EB D7CAF9 D443EB 8D0852 37F745 7BF2B5 784F83 AE6906 AD298D DD2694 31D332 B86446 35F60D 2C101C E0E349 B3243F 628AB2 D04F40 628AB2 B3243F 1276AF 0801CC 19FFAB 0801CC 1276AF B3243F A5CCB5 DBDC9A 94D700 3ADA02 61EDA9 E09D29 C98FE7 E09D29 AFF8D1 36D08C 567883 36D08C 6D778A 539A92 7E18E9 539A92 EC05F7 29B2A4 724A76 29B2A4 EC05F7 539A92 6D778A 36D08C AFF8D1 7E5598 0FBCDC 84EBFF 0FBCDC 0A5C0E 0FBCDC 7E5598 188645
31
84EBFF 84EBFF 0FBCDC
EC05F7 FD1783
19FFAB 19FFAB
29B2A4 29B2A4
DBDC9A DBDC9A 500783 94D700 800641 A5CCB5
0D7DE7 467AB7 A7E9D9 E954F7
0FB66D 188645 9B9BDD B833F0 0FB66D
CB09C0 CB09C0 2C101C
AA8E14 AA8E14
31D332 4FBDE1 DD2694
539A92 539A92
D7CAF9 D7CAF9
48C2D5 48C2D5
37F745 D01E6B 37F745
C98FE7 C98FE7
784F83 784F83 FF8D45
0A5C0E 0A5C0E
9B0EC2 9B0EC2
994F93 994F93
567883 07D80A 44716B
724A76 724A76
36D08C 6D778A
EF4D57 B7B073 EF4D57
D04F40 D04F40
AFF8D1 3B1041 AFF8D1
8D0852 8D0852
E09D29 E09D29 D5356A 3ADA02
D443EB D443EB
628AB2 628AB2
1276AF 1276AF
7E18E9 7E18E9
