F1E81B 813B05 573788 FFFD4B 1E1095 FFFD4B 17779E 770D1A CDC6D4 8417C8 CDC6D4 770D1A 5FD658 47FACD 0F5860 002274 C3B3E7 002274 0F5860 47FACD 5FD658 770D1A 17779E FFFD4B 573788 2334E8 DE6899 BDE94D 86493E 4B3F8A 2924CB 1F842B 7E78F3 1F842B 2924CB 4B3F8A 230A7C 85D6DB 63361A 85D6DB 7D997B 85D6DB 4B97F1 14994D 4B97F1 85D6DB 230A7C 4B3F8A 86493E BDE94D 239994 BDE94D DE6899 59843B D1967A 851F90 D1967A 3B4B53 E3C2C9 2BF7B5 E3C2C9 8015E0 29D5D7 8015E0 E3C2C9 0CBC31 013940 C953A6 8B519F 2595F1 8B6C2F 2595F1 8B519F C953A6 013940 0CBC31 D6CC7A B47658 BB4908 C18C9B BB4908 E5E6C0 C9AF85 9096DB 36590B 9096DB C9AF85 7BE8A9 FFEEBD 614224 CF668A 7829D7 CF668A 614224 FFEEBD 7BE8A9 B27903 AEFF96 DCE144 205E5C DCE144 AEFF96 10520F C3EF62 10520F 191510 2FEDFB 191510 6B4619 CC9C14 6B4619 191510 10520F 086D53 61199E 086D53 10520F AEFF96 B27903 7BE8A9 C9AF85 E5E6C0 BB4908 112AE7 94A561 77A0B5 94A561 112AE7 BB4908 B47658 D6CC7A 846159 6D51F4 783751 6D51F4 846159 5BB557 1EC224 C4303B 2CA4AD 1B337D C45E71 6B622D 5F4E43 6B622D C45E71 1B337D 7E1C6C 4CAD30 7E1C6C 1B337D 2CA4AD C4303B 1EC224 4099A6 1EC224 5BB557 90451D BA3320 13A782 E80628 14B430 E80628 13A782 BA3320 90451D CEAC59 D4A75D 1111F7 D4A75D 124C90 D4A75D 1111F7 6966D7 AE4A01 6966D7 1111F7 D4A75D CEAC59 90451D 5BB557 846159 D6CC7A 0CBC31 E3C2C9 3B4B53 D1967A 59843B DE6899 2334E8 573788 813B05 6B644E 6CAF46 B7F75A EC4D08 E0BEFC 28F6D1 6CAF46 6B644E 813B05 F1E81B
58
FFFD4B 573788 FFFD4B
29D5D7 29D5D7
8015E0 8015E0
17779E 17779E 770D1A
002274 D337F2
1111F7 CEAC59 6B340B D4A75D 6966D7
AE4A01 AE4A01
D1967A D1967A 59843B
D6CC7A B47658 93EBE3 D6CC7A
4B3F8A 230A7C
7E78F3 1F842B 2CCB19 7E78F3 B69F55
47FACD 47FACD
C3EF62 C3EF62
86493E E81014 596CF6 86493E
CC9C14 A1F104 CC9C14
7E1C6C 52C88C 7E1C6C
E5E6C0 E5E6C0
DCE144 AEFF96 36C862 DCE144
851F90 851F90
124C90 8BFCAC 124C90
7D997B E51A66
813B05 396D53 813B05
C9AF85 9096DB C9AF85
013940 8F495E 6E313C 0CBC31
4099A6 4099A6
61199E F33196 61199E 4A5708
614224 FFEEBD 614224
77A0B5 94A561 490F1E 77A0B5
2FEDFB 305D33 2FEDFB
C18C9B C18C9B BB4908
6B622D 151BC9 6B622D 8F17C0
783751 783751 20EAE7 6D51F4 ABD8FE
36590B 66048A 36590B
14B430 E80628 14B430
4B97F1 4B97F1
8B6C2F 8B6C2F
0F5860 0F5860
6CAF46 685D1A B7F75A
1E1095 1E1095
2BF7B5 2BF7B5 E3C2C9
C45E71 4A28BA
C4303B 5BB557 C4303B 293D59
BA3320 90451D
5F4E43 5F4E43
4CAD30 5C7062 4CAD30
8B519F 8B519F
7829D7 7829D7
14994D 14994D
239994 239994 8EBF8A
8417C8 8417C8
28F6D1 28F6D1
F1E81B F1E81B
C3B3E7 C3B3E7
3B4B53 3B4B53
85D6DB 85D6DB
205E5C BB40E6
BDE94D DE6899
63361A 63361A
