engine business network light age beginning interaction secretary drawer promotion extent piano network space effort volume effort speech age member error office stranger meal stranger model situation network standard extent beer age understanding teaching engine worker engine chapter poetry machine teacher time network preparation question engine card choice emphasis age reputation network satisfaction extent leadership size politics argument tax delivery aspect birth statement grandmother departure money card performance reputation age significance age accident statement difficulty statement interaction question data failure class eye view two step poetry fact sympathy delivery mind card country card engineering equipment moment feedback funeral feedback figure engine editor interaction director interaction song stranger area stranger section stranger energy feature problem buyer measurement extent source extent war poetry process tension reputation tooth politics ear clothes theory police question drawing feedback tool equipment answer singer effort education effort side bath variation bath error feature ratio analyst equipment menu equipment delivery town idea poetry series sport engine bus material dirt strategy dealer temperature girl temperature flight guest engine
99
business business
light light
beginning beginning
secretary secretary
drawer drawer
promotion promotion
piano piano
space space
volume volume
speech speech
member member
office office
meal meal
model model
situation situation
standard standard
beer beer
understanding understanding
teaching teaching
worker worker
chapter chapter
machine machine
teacher teacher
time time
preparation preparation
engine engine
card card
choice choice
emphasis emphasis
reputation reputation
satisfaction satisfaction
leadership leadership
politics politics
tax tax
aspect aspect
birth birth
grandmother grandmother
departure departure
money money
performance performance
age age
significance significance
accident accident
difficulty difficulty
interaction interaction
data data
failure failure
class class
eye eye
view view
two two
step step
fact fact
sympathy sympathy
mind mind
country country
engineering engineering
moment moment
funeral funeral
figure figure
editor editor
director director
song song
area area
section section
energy energy
problem problem
buyer buyer
measurement measurement
source source
war war
process process
tension tension
tooth tooth
ear ear
clothes clothes
police police
drawing drawing
tool tool
answer answer
singer singer
education education
side side
variation variation
error error
ratio ratio
analyst analyst
menu menu
delivery delivery
town town
idea idea
series series
sport sport
bus bus
material material
dirt dirt
dealer dealer
girl girl
temperature temperature
