maintenance version philosophy difficulty object period competition income war farmer style farmer church maintenance wife sign role complaint farmer sister software cause sign economy sign contract price tool rate period income period role property driver career inspection average wife focus action chocolate reputation account inspection movie description reputation day difficulty depression career chest chocolate beer salad church photo depression difficulty philosophy context future maintenance future population class version maintenance example resolution improvement rock consequence marketing price future chocolate feature fat obligation cause bread volume church property church selection description woman difficulty maintenance
50
philosophy philosophy
object object
competition competition
war war
style style
church church
wife wife
sign sign
complaint complaint
sister sister
cause cause
economy economy
contract contract
price price
rate rate
income income
role role
driver driver
career career
inspection inspection
average average
focus focus
action action
reputation reputation
account account
movie movie
description description
day day
depression depression
chest chest
beer beer
salad salad
photo photo
difficulty difficulty
context context
maintenance maintenance
population population
version version
example example
resolution resolution
rock rock
marketing marketing
future future
feature feature
obligation obligation
bread bread
volume volume
property property
selection selection
woman woman
