context bedroom bit care currency wood reality while ability construction interaction departure anxiety state fat store farmer bread teaching aspect bread soil satisfaction fun attempt bank thanks bedroom road context
25
context context
bedroom bedroom
bit bit
care care
currency currency
wood wood
reality reality
while while
ability ability
construction construction
interaction interaction
departure departure
anxiety anxiety
state state
fat fat
store store
farmer farmer
bread bread
teaching teaching
aspect aspect
soil soil
satisfaction satisfaction
attempt attempt
thanks thanks
road road
