S A B D C E F H G I J K L M N O Q P T R V U AB W AC X AI AN Y AW Z AY CB AA BR AD CT AE AN AF AN AG AN AH AN AJ AN AK AN AL AN AM AN AO AN AP AN AQ Q AR Q AS J AT AN AU AN AV AN AX AN AZ AN BA Q BB Q BC AN BD AN BE AW BF AW BG Q BH Q BI Q BJ AN BK AN BL Q BM AN BN AN BO AN BP AN BQ Q BS Q BT AN BU AN BV Q BW Q BX AN BY AW BZ AW CA AW CC AW CD Q CE AN CF AN CH AN CI AN CJ AW CK AW CL AW CM AW CN AN CO AN CP Q CQ Q CR AW CS AW CU AW CV AN CW GJ S
100
S S
A A
B B
D D
C C
E E
F F
H H
G G
I I
J J
K K
L L
M M
N N
O O
Q Q
P P
T T
R R
V V
U U
AB AB
W W
AC AC
X X
AI AI
AN AN
Y Y
AW AW
Z Z
AY AY
CB CB
AA AA
BR BR
AD AD
CT CT
AE AE
AF AF
AG AG
AH AH
AJ AJ
AK AK
AL AL
AM AM
AO AO
AP AP
AQ AQ
AR AR
AS AS
AT AT
AU AU
AV AV
AX AX
AZ AZ
BA BA
BB BB
BC BC
BD BD
BE BE
BF BF
BG BG
BH BH
BI BI
BJ BJ
BK BK
BL BL
BM BM
BN BN
BO BO
BP BP
BQ BQ
BS BS
BT BT
BU BU
BV BV
BW BW
BX BX
BY BY
BZ BZ
CA CA
CC CC
CD CD
CE CE
CF CF
CH CH
CI CI
CJ CJ
CK CK
CL CL
CM CM
CN CN
CO CO
CP CP
CQ CQ
CR CR
CS CS
CU CU
CV CV
CW CW
