Bowles Birge Bechtel Latimer Mulford Crescent Mulford Bowles Calvin Etcheverry Calvin Graduate Calvin Bowles LaVals Bowles Birge Bechtel Baker Simons Baker Strada RoseGarden Strada Baker Daiso Baker Bechtel Wilde StrawberryCreek Wolf Unit2 Greek Moses Wellman Sutardja Wellman Lewis Campanile Wurster Zellerbach Wurster Campanile Bongo ShengKee Bongo Artichokes Cheeseboard Artichokes Bongo Campanile LeConte VLSB Boalt Kresge PeoplesPark Kresge Castro Kresge Boalt VLSB LeConte RSF LeConte ALS LeConte Stanley Campbell Doe Campbell Koshland Campbell Stanley Cory Extension Cory Jacob Evan Blackwell McLaughlin GenPlantBio McLaughlin Blackwell Evan Jacob Foothill Unit1 Foothill Dwinelle HearstAnnex Lothlorien HearstAnnex Dwinelle Haas Pavilion Haas Crossroads Lawrence UCTheatre NCEM UCTheatre Lawrence Crossroads Haas Dwinelle Foothill Davis Hildebrand YogurtPark Hildebrand Davis Browns Davis Foothill Haviland Morgan Martinez Morgan Haviland Foothill Jacob TopDog GammaPhiBeta TopDog Starbucks Chipotle MFoundry Chipotle Starbucks TopDog Fenwick Barker Fenwick TopDog Jacob Hertz CVStarr Unit3 CKerr WayWest CKerr Ridge CKerr Unit3 CVStarr Hertz Jacob Hearst MLK Rochdale MLK Latimer Edwards Easterly Edwards Latimer South Pimentel Stacks Sherman Stacks Pimentel Moses RareTea Gypsys RareTea Moses Greek Stebbins Safeway Warren Tan Hargrove BearFoodCourt SigmaPhiOmega Evan Moffitt Cloyne Moffitt Evan Jacob Cory Bechtel Minor Memorial Maxwell Barrows Maxwell Memorial TacoBell Memorial AlphaSigmaPhi Memorial Marugame SigmaOmicronPi Moses Greek Unit2 Milano IndianRock Milano Unit2 Greek Moses Stanley LeConte VLSB Chez NorthGate Chez VLSB LeConte Campanile Wurster McCone Spats Stonefire PiLambda PiAlphaPhi PiLambda Stonefire Spats McCone Wurster Campanile LeConte Stanley Cory Bechtel Birge Bowles
80
Birge Birge
Mulford Mulford
Crescent Crescent
Calvin Calvin
Etcheverry Etcheverry
Graduate Graduate
LaVals LaVals
Baker Baker
Simons Simons
Strada Strada
RoseGarden RoseGarden
Daiso Daiso
Wilde Wilde
StrawberryCreek StrawberryCreek
Wolf Wolf
Unit2 Unit2
Greek Greek
Moses Moses
Wellman Wellman
Sutardja Sutardja
Campanile Campanile
Wurster Wurster
Zellerbach Zellerbach
Bongo Bongo
ShengKee ShengKee
Cheeseboard Cheeseboard
VLSB VLSB
Boalt Boalt
Kresge Kresge
PeoplesPark PeoplesPark
Castro Castro
RSF RSF
ALS ALS
Campbell Campbell
Doe Doe
Koshland Koshland
Extension Extension
Evan Evan
Blackwell Blackwell
GenPlantBio GenPlantBio
Foothill Foothill
Unit1 Unit1
HearstAnnex HearstAnnex
Lothlorien Lothlorien
Haas Haas
Pavilion Pavilion
Crossroads Crossroads
UCTheatre UCTheatre
NCEM NCEM
Hildebrand Hildebrand
YogurtPark YogurtPark
Browns Browns
Morgan Morgan
Martinez Martinez
GammaPhiBeta GammaPhiBeta
Chipotle Chipotle
MFoundry MFoundry
Barker Barker
Unit3 Unit3
CKerr CKerr
WayWest WayWest
Ridge Ridge
Rochdale Rochdale
Edwards Edwards
Easterly Easterly
Stacks Stacks
Sherman Sherman
Gypsys Gypsys
Safeway Safeway
BearFoodCourt BearFoodCourt
Cloyne Cloyne
Maxwell Maxwell
Barrows Barrows
TacoBell TacoBell
AlphaSigmaPhi AlphaSigmaPhi
IndianRock IndianRock
NorthGate NorthGate
Spats Spats
PiLambda PiLambda
PiAlphaPhi PiAlphaPhi
