Wheeler Sproul Wheeler Dwinelle LeConte Birge Campbell Haviland Koshland Stonefire Haas Faculty FSM Baker CZ Fiji CZ Baker McCone CKerr McCone BigC Pavilion PeoplePark Pavilion Simons LaNote Unit2 LaNote Koja Legends Koja TriDelta Koja Simons Pavilion BigC Bongo FallRush Metropolitan Ippuku WayWest Cloyne Cafe3 Hearst Davis Hearst Warren WayWest GBC Anthony Pimentel Cheit Soda Moffitt VLSB Etcheverry Soda Sather Martinez Sather Barker Sather Unit3 Sather OCF Sather Soda Etcheverry Latimer Evans Morrison Greek Bechtel Jacobs Cory Greek Lewis Kroeber Wurster Boalt Wurster Kroeber Hertz Morrison Evans Latimer Stanley Foothill Stanley Latimer Etcheverry VLSB Moffitt CVStarr Morgan HearstAnnex Stephens Moses Stephens South McLaughlin Memorial IHouse Memorial Haviland Wellman RSF Koshland Stonefire Minor Maxwell MemorialStadium Hargrove MemorialStadium Maxwell Minor Memorial Haviland Campbell LeConte Campanile Doe Wheeler
36
Sproul Sproul
Dwinelle Dwinelle
Birge Birge
Stonefire Stonefire
Haas Haas
Baker Baker
Fiji Fiji
CKerr CKerr
PeoplePark PeoplePark
Unit2 Unit2
Legends Legends
TriDelta TriDelta
Metropolitan Metropolitan
Cloyne Cloyne
Hearst Hearst
Davis Davis
Warren Warren
Anthony Anthony
Cheit Cheit
Moffitt Moffitt
Etcheverry Etcheverry
Martinez Martinez
Barker Barker
Unit3 Unit3
OCF OCF
Morrison Morrison
Bechtel Bechtel
Jacobs Jacobs
Kroeber Kroeber
Boalt Boalt
Foothill Foothill
Moses Moses
McLaughlin McLaughlin
IHouse IHouse
RSF RSF
Hargrove Hargrove
