0 23 32 90 64 93 64 55 60 55 25 42 26 48 10 70 58 71 58 73 58 74 58 6 11 14 34 12 20 31 37 25 23 0 5 13 49 13 39 33 21 19 25 2 25 42 40 42 41 23 0 45 0 50 52 56 66 98 66 97 66 56 67 56 65 94 65 95 65 96 65 56 52 50 54 59 78 59 77 59 54 50 51 55 62 87 62 55 63 55 61 83 61 84 61 55 64 92 64 55 25 15 35 15 25 23 0
50
23 23
32 32
90 90
93 93
55 55
60 60
25 25
42 42
26 26
48 48
10 10
70 70
71 71
73 73
74 74
11 11
14 14
34 34
12 12
20 20
31 31
37 37
49 49
39 39
33 33
21 21
19 19
2 2
40 40
41 41
45 45
52 52
66 66
98 98
97 97
67 67
94 94
95 95
96 96
54 54
59 59
78 78
77 77
62 62
87 87
63 63
83 83
84 84
92 92
35 35
