0 100 101 108 156 108 101 109 101 111 178 111 101 112 101 116 198 116 101 117 101 115 194 115 101 100 104 136 104 100 106 145 106 146 106 144 106 147 106 142 106 100 102 118 102 121 102 124 102 100 0 3 29 75 28 75 18 75 54 75 29 3 11 58 11 3 0 86 81 82 81 86 90 86 0 31 53 31 89 31 57 21 57 31 35 31 0 17 77 22 77 17 13 17 70 17 68 44 68 17 5 42 5 17 0 100 103 128 103 127 103 100 101 110 168 110 172 110 173 110 171 110 101 113 189 113 101 100 0
55
0 17 66
104 104
128 128
86 20 43 83 99 10 85 86 98 62
100 152 153 130 100 138 105 151
109 167 109
112 182 180 112 179
3 14 87 63 51 56 96 49 4
42 42 5
31 25 31 24 72 7 59
70 70 65
35 35
156 156
117 117
172 172
101 169 175 188 101 113
111 177
147 147
127 127
124 124
90 90
171 171
189 189
18 18
115 196
81 81
89 26 1 89
77 77
53 53
136 136
106 149 106
108 158 160 154
82 82
28 28
44 44 68
57 57
54 54
29 29
22 22
102 123 102
118 118
178 178
142 142
145 145
198 198
58 58 55
121 121
13 13
173 173
75 75
144 144
21 21
168 168
146 146
194 194
