3 5 78 1 79 6 10 7 48 8 18 9 78 12 77 14 35 15 72 78 17 38 4 19 4 21 4 22 4 35 23 3 91 24 91 55 85 93 88 61 25 61 88 93 85 55 27 80 29 80 62 31 28 78 32 69 33 13 2 36 2 40 2 14 44 41 82 42 13 43 13 84 45 84 9 69 46 62 48 49 48 50 34 52 30 69 53 89 56 97 57 55 83 58 83 22 82 60 20 63 35 66 4 67 83 68 79 70 11 75 64 71 64 6 80 73 80 6 64 75 86 76 18 95 87 48 90 10 44 94 64 69 96 69 64 98 65 100 5 3
49
1 1
6 6
7 7
8 8
9 9
12 12
14 14
15 15
17 17
19 19
21 21
22 22
23 23
24 24
25 25
27 27
29 29
31 31
32 32
33 33
36 36
40 40
41 41
42 42
43 43
45 45
46 46
49 49
50 50
52 52
53 53
56 56
57 57
58 58
60 60
63 63
66 66
67 67
68 68
70 70
71 71
73 73
75 75
76 76
87 87
90 90
94 94
96 96
98 98
