86 67 114 1 114 67 2 63 128 5 128 143 6 143 48 12 8 12 142 10 127 3 11 3 5 109 13 109 131 78 14 78 131 160 151 17 151 37 3 19 49 12 79 21 79 12 142 22 128 9 26 9 181 88 27 88 18 15 40 58 28 58 23 8 79 30 79 187 35 187 20 36 20 38 20 47 41 47 34 108 44 108 161 180 45 7 119 77 48 61 51 43 178 52 114 1 180 53 115 67 54 3 5 128 172 56 172 81 95 57 70 117 103 64 40 55 66 55 118 61 69 61 71 61 108 59 72 186 73 147 70 63 74 63 75 165 99 76 135 38 20 82 20 47 18 84 18 165 99 87 60 9 62 89 115 68 90 68 115 98 91 136 43 92 43 58 93 114 94 127 97 115 68 100 68 115 101 115 67 114 105 114 1 180 106 180 70 107 81 181 9 110 9 171 182 113 147 78 116 58 43 103 117 46 200 186 120 186 29 121 55 40 122 49 12 123 12 49 125 49 98 126 32 159 111 129 118 55 132 55 8 79 137 79 12 138 62 112 139 32 25 140 167 145 167 65 146 65 167 71 78 148 78 8 12 149 39 161 150 86 133 152 133 36 134 25 153 25 154 142 156 95 81 157 32 25 158 25 32 159 32 88 151 160 151 161 163 7 23 169 115 98 173 98 115 182 96 174 96 182 108 149 166 175 32 15 18 177 39 62 130 4 179 4 142 12 181 32 25 183 109 161 184 147 39 23 185 23 39 62 104 24 168 189 168 24 104 62 192 151 80 194 80 151 160 131 196 131 78 198 188 199 42 128 86
99
1 1
2 2
5 5
6 6
8 8
10 10
11 11
13 13
14 14
17 17
19 19
21 21
22 22
26 26
27 27
28 28
30 30
35 35
36 36
38 38
41 41
44 44
45 45
48 48
51 51
52 52
53 53
54 54
56 56
57 57
64 64
66 66
69 69
71 71
72 72
73 73
74 74
75 75
76 76
82 82
84 84
87 87
89 89
90 90
91 91
92 92
93 93
94 94
97 97
100 100
101 101
105 105
106 106
107 107
110 110
113 113
116 116
117 117
120 120
121 121
122 122
123 123
125 125
126 126
129 129
132 132
137 137
138 138
139 139
140 140
145 145
146 146
148 148
149 149
150 150
152 152
153 153
154 154
156 156
157 157
158 158
159 159
160 160
163 163
169 169
173 173
174 174
175 175
177 177
179 179
181 181
183 183
184 184
185 185
189 189
192 192
194 194
196 196
198 198
