110 168 44 168 124 100 60 66 60 100 72 100 124 168 110 26 103 199 152 175 1 36 79 149 126 147 107 0 154 28 29 28 154 0 107 147 126 149 79 36 1 175 152 64 96 53 96 50 56 161 5 83 101 43 123 193 14 170 40 192 41 25 41 192 40 30 94 76 94 30 40 170 14 193 123 43 101 121 140 6 131 6 140 121 101 83 141 18 19 165 19 18 141 83 5 161 56 50 96 64 152 199 103 26 110 77 195 163 15 91 15 132 15 163 195 99 181 99 195 163 15 67 145 190 138 3 127 3 138 55 39 171 39 11 13 160 189 98 189 148 74 172 92 169 197 169 54 73 47 110
50
189 178 189
76 76 94
152 152 64
138 190 55 122 138
26 90 26
54 54
79 36 79
163 163
60 60
13 160 13 142
175 175 1
181 99 181
83 141 18 5 83
44 44
197 197
56 50 56
6 51 6 140
29 28 29 154
101 101 43 121
77 195 77
47 47 45
126 107 126 147 0 149
40 30 192 40
92 172 92
124 159 81 38 124
74 148 74
15 15 67 145
41 41 20
66 87 182 66 85
169 169
53 53 96
193 193 14
11 11 176
25 25
171 171 39
165 165 22 52 19
72 72
168 110 168
123 123
73 73
127 127
161 161
131 131
98 98
103 103 199
170 170
3 3
100 100
91 91
132 132
