0x15 0x16 0x18 0x30 0x1 0x13 0x25 0x31 0x2a 0x17 0xe 0x27 0x2f 0x23 0x4 0x1b 0x4 0x23 0x2f 0x27 0x1e 0x15 0x16 0x18 0x30 0x1 0x2c 0x6 0x28 0x6 0x2c 0x1 0x30 0x18 0x16 0x15 0x1e 0x27 0x2f 0x23 0x22 0x23 0x2f 0x27 0x1e 0x20 0xf 0xc 0xf 0x1c 0x7 0x24 0x1d 0x26 0x19 0x29 0x2e 0x1 0x30 0x18 0x16 0x15 0x1e 0x27 0x2f 0x23 0x10 0x23 0x2f 0x27 0x1e 0x15
25
0x16 0x16
0x18 0x18
0x1 0x1
0x13 0x13
0x25 0x25
0x31 0x31
0x2a 0x2a
0x17 0x17
0xe 0xe
0x2f 0x2f
0x4 0x4
0x1b 0x1b
0x28 0x28
0x6 0x6
0x22 0x22
0xc 0xc
0xf 0xf
0x1c 0x1c
0x24 0x24
0x1d 0x1d
0x26 0x26
0x19 0x19
0x29 0x29
0x2e 0x2e
0x10 0x10
