Location0 Location34 Location10 Location21 Location10 Location26 Location15 Location26 Location24 Location37 Location13 Location25 Location52 Location32 Location39 Location32 Location52 Location25 Location13 Location14 Location13 Location20 Location9 Location18 Location9 Location20 Location13 Location7 Location22 Location31 Location33 Location46 Location58 Location3 Location58 Location46 Location33 Location31 Location22 Location7 Location13 Location37 Location17 Location23 Location30 Location38 Location28 Location1 Location8 Location6 Location8 Location1 Location28 Location38 Location19 Location57 Location40 Location11 Location40 Location57 Location19 Location38 Location30 Location23 Location17 Location37 Location24 Location26 Location10 Location12 Location4 Location35 Location10 Location34 Location0
22
Location8 Location1 Location8
Location40 Location2 Location36 Location40
Location3 Location3
Location35 Location4 Location35
Location20 Location5 Location16 Location20
Location6 Location6
Location7 Location7
Location18 Location9 Location18 Location29
Location34 Location10 Location12 Location27 Location34 Location41
Location11 Location11
Location13 Location13 Location37
Location14 Location14
Location15 Location15 Location24 Location26
Location30 Location17 Location23 Location30
Location38 Location19 Location38
Location21 Location21
Location22 Location22 Location31
Location25 Location25
Location28 Location28
Location32 Location32
Location46 Location33
Location39 Location39
