Location0 Location43 Location25 Location34 Location25 Location9 Location10 Location28 Location10 Location30 Location29 Location121 Location58 Location80 Location27 Location112 Location44 Location13 Location44 Location18 Location44 Location112 Location27 Location80 Location58 Location121 Location29 Location30 Location32 Location105 Location110 Location17 Location11 Location17 Location39 Location12 Location5 Location12 Location39 Location17 Location110 Location46 Location110 Location105 Location32 Location30 Location10 Location9 Location25 Location43 Location19 Location45 Location37 Location115 Location37 Location16 Location37 Location45 Location36 Location45 Location23 Location45 Location37 Location2 Location14 Location2 Location37 Location115 Location24 Location35 Location31 Location1 Location8 Location40 Location8 Location1 Location41 Location21 Location26 Location20 Location26 Location7 Location3 Location0
26
Location8 Location1 Location8
Location37 Location2 Location37 Location45
Location17 Location3 Location17
Location7 Location4 Location7
Location5 Location5 Location12
Location115 Location6 Location15 Location24
Location9 Location9 Location10
Location11 Location11
Location13 Location13
Location14 Location14 Location22
Location16 Location16
Location18 Location18 Location42
Location43 Location19 Location43
Location20 Location20
Location21 Location21 Location26 Location41
Location23 Location23 Location33
Location34 Location25 Location34
Location27 Location27
Location28 Location28
Location29 Location29 Location30 Location32
Location31 Location31 Location35
Location36 Location36
Location46 Location38
Location39 Location39
Location40 Location40
Location112 Location44
