1 2 3 10 6 8 9 13 16 26 21 20 31 35 33 34 42 27 36 47 37 44 56 50 41 53 49 51 55 57 58 68 61 59 69 60 74 70 80 83 75 77 85 81 82 87 84 86 92 88 89 97 101 102 99 103 95 106 124 110 126 111 127 137 129 116 133 136 139 131 138 141 144 130 140 143 150 161 156 151 157 162 159 164 165 167 174 184 171 176 169 189 182 177 193 51 198 200 198 1
97
1 1
2 2
3 3
10 10
6 6
8 8
9 9
13 13
16 16
26 26
21 21
20 20
31 31
35 35
33 33
34 34
42 42
27 27
36 36
47 47
37 37
44 44
56 56
50 50
41 41
53 53
49 49
51 51
55 55
57 57
58 58
68 68
61 61
59 59
69 69
60 60
74 74
70 70
80 80
83 83
75 75
77 77
85 85
81 81
82 82
87 87
84 84
86 86
92 92
88 88
89 89
97 97
101 101
102 102
99 99
103 103
95 95
106 106
124 124
110 110
126 126
111 111
127 127
137 137
129 129
116 116
133 133
136 136
139 139
131 131
138 138
141 141
144 144
130 130
140 140
143 143
150 150
161 161
156 156
151 151
157 157
162 162
159 159
164 164
165 165
167 167
174 174
184 184
171 171
176 176
169 169
189 189
182 182
177 177
193 193
198 198
200 200
