31 65 128 52 46 167 186 199 179 169 171 197 180 191 195 184 164 173 198 170 188 168 196 175 74 107 112 127 77 35 64 38 30 6 58 32 134 138 81 13 131 119 141 20 34 115 14 66 69 60 125 89 29 33 105 137 12 120 57 151 42 148 83 90 47 121 114 48 99 156 140 82 149 94 45 21 143 80 28 4 108 67 160 7 86 22 103 27 49 78 147 93 123 106 117 68 9 88 152 110 146 31
50
175 175 196
127 127
27 78 49 27
93 93 147
58 58 30 6
66 66
186 167 186 199
69 69 38 60
7 160 7
195 195 169 184 179
81 13 81 115
65 65
32 32
198 198 173
171 197 171
77 77 42
119 20 119 34 141 131
28 80 28
82 82
12 120 12
125 125 151 89
22 22
191 180 191
137 105 137 33
108 108 4 67
128 46 128 52
106 117 106 123
121 114 48 140 99 156 121
143 143
21 21
149 94 149
107 74 107
90 90 148 110 83
88 88
14 14
112 112
68 86 68
138 138 134
168 168
103 103
188 188
35 35 64
164 164
47 47
170 170
146 146
9 9
29 57 29
152 152
45 45
