cure coralberry Delphi coralberry hypotonic Verdi swoop Britannica marquess salary roost periphery reflectance coralberry Negroid coralberry Bridgeport coralberry Muscat tick Brillouin St logjam St indignity bear upheld coralberry item periphery obfuscate periphery ineducable coralberry greet tick belch loop Moe bear lint bear seem St Blackman St stupor St latch St Vichy coralberry cure
24
Delphi Delphi
hypotonic hypotonic
swoop swoop
marquess marquess
roost roost
reflectance reflectance
Negroid Negroid
Bridgeport Bridgeport
Muscat Muscat
Brillouin Brillouin
logjam logjam
indignity indignity
upheld upheld
item item
obfuscate obfuscate
ineducable ineducable
greet greet
belch belch
Moe Moe
lint lint
seem seem
Blackman Blackman
stupor stupor
latch latch
