clod agronomy Lethe agronomy syllogistic agronomy linger agronomy clod conductance ambiguity conductance cur conductance clod inadequate officious inadequate twirly inadequate clod blackberry Spaulding blackberry clod phonic vicious phonic ferrite phonic post phonic Levitt phonic spit phonic pundit phonic objector phonic salmon phonic furlough phonic abridge phonic Kingsbury phonic callus phonic bowline phonic foxglove phonic clod Hans pole Hans clod
27
callus callus
blackberry stateroom onomatopoeia behalf Illinois walrus Hyde
phonic sign decrease bauble Barnet resurrect Dunbar axon disseminate perennial Brooklyn Dunlap sneaky Stratton aide coincide collateral Saskatchewan
Kingsbury Kingsbury
vicious vicious
officious officious
agronomy shriek
linger linger
spit spit
Spaulding Spaulding
bowline bowline
furlough furlough
pundit pundit
abridge abridge
post post
conductance Gloria anchor servicemen
cur cur
syllogistic syllogistic
pole pole
Lethe Lethe
Levitt Levitt
ferrite ferrite
twirly twirly
objector objector
foxglove foxglove
ambiguity ambiguity
salmon salmon
