state peacock driveway peacock border peacock heifer peacock opossum peacock state Jennifer Cinderella Jennifer state servile harrow servile cocaine servile cache servile state slake octane slake state voltmeter Edmonds voltmeter cohere voltmeter hypothetic voltmeter bald voltmeter Waterbury voltmeter exhortation voltmeter his voltmeter infuse voltmeter retardation voltmeter serge voltmeter motet voltmeter value voltmeter wrack voltmeter Ridgway voltmeter uptown voltmeter state purple eidetic purple Lizzie purple sanatoria purple stereography purple freehold purple scriptwriter purple monk purple turnout purple trivium purple dumpling purple eggplant purple hallelujah purple curbside purple gun purple huge purple ash purple backgammon purple scaup purple firebug purple joke purple controversial purple sepulchral purple Della purple clasp purple state limbic Adler limbic state
52
controversial controversial
Jennifer begot Zellerbach Evans stingy Augean flexural Adamson
eidetic knick eidetic whirligig rocky bloc anatomy lonesome Darwin knurl hyphen omicron Arden pairwise rent Protista grade gavotte whatsoever Eva athletic foursome Steiner compunction Whelan circumstantial debenture fleawort bibliophile
wrack wrack
Cinderella Cinderella
Edmonds watery Calkins jackass texture Albert lobby registrant dame shrugging Yaounde regal Edmonds hungry
scriptwriter scriptwriter
border border
driveway driveway
motet motet
dumpling dumpling
scaup scaup
serge serge
value value
octane octane
joke joke
infuse infuse
Waterbury Waterbury
his his
Adler Adler
cocaine cocaine
sanatoria sanatoria
sepulchral sepulchral
gun gun
stereography stereography
peacock complacent fireplace
servile supremum charcoal presto
heifer heifer
cache cache
bald bald
uptown uptown
hypothetic hypothetic
ash ash
backgammon backgammon
hallelujah hallelujah
curbside curbside
cohere cohere
trivium trivium
turnout turnout
opossum opossum
clasp clasp
Lizzie Lizzie
monk monk
Della Della
firebug firebug
eggplant eggplant
retardation retardation
harrow harrow
Ridgway Ridgway
freehold freehold
huge huge
exhortation exhortation
