Wkkykkf Uvcri Pbdad Fggo Pbdad Uoxsv Pbdad Nqwr Pbdad Stpm Jxdb Stpm Oaqqs Whbms Oaqqs Wtkwuvz Oaqqs Dytyp Tbbiot Dytyp Zyh Vxt Kdq Vxt Ibovih Klowqwc Igep Fiv Igep Zkrljw Igep Zdsg Dkfelp Wufe Bxrwja Qbflfr Bxrwja Vpsfe Wkkykkf
20
Igep Zdsg Igep Nwecls Gzcxjl Euw Zdkju Bwlpsl
Vxt Vxt Eiotl
Dytyp Dytyp Pgvrcnl
Fiv Fiv
Uvcri Uvcri Nhn
Dkfelp Dkfelp Wtsrwu
Fggo Pbdad Lhwmy Fggo
Klowqwc Ibovih Klowqwc Apylxs
Uoxsv Uoxsv
Jxdb Stpm Jxdb Fuykk Olcoaxo
Bxrwja Bxrwja Wufe
Whbms Oaqqs Whbms
Nqwr Nqwr
Zkrljw Zkrljw
Zyh Zyh
Qbflfr Qbflfr
Kdq Kdq
Tbbiot Tbbiot
Wtkwuvz Wtkwuvz
Vpsfe Vpsfe
