A0 X4 K2 S2 K1 A1 U2 U6 I5 A2 M0 H0 E1 X3 L5 Q0 W6 V2 T3 T2 W5 G6 F3 R3 T5 P6 X1 Z6 X0 P0 C3 M1 E5 O4 Z1 W2 Z3 C6 X2 N1 B2 Y6 A7 S1 O3 K4 D2 R6 F6 Y4 N2 M5 J5 T6 Q6 F0 Z5 A4 B5 M6 A6 X6 G1 R4 C0 D0 L0 I1 M4 Y0 I0 E4 P5 W4 B4 M3 O5 H6 R5 I3 P2 J0 V6 C4 E3 C7 D7 Z4 G4 Q4 J6 G0 J1 A5 F4 G3 Q5 S6 D3 Y3 A0
50
X4 A0 S2 X4 S6
R4 C0 G1 R4 W4
D0 D0 Y0
Z5 F0 Z5
G0 G0 F4 J6
M0 H0 M0
I0 I0 E4 P5
J0 J0
L0 L0 M4
P0 P0
Q0 Q0
C3 X0 M1 C3
A1 A1 K1 I5
E1 E1
I1 I1
J1 J1
N1 N1 B2 Y6 A7
O3 S1 X2 O3
Z6 X1 P6 Z6
Z1 Z1 A2
R6 D2 K4 R6
K2 K2
M5 N2 J5 M5 C7
P2 P2
T2 T2 W5 G6
U6 U2 U6
W6 V2 W6
Z3 W2 Z3 C6
Y3 D3 Y3
E3 E3 C4
F3 F3 R3 T5
Q5 G3 Q5
I3 I3 V6
O5 M3 O5 H6
T3 T3
X3 X3
A4 A4
B4 B4 X6
G4 G4
O4 O4 E5
Q4 Q4
Y4 Y4
D7 Z4 D7
A5 A5
B5 B5
L5 L5
R5 R5
A6 A6 M6
F6 F6
Q6 Q6 T6
