7 49 67 28 35 92 60 22 60 92 35 28 67 49 67 28 84 77 38 83 38 77 84 28 35 27 15 27 35 28 84 77 38 77 84 28 35 27 15 52 82 33 91 63 91 33 82 52 15 27 35 28 47 72 23 72 47 28 35 27 81 27 15 65 15 27 35 89 35 27 81 6 0 74 0 6 96 99 62 98 62 99 96 25 68 97 61 97 68 25 96 99 96 59 88 12 58 8 93 45 47 28 35 92 60 30 60 92 51 92 37 19 2 56 40 87 66 80 66 85 39 68 25 16 41 44 72 47 48 56 40 78 71 75 71 78 1 32 43 26 76 15 27 35 28 47 72 44 41 16 42 16 41 44 72 47 28 35 92 51 73 64 95 21 32 43 26 91 33 82 52 15 27 35 28 47 72 44 41 16 41 44 72 23 49 7
29
22 22
49 49
84 84
83 83
15 15
38 38
63 63
23 23
81 81
65 65
89 89
74 74
96 96
98 98
61 61
99 99
58 58
30 30
51 51
19 19
80 80
25 25
75 75
76 76
42 42
44 44
64 64
32 32
33 33
