142 121 137 48 76 24 37 178 195 158 69 64 122 128 68 192 150 21 157 86 78 186 55 186 17 144 151 181 91 3 174 4 46 148 108 160 77 143 90 111 106 127 106 66 44 66 137 121 58 130 65 141 99 54 14 9 33 133 41 103 18 70 92 16 177 126 140 129 140 30 139 145 139 153 23 153 139 154 191 159 151 167 151 93 118 38 197 38 118 190 183 0 26 60 124 60 26 149 22 149 63 131 35 131 63 171 135 97 102 136 47 7 47 136 9 28 103 18 181 153 139 154 1 100 163 8 31 8 163 100 34 100 1 154 139 153 181 18 103 85 89 85 187 132 39 115 39 132 142
60
121 121
137 137
48 48
76 76
178 178
195 195
158 158
69 69
64 64
150 150
21 21
157 157
186 186
55 55
144 144
151 151
181 181
91 91
3 3
174 174
4 4
46 46
108 108
77 77
90 90
106 106
127 127
44 44
58 58
141 141
14 14
33 33
133 133
41 41
70 70
16 16
177 177
140 140
129 129
30 30
145 145
23 23
159 159
167 167
93 93
38 38
197 197
183 183
60 60
124 124
22 22
63 63
35 35
97 97
7 7
31 31
34 34
89 89
39 39
115 115
