5 7 77 9 2 1 21 8 5 14 23 14 64 27 41 39 31 4 8 21 32 29 16 7 35 7 77 9 22 37 45 59 75 50 32 21 1 0 51 0 6 74 96 54 20 62 55 57 55 17 12 9 22 58 86 41 27 64 14 63 14 5 33 68 33 5 8 95 59 76 59 45 37 22 9 77 9 2 1 26 80 26 1 6 11 85 11 6 74 90 91 99 94 40 92 40 53 74 96 59 101 59 75 50 32 73 56 102 56 52 19 5 14 23 103 23 14 64 89 96 59 101 104 101 59 95 1 70 105 70 1 6 11 44 106 44 37 22 58 86 109 86 41 48 75 59 101 111 101 59 96 74 6 11 113 11 6 1 95 121 95 59 118 126 118 59 127 59 75 48 41 86 109 130 109 86 41 27 53 123 131 140 131 123 53 27 41 19 69 145 69 19 20 54 96 59 45 152 45 37 25 12 17 68 155 68 17 12 9 10 160 10 15 163 15 10 28 39 88 168 88 39 41 19 169 19 52 143 144 176 144 143 52 80 26 1 177 1 2 9 12 18 178 18 12 17 36 82 179 82 36 17 68 33 19 52 143 144 176 180 176 144 143 52 19 5 16 61 43 183 43 25 12 150 191 150 12 66 26 80 52 143 144 176 180 194 180 176 144 143 52 19 5 14 196 14 5
52
9 9
21 21
23 23
27 27
31 31
32 32
35 35
45 45
50 50
51 51
54 54
57 57
58 58
63 63
68 68
76 76
77 77
80 80
85 85
91 91
92 92
96 96
101 101
102 102
103 103
104 104
105 105
106 106
109 109
111 111
113 113
121 121
126 126
127 127
130 130
140 140
145 145
152 152
155 155
160 160
163 163
168 168
169 169
176 176
177 177
178 178
179 179
180 180
183 183
191 191
194 194
196 196
