89 4 5 24 92 82 65 18 20 7 15 41 12 41 66 55 2 28 16 3 11 9 27 23 17 32 56 57 55 42 19 6 8 36 30 56 46 29 39 38 25 24 13 24 92 16 95 10 47 57 68 22 68 57 66 41 49 45 52 1 94 14 44 21 33 31 42 26 48 23 4 28 2 34 2 0 31 42 19 35 50 8 40 8 57 55 63 78 37 0 2 91 62 43 8 89
50
4 4
5 5
18 18
20 20
7 7
15 15
41 41
12 12
2 2
28 28
16 16
3 3
11 11
9 9
27 27
23 23
17 17
32 32
19 19
6 6
8 8
36 36
30 30
46 46
29 29
39 39
38 38
25 25
24 24
13 13
10 10
47 47
22 22
49 49
45 45
1 1
14 14
44 44
21 21
33 33
31 31
42 42
26 26
48 48
34 34
35 35
50 50
40 40
37 37
43 43
