149 24 149 14 68 48 97 57 63 60 19 41 67 95 91 82 91 98 91 95 67 50 62 50 67 41 19 60 63 57 97 48 68 75 59 4 36 2 45 80 20 51 74 55 38 55 47 8 17 78 53 31 39 87 54 88 71 61 46 61 9 61 71 88 54 87 39 31 53 78 81 70 92 34 83 34 21 56 90 10 5 25 6 11 6 25 5 10 90 56 21 34 92 32 73 58 12 3 12 65 40 65 12 58 73 32 92 70 81 78 17 8 47 84 47 55 74 23 79 29 43 28 33 66 64 66 33 28 43 29 79 23 74 51 20 18 37 44 37 18 20 80 45 2 36 42 69 149
49
83 1 83
45 2 45 80
3 3 12
4 4 36
10 5 10 89
6 6 25
64 7 64 66
8 8 35
9 9
11 11
90 13 26 49 52 56 90
14 14
62 15 27 30 50 62 86
59 16 59 75 76 96 100
17 17
37 18 37
41 19 41
20 20
21 21 85
38 22 38
23 23 99
24 24
28 28 33
29 29 43
53 31 39 53 93 94
73 32 73
34 34 70 92
40 40 65
69 42 69
44 44
46 46
55 47 55
48 48 97
51 51
54 54 87
57 57 63 72
58 58
60 60
61 61
95 67 91 95
68 68
71 71
74 74
82 77 82
78 78 81
79 79
84 84
88 88
98 98
