myBc2oGXtwQIbhN8LZB1 fpPjeU3Q7Ml0oxbNnONE 6yzFaM9N8M8BsjLACDds yAYyOcL4ZKdEiLdSPQJm RBvtNZMBTgecfVkYzQF0 KtbSULrz2h1IxsKP2DHz RpB10dFWsUl9DC779n8X KtbSULrz2h1IxsKP2DHz UMmbOoOKP6EkLMuN70H3 o9aZyqilfPONdyLlpTRX m1eNgjuhkxodElFqqgdb EY74ASuADSlYlDTJLkL6 uNXUIWejT1w4vLTe7QBt VThEkwdtHmaZ1zsmfh4s LJTA7Za5kd0YC7vjiAyc VThEkwdtHmaZ1zsmfh4s uNXUIWejT1w4vLTe7QBt EY74ASuADSlYlDTJLkL6 m1eNgjuhkxodElFqqgdb ZhHxBzOYsJAOHrqq4mZM wy0RiFWOddqgqdcatQ9A 9OL9rFCWxsvkui0BnJrR 69TQpRojisYUrVnWqBaA q1ntlEPy5TkjTDK1N7QA fbJ1XhavEsRSCGVVB1U1 olDP1pNg8HxpvCq8TOIJ K674cUKePzN7aRSq4iqU jjCSZnB5168QDqTrFROq K674cUKePzN7aRSq4iqU o53aRQwjhcCKlIFPSjvf o2dWBGyrvosFrr6mKxkG o53aRQwjhcCKlIFPSjvf K674cUKePzN7aRSq4iqU olDP1pNg8HxpvCq8TOIJ fbJ1XhavEsRSCGVVB1U1 q1ntlEPy5TkjTDK1N7QA 69TQpRojisYUrVnWqBaA 9OL9rFCWxsvkui0BnJrR wy0RiFWOddqgqdcatQ9A ZhHxBzOYsJAOHrqq4mZM m1eNgjuhkxodElFqqgdb o9aZyqilfPONdyLlpTRX ki0pv73E3TweydEr2xMN MrSQPZSbMdgYshneAfKf GvRFaXYJvrU5PAeeG88T MrSQPZSbMdgYshneAfKf ki0pv73E3TweydEr2xMN saIZq3FqZhdVPNoQWmqU qz4O4bOhKA0YZxpN4mu9 saIZq3FqZhdVPNoQWmqU ki0pv73E3TweydEr2xMN o9aZyqilfPONdyLlpTRX UMmbOoOKP6EkLMuN70H3 KtbSULrz2h1IxsKP2DHz RBvtNZMBTgecfVkYzQF0 w5Yg5o0VnYd77fs4XPRL jy3jNWgqegakpFSv6gUm oTKjE2BVS0AvV4XvUeLk e3j3O8zLHFaoF4L54lX4 oTKjE2BVS0AvV4XvUeLk jy3jNWgqegakpFSv6gUm zWpsWJk9vbOt0JkC0vhz X0l14s0sRXjXSeLRZLOJ 1GbSD7rTlpNb4qV46SKR X0l14s0sRXjXSeLRZLOJ zWpsWJk9vbOt0JkC0vhz jy3jNWgqegakpFSv6gUm w5Yg5o0VnYd77fs4XPRL RBvtNZMBTgecfVkYzQF0 yAYyOcL4ZKdEiLdSPQJm 6yzFaM9N8M8BsjLACDds fpPjeU3Q7Ml0oxbNnONE myBc2oGXtwQIbhN8LZB1 vy2boLWO2lxg10y7uS0y myBc2oGXtwQIbhN8LZB1 6X2CNJieZ0I5rs3Wfu65 nmetx4LmU9YBYTmghDrT FMx2ghinkTg3bXUUbaTx nmetx4LmU9YBYTmghDrT jHmvxfAZsjs2mCnHbbFf 4jo8IXw984NR3wvT2Dr9 jHmvxfAZsjs2mCnHbbFf nmetx4LmU9YBYTmghDrT 1ZOzWuPMAgV9noIUn6fI myBc2oGXtwQIbhN8LZB1
25
GvRFaXYJvrU5PAeeG88T GvRFaXYJvrU5PAeeG88T
RBvtNZMBTgecfVkYzQF0 RBvtNZMBTgecfVkYzQF0 bVCSBWLjvEmxQEUvDzc4 j2d1svPUTAqQIDPXwffl jy3jNWgqegakpFSv6gUm KtbSULrz2h1IxsKP2DHz w5Yg5o0VnYd77fs4XPRL lRM59z2yUMoVl3kzgo9u
e3j3O8zLHFaoF4L54lX4 5f6BSghRQWi4UfjviKjn e3j3O8zLHFaoF4L54lX4 oTKjE2BVS0AvV4XvUeLk
m1eNgjuhkxodElFqqgdb m1eNgjuhkxodElFqqgdb ZhHxBzOYsJAOHrqq4mZM EY74ASuADSlYlDTJLkL6
1GbSD7rTlpNb4qV46SKR 1GbSD7rTlpNb4qV46SKR
qz4O4bOhKA0YZxpN4mu9 qz4O4bOhKA0YZxpN4mu9 C4VxHS7oWghMg001nCqT lYkJhGqsFKbDklNelAfr saIZq3FqZhdVPNoQWmqU
K674cUKePzN7aRSq4iqU o53aRQwjhcCKlIFPSjvf K674cUKePzN7aRSq4iqU
vy2boLWO2lxg10y7uS0y vy2boLWO2lxg10y7uS0y
FMx2ghinkTg3bXUUbaTx FMx2ghinkTg3bXUUbaTx nmetx4LmU9YBYTmghDrT
fpPjeU3Q7Ml0oxbNnONE fpPjeU3Q7Ml0oxbNnONE 6X2CNJieZ0I5rs3Wfu65
wy0RiFWOddqgqdcatQ9A 9OL9rFCWxsvkui0BnJrR wy0RiFWOddqgqdcatQ9A
RpB10dFWsUl9DC779n8X RpB10dFWsUl9DC779n8X
X0l14s0sRXjXSeLRZLOJ zWpsWJk9vbOt0JkC0vhz X0l14s0sRXjXSeLRZLOJ
uNXUIWejT1w4vLTe7QBt uNXUIWejT1w4vLTe7QBt VThEkwdtHmaZ1zsmfh4s
fbJ1XhavEsRSCGVVB1U1 69TQpRojisYUrVnWqBaA q1ntlEPy5TkjTDK1N7QA fbJ1XhavEsRSCGVVB1U1
LJTA7Za5kd0YC7vjiAyc LJTA7Za5kd0YC7vjiAyc
o2dWBGyrvosFrr6mKxkG o2dWBGyrvosFrr6mKxkG SUNxIlWVwIvWYg6OTKeH
o9aZyqilfPONdyLlpTRX UMmbOoOKP6EkLMuN70H3 ki0pv73E3TweydEr2xMN o9aZyqilfPONdyLlpTRX
jjCSZnB5168QDqTrFROq jjCSZnB5168QDqTrFROq
MrSQPZSbMdgYshneAfKf MrSQPZSbMdgYshneAfKf
olDP1pNg8HxpvCq8TOIJ olDP1pNg8HxpvCq8TOIJ
jHmvxfAZsjs2mCnHbbFf jHmvxfAZsjs2mCnHbbFf
6yzFaM9N8M8BsjLACDds yAYyOcL4ZKdEiLdSPQJm 6yzFaM9N8M8BsjLACDds
1ZOzWuPMAgV9noIUn6fI 1ZOzWuPMAgV9noIUn6fI
4jo8IXw984NR3wvT2Dr9 4jo8IXw984NR3wvT2Dr9
