PlmPdVeiiHQg3JYZCDWt qOK6WPKQJA4Q9XqXgSgT CofLnw0Ss4pVGWmPS5oO cUanhOambcNkocePqfvx KOLHrmR3FKDMdl4SYdK9 g0ywcwildP9K6oBendJq iFXIyHTPBX7ivXxsV1VM cYMPcE5UNSzOtkRY62gr VXU331oDUcuzaGGUYIl9 ANdko3dYAy7a2BOq7wpm uaR7l3Qhn4FRAnSeVURz EVtx7khff7Fs8yuuQKJx 4S2YiI3VYPKghkl95iqK GzSNGBn4EPemDLEWXNxx nKDJ3ylOzub2eWcHnAhq a06qeiApctGnC1GMtGuJ XdyhPab6W9wOZnKLq1fq 9zoM12ZWjXrKaszveCQH o85TEEBuzMbePdf5cbCv ML4pCjYl4gPEwSnvlRaD E59siIyngnj5PIsLeowv WErk2X2lm629vuxPHVtl E8pbRn7LIeWnB3swkYzz PWUaVYPeofxjJdT472wG 4QLswP82Wvxw9Z42obzh IxWh6LSiXwGUWSx9VJ39 NXYVlLN4oRDZThND0BmP dvxgUZzwjHAP85QpElWp KjQNU2EAAYEZSeJWPxLM DF1KTiOHBIkswyjh8uB1 Vh6ScHVb39wz7CmKwIuA hZHynIvymuQxD6BftzWt W9TKm0U6bNDZ1Aok7hNH 2chOacZ5nNYuf6eeGFSW kwA1qrRggH9YLKcVfIe5 kaVGl3oG0Ulg2MgkbJB8 3rqlQRwe5izypHjXjWla jVItWJkETNqrkY47Hghp EY9cQTmyqhrzeZsobQa5 JakuJordFcO229c3L5ct AmAHnr1XXkPpwJ6DUDIO WsVMGV8yZisK6ojnqzBE 1tmkPhHujDQhTmW4oV7S BWhyt9wATIprZDhzxwVv Osa2UT4anhyBl7doUFs5 RuUdtXtfFCKpaLUcmsqg SNmFiRdCmf8vg1yMqr30 YFXFh0nBpGYXfL8mfny3 3M9YkxmgHhrzhCgskWR0 dsndgEJWfBsFA2I3Hgqf zforAf5jhSPEL0aOiCeo 7yt9hKqOEGabqtqIEmdH yKQw7YXCNsthb1VWEFur ukPtLY7YueARRkX8hPaS 060q0aISPODkGeAbYbQ6 LXqfTqJggDSh6mykPyz3 1JawjZrawLlOCGN1EB0O 7qCgmo7DrrfnVQIWnbiV 1wRG7TNgo9ui6iZBLuaw 2Cz4Y4eG1XIezf9qpdQl 48BAUsycKlkSkbOjYLFN tX1uDaXm9hMlEKqU7m9j NA24XhOMsROCBnUViAJT nsq4rhHWMCaIVcah5fcd Zzs5CIqF9Ll2avkxI78N MEVVMgbTLIgXdG4vAbeX N5YDsCDN1lKguyHbn4Zb ELEJN8tWDJT7mLhCdqW3 Tr6dOTuKB3EM5juuJxqy C6w7afZujemehEooILjN MSj6zOuZ0EoAKjP4wXXW x5UVX06335fM5pfCNBMU Dwi7fYT8wa9I4Kzyto4Y EkRPPDhcu5ww6XulSOgx eUyNsK7nwP1YPac54CbU U7iVliqmXRkLwyPSNdfv ChEnlTNCMoqxBfyzEzW7 zvH9G6FQ1xC7CVezs43e YmmIBqqdn3Z6PuFXWNHi YIxKvTpWMaQKGFtD5BDH 76b3evP8JEiQ8c6jd2b5 k8LvqKsQ4ejh0bCWs4fP q4nqG9N45SSRxndw48Xl WZsO2i9GZwvMYoV9SyKS 6WGzUhXeOltLDbkIvTzq JWIkMKKlAG6fUoRVxKKI 8RfB73Lw8C9LbSwIxA9Q GUntLlYA0xo9Vk4WLTLV gdO0wiBlQ8wFbeNyGtx5 iwJGcbQH2bifG6D82Iel 804aK8wEArkuheeUiB4R xcisI0PJDdG9nIuyj3IS m1A3pMC42PQioFziqK5C uNMLlt0W1KUwk2d6EP98 VuvjJGf6deKVAQ0JUD4i TpLamlzpT6GwerxzVsxr PIekFeWZsA6etqyFB2SF irZyMKazQALnyfoOCtbL UkqILZ2p4EbRuMBIrGXp nyd0fM2XE4qmli1xfIwr yD8JCRUWcVAZxJ4ZDldr PlmPdVeiiHQg3JYZCDWt
49
EY9cQTmyqhrzeZsobQa5 RuUdtXtfFCKpaLUcmsqg SNmFiRdCmf8vg1yMqr30 JakuJordFcO229c3L5ct WsVMGV8yZisK6ojnqzBE 1tmkPhHujDQhTmW4oV7S Osa2UT4anhyBl7doUFs5 AmAHnr1XXkPpwJ6DUDIO EY9cQTmyqhrzeZsobQa5 BWhyt9wATIprZDhzxwVv
Zzs5CIqF9Ll2avkxI78N MEVVMgbTLIgXdG4vAbeX Zzs5CIqF9Ll2avkxI78N
YmmIBqqdn3Z6PuFXWNHi YmmIBqqdn3Z6PuFXWNHi YIxKvTpWMaQKGFtD5BDH
a06qeiApctGnC1GMtGuJ nKDJ3ylOzub2eWcHnAhq E8pbRn7LIeWnB3swkYzz a06qeiApctGnC1GMtGuJ
WErk2X2lm629vuxPHVtl WErk2X2lm629vuxPHVtl
ChEnlTNCMoqxBfyzEzW7 ChEnlTNCMoqxBfyzEzW7
o85TEEBuzMbePdf5cbCv o85TEEBuzMbePdf5cbCv 9zoM12ZWjXrKaszveCQH
VXU331oDUcuzaGGUYIl9 g0ywcwildP9K6oBendJq iFXIyHTPBX7ivXxsV1VM ANdko3dYAy7a2BOq7wpm KOLHrmR3FKDMdl4SYdK9 VXU331oDUcuzaGGUYIl9
ELEJN8tWDJT7mLhCdqW3 N5YDsCDN1lKguyHbn4Zb ELEJN8tWDJT7mLhCdqW3
qOK6WPKQJA4Q9XqXgSgT 3M9YkxmgHhrzhCgskWR0 qOK6WPKQJA4Q9XqXgSgT cUanhOambcNkocePqfvx CofLnw0Ss4pVGWmPS5oO
GzSNGBn4EPemDLEWXNxx GzSNGBn4EPemDLEWXNxx
7qCgmo7DrrfnVQIWnbiV 7qCgmo7DrrfnVQIWnbiV 1wRG7TNgo9ui6iZBLuaw
NA24XhOMsROCBnUViAJT 48BAUsycKlkSkbOjYLFN NA24XhOMsROCBnUViAJT 2Cz4Y4eG1XIezf9qpdQl tX1uDaXm9hMlEKqU7m9j
eUyNsK7nwP1YPac54CbU 060q0aISPODkGeAbYbQ6 eUyNsK7nwP1YPac54CbU ukPtLY7YueARRkX8hPaS
dvxgUZzwjHAP85QpElWp NXYVlLN4oRDZThND0BmP KjQNU2EAAYEZSeJWPxLM dvxgUZzwjHAP85QpElWp
zvH9G6FQ1xC7CVezs43e zvH9G6FQ1xC7CVezs43e k8LvqKsQ4ejh0bCWs4fP
C6w7afZujemehEooILjN Tr6dOTuKB3EM5juuJxqy C6w7afZujemehEooILjN
hZHynIvymuQxD6BftzWt Vh6ScHVb39wz7CmKwIuA hZHynIvymuQxD6BftzWt DF1KTiOHBIkswyjh8uB1 W9TKm0U6bNDZ1Aok7hNH
7yt9hKqOEGabqtqIEmdH dsndgEJWfBsFA2I3Hgqf zforAf5jhSPEL0aOiCeo 7yt9hKqOEGabqtqIEmdH
kaVGl3oG0Ulg2MgkbJB8 kaVGl3oG0Ulg2MgkbJB8
irZyMKazQALnyfoOCtbL PIekFeWZsA6etqyFB2SF irZyMKazQALnyfoOCtbL
76b3evP8JEiQ8c6jd2b5 76b3evP8JEiQ8c6jd2b5
UkqILZ2p4EbRuMBIrGXp UkqILZ2p4EbRuMBIrGXp
nsq4rhHWMCaIVcah5fcd nsq4rhHWMCaIVcah5fcd
IxWh6LSiXwGUWSx9VJ39 IxWh6LSiXwGUWSx9VJ39 4QLswP82Wvxw9Z42obzh PWUaVYPeofxjJdT472wG
3rqlQRwe5izypHjXjWla 3rqlQRwe5izypHjXjWla
yKQw7YXCNsthb1VWEFur yKQw7YXCNsthb1VWEFur
uaR7l3Qhn4FRAnSeVURz uaR7l3Qhn4FRAnSeVURz
E59siIyngnj5PIsLeowv E59siIyngnj5PIsLeowv
XdyhPab6W9wOZnKLq1fq XdyhPab6W9wOZnKLq1fq
m1A3pMC42PQioFziqK5C yD8JCRUWcVAZxJ4ZDldr m1A3pMC42PQioFziqK5C
cYMPcE5UNSzOtkRY62gr cYMPcE5UNSzOtkRY62gr
U7iVliqmXRkLwyPSNdfv U7iVliqmXRkLwyPSNdfv
jVItWJkETNqrkY47Hghp jVItWJkETNqrkY47Hghp
YFXFh0nBpGYXfL8mfny3 YFXFh0nBpGYXfL8mfny3
EVtx7khff7Fs8yuuQKJx EVtx7khff7Fs8yuuQKJx
4S2YiI3VYPKghkl95iqK 4S2YiI3VYPKghkl95iqK
1JawjZrawLlOCGN1EB0O 1JawjZrawLlOCGN1EB0O LXqfTqJggDSh6mykPyz3
WZsO2i9GZwvMYoV9SyKS WZsO2i9GZwvMYoV9SyKS 6WGzUhXeOltLDbkIvTzq
VuvjJGf6deKVAQ0JUD4i uNMLlt0W1KUwk2d6EP98 VuvjJGf6deKVAQ0JUD4i TpLamlzpT6GwerxzVsxr
nyd0fM2XE4qmli1xfIwr nyd0fM2XE4qmli1xfIwr
EkRPPDhcu5ww6XulSOgx EkRPPDhcu5ww6XulSOgx Dwi7fYT8wa9I4Kzyto4Y
kwA1qrRggH9YLKcVfIe5 2chOacZ5nNYuf6eeGFSW kwA1qrRggH9YLKcVfIe5
ML4pCjYl4gPEwSnvlRaD ML4pCjYl4gPEwSnvlRaD
8RfB73Lw8C9LbSwIxA9Q JWIkMKKlAG6fUoRVxKKI iwJGcbQH2bifG6D82Iel gdO0wiBlQ8wFbeNyGtx5 8RfB73Lw8C9LbSwIxA9Q GUntLlYA0xo9Vk4WLTLV
MSj6zOuZ0EoAKjP4wXXW MSj6zOuZ0EoAKjP4wXXW x5UVX06335fM5pfCNBMU
q4nqG9N45SSRxndw48Xl q4nqG9N45SSRxndw48Xl
xcisI0PJDdG9nIuyj3IS xcisI0PJDdG9nIuyj3IS
804aK8wEArkuheeUiB4R 804aK8wEArkuheeUiB4R
