xse rsg dkp nsw ils jfh qjf tko uwo bod yug qkp qdw zkt ljd nii ukv ljd tso cma tdu gex pjf wyg qxs byu ttw bda ttw ptu uau svk agh nry cun nhi vzr jgt fyc qbf wiy emz vmt uuw kxn adx vlb mok vlb fgp dgl fin uby rir ksg tlh ceo xjt ceo nko fbk vmv fjy kpp bsc bnl mti vvn ruo hmi vtd aeg xeh zks rjv idv nvz lvm fia nmf ocp pvs fzi xme khu xnr nwc qiq fhv xme vwg xme fzi lwk nfr lrj bdh rtc txq igs aii igs qwk hpx wbg ikb ogh bod krr kgl miy hcr ckx loj ask zdb kfu aeu cen uok ybr jam phg ego cen gbd zud qol xse
55
cma cma nii tso ukv ljd
dgl adx mok dgl fgp
pvs ocp pvs ikb nmf
fbk fbk
aeg vtd aeg
cen cen kfu
byu bda byu ttw zkt qxs
igs aii txq
lrj lrj bdh
uwo uwo tko qjf
mti mti vvn
uok ybr uok
wyg wyg pjf
xeh xeh
khu khu
fin fin
vmv vmv
lvm lvm fia nvz
nwc nwc
loj loj ckx
fzi fzi vwg xme
uau uau
miy miy
tdu tdu
ruo hmi ruo
fhv fhv
lwk nfr lwk
qbf qbf ksg
ils hcr jfh ils
phg phg jam
zud zud
hpx hpx rtc wbg
emz wiy emz vmt
cun cun
nry nry
yug yug
ptu ptu
vzr jgt nhi vzr
uuw uuw
ogh ogh
krr krr
nko nko bnl
qkp qdw
kxn kxn
bod bod
xjt xjt
ask zdb
dkp nsw rsg
idv rjv idv
ego ego
gex gex
fjy kpp fjy
fyc fyc
agh svk
ceo tlh
