azv oqv rti azv xie hyb dqy ijd ovx dqy jwx brw cwq cim gei ctf hsi pzr hwc hlc qzx uua rcw cvb vxn rfl uyd gfr uyd rov zuz ivp hcc ryg jvc lmh sau txp ufa cib mpw boc scm aur hob wcd gcw ipq yfq ncc vfq eqx mtd eqa mis yvc wpu yiy hip yiy azv
26
mtd gcw ipq mtd
azv azv oqv
yiy yiy hip
zuz lmh zuz ivp
hsi pzr hsi
ovx ovx
rcw rcw uua
rfl rfl gfr vxn uyd
dqy jwx ijd dqy
wpu yvc
cib ufa cib
hlc hwc hlc
xie hyb xie
sau sau
scm scm aur
rti rti
ctf gei ctf
vfq ncc yfq vfq
jvc jvc
cwq cim brw cwq
rov rov
mpw boc mpw
eqa mis eqa
qzx qzx
wcd wcd
hcc hcc
