zMnoKpsz12d1Y6CixoCL vPVOeWczn8eJlf3Gviol BKvWsgveG3lQHgeNBv62 ybqDdUoaPknlNwzZFeto YqOJXOtRcgzFFRGKRutM HAc1Ylu9mrUmnheKISnK YqOJXOtRcgzFFRGKRutM Ryx97mzVLWHytqmLAKlJ YqOJXOtRcgzFFRGKRutM RIRtIJewArUY7i7A6OEl jS5XJP3bXemMgWyvfsmt CcIlGrru613gqyngyuYo jS5XJP3bXemMgWyvfsmt ZSg6FSZaRCTLmeHoLgMI jS5XJP3bXemMgWyvfsmt g6l3PryZJRSAXJGUyq22 Armxs904ujfdAYn9LtOF g6l3PryZJRSAXJGUyq22 jS5XJP3bXemMgWyvfsmt RIRtIJewArUY7i7A6OEl 50qWynRev5CSErzk8Yih IcoYVabhkC8yNYJgy44V GaG5DAqLVuTD09GfUl6l IcoYVabhkC8yNYJgy44V dBvruVRsFq4ihmzPj7nf IcoYVabhkC8yNYJgy44V 50qWynRev5CSErzk8Yih RIRtIJewArUY7i7A6OEl 5jE3DcSbPJWRITx0u2Kf NieXnWTTyXxCRp5CSl0i 5jE3DcSbPJWRITx0u2Kf 9q9h29089dBsNERnjXsd 5jE3DcSbPJWRITx0u2Kf RIRtIJewArUY7i7A6OEl FwLnZPETaUkrkp7dE0hH KBGTLYOWLSviflcWwd9y FwLnZPETaUkrkp7dE0hH ZvocIzADG7dBR58wmnu8 FwLnZPETaUkrkp7dE0hH RIRtIJewArUY7i7A6OEl dakEfF8eF1B4IYsSGGLe YIAlamFOfZeHd5qDll32 dakEfF8eF1B4IYsSGGLe oJor9EUgXhaXPDmChml7 FDT7h4JKMRWa9fcDNmXs oJor9EUgXhaXPDmChml7 TzlCRBgA0Q2cCjETm7Vx oJor9EUgXhaXPDmChml7 C3qGKxHtliSTI7oOnHoB oJor9EUgXhaXPDmChml7 dakEfF8eF1B4IYsSGGLe RIRtIJewArUY7i7A6OEl hH5yU5IgxmmStVnXEBJ1 3mTCmcCkVhhFn533BM03 hH5yU5IgxmmStVnXEBJ1 OcyqfDTyG7wfT1rvpitz G6KTAOxQU8MNiSLazU1t OcyqfDTyG7wfT1rvpitz sNJuS4R6b6KAUX5QI4md OcyqfDTyG7wfT1rvpitz uqAmYQiu3O0THeAaPzKH OcyqfDTyG7wfT1rvpitz TuA4wNSOMjTMUxZ5fZWx WdpiLe9uZpnuS9WMphYw TuA4wNSOMjTMUxZ5fZWx jdgXkfbupFQ0XUNJEyvU TuA4wNSOMjTMUxZ5fZWx OcyqfDTyG7wfT1rvpitz hH5yU5IgxmmStVnXEBJ1 RIRtIJewArUY7i7A6OEl YqOJXOtRcgzFFRGKRutM ybqDdUoaPknlNwzZFeto kHWDWFJURX8TBbDnLSlR JOo21iuZtHvP9sSModQZ oDA5VKbLZuTPP2ZEB14d JOo21iuZtHvP9sSModQZ kHWDWFJURX8TBbDnLSlR W8ft2Hcg1VXPVNTpprS3 kHWDWFJURX8TBbDnLSlR M3MAG2lM6nUmTjQ3nD4D z2nBS9pweVYpDmW0fMRS M3MAG2lM6nUmTjQ3nD4D kHWDWFJURX8TBbDnLSlR mTYxpEwVJTp369cmBN7S kHWDWFJURX8TBbDnLSlR GhNWfyijkz8OKJbptIGO EvdCmEq3CXPDtnZYkiVu GhNWfyijkz8OKJbptIGO kHWDWFJURX8TBbDnLSlR hzqXRQPGO5tnMpQYDdxn XKYNaFpYuIx7Zx7vNANa hzqXRQPGO5tnMpQYDdxn bclRgmmOqfg3PHQz06qB hzqXRQPGO5tnMpQYDdxn kHWDWFJURX8TBbDnLSlR ybqDdUoaPknlNwzZFeto z6gtkXCB2ntSiYsjrque ybqDdUoaPknlNwzZFeto FHGlzd4VlMUVjTba9Qjm ybqDdUoaPknlNwzZFeto fat0ktgmwPXvqLhmWfJ0 mUERvxQcAO2XlgBTPRGA fat0ktgmwPXvqLhmWfJ0 qSLkk45Evo68Y4JhMUq7 fat0ktgmwPXvqLhmWfJ0 ybqDdUoaPknlNwzZFeto WCUwzDEkBlRrgSeSv9vv 5cjkSqVe5mFfFhCgwe8r WCUwzDEkBlRrgSeSv9vv 15e7umNMnawEegsOhkYh WCUwzDEkBlRrgSeSv9vv ybqDdUoaPknlNwzZFeto QHym2s92VJ8ycxMeFawz QFT8yfDPa0xDNdRMchX3 QHym2s92VJ8ycxMeFawz ybqDdUoaPknlNwzZFeto UkKARQyd3ZxfrQwOeW0R JKKWZrMfMDLTYQt6t5Ap UkKARQyd3ZxfrQwOeW0R u91JdIwHTd2zumpXCvmK UkKARQyd3ZxfrQwOeW0R ybqDdUoaPknlNwzZFeto 1Tm2BSSz9mj8o3m9o0TB 07iKiKtYzy9bLoKUo0ve 1Tm2BSSz9mj8o3m9o0TB ybqDdUoaPknlNwzZFeto kHWDWFJURX8TBbDnLSlR JOo21iuZtHvP9sSModQZ e7oVwvEXzQVG9DeK8uQS BVbv363irLjfCXrWQjqn MDHuBmBbeFOGqzpuNmVz BVbv363irLjfCXrWQjqn e7oVwvEXzQVG9DeK8uQS bUGtOHLCdzsNiRxcLtaT e7oVwvEXzQVG9DeK8uQS olgHJpCT79b6HED7FUWa e7oVwvEXzQVG9DeK8uQS tXtX3vcLWOYDJBh3QgZt WErCaTW8MMgw3ZAta1gT zMnoKpsz12d1Y6CixoCL
52
fat0ktgmwPXvqLhmWfJ0 mNuLv0WHsIRpWEdSUREd
mUERvxQcAO2XlgBTPRGA mUERvxQcAO2XlgBTPRGA
qSLkk45Evo68Y4JhMUq7 qSLkk45Evo68Y4JhMUq7
07iKiKtYzy9bLoKUo0ve ZcpnIKUrL8i4GzxAolZX 07iKiKtYzy9bLoKUo0ve 5VNO6t8qAcR3d5jJgfi4
olgHJpCT79b6HED7FUWa olgHJpCT79b6HED7FUWa
JOo21iuZtHvP9sSModQZ ARorC1kPdEun4czh3dmX T7hLF9jTtc4htoAH0PWD QmCq2RCVgnssPOgSwAr8
bUGtOHLCdzsNiRxcLtaT bUGtOHLCdzsNiRxcLtaT
ZvocIzADG7dBR58wmnu8 ZvocIzADG7dBR58wmnu8
KBGTLYOWLSviflcWwd9y 9c21VhIQJbtu6kG4NZT4 KBGTLYOWLSviflcWwd9y
u91JdIwHTd2zumpXCvmK u91JdIwHTd2zumpXCvmK
JKKWZrMfMDLTYQt6t5Ap OMLAPgVr1RosMrpENk9K JKKWZrMfMDLTYQt6t5Ap
M3MAG2lM6nUmTjQ3nD4D PrzulPuk0tqiNKmdjp0X GfpGWz1SaDeisCQVEJrI
z2nBS9pweVYpDmW0fMRS z2nBS9pweVYpDmW0fMRS
CcIlGrru613gqyngyuYo CcIlGrru613gqyngyuYo
jS5XJP3bXemMgWyvfsmt Vv2apUMOUSvB9J5u8yJr cthtNVKVABeolrPabegT szEChRtMF49nUq5i634G FqxzURcIHYyg2FOpiXCN
ZSg6FSZaRCTLmeHoLgMI ZSg6FSZaRCTLmeHoLgMI
QFT8yfDPa0xDNdRMchX3 KP4zLIZ5LMWJ6mkRn6BX QFT8yfDPa0xDNdRMchX3 pkPHvGrHHriGlmiL3mRW
dBvruVRsFq4ihmzPj7nf dBvruVRsFq4ihmzPj7nf
GaG5DAqLVuTD09GfUl6l GaG5DAqLVuTD09GfUl6l
IcoYVabhkC8yNYJgy44V U8fsnzMIN4aMdzToihTq QTgsp1BfPDsixeeH6QUT Vkpfkc0JUDpakJkZipKD 3fQHkf8pseCy7Ys4Kez5
NieXnWTTyXxCRp5CSl0i NieXnWTTyXxCRp5CSl0i gM8AHyLc0ZjUxmDMuXzJ
9q9h29089dBsNERnjXsd 9q9h29089dBsNERnjXsd
g6l3PryZJRSAXJGUyq22 RvFA5khunRjN3Z7dmUKr 2DqN6NYyebkVczAnrbNI
Armxs904ujfdAYn9LtOF Armxs904ujfdAYn9LtOF
oDA5VKbLZuTPP2ZEB14d oDA5VKbLZuTPP2ZEB14d
3mTCmcCkVhhFn533BM03 3mTCmcCkVhhFn533BM03 oougNPfNRCSRCWJrOUlb Y2BEa9hp0T63SlTWXenG
BVbv363irLjfCXrWQjqn nfdt04yvrwrpPVPzIy2c 34ScKN0pHkNmnxdkoIOC
MDHuBmBbeFOGqzpuNmVz MDHuBmBbeFOGqzpuNmVz
kHWDWFJURX8TBbDnLSlR Y0dqIYSR4P9Br1Cq3f9U MyPRIiIVlLarPoP5nZfy xBNbU9Yu51mQvClxjQdr dUDrtIP8WIldh2FT7uba
FHGlzd4VlMUVjTba9Qjm FHGlzd4VlMUVjTba9Qjm
YqOJXOtRcgzFFRGKRutM WELPo1XEQnG4JejlB13A JPD2uBroiElzO4z72vhQ
z6gtkXCB2ntSiYsjrque z6gtkXCB2ntSiYsjrque
XKYNaFpYuIx7Zx7vNANa XKYNaFpYuIx7Zx7vNANa 8s4ukhLgGBoor0D87KUr
bclRgmmOqfg3PHQz06qB bclRgmmOqfg3PHQz06qB
GhNWfyijkz8OKJbptIGO lcq8BXTLE4WDnj4JF3yo VxRxz5foWagBafuSz1m4
EvdCmEq3CXPDtnZYkiVu EvdCmEq3CXPDtnZYkiVu
TzlCRBgA0Q2cCjETm7Vx TzlCRBgA0Q2cCjETm7Vx
C3qGKxHtliSTI7oOnHoB C3qGKxHtliSTI7oOnHoB
FDT7h4JKMRWa9fcDNmXs FDT7h4JKMRWa9fcDNmXs
YIAlamFOfZeHd5qDll32 yE3wNgUIJB0oZwUjLCMo 9XhdonQsTDmLQknJ4xeP YIAlamFOfZeHd5qDll32
WCUwzDEkBlRrgSeSv9vv ofmz95sRAyIS0ShQndvb
15e7umNMnawEegsOhkYh 15e7umNMnawEegsOhkYh
5cjkSqVe5mFfFhCgwe8r 5cjkSqVe5mFfFhCgwe8r
jdgXkfbupFQ0XUNJEyvU jdgXkfbupFQ0XUNJEyvU
WdpiLe9uZpnuS9WMphYw JzMVZjOikutQZg00S8wX WdpiLe9uZpnuS9WMphYw
sNJuS4R6b6KAUX5QI4md sNJuS4R6b6KAUX5QI4md
G6KTAOxQU8MNiSLazU1t G6KTAOxQU8MNiSLazU1t
uqAmYQiu3O0THeAaPzKH uqAmYQiu3O0THeAaPzKH
W8ft2Hcg1VXPVNTpprS3 W8ft2Hcg1VXPVNTpprS3
mTYxpEwVJTp369cmBN7S mTYxpEwVJTp369cmBN7S
HAc1Ylu9mrUmnheKISnK HAc1Ylu9mrUmnheKISnK
Ryx97mzVLWHytqmLAKlJ Ryx97mzVLWHytqmLAKlJ
