lQCi69J0eWVlNqqKnSXq fMvZCv2axIFhKiMGKmK5 HdqcKlipoTYMzJchffld h4lv4AWoIyOY4fsmP5xB HdqcKlipoTYMzJchffld TULA7h1TJjCcU7b7ewMK XeZKiAoyYZL9P7yBThlM TULA7h1TJjCcU7b7ewMK wlKpBtU5YVdE9Uq6V4z5 Ts2UPoejx7dwuInV9kms wlKpBtU5YVdE9Uq6V4z5 5j3nVbxEAEFTUe3GDbN0 z8GF8LystXVXiuprVyTh 5j3nVbxEAEFTUe3GDbN0 Ov5tQy1KeHsti8dfTOIQ jsvSfTN8RLw8M7n8jb8D Ov5tQy1KeHsti8dfTOIQ sNxtKpoSG9BFpERxjNr1 2fRxkCAZVyHGHkq3Bl9E zdGOEur0Se3VWD6mlq5H 2fRxkCAZVyHGHkq3Bl9E CR5QbErmAVyIHQJyDFi9 2fRxkCAZVyHGHkq3Bl9E sNxtKpoSG9BFpERxjNr1 55xYloQMeVs9kVzx8cN5 sNxtKpoSG9BFpERxjNr1 NdzV8TNRFhnjMNZlaGI4 sNxtKpoSG9BFpERxjNr1 dSR37cF2irO0NLfFwZy0 sNxtKpoSG9BFpERxjNr1 Ov5tQy1KeHsti8dfTOIQ Rl9sd4PENsPVd55C9qNS Ov5tQy1KeHsti8dfTOIQ EP0h2hGKZhLlRDvb1dHn m3HnuJcMZr0UjXE6y0Yj EP0h2hGKZhLlRDvb1dHn lfvGd547iXhkHQ8AjYpO EP0h2hGKZhLlRDvb1dHn Ov5tQy1KeHsti8dfTOIQ 5j3nVbxEAEFTUe3GDbN0 9ZAwlDiWc0OkYVLdPP18 5j3nVbxEAEFTUe3GDbN0 yytanXsBcYsWB0S4zr6x 0jsnTC6pUdifVPvCGLLe yytanXsBcYsWB0S4zr6x TDEVUkFlcjUpqrP6Bynx yytanXsBcYsWB0S4zr6x 5j3nVbxEAEFTUe3GDbN0 r3dhOjzNOGrPmQjmHU4D 5j3nVbxEAEFTUe3GDbN0 Ov5tQy1KeHsti8dfTOIQ GzTC6SyDfi06snBYRanw sC8YSc2m8uVyLGRtJAJm GzTC6SyDfi06snBYRanw 6WjkeAWWKDbY507hYxDN lQCi69J0eWVlNqqKnSXq
23
Ov5tQy1KeHsti8dfTOIQ sX8C3CP6kza3VNKEcdNn tqCzeJHrHXSMuAlQdk95 sAR5WnnNshpkwOniAudb
sC8YSc2m8uVyLGRtJAJm sC8YSc2m8uVyLGRtJAJm
h4lv4AWoIyOY4fsmP5xB aAHnKpmemgrMwy9POpn9 V6XJoCUDWAqZklsSLeM6 yXTGXN4mJmD1MMnwU5DV h4lv4AWoIyOY4fsmP5xB G1Ecvcz8fZufY9CV0J2K IR7mOQhWXsCDKM4Cc4wS
zdGOEur0Se3VWD6mlq5H zdGOEur0Se3VWD6mlq5H
CR5QbErmAVyIHQJyDFi9 CR5QbErmAVyIHQJyDFi9
2fRxkCAZVyHGHkq3Bl9E AeT8ezBVfSNgGpCCNvM1
r3dhOjzNOGrPmQjmHU4D zbjpBk6LD1KcRmfqCimG ji2Hl3ZRuTNdz55QI9iS 5RtoZI2od7I5NUCXiQ20
m3HnuJcMZr0UjXE6y0Yj m3HnuJcMZr0UjXE6y0Yj Q6Q14vRaFSx82FDA8F9j
lfvGd547iXhkHQ8AjYpO lfvGd547iXhkHQ8AjYpO
TULA7h1TJjCcU7b7ewMK u4CAydwAhszp7tM3ILy0 pStp5oJ3mwz5HNV7VA81
XeZKiAoyYZL9P7yBThlM XeZKiAoyYZL9P7yBThlM
wlKpBtU5YVdE9Uq6V4z5 vnCWjVmMdmciaoCYnqW8 kdGczSrviM1C416w1kdh
Ts2UPoejx7dwuInV9kms Ts2UPoejx7dwuInV9kms
TDEVUkFlcjUpqrP6Bynx TDEVUkFlcjUpqrP6Bynx
0jsnTC6pUdifVPvCGLLe 0jsnTC6pUdifVPvCGLLe
yytanXsBcYsWB0S4zr6x 0LTuG9BRd9b62kO39lM2
55xYloQMeVs9kVzx8cN5 55xYloQMeVs9kVzx8cN5
NdzV8TNRFhnjMNZlaGI4 NdzV8TNRFhnjMNZlaGI4
dSR37cF2irO0NLfFwZy0 dSR37cF2irO0NLfFwZy0
Rl9sd4PENsPVd55C9qNS Rl9sd4PENsPVd55C9qNS
jsvSfTN8RLw8M7n8jb8D jsvSfTN8RLw8M7n8jb8D
z8GF8LystXVXiuprVyTh 76IyG9JBAhW2KiBt5QKY z8GF8LystXVXiuprVyTh
9ZAwlDiWc0OkYVLdPP18 9ZAwlDiWc0OkYVLdPP18
