Encanto Sherman Cherokee Kentfield Ida Banning Vernon Bonita Forest Lost Vista Laguna Homestead Garden Willow Foothills Ida Moccasin Two Rossmoor Beach Sherman Presidio Sherman All Richvale Kern Woodbridge Yurok Cabbage New Glencoe Mount Jane Mount Welden Mount Elmira Sacramento Warner Shafter Los Ames City Balsdon Quail Santa 18th Granite Riverside Clayton Garden Willow Chinese Woffard Chittenden Alpaugh Pumpkin Delta Costa Encanto Huron Ramona Riverside Smoke Helm Cypress Home McAuley Chinese Green Cypress Encanto
50
Cherokee Cherokee
Kentfield Kentfield
Banning Banning
Vernon Vernon
Bonita Bonita
Forest Forest
Vista Vista
Laguna Laguna
Homestead Homestead
Willow Willow
Foothills Foothills
Moccasin Moccasin
Two Two
Beach Beach
Presidio Presidio
Sherman Sherman
All All
Richvale Richvale
Kern Kern
Woodbridge Woodbridge
Yurok Yurok
Cabbage Cabbage
Glencoe Glencoe
Jane Jane
Welden Welden
Mount Mount
Elmira Elmira
Warner Warner
Shafter Shafter
Los Los
Ames Ames
City City
Quail Quail
Santa Santa
Granite Granite
Clayton Clayton
Garden Garden
Chinese Chinese
Woffard Woffard
Alpaugh Alpaugh
Pumpkin Pumpkin
Delta Delta
Costa Costa
Encanto Encanto
Ramona Ramona
Riverside Riverside
Smoke Smoke
Cypress Cypress
McAuley McAuley
Green Green
