Potrero 18th Balsdon Chinese All Kentfield Hume Kentfield Carmel Warner Merced Oceanside Linden Foothills Clayton Boulevard Ramona Ida Welden Calaveras Boulevard Merced Potrero 18th Meyers Garden Fiorini Fremont Banning Presidio Laguna Ames Santa Ames 18th Smoke Richvale Ames Woffard Potrero
24
Balsdon Balsdon
Chinese Chinese
All All
Hume Hume
Carmel Carmel
Warner Warner
Oceanside Oceanside
Linden Linden
Clayton Clayton
Boulevard Boulevard
Ida Ida
Calaveras Calaveras
Merced Merced
Potrero Potrero
18th 18th
Meyers Meyers
Fiorini Fiorini
Fremont Fremont
Banning Banning
Laguna Laguna
Santa Santa
Ames Ames
Smoke Smoke
Richvale Richvale
