Vernon Davenport Princeton Smith Magic Winterhaven Commonwealth Yankee Cressey Robertsville Parchester Warner Clipper Cerro Princeton Terra Tuxedo Wallace Temecula Buena Quail Stockdale Carmel King Clayton Bodad Richvale Le Downtown Woody Escondido Three Presidio Alameda Crestmont Louis Anaheim Calexico Bell Sacramento Cabbage El Industry Crestmont Forbestown Mecca Ballena Bodad Industrial Portola Calaveras San Antelope Kaiser Crestmont Bakersfield Louis Strawberry Veterans Roseland Dulzura Flinn Pleasant Flinn Escalon Brundage Hammer Midtown Manker Moores Bonny Blue Three Grasslands Vernon Helm Ballena Saint Homestead Rough Bonny Chowchilla Timbuctoo Durham Parchester Susan Fox Pacheco Huron Balboa South Roseland Capuchino Grasslands Beach Fullerton Hume Cudahy Civic Potrero Bangor Santa Dutch Ramona Chowchilla Garcia Cambridge Clipper Ritter Sherman Costa Fiorini Louis Hoffman Lake Buena Alamo California Saint Collins Le Donner Coddingtown Glencoe Alamo Yurok Garcia Rowland Bell Marshall Sunny Sacramento Vallecito Flinn Chittenden Armstrong Delta Cahuilla Tijuana Livingston All Church Smoke Yale Bradley Kentfield South Sulpizio Marina Cypress Del Dayton Escondido Vernon
100
Davenport Davenport
Smith Smith
Winterhaven Winterhaven
Yankee Yankee
Cressey Cressey
Robertsville Robertsville
Warner Warner
Cerro Cerro
Terra Terra
Wallace Wallace
Temecula Temecula
Quail Quail
Stockdale Stockdale
Carmel Carmel
Clayton Clayton
Richvale Richvale
Le Le
Downtown Downtown
Woody Woody
Three Three
Presidio Presidio
Crestmont Crestmont
Anaheim Anaheim
Bell Bell
Cabbage Cabbage
Industry Industry
Forbestown Forbestown
Mecca Mecca
Bodad Bodad
Industrial Industrial
Portola Portola
Calaveras Calaveras
Antelope Antelope
Kaiser Kaiser
Bakersfield Bakersfield
Strawberry Strawberry
Veterans Veterans
Dulzura Dulzura
Pleasant Pleasant
Escalon Escalon
Brundage Brundage
Hammer Hammer
Manker Manker
Moores Moores
Blue Blue
Grasslands Grasslands
Helm Helm
Saint Saint
Rough Rough
Bonny Bonny
Timbuctoo Timbuctoo
Parchester Parchester
Fox Fox
Pacheco Pacheco
Huron Huron
Balboa Balboa
Roseland Roseland
Capuchino Capuchino
Beach Beach
Fullerton Fullerton
Cudahy Cudahy
Civic Civic
Potrero Potrero
Bangor Bangor
Santa Santa
Ramona Ramona
Garcia Garcia
Cambridge Cambridge
Ritter Ritter
Sherman Sherman
Costa Costa
Fiorini Fiorini
Louis Louis
Hoffman Hoffman
Lake Lake
Buena Buena
Alamo Alamo
California California
Collins Collins
Donner Donner
Coddingtown Coddingtown
Glencoe Glencoe
Yurok Yurok
Rowland Rowland
Marshall Marshall
Sunny Sunny
Sacramento Sacramento
Flinn Flinn
Chittenden Chittenden
Armstrong Armstrong
Delta Delta
Tijuana Tijuana
All All
Smoke Smoke
Bradley Bradley
South South
Sulpizio Sulpizio
Cypress Cypress
Del Del
Escondido Escondido
