1 5 4 8 9 10 9 13 12 16 17 18 17 21 20 24 23 24 25 26 25 29 28 32 31 32 33 34 33 37 36 40 39 40 41 42 41 45 44 48 47 48 49 53 52 56 55 56 57 61 60 64 65 69 68 72 73 74 73 77 76 80 81 82 81 85 84 88 87 88 89 93 92 96 97 101 97 98 97 101 100 104 105 109 108 112 113 117 116 120 119 120 121 125 124 128 129 133 129 130 129 133 132 136 137 138 137 141 140 144 145 149 148 152 153 154 153 157 156 160 159 160 161 165 164 168 169 170 169 173 172 176 177 181 180 184 183 184 185 186 185 189 188 192 191 192 188 189 185 184 180 181 177 178 177 176 172 173 169 168 164 165 161 160 156 157 153 152 148 149 145 144 140 141 137 136 132 133 129 128 124 125 121 120 116 117 113 114 113 112 108 109 105 106 105 104 100 101 97 96 92 93 89 88 84 85 81 80 76 77 73 72 68 69 65 64 60 61 57 56 52 53 49 48 44 45 41 40 36 37 33 32 28 29 25 24 20 21 17 16 12 13 9 8 7 6 5 1
70
8 2 4 5 194 196 197 199
7 7
10 10
12 12
9 13
17 15 21
18 18
20 20
23 23
26 26
28 28
29 29
31 31
34 34
36 36 37
39 39
42 42 45
47 44 47
53 50 53
52 52
55 55
61 58 61
64 60 63
65 66 69
72 68 71
74 74
80 76 79
73 77
82 82
84 84
81 85
87 87
89 90
93 92 93
97 95
98 98
101 100 101
105 103
106 106
112 108 111
109 109
114 114
116 116
117 117
119 119
121 122 125
128 124 127
130 130
133 132 133 135
138 138
140 140 141
144 143
149 146 148 149
153 151
154 154
157 156 157
159 159
160 162
164 164 165
168 167
170 170
172 172 175
169 173
178 178
184 180
181 181
183 183
186 186
192 188 189
191 191
