1 2 3 4 5 6 7 8 9 10 11 12 13 14 15 16 17 18 19 20 21 22 23 24 25 26 27 28 29 30 31 32 33 34 35 36 37 38 39 40 41 42 43 44 45 46 47 48 49 50 49 51 49 52 49 53 49 54 49 55 56 57 58 59 60 61 62 63 64 63 65 63 66 63 67 63 68 63 69 70 71 72 73 74 75 76 77 78 77 79 77 80 77 81 77 82 77 83 84 85 86 87 88 89 90 91 92 93 94 95 96 97 98 1
44
2 2
4 4
5 5
7 7
10 10
12 12
13 13
15 15
18 18
20 20
21 21
23 23
26 26
28 28
29 29
31 31
34 34
36 36
37 37
39 39
42 42
44 44
45 45
47 47
50 50
51 51
52 52
53 53
54 54
64 64
65 65
66 66
67 67
68 68
78 78
79 79
80 80
81 81
82 82
92 92
93 93
94 94
95 95
96 96
