Soda Doe GreekTheatre LawrenceHall Kresge Evans Campanile BerkeleyWayWest Wheeler LeConte Foothill HavilandHall Dwinelle HearstMining HilgardHall Gilman HildebrandHall CaliforniaHall HilgardHall Unit1 SouthHall Moffit DavisHall Stern DavisHall Cory Campbell Unit3 Campbell Cory Blackwell BancroftLibrary Unit2 DurantHall Unit2 Etcheverry GiauqueHall AlumniHouse InternationalHouse MemorialStadium LawrenceHall Doe UniversityVillage Bowles UniversityVillage Doe Soda BerkeleyWayWest Campanile Evans BAMPFA Evans Campanile BerkeleyWayWest Soda
25
Doe Doe
GreekTheatre GreekTheatre
LawrenceHall LawrenceHall
Evans Evans
Campanile Campanile
BerkeleyWayWest BerkeleyWayWest
Wheeler Wheeler
LeConte LeConte
Foothill Foothill
Dwinelle Dwinelle
HearstMining HearstMining
Gilman Gilman
CaliforniaHall CaliforniaHall
Unit1 Unit1
SouthHall SouthHall
Moffit Moffit
Stern Stern
Campbell Campbell
Unit3 Unit3
BancroftLibrary BancroftLibrary
Unit2 Unit2
DurantHall DurantHall
InternationalHouse InternationalHouse
Bowles Bowles
BAMPFA BAMPFA
