Ippudo Platano Gypsys EastAsianLibrary LittleCampanile WindmillCoffee PokeBar Plentea ClarkKerr Gongcha Ikes Fengcha HavilandHall Bonchon UCafe TheHabit Homeroom Underhill HortonHall Shengkee LowerSproul Artichokes SnackShack AmoebaMusic GrizzlyPeak AndrewsApartment Wheeler Chipotle Yifang NorthHall DavisHall TukTukThai BSC TukTukThai Venus Cream BerkeleyWayWest HappyLemon BerkeleyBart SproulHall BerkeleyBart BigC TenderGreens BigC BerkeleyBart LaBurrita OptometryBuilding YogurtPark Ucha SouthHall Crossroads TToust ImmThai BobbyGPizza Marugame Gadani HalalGuys EndlessSweets Kips Muraccis Kips HesseHall ThaiBasil Milkbomb ThaiBasil SuperDuperBurgers Pappys HearstAnnex McDonalds Morrisonhall McDonalds HearstAnnex Bowles AshaTeaHouse LeConte Cafe3 LewisHall SmokesPoutinerie TheDwight SmokesPoutinerie LiKaShing Rachas NatApartment BetaLounge Ikes Eureka Campbell MemorialGlade Namaste StrawberryCreek Morganhall Jupiter LatimerHall Jupiter TopDog Firewings Quicklys BerkeleyArtStudio Mezzo BerkeleyArtStudio SaturnCafe HeatCafe BerkeleyThaiHouse Safeway Barrows AshaTeaHouse LeConte Wikiwiki NoodleGirl Teazone NoodleGirl MemorialStadium Cheeseboard BancroftLibrary TennisCourts TPTea Campanile Cornerstone UrbanOutfitters Cornerstone Campanile ChezPanisse Campanile LeConte Cafe3 ThaiNoodle Doe JambaJuice SteamTrains KroeberHall HilgardHall Namaste EastBaySpiceCompany Namaste Eshelman SweetheartCafe PeoplesCafe PurpleKow Flavia HearstGym WursterHall Spats Gather TraderJoes YogurtPark GreatChina SatherGate GreatChina YogurtPark LaVals Target LaVals YogurtPark Toss LaNote TacoBell LaNote ExtremePizza LaNote Homeroom TheHabit FireTrails MulfordHall FireTrails TheHabit Homeroom Underhill HortonHall Cinnaholic TripleRock Cinnaholic Slivers Cinnaholic Bonchon HavilandHall Fengcha UniversityVillage TToust BobaNinja TToust Crossroads LiKaShing BanshoRamen Raretea InternationalHouse BobbyGPizza ImmThai TToust BobaNinja TennisCourts TPTea HildebrandHall Soda Platano Ippudo
100
Platano Platano
Gypsys Gypsys
EastAsianLibrary EastAsianLibrary
LittleCampanile LittleCampanile
PokeBar PokeBar
Plentea Plentea
ClarkKerr ClarkKerr
Gongcha Gongcha
Ikes Ikes
Fengcha Fengcha
Bonchon Bonchon
UCafe UCafe
TheHabit TheHabit
Homeroom Homeroom
Underhill Underhill
HortonHall HortonHall
Shengkee Shengkee
LowerSproul LowerSproul
Artichokes Artichokes
SnackShack SnackShack
AmoebaMusic AmoebaMusic
GrizzlyPeak GrizzlyPeak
AndrewsApartment AndrewsApartment
Wheeler Wheeler
Chipotle Chipotle
Yifang Yifang
NorthHall NorthHall
TukTukThai TukTukThai
BSC BSC
Venus Venus
HappyLemon HappyLemon
SproulHall SproulHall
BigC BigC
TenderGreens TenderGreens
LaBurrita LaBurrita
OptometryBuilding OptometryBuilding
Ucha Ucha
Crossroads Crossroads
ImmThai ImmThai
Marugame Marugame
Gadani Gadani
HalalGuys HalalGuys
Kips Kips
Muraccis Muraccis
Milkbomb Milkbomb
ThaiBasil ThaiBasil
SuperDuperBurgers SuperDuperBurgers
Pappys Pappys
McDonalds McDonalds
Morrisonhall Morrisonhall
AshaTeaHouse AshaTeaHouse
Cafe3 Cafe3
LewisHall LewisHall
SmokesPoutinerie SmokesPoutinerie
TheDwight TheDwight
Rachas Rachas
BetaLounge BetaLounge
Eureka Eureka
MemorialGlade MemorialGlade
Namaste Namaste
StrawberryCreek StrawberryCreek
Morganhall Morganhall
Jupiter Jupiter
LatimerHall LatimerHall
TopDog TopDog
Firewings Firewings
Quicklys Quicklys
BerkeleyArtStudio BerkeleyArtStudio
Mezzo Mezzo
SaturnCafe SaturnCafe
Safeway Safeway
Wikiwiki Wikiwiki
Teazone Teazone
Cheeseboard Cheeseboard
TPTea TPTea
Cornerstone Cornerstone
UrbanOutfitters UrbanOutfitters
ChezPanisse ChezPanisse
ThaiNoodle ThaiNoodle
JambaJuice JambaJuice
KroeberHall KroeberHall
EastBaySpiceCompany EastBaySpiceCompany
SweetheartCafe SweetheartCafe
PeoplesCafe PeoplesCafe
WursterHall WursterHall
Spats Spats
Gather Gather
TraderJoes TraderJoes
GreatChina GreatChina
SatherGate SatherGate
Target Target
LaNote LaNote
TacoBell TacoBell
ExtremePizza ExtremePizza
MulfordHall MulfordHall
TripleRock TripleRock
Slivers Slivers
BobaNinja BobaNinja
BanshoRamen BanshoRamen
Raretea Raretea
