Evans Cory Evans WursterHall Moffit LeConte Bowles Unit3 Campbell DurantHall Unit2 Stern Unit2 Barrows BAMPFA HAAS Unit1 StrawberryCreek HearstMining VLSB HavilandHall BancroftLibrary LawrenceHall BancroftLibrary Cornerstone Campanile Marugame ThaiNoodle Dwinelle MLK HildebrandHall MLK LatimerHall Plentea Doe SatherGate GreekTheatre CanyonPool GreekTheatre Marugame Gilman BotanicalGardens ClarkKerr DavisHall LewisHall Underhill Foothill Underhill RSF Firewings CaliforniaHall InternationalHouse CaliforniaHall Firewings Cornerstone ZellerbachHall Cornerstone SutardjaDai Plentea Soda Plentea StrawberryCreek MemorialGlade Milkbomb SouthHall HesseHall SouthHall Milkbomb MemorialGlade Kresge MemorialGlade StrawberryCreek GreekTheatre Marugame Eshelman Marugame Campanile Underhill Blackwell ImmThai AlumniHouse BerkeleyWayWest Yifang UniversityVillage Wheeler UniversityVillage HortonHall MemorialStadium HortonHall Barrows KroeberHall Etcheverry KroeberHall Bowles HilgardHall Bowles Unit3 Spats Boalt Spats Unit3 Bowles ZellerbachHall SatherGate GiauqueHall SatherGate ZellerbachHall Cornerstone WursterHall Evans
50
Cory Cory
Moffit Moffit
LeConte LeConte
Bowles Bowles
Unit3 Unit3
Campbell Campbell
DurantHall DurantHall
Unit2 Unit2
Stern Stern
Barrows Barrows
BAMPFA BAMPFA
HAAS HAAS
Unit1 Unit1
HearstMining HearstMining
VLSB VLSB
HavilandHall HavilandHall
BancroftLibrary BancroftLibrary
LawrenceHall LawrenceHall
Campanile Campanile
ThaiNoodle ThaiNoodle
Dwinelle Dwinelle
MLK MLK
HildebrandHall HildebrandHall
Doe Doe
GreekTheatre GreekTheatre
CanyonPool CanyonPool
Gilman Gilman
BotanicalGardens BotanicalGardens
DavisHall DavisHall
Foothill Foothill
RSF RSF
CaliforniaHall CaliforniaHall
InternationalHouse InternationalHouse
ZellerbachHall ZellerbachHall
SutardjaDai SutardjaDai
Soda Soda
SouthHall SouthHall
HesseHall HesseHall
Kresge Kresge
Eshelman Eshelman
Blackwell Blackwell
AlumniHouse AlumniHouse
BerkeleyWayWest BerkeleyWayWest
UniversityVillage UniversityVillage
Wheeler Wheeler
MemorialStadium MemorialStadium
Etcheverry Etcheverry
HilgardHall HilgardHall
Boalt Boalt
GiauqueHall GiauqueHall
