Shower0 Soda18 Prints25 Mail41 Toilet45 Ring33 YouTube4 Elevator35 Laptop22 Puppy19 Sink37 Robot49 Cat44 Nuclear43 Android27 Monster32 Ice42 Toilet26 Light1 BBQ36 Cone13 Crab16 Plants3 Ice30 Plants3 BBQ38 Allergies7 Towel2 Shower0
25
Soda18 Soda18
Prints25 Prints25
Mail41 Mail41
Toilet45 Toilet45
Ring33 Ring33
YouTube4 YouTube4
Elevator35 Elevator35
Laptop22 Laptop22
Puppy19 Puppy19
Sink37 Sink37
Robot49 Robot49
Cat44 Cat44
Nuclear43 Nuclear43
Android27 Android27
Monster32 Monster32
Ice42 Ice42
Toilet26 Toilet26
Light1 Light1
BBQ36 BBQ36
Cone13 Cone13
Crab16 Crab16
Plants3 Plants3
Ice30 Ice30
BBQ38 BBQ38
Allergies7 Allergies7
