Shelf0 Horse148 Boat67 Crab83 Robot93 Drugs39 Post158 Kitty194 Sink109 Shelf40 Allergies88 Leash77 Laptop125 Toolbox146 Ice9 Towel154 Light30 Settings75 Soap58 Monster175 Plants118 Kitty89 Body55 Dog168 Water135 Shower47 Shoe174 Nuclear35 Dislike12 Urine124 Mail22 Allergies103 BBQ36 Dislike143 Ice41 Puppy117 Solar130 Whale126 Soda119 Drugs195 Printer188 Monster73 Water29 Robot51 Rollers95 Laptop19 Soap64 Toolbox72 Clock2 Hnads116 Nuclear18 Clock139 Poop150 Soda197 Water38 Robot164 Puppy140 Dog181 Toolbox153 System156 Dislike27 Plus78 Solar162 Poop80 Allergies176 Ice165 Mail6 Whale137 Rollers14 Fusion104 Urine97 Book24 Solar192 Shoe17 Flowers178 Cat15 Solar71 Poop76 Clock61 Urine20 Book171 Shoes8 System183 Ring82 Android196 Ring169 Cat187 Hnads182 Male149 Fusion34 Whale114 Breakfast85 Towel92 Website190 Toilet13 Shower57 Solar159 Nuclear18 Websites4 System79 Comics107 Sink157 Kitty98 Shelf0
100
Shelf0 Shelf0
Horse148 Horse148
Boat67 Boat67
Crab83 Crab83
Robot93 Robot93
Drugs39 Drugs39
Post158 Post158
Kitty194 Kitty194
Sink109 Sink109
Shelf40 Shelf40
Allergies88 Allergies88
Leash77 Leash77
Laptop125 Laptop125
Toolbox146 Toolbox146
Ice9 Ice9
Towel154 Towel154
Light30 Light30
Settings75 Settings75
Soap58 Soap58
Monster175 Monster175
Plants118 Plants118
Kitty89 Kitty89
Body55 Body55
Dog168 Dog168
Water135 Water135
Shower47 Shower47
Shoe174 Shoe174
Nuclear35 Nuclear35
Dislike12 Dislike12
Urine124 Urine124
Mail22 Mail22
Allergies103 Allergies103
BBQ36 BBQ36
Dislike143 Dislike143
Ice41 Ice41
Puppy117 Puppy117
Solar130 Solar130
Whale126 Whale126
Soda119 Soda119
Drugs195 Drugs195
Printer188 Printer188
Monster73 Monster73
Water29 Water29
Robot51 Robot51
Rollers95 Rollers95
Laptop19 Laptop19
Soap64 Soap64
Toolbox72 Toolbox72
Clock2 Clock2
Hnads116 Hnads116
Nuclear18 Nuclear18
Clock139 Clock139
Poop150 Poop150
Soda197 Soda197
Water38 Water38
Robot164 Robot164
Puppy140 Puppy140
Dog181 Dog181
Toolbox153 Toolbox153
System156 System156
Dislike27 Dislike27
Plus78 Plus78
Solar162 Solar162
Poop80 Poop80
Allergies176 Allergies176
Ice165 Ice165
Mail6 Mail6
Whale137 Whale137
Rollers14 Rollers14
Fusion104 Fusion104
Urine97 Urine97
Book24 Book24
Solar192 Solar192
Shoe17 Shoe17
Flowers178 Flowers178
Cat15 Cat15
Solar71 Solar71
Poop76 Poop76
Clock61 Clock61
Urine20 Urine20
Book171 Book171
Shoes8 Shoes8
System183 System183
Ring82 Ring82
Android196 Android196
Ring169 Ring169
Cat187 Cat187
Hnads182 Hnads182
Male149 Male149
Fusion34 Fusion34
Whale114 Whale114
Breakfast85 Breakfast85
Towel92 Towel92
Website190 Website190
Toilet13 Toilet13
Shower57 Shower57
Websites4 Websites4
System79 System79
Comics107 Comics107
Kitty98 Kitty98
