Horse0 Floppy64 Breakfast19 Horse55 Towel28 Soda57 Towel16 Breakfast42 Running77 Water52 Cat13 Ring97 Allergies3 Towel35 Allergies3 Solar58 Flowers98 Allergies3 Breakfast74 Ring45 Whale59 Shower11 Settings5 Rollers34 Shower15 Dislike21 Plus62 Whale22 Shelf25 Website29 Prints23 Ice30 Allergies4 Website29 Bird82 Ice10 Toilet20 Bird93 Water66 Leash68 Male84 Kitty14 Leash27 Monster39 Monster71 Ice38 Leash89 Towel37 Dislike70 Book41 Rollers48 Websites81 BBQ86 Urine50 Shoe87 Floppy63 Website29 Bird82 Dislike51 Comics49 Post61 Comics49 Websites17 Printer53 Mail88 Robot9 Mail88 Printer53 Horse0
27
Shower11 Shower11
Websites81 Websites81
Running77 Running77 Ring97
Horse55 Horse55
Monster39 Monster39
Settings5 Websites17 Rollers34 Shower15 Settings5
Ice38 Male84 Kitty14 Ice38
Monster71 Monster71
Ring45 Ring45
Flowers98 Solar58 Flowers98 Allergies3 Towel35
Dislike51 Plus62 Dislike51
Shelf25 Allergies4 Ice30 Shelf25 Prints23
Printer53 Printer53
Toilet20 Ice10 Toilet20 Floppy63 Bird93
Towel37 Towel37
Bird82 Bird82
BBQ86 BBQ86 Leash68 Water66
Breakfast74 Horse0 Breakfast74
Book41 Book41 Rollers48
Water52 Water52
Breakfast19 Breakfast19 Soda57
Cat13 Cat13
Whale22 Whale22
Breakfast42 Towel16
Robot9 Robot9 Mail88
Whale59 Whale59
Post61 Comics49 Post61
