S A S B C D U 4 P F E F K 2 X 3 G 3 H 5 I 1 V N M 8 K J K 2 X 3 L 3 X 2 K 8 M N V 6 T 2 O J E F P 8 T 10 H 9 14 19 23 22 Q 17 18 19 20 R 16 11 I 1 V 6 T 8 P 4 U N V 1 Z 10 X W X 3 L 9 Y 5 Z 6 M 4 C D 24 25 26 27 A2 33 37 42 47 46 45 44 43 1 I B2 C2 D2 E2 F2 K2 J2 I2 H2 G2 H2 I2 J2 K2 P2 O2 N2 M2 L2 M2 N2 O2 P2 V2 U2 T2 R2 Q2 R2 T2 U2 V2 U2 T2 48 Z2 Y2 X2 W2 X2 Y2 Z2 R2 M2 H2 C2 B2 I 1 V N U D C B S
50
A A
B B
C C
D D
E E
F F
G G
H H
I I
J J
K K
L L
M M
N N
O O
P P
Q Q
R R
T T
U U
V V
W W
X X
Y Y
Z Z
A2 A2
B2 B2
C2 C2
D2 D2
E2 E2
F2 F2
G2 G2
H2 H2
I2 I2
J2 J2
K2 K2
L2 L2
M2 M2
N2 N2
O2 O2
P2 P2
Q2 Q2
R2 R2
T2 T2
U2 U2
V2 V2
W2 W2
X2 X2
Y2 Y2
Z2 Z2
