S A E F K J O W G 3 H 5 I B2 C2 D2 E2 F2 K2 J2 I2 H2 G2 L2 M2 N2 O2 P2 V2 U2 T2 R2 Q2 R X2 W2 X2 Y2 Z2 Z3 52 B3 A3 B3 57 A2 63 69 83 90 Y3 X3 D3 C3 W3 C3 107 I3 104 T3 R3 105 107 C3 94 93 92 H3 91 G3 95 L3 91 76 70 K3 F3 E3 J3 O3 J3 K3 64 M3 N3 U3 58 P3 128 51 50 Q3 Q 17 12 7 L 3 X 2 T 8 M N U D C B P 8 T 6 V 1 Z 5 Y 15 20 W2 72 129 58 M3 78 V3 N3 U3 130 73 X2 R 16 11 I 1 V N U D C B S
75
A A
E E
F F
K K
J J
O O
W W
G G
H H
I I
B2 B2
C2 C2
D2 D2
E2 E2
F2 F2
K2 K2
J2 J2
I2 I2
H2 H2
G2 G2
L2 L2
M2 M2
N2 N2
O2 O2
P2 P2
V2 V2
U2 U2
T2 T2
R2 R2
Q2 Q2
R R
X2 X2
W2 W2
Y2 Y2
Z2 Z2
Z3 Z3
B3 B3
A3 A3
A2 A2
Y3 Y3
X3 X3
D3 D3
C3 C3
W3 W3
I3 I3
T3 T3
R3 R3
H3 H3
G3 G3
L3 L3
K3 K3
F3 F3
E3 E3
J3 J3
O3 O3
M3 M3
N3 N3
U3 U3
P3 P3
Q3 Q3
Q Q
L L
X X
T T
M M
N N
U U
D D
C C
B B
P P
V V
Z Z
Y Y
V3 V3
