ROck Know ROck little Judging little till gOld till You Only You play ground play if ice if men skate men I head I yep use yep aLl runningj aLl coming geTS coming dumb this dumb myself know myself thin To thin gas re gas COuld now COuld they get they But stop But up tHat up Live youre Live plAy her plAy tool So tool bored the bored you roll you AND bundled AND ROck cool ROck little doNt little till YOURE till You dONt You play see play if shoW if men break men I GO I yep of yep aLl forehead aLl coming shape coming dumb glitters dumb myself staR myself thin uSe thin gas gold gas COuld wrong COuld they t they But wait But up might up Live sharpest Live plAy fRom plAy tool years tool bored THat bored you YouLL you AND getting AND ROck maKe ROck little Your little till HEY till You need You play Fed play if thumb if men meteor men I rules I yep Well yep aLl stAr aLl coming On coming dumb OnLY dumb myself well myself thin live thin gas said gas COuld gEts COuld they running they But told But up way up Live Didnt Live plAy strEEts plAy tool coNcept tool bored mYself bored you brain you AND U AND ROck MOld ROck little GEt little till satellite till You GeT You play all play if gliTTers if men water men I with I yep about yep aLl differ aLl coming shootinG coming dumb Star dumb myself Hey myself thin back thin gas shine gas COuld me COuld they sense they But like But up For up Live noW Live plAy And plAy tool OnLy tool bored YoULL bored you in you AND Didn AND ROck
100
Know Know
Judging Judging
gOld gOld
Only Only
ground ground
ice ice
skate skate
head head
use use
runningj runningj
geTS geTS
this this
know know
To To
re re
now now
get get
stop stop
tHat tHat
youre youre
her her
So So
the the
roll roll
bundled bundled
cool cool
doNt doNt
YOURE YOURE
dONt dONt
see see
shoW shoW
break break
GO GO
of of
forehead forehead
shape shape
glitters glitters
staR staR
uSe uSe
gold gold
wrong wrong
t t
wait wait
might might
sharpest sharpest
fRom fRom
years years
THat THat
YouLL YouLL
getting getting
maKe maKe
Your Your
HEY HEY
need need
Fed Fed
thumb thumb
meteor meteor
rules rules
Well Well
stAr stAr
On On
OnLY OnLY
well well
live live
said said
gEts gEts
running running
told told
way way
Didnt Didnt
strEEts strEEts
coNcept coNcept
mYself mYself
brain brain
U U
MOld MOld
GEt GEt
satellite satellite
GeT GeT
all all
gliTTers gliTTers
water water
with with
about about
differ differ
shootinG shootinG
Star Star
Hey Hey
back back
shine shine
me me
sense sense
like like
For For
noW noW
And And
OnLy OnLy
YoULL YoULL
in in
Didn Didn
