GOld So GOld shoW back shoW AND once AND gett skate gett yep rules yep COuld well COuld On shine On In bundled In ground about ground you game you youre forehead youre shape Well shape stop never stop GOld Fed GOld shoW brain shoW AND might AND gett t gett yep show yep COuld is COuld On sense On In To In ground GET ground you strEEts you youre Live youre shape yOure shape stop alL stop GOld U GOld shoW now shoW AND YOURE AND gett break gett yep Know yep COuld chAnge COuld On little On In Didn In ground colder ground you shootinG you youre hit youre shape much shape stop get stop GOld say GOld shoW mYself shoW AND YouLL AND gett head gett yep My yep COuld see COuld On GO On In and In ground SHooting ground you GEt you youre what youre shape stop GOld
50
So So
back back
once once
skate skate
rules rules
well well
shine shine
bundled bundled
about about
game game
forehead forehead
Well Well
never never
Fed Fed
brain brain
might might
t t
show show
is is
sense sense
To To
GET GET
strEEts strEEts
Live Live
yOure yOure
alL alL
U U
now now
YOURE YOURE
break break
Know Know
chAnge chAnge
little little
Didn Didn
colder colder
shootinG shootinG
hit hit
much much
get get
say say
mYself mYself
YouLL YouLL
head head
My My
see see
GO GO
and and
SHooting SHooting
GEt GEt
what what
