L some L doNt as doNt gAme Hey gAme re GeT re hole game hole cool COuld cool glow skate glow L but L doNt To doNt gAme Somebody gAme re years re hole shooting hole cool it cool glow your glow L staR L doNt start doNt gAme smart gAme re shine re hole get hole cool of cool glow use glow L YouLL L doNt bundled doNt gAme away gAme re roll re hole cool glow L
24
some some
as as
Hey Hey
GeT GeT
game game
COuld COuld
skate skate
but but
To To
Somebody Somebody
years years
shooting shooting
it it
your your
staR staR
start start
smart smart
shine shine
get get
of of
use use
YouLL YouLL
bundled bundled
away away
