0 2 3 12 7 13 22 5 19 24 28 31 34 35 36 44 47 43 51 54 53 56 59 62 60 61 65 66 67 69 68 73 77 80 72 83 86 95 94 102 101 107 112 120 118 121 122 124 129 133 135 140 143 142 145 146 151 155 148 153 157 159 160 161 162 163 164 165 166 167 168 169 170 171 172 173 174 175 176 177 178 179 180 181 182 183 184 185 186 187 186 185 184 183 182 181 180 179 178 177 176 175 174 173 172 171 170 169 168 167 166 165 164 163 162 161 69 188 189 190 191 192 193 194 195 196 197 198 199 198 197 196 195 194 193 192 191 190 189 188 69 29 0
100
2 2
3 3
12 12
7 7
13 13
22 22
5 5
19 19
24 24
28 28
31 31
34 34
35 35
36 36
44 44
47 47
43 43
51 51
54 54
53 53
56 56
59 59
62 62
60 60
61 61
65 65
66 66
67 67
69 69
68 68
73 73
77 77
80 80
72 72
83 83
86 86
95 95
94 94
102 102
101 101
107 107
112 112
120 120
118 118
121 121
122 122
124 124
129 129
133 133
135 135
140 140
143 143
142 142
145 145
146 146
151 151
155 155
148 148
153 153
157 157
159 159
160 160
162 162
163 163
164 164
165 165
166 166
167 167
168 168
169 169
170 170
171 171
172 172
173 173
174 174
175 175
176 176
177 177
178 178
179 179
180 180
181 181
182 182
183 183
184 184
185 185
186 186
187 187
188 188
189 189
190 190
191 191
192 192
193 193
194 194
195 195
196 196
197 197
198 198
199 199
