hutmk omjfc dowbf yaxts ablxw rlfxc lnfiu aeomh gxdqt bcrwj ijofp ywion otirh yiodb ijvuq xeljy misyc lsnhz mlfbi oscrv xintv coubd tyuep cursl xnysi zsehb hopbn qdzgs urlkt vmgxh ugyls yzaje lcghr artvi axmwy aqzce tejxc abupm mzlsn spuoi vczkh ugamb hutmk
21
oscrv oscrv mlfbi xintv
qdzgs hopbn qdzgs
yzaje lcghr yzaje
aqzce aqzce tejxc
spuoi mzlsn spuoi
tyuep zsehb tyuep
coubd coubd urlkt
lnfiu lnfiu aeomh
cursl cursl xnysi
omjfc omjfc vmgxh dowbf
ywion ywion yiodb otirh
ablxw gxdqt rlfxc ablxw yaxts
ugamb vczkh ugamb
artvi artvi
ugyls ugyls
misyc xeljy misyc
bcrwj bcrwj
lsnhz lsnhz
axmwy axmwy
ijvuq ijvuq
ijofp ijofp
