hdpxs osxbc cihba wnelr bsvth htkwy frhgc lmwpk frhgc rchbw frhgc htkwy vcwfj qsmkj utdhx gdovn wcjeg zntkr tndwl rjdai qhibx rjdai tndwl zntkr drojn xlrzc kscoz jcwpu joztf cxajk evtgj cxajk aedvq pihld xcvow pihld mujil kzwah qpbmc wkbuf kjihy gufvs mhekz syoxv maqho syoxv mhekz gufvs tkwle armnk bkfuc olqfv pgqva yvbse lpudv gdnim syoxf stflc oewcd osvgp oewcd cxdes oewcd mhuad tjake ayrgb rzvtg oxuqn fjdqi zcjqx yqfdk ehqyk pytwh gstwp pytwh ehqyk rjuxc ebwcp bdevm ebwcp rjuxc wdquv uiogl ktzce uiogl wdquv tfcam xnpwq iyuas egclu bwknx egclu iyuas ohzfn dkjro sxdiu hwmzn crlfe vgwoi crlfe hwmzn sxdiu dkjro ohzfn iyuas xnpwq tfcam wdquv qckjp uklga zqjxb jhlus ymcfp yazqf dbjxw glrpy yqtob hdpxs
52
crlfe mlibf sxdiu tmwdy nqtru rlumh hwmzn
qpbmc qpbmc
uiogl uiogl qckjp wdquv
jhlus uklga zqjxb jhlus
maqho maqho wajol qbdwz syoxv
yqtob yqtob dbjxw
mujil mujil
fjdqi fjdqi ypdnb
xlrzc xlrzc
wnelr oxitr wnelr cihba
bdevm bdevm ebwcp
ayrgb ayrgb tjake
ymcfp lnjxt ymcfp yazqf
bkfuc armnk btwzv bkfuc
stflc gdnim stflc syoxf
yqfdk yqfdk
drojn drojn vobqh qhvsb
iyuas ohzfn dkjro iyuas
jcwpu jcwpu kscoz
bwknx wotiq bwknx
joztf joztf
gstwp pytwh gstwp
cxdes cxdes
tndwl tndwl
qhibx qhibx
pihld aedvq pihld
rjdai mtcsd rjdai oaeyh
pgqva pgqva yvbse lpudv evsbm
xnpwq ahnds xnpwq cqsby
utdhx utdhx gdovn
ehqyk rjuxc ehqyk
frhgc frhgc
osvgp osvgp
bsvth bsvth
lmwpk lmwpk
zcjqx zcjqx
vgwoi vgwoi
mhekz gufvs mhekz
wkbuf kjihy wkbuf
zntkr zntkr wcjeg
rchbw amfiz rchbw
kzwah kzwah
htkwy htkwy
oewcd oewcd mhuad
evtgj evtgj
cxajk cxajk
qsmkj qsmkj vcwfj
tkwle tkwle
oxuqn oxuqn rzvtg
xcvow xcvow
hdpxs osxbc
ktzce ktzce
