Hayward Asheville CedarRapids Asheville McHenry PalmBay Tucson Bradenton SaintPaul Bradenton Tucson Washington LakeCharles Washington Tucson Winston Murrieta Tampa Murrieta Winston Hickory Kennewick PuntaGorda Omaha Topeka Montgomery Topeka Omaha PuntaGorda Kennewick Barnstable Kennewick Hickory Charlotte RichmondCounty Hampton Modesto Corona Waco Corona Modesto Hampton RichmondCounty Charlotte Hickory Winston Memphis Winston Tucson Aurora NewBedford Aurora Tucson PalmBay McHenry Springdale McHenry Torrance McHenry PalmBay Tucson Bradenton Huntsville KansasCity McAllen KansasCity Huntsville Burbank Chicago Burbank CedarRapids Hayward
26
PuntaGorda PuntaGorda
Hickory Tyler HuntingtonBeach Hickory
Montgomery ThousandOaks SantaCruz
PalmBay PalmBay
Tucson Tucson
Barnstable Barnstable
Bradenton Yonkers Bradenton Huntsville Waterloo
Chicago Burbank Chicago
McHenry McHenry Newark
Waco Harlingen Waco
Charlotte Charlotte
Omaha Omaha
Topeka Topeka
Asheville Deltona Asheville SantaClara Durham Bloomington
Kennewick Danbury Downey GrandRapids NewYorkCity Atlanta Kennewick
McAllen McAllen
NewBedford BelAir Monroe NewBedford York
Aurora Aurora Bakersfield
CedarRapids CedarRapids
LakeCharles LakeCharles
Hampton RichmondCounty Modesto Hampton
Tampa Tampa
Springdale Springdale
Torrance Torrance
Memphis Memphis
SaintPaul SaintPaul
