Hayward Norwich Utica Tucson PuntaGorda HavredeGrace JohnsonCity Fresno Topeka Omaha NewYorkCity Cincinnati NewportNews Marina Barnstable ThousandOaks Anchorage Charlotte Pueblo Lubbock Melbourne Racine Bakersfield Arvada Tyler Eugene Downey Salem Deltona Huntsville CapeCoral PalmBay Hagerstown HuntingtonBeach LakeCharles Spartanburg Duluth Fullerton Flint Elkhart McAllen Frederick Waterbury Newburgh Hialeah Albuquerque Oxnard SanBuenaventura Layton Marysville Boise Portsmouth GrandRapids RichmondCounty Torrance Bethlehem CathedralCity NewBedford OverlandPark Greenville Modesto Stamford LasVegas Nashua RoundLakeBeach Kalamazoo NewYork Bryan Birmingham Bryan NewYork Monroe Escondido Sacramento StLouis DesMoines CorpusChristi KansasCity Roseville Laredo GreenBay Duluth Detroit Mobile Hemet Fairfield Scranton Gastonia Mesquite Anchorage Henderson Vancouver GrandRapids Burlington ElPaso SaintPaul Columbia Harlingen Murrieta Lacey Savannah Lacey Plano Fullerton Roseville Monroe VeroBeach OverlandPark Trenton Louisville Kissimmee Louisville Bloomington CapeCoral Howell Roseville Fullerton Paterson Victorville Scottsdale DesMoines Columbus SantaClara Aberdeen SimiValley Topeka Downey Hartford NorthLasVegas Hartford Downey Olympia PortSaintLucie ThousandOaks Huntsville Reno York Champaign Charlotte Lubbock Bryan Hampton Newark Hampton Gastonia SantaBarbara Worcester Anaheim Columbus Visalia Carrollton SiouxFalls Carrollton Visalia Lafayette Reno Ogden Reno Shreveport Hayward
100
Norwich Norwich
Utica Utica
Tucson Tucson
PuntaGorda PuntaGorda
HavredeGrace HavredeGrace
JohnsonCity JohnsonCity
Fresno Fresno
Topeka Topeka
Omaha Omaha
NewYorkCity NewYorkCity
Cincinnati Cincinnati
NewportNews NewportNews
Marina Marina
Barnstable Barnstable
ThousandOaks ThousandOaks
Anchorage Anchorage
Charlotte Charlotte
Pueblo Pueblo
Lubbock Lubbock
Melbourne Melbourne
Racine Racine
Bakersfield Bakersfield
Arvada Arvada
Tyler Tyler
Eugene Eugene
Downey Downey
Salem Salem
Deltona Deltona
Huntsville Huntsville
CapeCoral CapeCoral
PalmBay PalmBay
Hagerstown Hagerstown
HuntingtonBeach HuntingtonBeach
LakeCharles LakeCharles
Spartanburg Spartanburg
Duluth Duluth
Fullerton Fullerton
Flint Flint
Elkhart Elkhart
McAllen McAllen
Frederick Frederick
Waterbury Waterbury
Newburgh Newburgh
Hialeah Hialeah
Albuquerque Albuquerque
Oxnard Oxnard
SanBuenaventura SanBuenaventura
Layton Layton
Marysville Marysville
Boise Boise
GrandRapids GrandRapids
RichmondCounty RichmondCounty
Torrance Torrance
Bethlehem Bethlehem
CathedralCity CathedralCity
NewBedford NewBedford
OverlandPark OverlandPark
Greenville Greenville
Modesto Modesto
Stamford Stamford
LasVegas LasVegas
Nashua Nashua
RoundLakeBeach RoundLakeBeach
Kalamazoo Kalamazoo
Birmingham Birmingham
StLouis StLouis
CorpusChristi CorpusChristi
Laredo Laredo
GreenBay GreenBay
Detroit Detroit
Mobile Mobile
Hemet Hemet
Scranton Scranton
Mesquite Mesquite
Henderson Henderson
Vancouver Vancouver
Burlington Burlington
ElPaso ElPaso
SaintPaul SaintPaul
Harlingen Harlingen
Lacey Lacey
Savannah Savannah
Plano Plano
Monroe Monroe
Louisville Louisville
Kissimmee Kissimmee
Bloomington Bloomington
Scottsdale Scottsdale
Columbus Columbus
SantaClara SantaClara
Aberdeen Aberdeen
NorthLasVegas NorthLasVegas
Hartford Hartford
Olympia Olympia
York York
Champaign Champaign
Newark Newark
Anaheim Anaheim
SiouxFalls SiouxFalls
Ogden Ogden
