Aberdeen Reno Hampton Pensacola Newburgh Miramar Norwalk SaltLakeCity Chattanooga Henderson WestValleyCity Lowell Hampton Tuscaloosa Winston Austin Gainesville Lewisville StPetersburg Montgomery Racine Norwalk SouthLyon Frederick Modesto SanBernardino Hartford SanAntonio Redding GreenBay McAllen Marina Bremerton Olathe Springdale Reno Aberdeen
25
Reno Reno
Hampton Hampton
Pensacola Pensacola
Newburgh Newburgh
Miramar Miramar
SaltLakeCity SaltLakeCity
Chattanooga Chattanooga
Henderson Henderson
WestValleyCity WestValleyCity
Lowell Lowell
Tuscaloosa Tuscaloosa
Winston Winston
Austin Austin
Gainesville Gainesville
Lewisville Lewisville
StPetersburg StPetersburg
Montgomery Montgomery
Racine Racine
SouthLyon SouthLyon
Modesto Modesto
SanBernardino SanBernardino
SanAntonio SanAntonio
GreenBay GreenBay
Marina Marina
Springdale Springdale
