AndyandZeyu f i h g j c AndyandZeyu f0 g0 j0 f0 h0 i0 AndyandZeyu g1 f1 j1 i1 h1 AndyandZeyu f2 g2 j2 h2 i2 c2 g2 AndyandZeyu f3 g3 h3 i3 g3 j3 AndyandZeyu f4 g4 h4 i4 b4 AndyandZeyu f5 j4 h5 g5 e5 i5 AndyandZeyu j5 f6 g6 h6 i6 AndyandZeyu f7 i7 j6 g7 h7 b7 f7 AndyandZeyu f8 j7 h8 i8 g8 f8 j8 AndyandZeyu f9 g9 h9 i9 b9 AndyandZeyu f10 j9 h10 g10 e10 i10 AndyandZeyu j10 f11 g11 h11 i11 AndyandZeyu f12 i12 j11 g12 h12 b12 f12 AndyandZeyu f13 j12 h13 i13 g13 f13 j13 AndyandZeyu f14 g14 h14 i14 b14 AndyandZeyu f15 j14 h15 g15 e15 i15 AndyandZeyu j15 f16 g16 h16 i16 AndyandZeyu f17 i17 j16 g17 h17 b17 f17 AndyandZeyu f18 j17 h18 i18 g18 f18 j18 AndyandZeyu
100
f f
i i
h h
g g
j j
f0 f0
g0 g0
j0 j0
h0 h0
i0 i0
g1 g1
f1 f1
j1 j1
i1 i1
h1 h1
f2 f2
g2 g2
j2 j2
h2 h2
i2 i2
f3 f3
g3 g3
h3 h3
i3 i3
j3 j3
f4 f4
g4 g4
h4 h4
i4 i4
f5 f5
j4 j4
h5 h5
g5 g5
i5 i5
j5 j5
f6 f6
g6 g6
h6 h6
i6 i6
f7 f7
i7 i7
j6 j6
g7 g7
h7 h7
f8 f8
j7 j7
h8 h8
i8 i8
g8 g8
j8 j8
f9 f9
g9 g9
h9 h9
i9 i9
f10 f10
j9 j9
h10 h10
g10 g10
i10 i10
j10 j10
f11 f11
g11 g11
h11 h11
i11 i11
f12 f12
i12 i12
j11 j11
g12 g12
h12 h12
f13 f13
j12 j12
h13 h13
i13 i13
g13 g13
j13 j13
f14 f14
g14 g14
h14 h14
i14 i14
f15 f15
j14 j14
h15 h15
g15 g15
i15 i15
j15 j15
f16 f16
g16 g16
h16 h16
i16 i16
f17 f17
i17 i17
j16 j16
g17 g17
h17 h17
f18 f18
j17 j17
h18 h18
i18 i18
g18 g18
j18 j18
