AndyandZeyu f i h g j c AndyandZeyu f0 g0 j0 f0 h0 i0 AndyandZeyu g1 f1 j1 i1 h1 AndyandZeyu f2 g2 j2 h2 i2 c2 g2 AndyandZeyu f3 g3 h3 i3 g3 j3 AndyandZeyu f4 g4 h4 i4 b4 AndyandZeyu f5 j4 h5 g5 e5 i5 AndyandZeyu j5 f6 g6 h6 i6 AndyandZeyu f7 i7 j6 g7 h7 b7 f7 AndyandZeyu f8 j7 h8 i8 g8 f8 j8 AndyandZeyu
50
f f
i i
h h
g g
j j
f0 f0
g0 g0
j0 j0
h0 h0
i0 i0
g1 g1
f1 f1
j1 j1
i1 i1
h1 h1
f2 f2
g2 g2
j2 j2
h2 h2
i2 i2
f3 f3
g3 g3
h3 h3
i3 i3
j3 j3
f4 f4
g4 g4
h4 h4
i4 i4
f5 f5
j4 j4
h5 h5
g5 g5
i5 i5
j5 j5
f6 f6
g6 g6
h6 h6
i6 i6
f7 f7
i7 i7
j6 j6
g7 g7
h7 h7
f8 f8
j7 j7
h8 h8
i8 i8
g8 g8
j8 j8
