A TA TA1 TA2 TA3 TA4 A TA5 TA6 TA7 TA8 TA9 TA10 TA11 TA12 B TA13 TA14 A TA15 A TA16 TA17 TA18 TA19 A TA20 TA21 TA22 TA23 TA24 TB1 TB11 TB21 A TA31 TA41 TA51 TA61 C TA71 C TA81 TA91 TA101 TA111 TA121 TA131 TA141 A TA151 TA161 TA171 A TA181 TA191 TA201 B TA211 TA221 TA231 TA241 A TA2N A TA12N TA22N TA32N TA42N TA52N TA62N TA72N B TA82N TA92N C TA102N TA112N TA122N TA132N TA142N A TA152N TA162N TA172N TA182N TA192N TA202N B TA212N B TA222N A TA232N A TA242N A TA12NN TA112NN TA212NN TA312NN TA412NN TA512NN A TA612NN TA712NN B TA812NN TA912NN TA1012NN C TA1112NN A TA1212NN A TA1312NN TA1412NN F TA1512NN TA1612NN A TA1712NN TA1812NN TA1912NN TA2012NN A TA2112NN TA2212NN TA2312NN TA2412NN A
100
TA TA
TA1 TA1
TA2 TA2
TA3 TA3
TA4 TA4
TA5 TA5
TA6 TA6
TA7 TA7
TA8 TA8
TA9 TA9
TA10 TA10
TA11 TA11
TA12 TA12
TA13 TA13
TA14 TA14
TA15 TA15
TA16 TA16
TA17 TA17
TA18 TA18
TA19 TA19
TA20 TA20
TA21 TA21
TA22 TA22
TA23 TA23
TA24 TA24
TB1 TB1
TB11 TB11
TB21 TB21
TA31 TA31
TA41 TA41
TA51 TA51
TA61 TA61
TA71 TA71
TA81 TA81
TA91 TA91
TA101 TA101
TA111 TA111
TA121 TA121
TA131 TA131
TA141 TA141
TA151 TA151
TA161 TA161
TA171 TA171
TA181 TA181
TA191 TA191
TA201 TA201
TA211 TA211
TA221 TA221
TA231 TA231
TA241 TA241
TA2N TA2N
TA12N TA12N
TA22N TA22N
TA32N TA32N
TA42N TA42N
TA52N TA52N
TA62N TA62N
TA72N TA72N
TA82N TA82N
TA92N TA92N
TA102N TA102N
TA112N TA112N
TA122N TA122N
TA132N TA132N
TA142N TA142N
TA152N TA152N
TA162N TA162N
TA172N TA172N
TA182N TA182N
TA192N TA192N
TA202N TA202N
TA212N TA212N
TA222N TA222N
TA232N TA232N
TA242N TA242N
TA12NN TA12NN
TA112NN TA112NN
TA212NN TA212NN
TA312NN TA312NN
TA412NN TA412NN
TA512NN TA512NN
TA612NN TA612NN
TA712NN TA712NN
TA812NN TA812NN
TA912NN TA912NN
TA1012NN TA1012NN
TA1112NN TA1112NN
TA1212NN TA1212NN
TA1312NN TA1312NN
TA1412NN TA1412NN
TA1512NN TA1512NN
TA1612NN TA1612NN
TA1712NN TA1712NN
TA1812NN TA1812NN
TA1912NN TA1912NN
TA2012NN TA2012NN
TA2112NN TA2112NN
TA2212NN TA2212NN
TA2312NN TA2312NN
TA2412NN TA2412NN
