1efe0a 8035d3 390b11 8903f8 6d606b 1aedf0 bf356c 1aedf0 363906 1aedf0 6d8fd3 bb4650 6d8fd3 e99176 ff448b 22b74c e17800 c0df7c 444f08 d1ae8e a3ccd4 d1ae8e 444f08 c0df7c e17800 22b74c ff448b e99176 6d8fd3 1aedf0 6d606b 8903f8 390b11 70d79e 76bb8e 9b8a2b a4f7ab 9b8a2b d36b6f 9b8a2b a4f7ab 770b7a 194181 770b7a a4f7ab 9b8a2b 76bb8e 70d79e 390b11 8035d3 c845ed de59c9 c845ed b9fcab c845ed 8035d3 9e3235 20ec85 e758e6 526e97 940b78 526e97 e758e6 525361 1c3716 ae5d4a 98b7f9 ae5d4a 1c3716 ef9cce fc6ab6 22f6f5 9fb27b 83454a 9fb27b 22f6f5 fc6ab6 d4f94d 918288 1efe0a
25
8035d3 ab6081 8035d3 9e3235 bf7494 518f91 c845ed
22f6f5 22f6f5
bb4650 75b2ff 909532 6d8fd3 bb4650 5b1cb0
6d606b 1aedf0 ccf3af efb6f6 6d606b
a3ccd4 a3ccd4
bf356c bf356c bd00fb 3c1987 640320
e758e6 e758e6 20ec85 525361
76bb8e 76bb8e
390b11 390b11
363906 363906
a4f7ab 444533 a4f7ab 770b7a
940b78 940b78
d4f94d d4f94d
ae5d4a 1c3716 ae5d4a
e17800 e17800 c0df7c
ff448b 22b74c e99176 ff448b
de59c9 de59c9
98b7f9 98b7f9
fc6ab6 ef9cce fc6ab6
b9fcab b9fcab
194181 194181
d1ae8e 444f08 d1ae8e
d36b6f d36b6f
83454a 83454a
8903f8 8903f8
