IvOdahrtFwzZ qxhFFIUEfnzV jXOmYlZmvqnI touUfboeiIya fiHhqLtPfdZy IcNVObbuvzWY zypYDSZfKAvD UGahWpWtmUQn PFpQuVVRxbvV WsLfQLsirtHk WRiugWLCujBI ybLCwZqVZKud RGYiIUdVAiVL NxxrxPgsnMqG vkOqMvrCUWYf PKHkuTHeRXhO ppfBOAvWYXyJ cQFNlImsTWTM ubtvaUeVUfmV QDhUZstsJKtV DarYoJPRvpJy IQvKLYGCcCbd nlzJUuBrsbXD gkTmCiZxFrJw zOkfhFVfOKVi zypYDSZfKAvD GvyjKkGcUdcI TglqUXfjbefC HEwqlaeMfSzl EwXugPkGUVkm gXcuqckdTdIP XwPJYwaGcHxO SKbQkQUhqQEt WUqhotrexTBp WHSGrQQrrotE sFSBpaJxLpBT TZmWJenJbEsV evRMhyiHKGXv lznMKRYSMheH AJnswnydWveO zcAOlsVDUDkc IfTQNEFsiTgr oKIKkmsSWzmH nschEYWjrAsr sFSBpaJxLpBT iCJxwFELfPya RQBxIsRWzmfl jXgKDXnEJsra etjGizhQhrRW xXoCKkdkKAne nyTRNDRCsANl lRgeGnDJBtMa qFGlIHDqKyPA OIjApACwnyqG fblrDraNAUxK WnABnktZDxMx QFfSmYtuSTPl AoaIXEzdsCrm EOKLHvbbCToE cpNycWVdmzHJ ocysUjOwnenm yHOsEGOhjOLt UYTxhnOtiPHB nKmMbiEuiffc ijesYrTHxMcg ctZWqndwhbJm TTwdgXpOLyxF mvdksSctoMVi yVSfaizVeLPT ypApeqMQPnQA NMSHhfMtAJZb AJnswnydWveO hLCSOZLNEdhX qlMzHEurfTvO JpwDMOwQmqOp gJMLzBkWmUoV pJYrGRIbLWnD wXjNgGRCXYRl HVwGkspnDHbf jXfRZxvlYeVi hPSXtHMMyKAK sTgUExIipvWV mgKEFEWheOqk YGzazHdyrGCd IcNVObbuvzWY QxNjgiXciQma uzYTzVwixczQ quZcTYtpBjSn zCWezcJmUGqs YvLRANdegrdA gJMLzBkWmUoV WWtfhwMSzfGW JNoAmCxHcsYw nyTRNDRCsANl KtoZVrQmJWki LNoKVqXhLEzn ZPYnROAizafx EwXugPkGUVkm AQgpWBullbIi sTgUExIipvWV AhJBAeSEuUkL QFfSmYtuSTPl tARvBeqQDqSY AJnswnydWveO pjemGRILnFei awuknolWPSuP EKWhDcEeEkGK yFQWQWtUUMle JNoAmCxHcsYw aXlcDzbXwAJW oOIjuHJcVRiV mZUBOQTZyXOM cRekprdsHHWw FkNlSGMBOUbz pJYrGRIbLWnD wHeDieHMYzAK dXlgwkdKhUmB OIjApACwnyqG QxNjgiXciQma nxbMBCPhfQij geAceFJePWbe aSpDrTbKBytW QZQElPdcHxru RPXFDLrswDGU DiKlonktcqTP IvOdahrtFwzZ
99
qxhFFIUEfnzV qxhFFIUEfnzV
jXOmYlZmvqnI jXOmYlZmvqnI
touUfboeiIya touUfboeiIya
fiHhqLtPfdZy fiHhqLtPfdZy
zypYDSZfKAvD zypYDSZfKAvD
UGahWpWtmUQn UGahWpWtmUQn
PFpQuVVRxbvV PFpQuVVRxbvV
WsLfQLsirtHk WsLfQLsirtHk
WRiugWLCujBI WRiugWLCujBI
ybLCwZqVZKud ybLCwZqVZKud
RGYiIUdVAiVL RGYiIUdVAiVL
NxxrxPgsnMqG NxxrxPgsnMqG
vkOqMvrCUWYf vkOqMvrCUWYf
PKHkuTHeRXhO PKHkuTHeRXhO
ppfBOAvWYXyJ ppfBOAvWYXyJ
cQFNlImsTWTM cQFNlImsTWTM
ubtvaUeVUfmV ubtvaUeVUfmV
QDhUZstsJKtV QDhUZstsJKtV
IQvKLYGCcCbd IQvKLYGCcCbd
nlzJUuBrsbXD nlzJUuBrsbXD
gkTmCiZxFrJw gkTmCiZxFrJw
zOkfhFVfOKVi zOkfhFVfOKVi
GvyjKkGcUdcI GvyjKkGcUdcI
TglqUXfjbefC TglqUXfjbefC
HEwqlaeMfSzl HEwqlaeMfSzl
EwXugPkGUVkm EwXugPkGUVkm
gXcuqckdTdIP gXcuqckdTdIP
XwPJYwaGcHxO XwPJYwaGcHxO
SKbQkQUhqQEt SKbQkQUhqQEt
WUqhotrexTBp WUqhotrexTBp
WHSGrQQrrotE WHSGrQQrrotE
TZmWJenJbEsV TZmWJenJbEsV
evRMhyiHKGXv evRMhyiHKGXv
lznMKRYSMheH lznMKRYSMheH
zcAOlsVDUDkc zcAOlsVDUDkc
IfTQNEFsiTgr IfTQNEFsiTgr
oKIKkmsSWzmH oKIKkmsSWzmH
nschEYWjrAsr nschEYWjrAsr
sFSBpaJxLpBT sFSBpaJxLpBT
RQBxIsRWzmfl RQBxIsRWzmfl
jXgKDXnEJsra jXgKDXnEJsra
xXoCKkdkKAne xXoCKkdkKAne
lRgeGnDJBtMa lRgeGnDJBtMa
qFGlIHDqKyPA qFGlIHDqKyPA
fblrDraNAUxK fblrDraNAUxK
WnABnktZDxMx WnABnktZDxMx
AoaIXEzdsCrm AoaIXEzdsCrm
EOKLHvbbCToE EOKLHvbbCToE
cpNycWVdmzHJ cpNycWVdmzHJ
ocysUjOwnenm ocysUjOwnenm
yHOsEGOhjOLt yHOsEGOhjOLt
UYTxhnOtiPHB UYTxhnOtiPHB
nKmMbiEuiffc nKmMbiEuiffc
ctZWqndwhbJm ctZWqndwhbJm
TTwdgXpOLyxF TTwdgXpOLyxF
mvdksSctoMVi mvdksSctoMVi
yVSfaizVeLPT yVSfaizVeLPT
ypApeqMQPnQA ypApeqMQPnQA
NMSHhfMtAJZb NMSHhfMtAJZb
hLCSOZLNEdhX hLCSOZLNEdhX
qlMzHEurfTvO qlMzHEurfTvO
JpwDMOwQmqOp JpwDMOwQmqOp
gJMLzBkWmUoV gJMLzBkWmUoV
wXjNgGRCXYRl wXjNgGRCXYRl
HVwGkspnDHbf HVwGkspnDHbf
hPSXtHMMyKAK hPSXtHMMyKAK
sTgUExIipvWV sTgUExIipvWV
mgKEFEWheOqk mgKEFEWheOqk
YGzazHdyrGCd YGzazHdyrGCd
IcNVObbuvzWY IcNVObbuvzWY
QxNjgiXciQma QxNjgiXciQma
uzYTzVwixczQ uzYTzVwixczQ
quZcTYtpBjSn quZcTYtpBjSn
zCWezcJmUGqs zCWezcJmUGqs
YvLRANdegrdA YvLRANdegrdA
WWtfhwMSzfGW WWtfhwMSzfGW
nyTRNDRCsANl nyTRNDRCsANl
KtoZVrQmJWki KtoZVrQmJWki
LNoKVqXhLEzn LNoKVqXhLEzn
ZPYnROAizafx ZPYnROAizafx
AQgpWBullbIi AQgpWBullbIi
AhJBAeSEuUkL AhJBAeSEuUkL
QFfSmYtuSTPl QFfSmYtuSTPl
tARvBeqQDqSY tARvBeqQDqSY
pjemGRILnFei pjemGRILnFei
EKWhDcEeEkGK EKWhDcEeEkGK
yFQWQWtUUMle yFQWQWtUUMle
JNoAmCxHcsYw JNoAmCxHcsYw
aXlcDzbXwAJW aXlcDzbXwAJW
oOIjuHJcVRiV oOIjuHJcVRiV
mZUBOQTZyXOM mZUBOQTZyXOM
cRekprdsHHWw cRekprdsHHWw
FkNlSGMBOUbz FkNlSGMBOUbz
wHeDieHMYzAK wHeDieHMYzAK
dXlgwkdKhUmB dXlgwkdKhUmB
OIjApACwnyqG OIjApACwnyqG
nxbMBCPhfQij nxbMBCPhfQij
aSpDrTbKBytW aSpDrTbKBytW
QZQElPdcHxru QZQElPdcHxru
