MHnVCXOJJwOI SJPfUQrbAbqM svpVoYHpEpjH PCNGxUSnzrYJ JCPkGQQBkgge AZrILCuGwbtV SPoMbAzxrqrj KKNtdnAHmUpc jmWqilJNXyuV dKDljXfjimQu MlFqcqjWiUdI oClepMbylsqk phTlHtTwrYOU YfpLHnDpSXzc NkzUoyRYPnbb FhVNapbaoZOZ bVDkAfQbeTmx ilCjMogPnNTK crcFIKqbaYTC RWoTZCNhceUR xXFXuzbZwCaf NmmqQKqzdERM UvfnFwkwYqFk GLfJulJDWdHA YbGvPudTcbyh ilCjMogPnNTK cXYRsTNMJDHO ltlOmMSvjmIL GoPPViXuIoMW GJubAWGDHDpt MHnVCXOJJwOI
25
SJPfUQrbAbqM SJPfUQrbAbqM
svpVoYHpEpjH svpVoYHpEpjH
PCNGxUSnzrYJ PCNGxUSnzrYJ
JCPkGQQBkgge JCPkGQQBkgge
AZrILCuGwbtV AZrILCuGwbtV
SPoMbAzxrqrj SPoMbAzxrqrj
KKNtdnAHmUpc KKNtdnAHmUpc
jmWqilJNXyuV jmWqilJNXyuV
MlFqcqjWiUdI MlFqcqjWiUdI
oClepMbylsqk oClepMbylsqk
phTlHtTwrYOU phTlHtTwrYOU
YfpLHnDpSXzc YfpLHnDpSXzc
NkzUoyRYPnbb NkzUoyRYPnbb
FhVNapbaoZOZ FhVNapbaoZOZ
bVDkAfQbeTmx bVDkAfQbeTmx
ilCjMogPnNTK ilCjMogPnNTK
crcFIKqbaYTC crcFIKqbaYTC
RWoTZCNhceUR RWoTZCNhceUR
NmmqQKqzdERM NmmqQKqzdERM
UvfnFwkwYqFk UvfnFwkwYqFk
GLfJulJDWdHA GLfJulJDWdHA
YbGvPudTcbyh YbGvPudTcbyh
cXYRsTNMJDHO cXYRsTNMJDHO
ltlOmMSvjmIL ltlOmMSvjmIL
GoPPViXuIoMW GoPPViXuIoMW
