MfdzFvsdGbvl BbyhqvohDUZK ymJllvoAiAsf QifLRRQkbeZy ZjfLZjjegWJT VARFNCcqfgIc rVqgoVgUmLRB noaMakAlHdwq VyXrTLUcizAa dDFWxTbuPymh DFscNnuMhxUC PvZWLvSzyZfH rrRAqFcoDYfk DvRTDyBMOCbT MLnLJmQHwuOS PUcvIgREsriS TbekQRoKcInv arcJTkwUqbUy tywOQDwDhjwZ hLGIbMiwjPgd MkUBuIisCVpZ uFHfCerNFIme hCxjbMrSlUJQ AMizjBPjmCZd mFYKjQfCsRtT FCrKCfVsEsBk buqjmAINqGzN dFUHctNjrywb PnbamVANEguC GuSSYBNHDbKE QHpWWcCYavdw RICmsRCgzRsB plKUVNXwKfVb jBrNTBMPxyQD pQCFwcmaYfTN GemeldahvdVv PQTqeEtJjrHq axLiuEEXvnsQ deJmWrylVSGK GKWfMfVZxbJi NlmuUUVQUbgI mtRsLIzrlNLu MOpktZzuQRCH pkzKsTORVYro SgyAcloZDNJV SojgLCNtJNvq AGbRQRBgaOdX UVLyMXgqTFaJ IHnRSACwPeSd EoEdLMroSPNp TbekQRoKcInv BkcPMTugAswL MfdzFvsdGbvl
50
BbyhqvohDUZK BbyhqvohDUZK
ymJllvoAiAsf ymJllvoAiAsf
QifLRRQkbeZy QifLRRQkbeZy
ZjfLZjjegWJT ZjfLZjjegWJT
VARFNCcqfgIc VARFNCcqfgIc
rVqgoVgUmLRB rVqgoVgUmLRB
noaMakAlHdwq noaMakAlHdwq
VyXrTLUcizAa VyXrTLUcizAa
dDFWxTbuPymh dDFWxTbuPymh
DFscNnuMhxUC DFscNnuMhxUC
PvZWLvSzyZfH PvZWLvSzyZfH
rrRAqFcoDYfk rrRAqFcoDYfk
DvRTDyBMOCbT DvRTDyBMOCbT
MLnLJmQHwuOS MLnLJmQHwuOS
PUcvIgREsriS PUcvIgREsriS
TbekQRoKcInv TbekQRoKcInv
arcJTkwUqbUy arcJTkwUqbUy
tywOQDwDhjwZ tywOQDwDhjwZ
hLGIbMiwjPgd hLGIbMiwjPgd
MkUBuIisCVpZ MkUBuIisCVpZ
uFHfCerNFIme uFHfCerNFIme
hCxjbMrSlUJQ hCxjbMrSlUJQ
AMizjBPjmCZd AMizjBPjmCZd
mFYKjQfCsRtT mFYKjQfCsRtT
FCrKCfVsEsBk FCrKCfVsEsBk
buqjmAINqGzN buqjmAINqGzN
dFUHctNjrywb dFUHctNjrywb
PnbamVANEguC PnbamVANEguC
GuSSYBNHDbKE GuSSYBNHDbKE
QHpWWcCYavdw QHpWWcCYavdw
RICmsRCgzRsB RICmsRCgzRsB
plKUVNXwKfVb plKUVNXwKfVb
jBrNTBMPxyQD jBrNTBMPxyQD
pQCFwcmaYfTN pQCFwcmaYfTN
GemeldahvdVv GemeldahvdVv
PQTqeEtJjrHq PQTqeEtJjrHq
axLiuEEXvnsQ axLiuEEXvnsQ
deJmWrylVSGK deJmWrylVSGK
GKWfMfVZxbJi GKWfMfVZxbJi
NlmuUUVQUbgI NlmuUUVQUbgI
mtRsLIzrlNLu mtRsLIzrlNLu
MOpktZzuQRCH MOpktZzuQRCH
pkzKsTORVYro pkzKsTORVYro
SgyAcloZDNJV SgyAcloZDNJV
SojgLCNtJNvq SojgLCNtJNvq
AGbRQRBgaOdX AGbRQRBgaOdX
UVLyMXgqTFaJ UVLyMXgqTFaJ
IHnRSACwPeSd IHnRSACwPeSd
EoEdLMroSPNp EoEdLMroSPNp
BkcPMTugAswL BkcPMTugAswL
