5 147 100 1 35 130 16 177 122 27 79 20 157 115 8 97 149 188 46 185 190 55 196 108 112 58 42 50 82 117 197 137 159 102 170 83 66 93 91 69 182 92 164 124 103 106 89 38 78 60 198 39 168 28 5
50
147 147
100 100
1 1
35 35
130 130
16 16
177 177
122 122
27 27
79 79
20 20
157 157
115 115
8 8
97 97
149 149
188 188
46 46
185 185
190 190
55 55
196 196
108 108
112 112
58 58
42 42
50 50
82 82
117 117
197 197
137 137
159 159
102 102
170 170
83 83
66 66
93 93
91 91
69 69
182 182
92 92
164 164
124 124
103 103
106 106
89 89
38 38
78 78
198 198
168 168
