0 21 84 4 15 61 37 53 81 39 11 34 56 41 78 62 96 3 14 32 7 79 52 51 44 29 34 67 13 78 42 3 71 29 65 29 0 90 94 69 14 64 88 55 41 6 53 83 50 86 58 9 11 23 91 87 82 23 92 24 19 77 27 78 61 5 97 5 99 90 1 48 26 31 27 52 27 95 67 87 77 63 12 47 60 66 0
50
84 84
15 15
37 37
81 81
39 39
56 56
41 41
62 62
3 3
14 14
7 7
79 79
44 44
29 29
34 34
13 13
42 42
71 71
65 65
0 0
94 94
69 69
64 64
55 55
6 6
53 53
83 83
50 50
58 58
9 9
11 11
91 91
82 82
23 23
24 24
77 77
27 27
61 61
5 5
97 97
99 99
1 1
48 48
31 31
52 52
67 67
87 87
63 63
12 12
60 60
