0 59 73 198 3 152 9 156 49 124 40 142 40 55 66 160 65 147 21 71 24 93 191 111 27 39 27 184 12 62 123 95 30 5 89 42 35 2 6 144 189 125 109 162 197 23 38 150 38 168 22 155 193 106 56 161 18 25 61 113 26 171 190 116 91 75 138 17 172 17 87 101 15 44 135 60 80 60 110 164 141 104 158 50 83 166 108 92 140 173 7 188 1 163 47 179 74 79 102 196 96 67 178 67 151 10 119 130 145 151 134 34 31 34 36 187 97 11 129 159 136 122 52 16 118 105 186 101 68 84 157 194 65 0
55
96 173 96
124 124 49
164 164
79 79 102
144 6 189 144
60 80 60
188 1 7
44 135
179 179
110 110
18 18 171 30
42 35 42
160 160
193 193
50 50 158 83
129 129 11
147 147 21
92 140
26 26
150 150 38
145 119 145 10 130
12 91 138 184 12 172 62 75
166 108
123 123 95
9 152 9
68 101 68
73 73 59
87 87 17
111 111 27 39
104 104
22 22 168 155
178 178 67 151
40 142 40
31 31 34
156 156
89 161 56 5 89
197 162 109 23
16 16 118
187 187
196 196
163 163
36 36
194 194
25 25
93 71 93
113 61
157 157
122 122
136 136
66 55 66
24 24
105 105
141 141
198 198
15 15
