a0 a10 a0 a68 a129 a33 a196 a42 a14 a108 a37 a103 a185 a103 a138 a165 a104 a53 a98 a53 a104 a165 a75 a165 a138 a103 a37 a108 a14 a42 a196 a33 a129 a68 a0 a101 a46 a99 a195 a99 a130 a8 a135 a21 a3 a93 a180 a145 a180 a93 a144 a134 a159 a134 a124 a56 a153 a55 a153 a56 a124 a131 a77 a154 a7 a154 a77 a85 a172 a17 a157 a186 a11 a60 a11 a121 a198 a161 a57 a161 a198 a121 a11 a44 a25 a192 a25 a44 a11 a186 a157 a17 a172 a85 a58 a78 a58 a85 a77 a131 a124 a134 a144 a93 a3 a120 a32 a140 a32 a45 a32 a140 a163 a16 a149 a50 a149 a16 a163 a140 a32 a120 a3 a21 a41 a156 a94 a43 a28 a151 a28 a177 a29 a96 a29 a87 a29 a96 a38 a22 a0
50
a131 a131
a195 a178 a195
a22 a82 a22
a172 a172
a186 a157 a186
a154 a154 a77
a10 a10
a192 a27 a25 a192 a63 a155 a126
a99 a107 a99 a46
a104 a165 a104
a17 a17
a98 a160 a53 a98
a87 a87 a175
a57 a57
a45 a45
a145 a158 a145 a31 a142
a29 a29 a177
a60 a60 a44 a121 a11
a7 a7 a88
a56 a124 a59 a56 a168 a153 a102
a78 a78
a55 a83 a173 a133 a55
a3 a3
a135 a21 a135
a14 a79 a14 a6
a196 a42 a196
a96 a96 a38
a180 a93 a180
a161 a161 a198
a85 a58 a85
a75 a75
a8 a130 a49 a8
a94 a43 a94
a151 a151 a28
a16 a16 a149
a140 a163 a140
a32 a80 a120 a32
a156 a156
a138 a138
a134 a134
a33 a33 a183
a103 a103 a37
a185 a185
a41 a41
a159 a159
a50 a50
a68 a129 a68
a144 a144
a108 a108
a0 a101
