a0 a24 a91 a37 a17 a19 a71 a98 a9 a98 a71 a68 a41 a5 a75 a5 a41 a65 a42 a70 a42 a65 a41 a68 a71 a19 a17 a37 a91 a24 a26 a79 a38 a36 a54 a93 a96 a4 a96 a14 a96 a93 a54 a36 a38 a51 a73 a35 a62 a64 a34 a86 a34 a64 a62 a35 a73 a43 a78 a60 a76 a60 a78 a43 a73 a51 a38 a79 a26 a24 a0 a88 a55 a39 a55 a94 a45 a0
25
a35 a35 a73 a43
a19 a19
a4 a4 a87
a5 a41 a5
a65 a65 a42
a45 a45 a94
a37 a37 a17
a71 a71 a53
a68 a68
a0 a0 a24 a26 a88
a9 a9
a39 a39 a55 a30
a38 a15 a13 a79 a51 a80 a52 a56 a38 a49
a34 a34
a91 a91
a36 a36 a54
a96 a93 a96
a62 a62
a76 a76 a78 a60
a75 a75
a86 a86
a98 a98
a70 a70
a64 a64
a14 a14
