ssp100 25 4 2 1 2 3 8 9 8 10 8 11 8 3 18 15 12 16 19 20 21 20 19 22 19 18 23 27 56 29 41 31 37 43 47 35 33 45 51 39 51 49 43 53 50 55 27 92 97 99 98 87 88 87 93 90 93 94 93 87 91 95 91 89 96 89 91 87 27 71 63 59 62 68 81 68 62 69 82 69 62 59 26 58 60 64 73 64 60 65 74 65 60 58 61 67 79 67 61 58 26 59 63 71 27 23 3 5 7 24 7 5 3 2 4 25 ssp100
47
4 4
2 2
1 1
9 9
10 10
11 11
15 15
12 12
20 20
21 21
22 22
27 27
56 56
29 29
41 41
31 31
37 37
43 43
47 47
35 35
33 33
45 45
51 51
39 39
49 49
53 53
55 55
92 92
97 97
99 99
98 98
88 88
93 93
90 90
94 94
95 95
96 96
59 59
68 68
81 81
82 82
64 64
73 73
65 65
74 74
79 79
24 24
