1 3 1 5 7 1 9 1 11 1 13 15 1 17 1 19 21 1 23 2 25 27 29 10 31 14 33 14 35 10 37 25 39 7 41 19 43 5 45 5 47 49 11 51 6 53 10 55 26 57 9 59 9 61 3 63 3 65 21 67 8 69 7 71 73 3 75 2 77 10 79 81 83 5 85 15 87 89 3 91 93 95 28 97 99 101 2 103 8 105 11 107 2 109 2 111 3 113 3 115 4 117 2 119 121 7 123 125 9 127 4 129 1 131 19 133 135 3 137 6 139 33 141 33 143 13 145 45 147 149 4 1
75
1 1
3 3
5 5
7 7
9 9
11 11
13 13
15 15
17 17
19 19
21 21
23 23
25 25
27 27
29 29
31 31
33 33
35 35
37 37
39 39
41 41
43 43
45 45
47 47
49 49
51 51
53 53
55 55
57 57
59 59
61 61
63 63
65 65
67 67
69 69
71 71
73 73
75 75
77 77
79 79
81 81
83 83
85 85
87 87
89 89
91 91
93 93
95 95
97 97
99 99
101 101
103 103
105 105
107 107
109 109
111 111
113 113
115 115
117 117
119 119
121 121
123 123
125 125
127 127
129 129
131 131
133 133
135 135
137 137
139 139
141 141
143 143
145 145
147 147
149 149
