Austin Victoria Mariah John Debra Hannah Elaine Eugene Walter Patrick Sara Joshua Natasha Daniel Gina Paul Melissa Kari Edward Jamie Paige Robert Janet Glenda Amy Donald Steven Maxwell Danielle Dennis Scott Sean Elizabeth Ralph Michael Garrett Juan Rhonda Alex Monique Jonathan April Jennifer Cassandra Jordan Ashley Kyle Rachel Melinda Aaron Robin Monique Jeanette Jamie Austin
50
Victoria Victoria
Mariah Mariah
John John
Debra Debra
Hannah Hannah
Elaine Elaine
Eugene Eugene
Walter Walter
Patrick Patrick
Sara Sara
Joshua Joshua
Natasha Natasha
Daniel Daniel
Gina Gina
Paul Paul
Melissa Melissa
Kari Kari
Edward Edward
Jamie Jamie
Paige Paige
Robert Robert
Janet Janet
Glenda Glenda
Amy Amy
Donald Donald
Steven Steven
Maxwell Maxwell
Danielle Danielle
Dennis Dennis
Scott Scott
Sean Sean
Elizabeth Elizabeth
Ralph Ralph
Michael Michael
Garrett Garrett
Juan Juan
Rhonda Rhonda
Alex Alex
Monique Monique
Jonathan Jonathan
April April
Jennifer Jennifer
Cassandra Cassandra
Jordan Jordan
Ashley Ashley
Kyle Kyle
Rachel Rachel
Melinda Melinda
Robin Robin
Jeanette Jeanette
