Jason Derek Nathaniel Heather Gabriel Victoria Adam Misty Shannon Samantha Katelyn Adrian Erin John Nicole Kelly Brad Claire David Lauren David Joshua Mario Nathaniel Roy Kara Johnathan James Dana Cristian Alexander Ricky Tristan Paul Laura Stacie Diana Jose Melissa Kari Brittany Evan Carol Carrie Brian Elizabeth Andrew Jeffery Robert Mark Regina Kelsey Garrett Wayne Megan Jeffrey Shane Timothy Rebekah Joseph Sabrina Charles Crystal Chase William Mary Leonard Cheryl Rebekah Shawn Dustin Jacqueline Cristian Logan Jose Gregory Kimberly Anthony Amanda Christina Rebecca Aaron Scott Mercedes Dylan Wendy Kelsey Kayla Edwin Michelle Stephen Kristen Brett Jill Karen Ronnie Edwin Jill Sabrina Elizabeth Wayne Tommy Tracy James Danielle Juan Brittany Kathy Susan Monica Susan Bryan Jane Alexandra Grace Brenda April Nicholas Jennifer Jason Jeremy Kyle Tammy Ashley Jordan Melinda Rachel April Robin Randy Jason
100
Derek Derek
Nathaniel Nathaniel
Heather Heather
Gabriel Gabriel
Adam Adam
Misty Misty
Shannon Shannon
Samantha Samantha
Katelyn Katelyn
Adrian Adrian
John John
Nicole Nicole
Brad Brad
Claire Claire
David David
Lauren Lauren
Joshua Joshua
Mario Mario
Roy Roy
Kara Kara
Johnathan Johnathan
Dana Dana
Cristian Cristian
Ricky Ricky
Tristan Tristan
Paul Paul
Laura Laura
Stacie Stacie
Jose Jose
Melissa Melissa
Kari Kari
Evan Evan
Carol Carol
Carrie Carrie
Brian Brian
Andrew Andrew
Jeffery Jeffery
Robert Robert
Mark Mark
Regina Regina
Kelsey Kelsey
Wayne Wayne
Megan Megan
Jeffrey Jeffrey
Shane Shane
Timothy Timothy
Joseph Joseph
Charles Charles
Crystal Crystal
William William
Mary Mary
Cheryl Cheryl
Rebekah Rebekah
Shawn Shawn
Dustin Dustin
Jacqueline Jacqueline
Logan Logan
Gregory Gregory
Kimberly Kimberly
Amanda Amanda
Christina Christina
Rebecca Rebecca
Scott Scott
Mercedes Mercedes
Dylan Dylan
Wendy Wendy
Kayla Kayla
Edwin Edwin
Michelle Michelle
Stephen Stephen
Kristen Kristen
Brett Brett
Karen Karen
Ronnie Ronnie
Jill Jill
Sabrina Sabrina
Elizabeth Elizabeth
Tommy Tommy
James James
Juan Juan
Brittany Brittany
Kathy Kathy
Susan Susan
Monica Monica
Bryan Bryan
Jane Jane
Alexandra Alexandra
Grace Grace
April April
Nicholas Nicholas
Jennifer Jennifer
Jeremy Jeremy
Kyle Kyle
Tammy Tammy
Ashley Ashley
Jordan Jordan
Melinda Melinda
Rachel Rachel
Robin Robin
Randy Randy
