Leah Russell Adrian Anthony Carol Lisa Amanda Gary Ruth Brian Vicki Paula Jade Dylan Michael David Javier Megan Jennifer Rachel April Paula Ryan Alexander Jordan Kelly Jon Leah
25
Russell Russell
Adrian Adrian
Anthony Anthony
Carol Carol
Lisa Lisa
Amanda Amanda
Gary Gary
Ruth Ruth
Brian Brian
Vicki Vicki
Paula Paula
Jade Jade
Dylan Dylan
Michael Michael
David David
Javier Javier
Megan Megan
Jennifer Jennifer
Rachel Rachel
April April
Ryan Ryan
Alexander Alexander
Jordan Jordan
Kelly Kelly
Jon Jon
