Granbull Absol Dustox Budew Torracat Spinda Spiritomb Arbok Cosmog Roserade Slakoth Heatran Mimikyu Unown Relicanth Butterfree Beedrill Crawdaunt Diggersby Quilava Ampharos Chinchou Bonsly Cascoon Tsareena Sylveon Metagross Grumpig Gliscor Cinccino Heatmor Serperior Lampent Lycanroc Mawile Krookodile Greninja Charizard Malamar Kangaskhan Jirachi Darkrai Mantine Magmar Rockruff Jolteon Torchic Binacle Whiscash Trumbeak Happiny Cubone Swanna Reuniclus Raichu Machamp Remoraid Mightyena Whimsicott TypeNull Floette Typhlosion Bronzor Carbink Reshiram Golbat Deoxys Charmander Mudsdale Pidgeot Electrode Flygon Rufflet Crabominable Skitty Carnivine Magmortar Goomy Lapras Hitmontop PorygonZ Glalie Bergmite Exeggcute Buizel Torracat Torkoal Greninja Garchomp Infernape Garchomp Conkeldurr Metapod Chespin Cascoon Krookodile Corphish Vivillon Probopass Electrike Chatot Feraligatr Floatzel Blissey Spinda Oshawott Lileep Remoraid Machamp Ninjask Luvdisc Nuzleaf Aipom PorygonZ Granbull
100
Absol Absol
Dustox Dustox
Budew Budew
Torracat Torracat
Spinda Spinda
Spiritomb Spiritomb
Arbok Arbok
Cosmog Cosmog
Roserade Roserade
Slakoth Slakoth
Heatran Heatran
Mimikyu Mimikyu
Unown Unown
Relicanth Relicanth
Butterfree Butterfree
Beedrill Beedrill
Crawdaunt Crawdaunt
Diggersby Diggersby
Quilava Quilava
Ampharos Ampharos
Chinchou Chinchou
Bonsly Bonsly
Cascoon Cascoon
Tsareena Tsareena
Sylveon Sylveon
Metagross Metagross
Grumpig Grumpig
Gliscor Gliscor
Cinccino Cinccino
Heatmor Heatmor
Serperior Serperior
Lampent Lampent
Lycanroc Lycanroc
Mawile Mawile
Krookodile Krookodile
Greninja Greninja
Charizard Charizard
Malamar Malamar
Kangaskhan Kangaskhan
Jirachi Jirachi
Darkrai Darkrai
Mantine Mantine
Magmar Magmar
Rockruff Rockruff
Jolteon Jolteon
Torchic Torchic
Binacle Binacle
Whiscash Whiscash
Trumbeak Trumbeak
Happiny Happiny
Cubone Cubone
Swanna Swanna
Reuniclus Reuniclus
Raichu Raichu
Machamp Machamp
Remoraid Remoraid
Mightyena Mightyena
Whimsicott Whimsicott
TypeNull TypeNull
Floette Floette
Typhlosion Typhlosion
Bronzor Bronzor
Carbink Carbink
Reshiram Reshiram
Golbat Golbat
Deoxys Deoxys
Charmander Charmander
Mudsdale Mudsdale
Pidgeot Pidgeot
Electrode Electrode
Flygon Flygon
Rufflet Rufflet
Crabominable Crabominable
Skitty Skitty
Carnivine Carnivine
Magmortar Magmortar
Goomy Goomy
Lapras Lapras
Hitmontop Hitmontop
PorygonZ PorygonZ
Glalie Glalie
Bergmite Bergmite
Exeggcute Exeggcute
Buizel Buizel
Torkoal Torkoal
Infernape Infernape
Metapod Metapod
Chespin Chespin
Corphish Corphish
Vivillon Vivillon
Probopass Probopass
Electrike Electrike
Chatot Chatot
Feraligatr Feraligatr
Floatzel Floatzel
Blissey Blissey
Lileep Lileep
Ninjask Ninjask
Luvdisc Luvdisc
Nuzleaf Nuzleaf
