Glameow Electivire Gumshoos Bergmite Spiritomb Ivysaur Spinarak Ivysaur Zygarde Buneary Glalie Throh Zygarde Ledian Beheeyem Wailord Feebas Togepi Sigilyph Yanma Electivire Archeops Loudred Scraggy Fomantis Mudbray Wartortle Furret Spheal Gigalith Spheal Gothorita Spheal Inkay Turtwig Meganium Piplup Poochyena Weedle Cacturne Beheeyem Golett Beheeyem Leavanny Cacturne Spheal Glameow
25
Electivire Electivire
Gumshoos Gumshoos
Bergmite Bergmite
Spiritomb Spiritomb
Spinarak Spinarak
Buneary Buneary
Glalie Glalie
Zygarde Zygarde
Ledian Ledian
Beheeyem Beheeyem
Wailord Wailord
Togepi Togepi
Yanma Yanma
Archeops Archeops
Loudred Loudred
Mudbray Mudbray
Furret Furret
Spheal Spheal
Gigalith Gigalith
Gothorita Gothorita
Inkay Inkay
Meganium Meganium
Piplup Piplup
Golett Golett
Leavanny Leavanny
