19 21 3 73 72 0 51 13 39 1 39 14 57 56 5 56 57 93 7 41 9 80 40 45 10 45 57 14 11 14 57 56 73 12 3 39 13 39 14 57 37 15 50 9 80 36 17 85 68 52 23 71 11 51 24 91 25 58 59 26 41 28 41 61 29 32 39 13 33 54 34 12 17 36 80 9 35 9 80 36 17 1 39 14 57 45 40 36 7 41 7 43 44 43 10 45 57 56 46 77 42 50 9 88 57 14 11 51 53 69 8 33 54 97 26 59 58 55 58 59 58 21 60 30 61 91 71 11 14 63 65 63 14 11 66 70 66 11 14 57 56 73 72 73 56 57 14 11 71 89 76 80 9 88 68 85 68 88 95 33 90 33 62 92 9 88 95 33 62 99 1 39 3 21 19
49
0 0
1 1
5 5
7 7
9 9
10 10
11 11
12 12
13 13
15 15
17 17
23 23
24 24
25 25
26 26
28 28
29 29
32 32
33 33
34 34
35 35
36 36
39 39
40 40
41 41
43 43
44 44
45 45
46 46
50 50
51 51
53 53
54 54
55 55
58 58
59 59
60 60
61 61
63 63
65 65
70 70
72 72
76 76
80 80
85 85
88 88
90 90
92 92
95 95
