0 143 83 75 126 20 126 75 130 174 101 174 109 176 117 160 55 72 41 74 41 72 181 152 181 72 55 105 55 11 171 11 55 160 117 147 59 147 82 87 183 128 5 26 9 88 9 198 111 198 139 53 139 198 187 108 185 113 121 102 166 122 7 67 7 122 166 102 121 23 62 23 121 113 185 108 187 198 9 12 34 140 155 42 40 42 155 140 70 45 137 45 70 140 34 12 9 26 5 128 138 31 196 31 30 31 138 128 183 87 180 69 180 87 82 36 125 116 125 36 82 147 117 168 134 168 117 176 109 174 197 157 149 145 149 157 63 157 177 73 131 16 98 135 106 135 98 16 17 151 17 46 17 16 131 73 177 157 197 174 130 75 83 91 83 143 0 156 179 103 179 156 0
54
155 140 4 34
73 131 189
62 62 23
176 176 109 195
0 80 52 143 156
111 111
69 180 69
9 9 76 26 198
67 67 13
74 144 74
196 31 50 138 196
55 11 55
7 162 10 122 35
126 126
75 83 66 130 75
117 117
72 97 181 72
102 166 102
103 27 114 179 184 103 85
5 128
59 59
87 82 87
16 16
174 199 174 197
30 30
137 137 45 19
113 136 121
147 147
171 171
116 116
145 145
98 98
160 160
177 177
42 42
53 139 53
46 46
168 168
91 91
70 70
105 105
149 157 48 149
101 84
183 183
152 152
106 106
134 134
63 81 63
185 108 185
125 36 125
88 88
20 20
40 40
151 151 17
