0 24 53 42 26 94 23 52 40 43 83 96 53 44 23 43 39 99 27 47 10 18 60 93 9 61 90 61 41 11 99 39 43 0 16 51 78 50 4 55 14 21 77 46 13 81 0 89 0 81 57 81 84 88 99 17 39 43 7 27 67 19 94 24 18 15 65 50 87 20 47 59 58 69 13 32 71 38 3 29 74 8 62 30 19 43 39 15 0 72 95 15 35 31 77 4 50 65 38 32 37 74 76 98 99 45 0
50
24 24
42 42
26 26
94 94
52 52
40 40
83 83
96 96
23 23
27 27
10 10
60 60
93 93
9 9
90 90
61 61
11 11
0 0
51 51
78 78
55 55
21 21
46 46
13 13
89 89
57 57
88 88
99 99
17 17
7 7
67 67
18 18
65 65
20 20
58 58
32 32
71 71
3 3
8 8
62 62
43 43
15 15
72 72
95 95
35 35
4 4
38 38
37 37
98 98
45 45
