0 37 63 64 46 60 30 10 28 82 60 27 60 23 39 23 62 53 92 29 90 15 35 82 38 11 23 39 8 77 74 63 71 95 43 96 48 81 62 50 88 36 43 95 33 40 67 31 44 97 64 23 84 23 11 74 98 76 72 22 68 80 97 44 73 56 17 23 11 38 82 17 80 17 23 9 91 61 63 6 85 52 12 16 92 31 47 46 64 2 64 46 26 45 56 17 83 39 86 23 82 38 11 12 65 87 91 44 97 96 48 96 17 35 58 35 17 96 66 21 37 0
48
63 63
46 46
30 30
28 28
60 60
27 27
39 39
53 53
90 90
35 35
11 11
8 8
74 74
71 71
43 43
81 81
50 50
88 88
95 95
40 40
31 31
64 64
84 84
76 76
68 68
97 97
73 73
23 23
38 38
80 80
9 9
61 61
6 6
85 85
16 16
92 92
47 47
2 2
45 45
56 56
83 83
86 86
82 82
65 65
91 91
48 48
58 58
96 96
