1 50 31 54 50 38 50 58 37 99 2 97 87 33 50 46 50 83 50 40 95 71 67 50 0 62 50 29 50 81 17 50 84 50 79 50 78 4 49 50 74 91 28 5 21 86 50 61 50 64 85 32 50 35 50 19 50 93 44 50 18 50 80 50 92 50 42 20 50 65 50 66 50 63 50 51 50 8 50 1
50
31 31
54 54
38 38
58 58
37 37
99 99
2 2
97 97
87 87
33 33
46 46
83 83
40 40
95 95
71 71
67 67
0 0
62 62
29 29
81 81
17 17
84 84
79 79
78 78
4 4
49 49
74 74
91 91
28 28
5 5
21 21
86 86
61 61
64 64
85 85
32 32
35 35
19 19
93 93
44 44
18 18
80 80
92 92
42 42
20 20
65 65
66 66
63 63
51 51
8 8
