68 63 64 37 21 49 21 37 36 35 36 37 50 91 67 91 43 22 23 87 69 87 23 84 23 22 43 78 77 78 83 53 44 53 51 53 33 53 83 78 43 91 39 91 43 42 58 42 43 79 65 45 52 5 15 5 52 45 65 79 43 91 50 37 64 17 82 80 76 80 82 41 71 41 93 19 93 75 31 32 31 29 31 75 2 3 80 82 17 64 63 68
30
32 1
3 3
5 5
44 7
78 9 61 81 89
69 11 69
77 13 77
15 15
64 17 37 63
19 19 93
21 21 97
22 23
84 25 27
29 29
31 31 75
33 33
35 35
39 39
71 41 71
43 43 47 57 79 95
45 45 65
49 49
51 51
53 53
76 55 59
67 67
91 73 91
83 83
58 85
87 87
