21 152 153 172 153 152 21 156 93 89 93 161 179 25 179 125 115 119 159 119 39 119 115 125 179 178 63 83 63 71 63 178 91 92 101 8 9 8 7 8 101 194 193 194 101 27 43 73 43 27 101 92 91 178 179 125 124 189 37 36 97 36 35 154 29 154 20 187 20 154 35 76 31 113 188 113 81 149 81 11 81 113 171 82 171 15 185 55 185 15 171 69 66 69 171 113 31 76 35 36 37 38 87 139 168 169 57 169 168 139 1 2 1 139 142 139 87 38 37 189 124 123 122 117 170 108 167 108 170 117 122 130 131 197 95 195 95 197 131 132 61 132 131 130 122 123 124 125 137 75 74 160 17 160 23 191 13 191 151 141 151 175 65 175 151 150 53 181 180 126 180 181 53 150 85 105 104 105 106 105 128 129 128 105 85 107 85 150 151 191 23 79 48 47 48 19 48 153 152 21
64
1 1
2 3
15 5 15
7 7
9 9 51
11 11 41
13 13 191
17 17 77
19 19
21 21
160 23
25 25 165 179
101 27 101
29 29
113 31 113
185 33 143 155 157 185
154 35
37 37 189
39 39
43 43
93 45 93 161
47 47 79 133
197 49 163 197
53 53
55 55 147
57 57
61 59 61
63 63
65 65 121
66 67 69 145
71 71
73 73
125 75 123 125 137
149 81 149
83 83
105 85 105
87 87
89 89
178 91
95 95
97 97
142 99
104 103
107 107
106 109
188 111 135
115 115 119
170 117
126 127
129 129
131 131
139 139
141 141 151
152 153
159 159
167 167
169 169
82 171 177 183
172 173
175 175
180 181
187 187
193 193
195 195
