74 72 77 76 80 73 75 192 199 191 198 197 192 151 2 6 8 2 46 50 41 47 48 46 118 116 111 114 120 113 119 118 172 58 52 54 55 59 57 53 58 141 148 146 145 141 38 31 39 37 36 35 32 37 31 38 169 167 161 165 166 168 164 163 169 87 86 81 89 85 83 88 82 87 132 135 137 131 139 140 136 132 21 25 28 26 30 29 23 21 98 96 99 98 18 11 14 18 13 19 16 18 121 126 122 128 121 63 69 62 70 68 61 66 63 182 185 184 189 182 102 104 102 172 174 179 178 175 180 174 172 151 153 156 160 156 157 151 141 142 141 75 77 72 74
100
74 74
77 77
76 76
80 80
73 73
75 75
192 192
199 199
191 191
198 198
197 197
151 151
2 2
6 6
8 8
46 46
50 50
41 41
47 47
118 118
116 116
111 111
114 114
113 113
119 119
172 172
58 58
52 52
54 54
55 55
59 59
57 57
53 53
141 141
148 148
146 146
145 145
38 38
31 31
39 39
37 37
36 36
35 35
32 32
169 169
167 167
161 161
165 165
166 166
168 168
164 164
163 163
86 86
81 81
89 89
85 85
83 83
88 88
82 82
135 135
137 137
131 131
139 139
140 140
136 136
25 25
28 28
26 26
30 30
29 29
23 23
96 96
99 99
11 11
14 14
13 13
19 19
16 16
126 126
122 122
128 128
69 69
62 62
70 70
68 68
61 61
66 66
185 185
189 189
104 104
174 174
179 179
178 178
175 175
180 180
153 153
156 156
160 160
157 157
142 142
