75 80 78 74 10 21 26 30 22 24 28 21 88 86 87 82 89 88 61 63 67 66 70 69 62 61 35 36 37 32 33 31 35 43 50 42 45 47 43 11 13 19 12 16 20 17 11 74 72 73 76 71 72 74 51 53 58 59 58 51 99 98 100 94 92 97 91 99 10 1 2 7 6 10 74 72 77 75
50
75 75
80 80
78 78
74 74
10 10
21 21
26 26
30 30
22 22
24 24
28 28
88 88
86 86
87 87
82 82
89 89
63 63
67 67
66 66
70 70
69 69
36 36
37 37
32 32
33 33
31 31
50 50
42 42
45 45
47 47
13 13
19 19
12 12
16 16
20 20
72 72
73 73
76 76
71 71
53 53
59 59
98 98
100 100
94 94
92 92
97 97
91 91
1 1
2 2
7 7
