l7 l40 l72 l44 l72 l63 l21 l63 l72 l40 l39 l67 l160 l168 l160 l67 l161 l200 l177 l130 l94 l136 l142 l136 l162 l136 l94 l128 l2 l33 l2 l58 l2 l26 l53 l26 l2 l128 l94 l163 l24 l171 l24 l148 l155 l102 l76 l20 l186 l180 l186 l169 l90 l169 l141 l169 l59 l169 l186 l20 l76 l102 l155 l37 l155 l148 l24 l163 l115 l163 l94 l130 l177 l200 l161 l6 l92 l114 l172 l74 l172 l114 l49 l127 l49 l184 l25 l7
36
l72 l101 l110 l189 l46 l72
l102 l102
l76 l109 l20
l162 l113 l162
l114 l114 l14
l115 l115
l200 l116 l177 l200
l160 l12 l160 l27 l67 l83
l33 l122 l33
l24 l124 l132 l163 l24
l127 l127 l49
l2 l128 l2
l130 l130 l41 l94
l136 l136 l199
l171 l138 l171 l181
l141 l141
l142 l142
l155 l148 l155
l172 l15 l172 l54
l161 l161 l6
l168 l168
l169 l169
l180 l180
l25 l184 l192 l25 l77
l186 l186
l21 l21 l63
l26 l26
l7 l35 l7
l37 l37
l40 l39 l40
l44 l44
l53 l53
l58 l58
l59 l59
l74 l74
l90 l90
