1 13 22 41 22 33 88 64 42 64 88 33 22 62 43 62 83 44 83 62 14 17 45 19 4 30 46 22 62 47 26 48 26 47 20 37 49 50 49 66 51 66 60 24 52 24 53 24 31 69 54 69 31 24 46 22 41 55 45 56 4 30 38 57 38 30 58 59 12 82 24 60 24 46 61 37 20 62 20 70 63 60 24 88 64 88 24 53 65 53 60 66 49 5 61 67 44 72 9 68 24 31 69 31 24 68 70 8 11 71 40 30 4 21 72 53 24 46 57 73 57 25 80 64 74 64 42 75 39 81 34 76 34 23 22 62 77 38 30 40 78 23 22 57 79 57 25 80 25 34 81 24 82 25 34 27 83 62 29 3 1 84 1 3 30 46 85 46 24 68 70 86 70 5 28 81 87 81 24 88 24 68 89 27 83 62 14 16 90 16 36 58 1
50
41 41
42 42
43 43
44 44
45 45
46 46
47 47
48 48
49 49
50 50
51 51
52 52
53 53
54 54
55 55
56 56
57 57
58 58
59 59
60 60
61 61
62 62
63 63
64 64
65 65
66 66
67 67
68 68
69 69
70 70
71 71
72 72
73 73
74 74
75 75
76 76
77 77
78 78
79 79
80 80
81 81
82 82
83 83
84 84
85 85
86 86
87 87
88 88
89 89
90 90
