0 2 1 6 3 4 5 7 10 8 9 11 12 14 13 15 16 17 20 22 19 21 18 26 23 24 25 28 29 27 31 32 34 33 30 36 35 37 40 38 41 42 39 44 43 45 46 47 50 51 48 55 53 52 49 57 54 56 58 59 60 62 61 64 65 69 63 66 68 67 70 71 72 73 77 75 74 76 82 78 79 83 80 81 84 86 88 87 90 92 85 89 91 94 93 95 96 97 98 143 99 100 36 0
100
2 2
1 1
6 6
3 3
4 4
5 5
7 7
10 10
8 8
9 9
11 11
12 12
14 14
13 13
15 15
16 16
17 17
20 20
22 22
19 19
21 21
18 18
26 26
23 23
24 24
25 25
28 28
29 29
27 27
31 31
32 32
34 34
33 33
30 30
36 36
35 35
37 37
40 40
38 38
41 41
42 42
39 39
44 44
43 43
45 45
46 46
47 47
50 50
51 51
48 48
55 55
53 53
52 52
49 49
57 57
54 54
56 56
58 58
59 59
60 60
62 62
61 61
64 64
65 65
69 69
63 63
66 66
68 68
67 67
70 70
71 71
72 72
73 73
77 77
75 75
74 74
76 76
82 82
78 78
79 79
83 83
80 80
81 81
84 84
86 86
88 88
87 87
90 90
92 92
85 85
89 89
91 91
94 94
93 93
95 95
96 96
97 97
98 98
99 99
100 100
