101 100 0 1 2 3 4 5 6 7 8 9 80 81 36 14 10 11 12 13 15 16 17 18 19 46 40 28 20 21 22 23 24 25 26 27 29 20 33 30 31 32 34 35 37 38 39 37 47 41 42 43 44 45 48 49 41 52 50 51 52 53 54 55 56 57 58 59 86 82 83 84 68 60 61 62 63 64 65 66 67 69 22 70 71 72 73 74 75 76 77 78 79 87 85 88 89 83 95 90 91 92 93 94 96 97 98 99 100 101
100
0 0
1 1
2 2
3 3
4 4
5 5
6 6
7 7
8 8
9 9
80 80
81 81
36 36
14 14
10 10
11 11
12 12
13 13
15 15
16 16
17 17
18 18
19 19
46 46
40 40
28 28
20 20
21 21
22 22
23 23
24 24
25 25
26 26
27 27
29 29
33 33
30 30
31 31
32 32
34 34
35 35
37 37
38 38
39 39
47 47
41 41
42 42
43 43
44 44
45 45
48 48
49 49
50 50
51 51
52 52
53 53
54 54
55 55
56 56
57 57
58 58
59 59
86 86
82 82
83 83
84 84
68 68
60 60
61 61
62 62
63 63
64 64
65 65
66 66
67 67
69 69
70 70
71 71
72 72
73 73
74 74
75 75
76 76
77 77
78 78
79 79
87 87
85 85
88 88
89 89
95 95
90 90
91 91
92 92
93 93
94 94
96 96
97 97
98 98
99 99
