Soda Burkina United Macedonia Burundi Congo Japan El Pakistan Cambodia Fiji Germany Lao Lesotho Mongolia Singapore Rwanda Nigeria Congo Luxembourg Argentina Burkina Malawi Croatia Marshall Lebanon Gabon Northern Guyana Korea Kyrgyzstan Sao Kyrgyzstan Niger Kyrgyzstan Hong Andorra Mayotte Malawi Croatia Sint Netherlands Jamaica Netherlands Kiribati Guinea Indonesia Nigeria Rwanda Hong Liberia Hong Latvia Eritrea Bahamas Costa Kyrgyzstan Korea Moldova Kenya Republic Burundi Congo Japan Pitcairn Falkland Belize British Liechtenstein Cambodia Niger Algeria Kenya Germany Iraq Ghana Finland Isle Palau France China Ireland Mayotte Saint Costa Kiribati Mexico Aruba Namibia New Cyprus Macao Iran Albania Cyprus Egypt Guernsey Malta Antigua Virgin Argentina Northern Soda
50
United United
Burundi Burundi
Japan Japan
Pakistan Pakistan
Fiji Fiji
Lao Lao
Singapore Singapore
Nigeria Nigeria
Luxembourg Luxembourg
Burkina Burkina
Croatia Croatia
Lebanon Lebanon
Northern Northern
Korea Korea
Sao Sao
Niger Niger
Hong Hong
Mayotte Mayotte
Malawi Malawi
Sint Sint
Jamaica Jamaica
Netherlands Netherlands
Indonesia Indonesia
Rwanda Rwanda
Liberia Liberia
Latvia Latvia
Bahamas Bahamas
Kyrgyzstan Kyrgyzstan
Moldova Moldova
Republic Republic
Congo Congo
Pitcairn Pitcairn
Belize Belize
British British
Cambodia Cambodia
Algeria Algeria
Iraq Iraq
Finland Finland
Palau Palau
Ireland Ireland
Saint Saint
Kiribati Kiribati
Mexico Mexico
Aruba Aruba
New New
Macao Macao
Albania Albania
Egypt Egypt
Antigua Antigua
Argentina Argentina
