Soda Dominican Denmark Holy Ghana Angola Ghana Cuba Comoros Estonia Botswana Guam Belize Algeria Antigua Fiji Cocos Cayman Guinea Guadeloupe Anguilla Guam Georgia United Brunei Bouvet Colombia Falkland Bhutan Egypt Belgium Australia Aruba Austria Central Fiji Argentina Brunei Aruba Central Fiji Bermuda Czech Cambodia Brazil Fiji Bermuda China Antigua Guyana Brazil Czech Fiji Central Chile Soda
24
Denmark Denmark
Angola Angola
Comoros Comoros
Botswana Botswana
Belize Belize
Antigua Antigua
Cocos Cocos
Cayman Cayman
Guadeloupe Guadeloupe
Guam Guam
United United
Bouvet Bouvet
Colombia Colombia
Egypt Egypt
Australia Australia
Austria Austria
Argentina Argentina
Aruba Aruba
Bermuda Bermuda
Cambodia Cambodia
Fiji Fiji
China China
Guyana Guyana
Czech Czech
