1 49 1 30 18 50 53 60 40 60 53 50 18 30 73 66 75 39 65 46 65 41 14 56 20 56 14 41 65 39 29 70 42 48 69 13 31 37 31 13 69 48 42 59 42 70 58 26 38 26 34 26 58 16 25 74 68 74 11 47 11 51 44 51 11 74 25 71 25 16 58 70 76 70 29 39 75 66 73 72 27 54 17 61 15 12 15 61 45 63 28 55 1
35
16 10 16 21 24
47 11 47
12 12
13 13
14 14 19 35 41 62 79
15 15
17 17 27 32 36 54 61
18 18 30 43
20 20
34 22 34
58 23 58
25 25 52 78
26 26
55 28 55 77
42 29 42 70
37 31 37
71 33 71
38 38
75 39 75
40 40 60
44 44
63 45 63
46 46 65
48 48
49 49 64
50 50 53
51 51
56 56
59 57 59
66 66 72 73
1 67
68 68
69 69
74 74
76 76
