Essos TheSpiritWorld RepublicCity Toperhagen TheFae Arcwallow Alethkar WitheredHeath Tralfamadore Trebon Yunkai Belhaben Yll TheSpiritWorld Dragonstone Newarre Millhagen Essos Mirkwood Severen Westeros ShatteredPlains Alethkar Penketh Bobbingbourne Dubwall LeakyCauldron KoralReef Ellesmera Glimthain Netherfort Aerodenn Boatwright TheUnderworld Tartarus Riverrun AirTempleIsland Tarbean Grayburn TheFae Azkaban Hogsmead KoralReef Neddingtown TheCommonwealth KnifesEdge TheVale Toperhagen Ceald Toffingburg JahKeved MountOlympus Kharbranth Hogwarts Glimthain TheVale Lockinge WitheredHeath Soda Durnatel Coalwatch Barkamsted TheWhompingWillow Omashu Ramshorn Chrofall Peridrift Blackwater BikiniBottom Pendle Ramshorn KnifesEdge FireNation TheKrustyKrab Azir DiagonAlley Ivormere Valyria Arrowcave Westeros Arrowcave Meckingbourne Astapor StationSquare TheAturanEmpire Castamere Dorne Urubaen Dubwall Endor WonderCity JarrensOutpost TheWall CrastersKeep TheSpine Prongdale TheChumBucket TheBoilingRock Aerodenn TheWhompingWillow HighGarden TheGodswood HighGarden Accrington IronIslands Vintas GodricsHollow BaSingSe TheKrustyKrab Toperhagen TheReshiIsles Glimthain JahKeved TheBurningPlains Alethkar BeyondtheWall Ebonfall Dragonstone Westopolis TheRiverStyx Gizton TheWall BaSingSe Neddington JarrensOutpost Keld GooLagoon Snozgate Braavos LeakyCauldron TheReshiIsles ProBendingArena SouthernAirTemple FleaBottom TheHogsHead LakeLaogai TheGreatDivide LeakyCauldron Glimthain Duskhollow StationSquare ShriekingShack ThePrancingPony TheRiverStyx Toffingburg Riverrun Steeltown Meereen BubblegumKingdom FlourishBlotts TheHogsHead Atlantas Accrington HighGarden Ramshorn Peridrift Chrofall Aerodenn CaveofTwoLovers FogofLostSouls Neddingtown ThePrancingPony Lorien TheCommonwealth SatishVille TheSpiritWorld Jakku WesternAirTemple Rivendell GooLagoon Neddingtown FireNation Titferdenn Helgrind DuWeldenvarden TheCommonwealth Ademre ThePrancingPony WesternAirTemple Blackwater Shinovar DiagonAlley Ivormere Durnatel Grimbarrow Durnatel DiagonAlley Sanlow Prongdale FogofLostSouls Bobbingbourne Naboo Urubaen Carvahall Alethkar Alderaan Jakku ZhaoFu TheEyrie Dagobah Karth TheWhompingWillow Aerodenn Lorien Meereen WitheredHeath Arkham Alethkar WesternAirTemple Winterfell Chrofall Batcave TheCommonwealth TheUnderworld CastleBlack Steeltown Riverrun Toffingburg Essos
100
RepublicCity RepublicCity
Arcwallow Arcwallow
WitheredHeath WitheredHeath
Trebon Trebon
Yll Yll
TheSpiritWorld TheSpiritWorld
Newarre Newarre
Essos Essos
Severen Severen
ShatteredPlains ShatteredPlains
Penketh Penketh
Dubwall Dubwall
Ellesmera Ellesmera
Netherfort Netherfort
Boatwright Boatwright
Tartarus Tartarus
Tarbean Tarbean
TheFae TheFae
Hogsmead Hogsmead
TheCommonwealth TheCommonwealth
TheVale TheVale
Toffingburg Toffingburg
MountOlympus MountOlympus
Hogwarts Hogwarts
Lockinge Lockinge
Soda Soda
Barkamsted Barkamsted
Omashu Omashu
Chrofall Chrofall
BikiniBottom BikiniBottom
KnifesEdge KnifesEdge
TheKrustyKrab TheKrustyKrab
Azir Azir
DiagonAlley DiagonAlley
Valyria Valyria
Westeros Westeros
Arrowcave Arrowcave
Astapor Astapor
Castamere Castamere
Urubaen Urubaen
Endor Endor
JarrensOutpost JarrensOutpost
TheSpine TheSpine
TheChumBucket TheChumBucket
TheBoilingRock TheBoilingRock
TheWhompingWillow TheWhompingWillow
TheGodswood TheGodswood
Accrington Accrington
Vintas Vintas
BaSingSe BaSingSe
Toperhagen Toperhagen
TheReshiIsles TheReshiIsles
JahKeved JahKeved
Alethkar Alethkar
BeyondtheWall BeyondtheWall
Dragonstone Dragonstone
Gizton Gizton
Neddington Neddington
Keld Keld
Braavos Braavos
ProBendingArena ProBendingArena
FleaBottom FleaBottom
TheGreatDivide TheGreatDivide
Duskhollow Duskhollow
ShriekingShack ShriekingShack
TheRiverStyx TheRiverStyx
Steeltown Steeltown
FlourishBlotts FlourishBlotts
Atlantas Atlantas
HighGarden HighGarden
Peridrift Peridrift
CaveofTwoLovers CaveofTwoLovers
Neddingtown Neddingtown
Lorien Lorien
SatishVille SatishVille
Jakku Jakku
WesternAirTemple WesternAirTemple
GooLagoon GooLagoon
FireNation FireNation
Helgrind Helgrind
DuWeldenvarden DuWeldenvarden
Ademre Ademre
Blackwater Blackwater
Shinovar Shinovar
Ivormere Ivormere
Grimbarrow Grimbarrow
Sanlow Sanlow
Bobbingbourne Bobbingbourne
Carvahall Carvahall
Alderaan Alderaan
TheEyrie TheEyrie
Karth Karth
Aerodenn Aerodenn
Meereen Meereen
Arkham Arkham
Winterfell Winterfell
Batcave Batcave
TheUnderworld TheUnderworld
CastleBlack CastleBlack
Riverrun Riverrun
