FleaBottom Bobbingbourne Urubaen Trebon TheGreatDivide TheBurningPlains Yll MinistryofMagic UtgardMountain Severen GringottsBank TheAturanEmpire TheSpine Carvahall Westopolis Carvahall Aerodenn Eggmanland SatishVille Tartarus Bobbingbourne Urubaen Toperhagen Vintas HighGarden TheGreatDivide TheBurningPlains Olivanders RockofKuthian Severen UtgardMountain TheBoilingRock TheKrustyKrab Glimthain TheKrustyKrab TheBoilingRock Ademre SatishVille IronIslands Yll HighGarden Batcave Eggmanland Trebon Dagobah TheVale Carvahall CrastersKeep Ebonfall CrastersKeep MinistryofMagic Arkham MinistryofMagic Lorien TheSpine Coalwatch TheSpine TheAturanEmpire SatishVille Dragonstone Peterborough Accrington MinistryofMagic Yll HighGarden Yll IronIslands ShriekingShack TheSpine TheAturanEmpire FleaBottom
25
Urubaen Urubaen
TheBurningPlains TheBurningPlains
UtgardMountain UtgardMountain
GringottsBank GringottsBank
Westopolis Westopolis
Eggmanland Eggmanland
Bobbingbourne Bobbingbourne
Vintas Vintas
TheGreatDivide TheGreatDivide
Olivanders Olivanders
TheBoilingRock TheBoilingRock
Glimthain Glimthain
Ademre Ademre
Yll Yll
Batcave Batcave
Trebon Trebon
TheVale TheVale
Ebonfall Ebonfall
Arkham Arkham
Coalwatch Coalwatch
SatishVille SatishVille
Accrington Accrington
MinistryofMagic MinistryofMagic
HighGarden HighGarden
ShriekingShack ShriekingShack
