Meckgue HighGarden FogofLostSouls Murkcairn TheUnderworld TheEolian TheWaystoneInn Eggmanland Grayburn Eggmanland Boatwright TheSpine Boatwright Gotham Sanlow Yunkai EarthKingdom Endor TheUniversity ShriekingShack VaultofSouls EasternAirTemple Gizton Ceald Meereen Essos Neddingtown BeyondtheWall EasternAirTemple Gizton Steeltown Dagobah Braavos VaultofSouls HorneaterPeaks Lorien BikiniBottom Ademre BoarsEye Meckgue HighGarden Netherfort ShatteredPlains Braavos Kinecardine TheFae Keld Grayburn Tartarus KoralReef Essos HighGarden GooLagoon SerpantsPass Steeltown Dagobah Essos Neddingtown ZhaoFu RepublicCity MysticRuins Essos Winterfell SerpantsPass Steeltown TheUnderworld Carvahall EasternAirTemple TheVale Neddingtown ZhaoFu HorneaterPeaks FlourishBlotts Urubaen ShatteredPlains KoralReef Larcbost TheEyrie RepublicCity Vexhollow Ademre BayofDragons UtgardMountain LakeLaogai Urubaen ShatteredPlains ShriekingShack Beldenn TheFingers Castamere Eggmanland LakeLaogai LeakyCauldron LakeLaogai Yunkai LakeLaogai Eggmanland TheKrustyKrab TheSwamp Ellesmera Vexhollow RepublicCity MysticRuins TheGodswood Sanlow ProBendingArena TheHogsHead Toperhagen ThePrancingPony ZhaoFu RepublicCity TreeofTime RepublicCity Belhaben TheBoilingRock TheReshiIsles TheArcanum Steeltown VaultofSouls Meckgue
49
Murkcairn Murkcairn
TheWaystoneInn TheWaystoneInn
Grayburn Grayburn
TheSpine TheSpine
Gotham Gotham
Sanlow Sanlow
EarthKingdom EarthKingdom
TheUniversity TheUniversity
EasternAirTemple EasternAirTemple
Meereen Meereen
BeyondtheWall BeyondtheWall
Gizton Gizton
Braavos Braavos
VaultofSouls VaultofSouls
Lorien Lorien
Ademre Ademre
Meckgue Meckgue
Netherfort Netherfort
Kinecardine Kinecardine
Keld Keld
Tartarus Tartarus
KoralReef KoralReef
GooLagoon GooLagoon
Dagobah Dagobah
ZhaoFu ZhaoFu
MysticRuins MysticRuins
Winterfell Winterfell
Steeltown Steeltown
Carvahall Carvahall
TheVale TheVale
FlourishBlotts FlourishBlotts
Larcbost Larcbost
Vexhollow Vexhollow
UtgardMountain UtgardMountain
Urubaen Urubaen
ShatteredPlains ShatteredPlains
Beldenn Beldenn
Castamere Castamere
LeakyCauldron LeakyCauldron
Yunkai Yunkai
LakeLaogai LakeLaogai
TheKrustyKrab TheKrustyKrab
Ellesmera Ellesmera
RepublicCity RepublicCity
TheGodswood TheGodswood
TheHogsHead TheHogsHead
ThePrancingPony ThePrancingPony
TreeofTime TreeofTime
TheBoilingRock TheBoilingRock
