21 54 107 142 2 146 95 149 49 74 64 34 120 14 16 32 7 47 127 15 42 108 36 168 45 100 137 72 53 72 84 133 31 27 147 29 115 61 35 40 151 184 131 135 139 196 103 12 51 152 144 122 163 78 96 75 178 119 17 176 186 190 188 56 129 102 167 90 10 30 23 189 180 151 154 87 20 85 62 170 172 24 116 46 105 38 145 177 25 125 169 91 83 114 82 60 18 88 81 136 130 68 123 160 156 185 194 118 134 94 159 37 97 142 121 174 48 174 21
52
147 147
87 20 154 87
34 18 34 64 120 60
14 14
119 17 119
136 136 194 130 81 88 68
190 190
15 42 15 108
62 170 24 172 62
91 91
188 188 56
47 47
174 48 21
23 23
51 51
168 36 125 168
135 135
127 127
45 45 100
163 163
167 90 167
61 40 61
10 10 180
122 122 144
46 46 116 38 105
74 74 49
142 2 97 142 121 54
31 31 133 27
32 7 32
151 151
30 30
29 29
156 156 160
176 186 176
131 184 131
37 37
146 149 118 146 95
139 139
178 178 78
16 16
169 169 114 82
96 96 75
152 152
102 102
115 115
103 103
94 134
177 177
196 196
72 137 72
159 159
53 53
