1FoundersRock 130location 1FoundersRock 85location 1FoundersRock 7SatherTower 8Esplanade 7SatherTower 110location 7SatherTower 1FoundersRock 49SatherGate 125location 49SatherGate 47SatherTower 49SatherGate 1FoundersRock 115location 1FoundersRock 175location 1FoundersRock 160location 1FoundersRock 10Bridge 105location 6DoeLibrary 162location 6DoeLibrary 168location 6DoeLibrary 102location 6DoeLibrary 9SatherGate 50Bridge 95location 50Bridge 9SatherGate 6DoeLibrary 132location 6DoeLibrary 192location 6DoeLibrary 48Esplanade 6DoeLibrary 198location 6DoeLibrary 140location 6DoeLibrary 90location 170location 1FoundersRock
25
6DoeLibrary 6DoeLibrary 84location 96location 105location 108location 114location 126location 135location 138location 144location 150location 156location 165location 174location 180location 186location 195location
7SatherTower 7SatherTower
8Esplanade 8Esplanade
9SatherGate 9SatherGate
1FoundersRock 10Bridge 46DoeLibrary 100location 120location 145location 190location
47SatherTower 47SatherTower 185location
48Esplanade 48Esplanade 155location
49SatherGate 49SatherGate
50Bridge 50Bridge
85location 85location
170location 90location 170location
95location 95location
102location 102location
110location 110location
115location 115location
125location 125location
130location 130location
132location 132location
140location 140location 200location
160location 160location
162location 162location
168location 168location
175location 175location
192location 192location
198location 198location
