1FoundersRock 32DeltaPhiEpsilon 48Esplanade 32DeltaPhiEpsilon 55Hilgard 32DeltaPhiEpsilon 34Martinez 56Giannini 34Martinez 63Unit3 34Martinez 70Stonefire 34Martinez 77OtherCoop 34Martinez 42UniversityHouse 34Martinez 35ChanningBowdwitch 67InternationalHouse 35ChanningBowdwitch 34Martinez 32DeltaPhiEpsilon 76CasaZimbabwe 32DeltaPhiEpsilon 1FoundersRock 78RajProperties 1FoundersRock 43FacultyClub 1FoundersRock 71Hillegass 1FoundersRock 50Bridge 1FoundersRock 31Hillegass 79SanFransisco 31Hillegass 51HearstGymnasium 31Hillegass 58NorthGate 31Hillegass 65Foothill 31Hillegass 72DeltaPhiEpsilon 31Hillegass 44HearstGreekTheatre 38RajProperties 33Wada 38RajProperties 44HearstGreekTheatre 31Hillegass 37OtherCoop 47SatherTower 37OtherCoop 61Unit1 37OtherCoop 40Oaktown 1FoundersRock
25
79SanFransisco 31Hillegass 79SanFransisco
32DeltaPhiEpsilon 32DeltaPhiEpsilon 36CasaZimbabwe 41FoundersRock 57Wheeler 62Unit2 64Blackwell 69VarsityBerkeley
33Wada 33Wada 38RajProperties 45HearstMemorial 52California 59SouthHall 66ClarkKerr 73Wada 80Oaktown
34Martinez 34Martinez 49SatherGate
67InternationalHouse 35ChanningBowdwitch 39SanFransisco 46DoeLibrary 53Durant 60Ehrman 67InternationalHouse 74Martinez
47SatherTower 37OtherCoop 47SatherTower 54Wellman 68SodaHall 75ChanningBowdwitch
40Oaktown 40Oaktown
42UniversityHouse 42UniversityHouse
43FacultyClub 43FacultyClub
44HearstGreekTheatre 44HearstGreekTheatre
48Esplanade 48Esplanade
50Bridge 50Bridge
51HearstGymnasium 51HearstGymnasium
55Hilgard 55Hilgard
56Giannini 56Giannini
58NorthGate 58NorthGate
61Unit1 61Unit1
63Unit3 63Unit3
65Foothill 65Foothill
70Stonefire 70Stonefire
71Hillegass 71Hillegass
72DeltaPhiEpsilon 72DeltaPhiEpsilon
76CasaZimbabwe 76CasaZimbabwe
77OtherCoop 77OtherCoop
78RajProperties 78RajProperties
