node87 node95 node18 node88 node12 node25 node72 node29 node98 node39 node73 node92 node64 node59 node6 node19 node5 node19 node6 node86 node78 node1 node78 node86 node6 node59 node64 node92 node73 node39 node98 node29 node72 node25 node12 node88 node99 node74 node17 node53 node35 node45 node35 node2 node35 node53 node17 node74 node97 node54 node94 node54 node76 node57 node76 node54 node97 node74 node99 node55 node48 node31 node75 node60 node79 node47 node87
26
node29 node29
node55 node83 node55 node48
node97 node14 node69 node15 node42 node97
node59 node64 node59
node87 node11 node27 node8 node95 node37
node54 node23 node76 node54
node45 node35 node45
node47 node47
node2 node2
node53 node53
node17 node17
node79 node79
node78 node86 node38
node6 node6
node74 node99 node74
node94 node94
node57 node57 node56
node12 node12
node5 node5 node19
node39 node39 node92 node93
node25 node25
node75 node75 node85 node60
node72 node72
node88 node88
node31 node31
node1 node1
