node139 node24 node157 node92 node152 node10 node152 node158 node191 node158 node180 node158 node152 node60 node96 node8 node52 node150 node146 node33 node125 node123 node143 node123 node125 node33 node57 node51 node89 node51 node57 node33 node146 node150 node52 node22 node81 node22 node27 node73 node188 node73 node27 node192 node124 node54 node108 node54 node124 node192 node27 node22 node52 node8 node96 node60 node152 node92 node160 node181 node9 node200 node16 node47 node16 node200 node80 node37 node178 node109 node129 node55 node129 node109 node66 node41 node71 node49 node185 node141 node185 node193 node86 node97 node126 node97 node86 node193 node185 node49 node71 node41 node66 node109 node178 node162 node178 node37 node80 node20 node53 node20 node112 node20 node53 node164 node186 node98 node119 node131 node169 node134 node85 node173 node85 node100 node38 node94 node38 node100 node30 node50 node30 node100 node85 node134 node169 node131 node119 node98 node186 node164 node53 node20 node80 node200 node9 node181 node160 node92 node157 node24 node154 node61 node102 node48 node102 node61 node154 node24 node139 node166 node19 node95 node117 node184 node117 node95 node139
52
node191 node195 node114 node3 node191 node159 node59
node152 node60 node152 node12
node8 node8 node52
node109 node178 node66 node111 node109
node125 node125 node123
node131 node119
node184 node184 node117
node192 node192 node5
node53 node53 node20
node89 node107 node116
node50 node50 node165
node141 node185 node65 node141
node158 node158
node100 node100 node30
node37 node37 node80
node181 node181 node160
node124 node17 node124 node54
node94 node38 node94
node71 node49 node149 node71
node86 node86 node97
node126 node126
node48 node163 node48
node10 node10
node24 node24
node92 node92
node33 node33 node1 node57
node173 node42 node85 node18 node173
node81 node22 node81
node186 node98 node186
node112 node112
node169 node134 node190 node169
node146 node146
node96 node182 node96 node56
node19 node19 node130 node84
node129 node129
node154 node154 node61
node47 node47
node200 node200
node73 node26 node73
node108 node108
node41 node41
node27 node27
node180 node167 node180
node16 node16
node143 node143
node162 node162
node102 node102
node157 node157
node188 node188
node55 node55
node51 node51
node193 node72
