369 3327 1eb1 9cde 69b7 664e 221a da4 664e 960c 84ff bb8f 1408e bb8f 2583 8bd1 ffc3 c933 a3b 4e6f c933 139bc 132ea 2fbe 6d20 da40 14ac9 121dd 4434 110d a047 d36e 39f9 14760 10d67 d6d7 e7e4 10695 13653 13d25 128af eeb6 b4bd 62e5 c261 14e32 110d0 4b06 1476 4b06 e47b a719 51d8 d005 2c55 dda9 3d62 11b0b 369
25
3327 3327
14e32 c261 110d0 14e32
14760 d6d7 14760 10d67
bb8f 2583 1408e 8bd1 d36e bb8f
d005 62e5 2c55 d005
1eb1 1eb1
132ea 14ac9 da40 139bc 132ea 2fbe 6d20
13653 e7e4 13653
da4 da4
10695 10695
eeb6 dda9 b4bd eeb6
69b7 69b7
a3b ffc3 c933 a3b
a047 121dd 4434 a047
664e 664e
9cde 9cde
4b06 4b06
128af 128af
84ff 960c 84ff
e47b 51d8 e47b
11b0b 11b0b
13d25 13d25
4e6f 4e6f
221a 221a
1476 1476
