507 164f1 2c9e2 16eff 648c 356a6 22902 2513a 26a5d 12396 2a6b1 91cb 1ecae 200ca 374d 3c54 11988 1056c 18822 23d1e 25b48 1923 36fc9 25641 2fc28 2d8f7 1831b 4b69 18d29 d326 388ec d82d 2ddfe e742 5577 30636 31a52 19737 2b5c6 78a8 33375 1ab53 1f1b5 dd34 20fdf 2f21a 17e14 1d892 379d7 1d892 38df3 1790d 3428a c918 10065 1c97d 2bacd 2b0bf 3387c 1a64c 23310 24c33 2e305 374d0 36ac2 13cb9 1ba68 ba03 3012f 3246 1dd99 22e09 214e6 27e79 360b4 28d8e 2cee9 8cc4 15fea 146c7 2472c 32460 11e8f aff5 ec49 155dc 1e2a 37ede 4662 82b6 32e6e 169f8 23817 2604f 9bd9 6993 c411 150d5 27972 26f64 507
49
374d 3c54 1ecae 200ca 374d
aff5 aff5 ec49 11e8f
28d8e 27e79 360b4 28d8e
82b6 82b6
30636 5577 30636
2513a 26a5d 2513a 12396
dd34 dd34 20fdf
164f1 164f1
169f8 32460 169f8
27972 27972 91cb 2a6b1
4b69 2d8f7 4b69 1831b
e742 e742
1ab53 2f21a 17e14 1ab53 2472c
25641 2fc28 25641 36fc9
1923 1923
c411 9bd9 150d5 c411
37ede 4662
146c7 146c7 15fea
33375 33375 78a8
1790d 38df3 1790d
507 2c9e2 16eff
379d7 1d892 379d7
2b0bf 2b0bf 374d0 2bacd
23310 3387c 1a64c 23310
24c33 2e305 24c33
8cc4 8cc4
d326 d326 18d29
26f64 22902 26f64 356a6 648c
36ac2 36ac2
22e09 22e09 214e6
1f1b5 1f1b5
2cee9 2cee9
3012f 3012f 1dd99 3246
ba03 ba03
10065 10065 1c97d
c918 3428a c918
155dc 155dc
1056c 1056c
1e2a 1e2a
18822 18822
23817 23817
23d1e 19737 23d1e 25b48
32e6e 32e6e
6993 6993
2604f 2604f
13cb9 13cb9 1ba68
2ddfe 2ddfe d82d 388ec
11988 11988 2b5c6
31a52 31a52
