node0 node162 node157 node137 node183 node91 node108 node18 node136 node18 node196 node129 node44 node146 node134 node184 node130 node134 node79 node153 node69 node112 node174 node24 node135 node102 node32 node124 node132 node186 node101 node187 node101 node76 node156 node107 node57 node143 node30 node115 node52 node144 node30 node165 node149 node154 node127 node113 node139 node77 node175 node118 node110 node61 node120 node117 node65 node192 node148 node61 node1 node164 node118 node173 node167 node12 node188 node46 node195 node185 node126 node168 node126 node103 node106 node198 node145 node147 node111 node67 node169 node193 node182 node109 node197 node100 node197 node121 node128 node125 node161 node197 node163 node177 node155 node116 node105 node166 node70 node104 node160 node189 node123 node70 node176 node140 node199 node114 node119 node138 node133 node122 node55 node180 node141 node179 node49 node194 node178 node25 node142 node155 node37 node151 node131 node158 node82 node159 node152 node96 node171 node181 node85 node170 node87 node172 node190 node150 node191 node0
56
node197 node100 node109 node197
node101 node101
node102 node102 node135
node103 node103 node106
node104 node104 node189
node166 node105 node166
node107 node107 node173
node108 node108
node110 node110 node118 node164
node151 node111 node151
node134 node112 node134 node153
node139 node113 node139
node114 node114
node30 node115 node144
node116 node116
node120 node117 node120
node119 node119
node121 node121
node55 node122 node180
node70 node123 node199
node132 node124 node132 node186
node125 node125 node128
node126 node126
node127 node127
node196 node129 node136 node183 node196
node0 node130 node184
node158 node131 node150 node158 node170
node138 node133 node138
node137 node137
node140 node140 node176
node179 node141 node179
node177 node142 node155 node163 node177
node143 node143
node145 node145 node147 node198
node162 node146 node157 node162
node148 node148 node192
node149 node149 node154 node165 node175
node152 node152 node159 node171
node156 node156
node160 node160
node161 node161
node167 node167
node168 node168
node67 node169
node190 node172 node190
node24 node174
node178 node178
node181 node181
node182 node182
node185 node185
node187 node187
node46 node188
node191 node191
node193 node193
node194 node194
node195 node195
