73 72 34 63 53 42 11 24 17 23 29 28 27 30 11 44 20 59 36 61 56 37 75 37 68 38 66 71 67 34 19 57 19 40 41 11 3 4 2 6 2 8 2 5 2 7 2 11 33 22 60 22 11 25 11 26 11 14 11 17 50 47 45 51 17 18 55 18 40 34 64 65 64 34 62 77 62 34 73
50
72 72
34 34
63 63
53 53
42 42
11 11
24 24
23 23
29 29
28 28
27 27
30 30
44 44
20 20
59 59
36 36
61 61
56 56
37 37
75 75
68 68
38 38
66 66
71 71
67 67
19 19
57 57
40 40
41 41
3 3
4 4
2 2
6 6
8 8
5 5
7 7
33 33
22 22
60 60
25 25
26 26
14 14
50 50
47 47
45 45
51 51
55 55
64 64
65 65
77 77
