8 81 123 127 130 100 101 160 102 24 25 21 20 99 106 66 49 97 81 121 83 86 88 36 55 36 84 124 82 5 81 97 105 164 114 115 116 158 183 158 116 54 100 130 127 130 87 130 98 97 52 54 116 158 170 193 160 149 90 137 90 102 90 100 16 83 80 83 16 19 16 98 143 185 153 144 86 88 90 88 99 106 66 63 66 52 69 56 109 169 191 169 109 56 35 33 4 30 49 64 66 105 165 105 97 8 2 8 97 105 65 113 153 106 54 71 56 109 149 188 183 176 147 156 115 154 143 82 144 107 167 108 99 98 125 172 125 98 145 108 169 108 99 84 6 11 85 88 40 42 45 42 109 116 54 52 105 98 145 146 136 89 28 21 28 89 88 99 52 30 52 99 88 135 101 58 73 71 53 34 82 120 123 127 130 100 58 59 62 103 138 179 137 91 24 38 54 68 113 114 115 156 182 146 86 11 4 29 8 98 99 38 24 26 24 38 99 84 126 84 99 38 22 42 62 118 74 108 145 98 32 47 66 106 54 116 158 192 171 192 158 116 54 52 54 72 58 101 92 93 28 90 88 86 11 82 79 82 11 86 146 159 192 158 116 54 33 52 105 152 105 52 54 116 109 42 22 23 18 38 54 70 51 36 16 17 16 98 145 130 83 86 144 86 131 176 138 181 149 109 168 159 118 78 59 74 108 145 98 125 174 173 129 86 88 40 42 95 42 40 88 99 52 105 142 105 52 99 38 39 38 99 98 125 82 32 3 32 34 107 156 190 156 100 40 42 61 60 74 108 145 98 8
100
123 123
160 160
24 24
25 25
66 66
49 49
121 121
88 88
55 55
124 124
5 5
164 164
183 183
54 54
127 127
87 87
97 97
193 193
137 137
102 102
80 80
19 19
185 185
90 90
63 63
69 69
191 191
35 35
4 4
64 64
165 165
2 2
65 65
153 153
71 71
188 188
147 147
115 115
82 82
167 167
99 99
172 172
169 169
6 6
85 85
45 45
109 109
105 105
136 136
21 21
89 89
30 30
135 135
73 73
53 53
120 120
100 100
59 59
179 179
91 91
38 38
68 68
113 113
182 182
29 29
26 26
126 126
22 22
118 118
47 47
171 171
52 52
72 72
93 93
79 79
192 192
33 33
152 152
116 116
42 42
23 23
70 70
51 51
17 17
145 145
83 83
144 144
181 181
168 168
78 78
174 174
173 173
95 95
142 142
39 39
125 125
3 3
190 190
40 40
61 61
