0 1 12 26 12 63 12 1 18 62 18 1 19 3 9 35 9 48 9 68 9 3 13 17 32 17 13 3 27 3 41 3 49 3 54 3 19 1 21 1 28 1 45 1 58 1 0 7 2 5 37 5 39 5 50 5 78 5 2 23 2 42 2 55 2 56 2 67 2 70 2 72 2 77 2 7 25 59 25 7 0 8 4 10 6 20 6 31 6 34 6 53 6 73 6 10 36 10 40 10 74 10 4 15 47 15 4 16 24 61 24 16 4 38 4 43 4 69 4 8 11 22 76 22 11 46 11 64 11 8 51 8 57 8 65 8 75 8 0 14 0 29 0 30 0 33 0 44 0 52 0 60 0 66 0 71 0 79 0 80 81 82 83 84 85 86 87 88 89 90 91 92 93 94 95 96 97 98 99 100 101 102 103 104 105 106 107 108 109 110 111 112 113 114 115 116 117 118 119 80 0 1 12 26 120 121 122 123 124 125 126 127 128 129 128 127 126 125 124 123 122 121 120 26 12 1 0
100
1 1
12 12
26 26
63 63
18 18
62 62
19 19
3 3
9 9
35 35
48 48
68 68
13 13
17 17
32 32
27 27
41 41
49 49
54 54
21 21
28 28
45 45
58 58
7 7
2 2
5 5
37 37
39 39
50 50
78 78
23 23
42 42
55 55
56 56
67 67
70 70
72 72
77 77
25 25
59 59
8 8
4 4
10 10
6 6
20 20
31 31
34 34
53 53
73 73
36 36
40 40
74 74
15 15
47 47
16 16
24 24
61 61
38 38
43 43
69 69
11 11
22 22
76 76
46 46
64 64
51 51
57 57
65 65
75 75
14 14
29 29
30 30
33 33
44 44
52 52
60 60
66 66
71 71
79 79
80 80
82 82
84 84
86 86
88 88
90 90
92 92
94 94
96 96
98 98
100 100
102 102
104 104
106 106
108 108
110 110
112 112
114 114
116 116
118 118
129 129
