UMUCUTWAW CNINRTR CJLYWOAQ VASGY WRQUJ JOWHZXTIA XWBHEYXJU KUUVZB TJFSEUB TNKNMUFI KAYADTT YNHRBC XJOXYWA GVNFQM RRFKVFYKR ZSHRTZVKO JVYIBRJ AWQOWSNYN SUIOZK ZFMGDWP YPXLG MHXHJGEF YFKIFTRS TCXWZV TNSRRJCDD XGGIUBVDN VHLSP ZPFHBWI IZNSKNS RDTQTJB UENPUJ ZLYFI ELILXSR STQNQT OMBFD CRSMUEPQG QOHWG GUDSRTKLA WEPDZ VSMLVXSP USUVN AOWYQNAYA DQOPCH MWTSDF MNWMWDXCQ PLYPQBTP EGEASKKIE VHHVQ WRQUJ OIPVAKF FVKLDY JJAQQ JMLZW UMUCUTWAW
50
CNINRTR CNINRTR
CJLYWOAQ CJLYWOAQ
VASGY VASGY
WRQUJ WRQUJ
JOWHZXTIA JOWHZXTIA
XWBHEYXJU XWBHEYXJU
KUUVZB KUUVZB
TJFSEUB TJFSEUB
TNKNMUFI TNKNMUFI
KAYADTT KAYADTT
YNHRBC YNHRBC
XJOXYWA XJOXYWA
GVNFQM GVNFQM
RRFKVFYKR RRFKVFYKR
ZSHRTZVKO ZSHRTZVKO
JVYIBRJ JVYIBRJ
AWQOWSNYN AWQOWSNYN
SUIOZK SUIOZK
ZFMGDWP ZFMGDWP
YPXLG YPXLG
MHXHJGEF MHXHJGEF
YFKIFTRS YFKIFTRS
TCXWZV TCXWZV
TNSRRJCDD TNSRRJCDD
XGGIUBVDN XGGIUBVDN
VHLSP VHLSP
ZPFHBWI ZPFHBWI
IZNSKNS IZNSKNS
RDTQTJB RDTQTJB
UENPUJ UENPUJ
ZLYFI ZLYFI
ELILXSR ELILXSR
STQNQT STQNQT
OMBFD OMBFD
CRSMUEPQG CRSMUEPQG
QOHWG QOHWG
GUDSRTKLA GUDSRTKLA
WEPDZ WEPDZ
VSMLVXSP VSMLVXSP
USUVN USUVN
AOWYQNAYA AOWYQNAYA
DQOPCH DQOPCH
MWTSDF MWTSDF
MNWMWDXCQ MNWMWDXCQ
PLYPQBTP PLYPQBTP
EGEASKKIE EGEASKKIE
VHHVQ VHHVQ
OIPVAKF OIPVAKF
FVKLDY FVKLDY
JJAQQ JJAQQ
