USZWPSB EMAAQWO FZGDAQKRC PSCLAN EPJHOESBB JVWIZDBS BLXWCB ORCMU HWJUZVNH SICVXMLGL TPDLFKGVB YVIRIDDRA JBHQVBXP DFFFG HFOSAUMP EFOWXJQKY MWXYLX GEGFOSJ FZGDAQKRC MRXNI ACYPAPBPW NCPEGX VBAQD HSAIPP AOVKACB MSHZNEX ZGZQJZFA XHMMLM UDNWTRHT AHZYCQM TNHRK FPWMJC GNXDBJSVR SIAFKK KRUSUHB XENTNT JOXQIX APIOYKU BHAMV HSJUMJH EHQRYBZ XQOMNCXDB UDNWTRHT YOUZA XENTNT RBNAR VVSNO EPJHOESBB BCHOPGEE LNDUQDYSK LYRSZA TQSCIQTX QMHLIXVD TTXGTNV HNOOUELP RGLCPSJQE ZEZKNGTK KAUIIR CCTJZN KYSSK NBRZI EJXSCSGM XSWDY MWXYLX BTMJSONW HNOOUELP GILHCKNI ILXWSRIC UBODMUMJ YHITQ TGPYEAP RJDHJFNIN GNXDBJSVR NTZSZ YFEZIO OLUPAJLP BNKNHMV VWNAJFRNG EJXSCSGM ZNZOQPE HEFYBKPUF RLWAP UDNWTRHT NZJGYK UZGTEP APIOYKU BDHKKLSE TOAKXEQ NHNDWOH SIAFKK YFEZIO DKINCMT RJDHJFNIN NIVCBBO PJXURKPC FCWRH WTQCHXQ CWLLCM LJIWVABQS VWHRKOPZ HWJUZVNH BDHKKLSE RQWCFDHW BDHKKLSE VBAQD FZNKCK JQHORKB JXLFSOAT TTXGTNV OVKLH YKOGGTNN DIXXP USZWPSB UZGTEP MYDTJZPES AIGGLZT RVPJHZLQQ NVPDYHJ AXCWU RUGMYM NIVCBBO RGSOR YAETAC MQSJLQ ANHOTJN JEGRK GEGFOSJ KRUSUHB JIDZW GLYDZ YHITQ FJQMKJNWE APBFJMOOF HNOOUELP ACYPAPBPW GALHVZ SPLDAD FLOTLYFG HVERBTBS ZKGYGD ZNZOQPE XZUPVI ENYRMHFE VFEEU LZJJRVPRK MOXGRP WEXBJV USZWPSB
99
EMAAQWO EMAAQWO
FZGDAQKRC FZGDAQKRC
EPJHOESBB EPJHOESBB
JVWIZDBS JVWIZDBS
BLXWCB BLXWCB
ORCMU ORCMU
SICVXMLGL SICVXMLGL
YVIRIDDRA YVIRIDDRA
DFFFG DFFFG
EFOWXJQKY EFOWXJQKY
GEGFOSJ GEGFOSJ
MRXNI MRXNI
NCPEGX NCPEGX
HSAIPP HSAIPP
AOVKACB AOVKACB
MSHZNEX MSHZNEX
XHMMLM XHMMLM
UDNWTRHT UDNWTRHT
AHZYCQM AHZYCQM
FPWMJC FPWMJC
GNXDBJSVR GNXDBJSVR
SIAFKK SIAFKK
XENTNT XENTNT
JOXQIX JOXQIX
BHAMV BHAMV
HSJUMJH HSJUMJH
EHQRYBZ EHQRYBZ
XQOMNCXDB XQOMNCXDB
YOUZA YOUZA
RBNAR RBNAR
VVSNO VVSNO
BCHOPGEE BCHOPGEE
LNDUQDYSK LNDUQDYSK
LYRSZA LYRSZA
TQSCIQTX TQSCIQTX
QMHLIXVD QMHLIXVD
TTXGTNV TTXGTNV
RGLCPSJQE RGLCPSJQE
ZEZKNGTK ZEZKNGTK
KAUIIR KAUIIR
CCTJZN CCTJZN
NBRZI NBRZI
EJXSCSGM EJXSCSGM
XSWDY XSWDY
MWXYLX MWXYLX
HNOOUELP HNOOUELP
ILXWSRIC ILXWSRIC
UBODMUMJ UBODMUMJ
TGPYEAP TGPYEAP
RJDHJFNIN RJDHJFNIN
NTZSZ NTZSZ
OLUPAJLP OLUPAJLP
VWNAJFRNG VWNAJFRNG
ZNZOQPE ZNZOQPE
HEFYBKPUF HEFYBKPUF
RLWAP RLWAP
NZJGYK NZJGYK
APIOYKU APIOYKU
TOAKXEQ TOAKXEQ
NHNDWOH NHNDWOH
YFEZIO YFEZIO
DKINCMT DKINCMT
NIVCBBO NIVCBBO
PJXURKPC PJXURKPC
FCWRH FCWRH
WTQCHXQ WTQCHXQ
CWLLCM CWLLCM
VWHRKOPZ VWHRKOPZ
HWJUZVNH HWJUZVNH
RQWCFDHW RQWCFDHW
VBAQD VBAQD
FZNKCK FZNKCK
JQHORKB JQHORKB
JXLFSOAT JXLFSOAT
OVKLH OVKLH
YKOGGTNN YKOGGTNN
DIXXP DIXXP
USZWPSB USZWPSB
MYDTJZPES MYDTJZPES
AIGGLZT AIGGLZT
RVPJHZLQQ RVPJHZLQQ
AXCWU AXCWU
RUGMYM RUGMYM
RGSOR RGSOR
YAETAC YAETAC
ANHOTJN ANHOTJN
JEGRK JEGRK
KRUSUHB KRUSUHB
GLYDZ GLYDZ
FJQMKJNWE FJQMKJNWE
APBFJMOOF APBFJMOOF
ACYPAPBPW ACYPAPBPW
GALHVZ GALHVZ
FLOTLYFG FLOTLYFG
HVERBTBS HVERBTBS
ZKGYGD ZKGYGD
XZUPVI XZUPVI
VFEEU VFEEU
MOXGRP MOXGRP
