NENJIT PRANHUZWO ZRBGORXP XAUNPSJR UEMUXMRIZ CQLIWA RIEJGXSA EIPVED PEHTVQXDW MXPVTEZCH DYDBSTHU FULIXB HJANXPSU WTGBMM XYVFHKPGH KQUKCKTD UUBADXD XVEIIY NDFUIQRA MXOUMOMJ SPKBX QMQDBY KUTCUN PQHUEQ RZCLRJW MXOUMOMJ LFAYEWG XAUNPSJR NENJIT
25
PRANHUZWO PRANHUZWO
ZRBGORXP ZRBGORXP
XAUNPSJR XAUNPSJR
UEMUXMRIZ UEMUXMRIZ
CQLIWA CQLIWA
RIEJGXSA RIEJGXSA
EIPVED EIPVED
PEHTVQXDW PEHTVQXDW
MXPVTEZCH MXPVTEZCH
DYDBSTHU DYDBSTHU
FULIXB FULIXB
HJANXPSU HJANXPSU
WTGBMM WTGBMM
XYVFHKPGH XYVFHKPGH
KQUKCKTD KQUKCKTD
UUBADXD UUBADXD
XVEIIY XVEIIY
NDFUIQRA NDFUIQRA
MXOUMOMJ MXOUMOMJ
SPKBX SPKBX
QMQDBY QMQDBY
KUTCUN KUTCUN
PQHUEQ PQHUEQ
RZCLRJW RZCLRJW
LFAYEWG LFAYEWG
