liverance catabolism tortillons studiously oversleeps bywoners hypanthium Akkub moderatrix hatrail jitterbugs lethiferal wellbores handballer metamere kamencheh tightening shutter achieve pontage asterisk otate coulde refortify pallia liverance
25
liverance liverance
catabolism catabolism
tortillons tortillons
studiously studiously
oversleeps oversleeps
bywoners bywoners
hypanthium hypanthium
Akkub Akkub
moderatrix moderatrix
hatrail hatrail
jitterbugs jitterbugs
lethiferal lethiferal
wellbores wellbores
handballer handballer
metamere metamere
kamencheh kamencheh
tightening tightening
shutter shutter
achieve achieve
pontage pontage
asterisk asterisk
otate otate
coulde coulde
refortify refortify
pallia pallia
