2 10 29 19 49 17 29 19 36 71 46 52 4 67 72 77 22 30 37 4 95 22 21 61 81 12 70 92 97 75 82 88 28 79 11 17 91 57 13 62 56 67 9 48 71 36 44 83 90 8 15 2 63 97 64 99 34 13 2 10 32 31 2 76 94 27 26 56 88 24 10 5 23 25 80 59 80 93 2
50
29 29
49 49
17 17
19 19
71 71
52 52
4 4
72 72
77 77
30 30
37 37
95 95
21 21
61 61
12 12
70 70
97 97
82 82
88 88
79 79
11 11
91 91
57 57
62 62
67 67
9 9
48 48
36 36
44 44
83 83
8 8
15 15
63 63
64 64
34 34
13 13
2 2
32 32
31 31
76 76
94 94
26 26
56 56
24 24
5 5
23 23
25 25
59 59
80 80
93 93
