73 11 191 163 58 145 27 101 189 195 16 99 166 82 12 112 186 96 129 110 39 60 2 66 192 153 122 62 187 6 35 176 0 57 52 77 155 168 184 128 183 92 175 83 75 171 135 109 15 89 194 138 125 76 133 136 169 37 81 41 190 21 173 26 72 95 42 143 98 19 63 71 154 7 159 24 197 107 49 161 124 47 196 55 40 127 48 123 162 68 118 70 119 10 167 61 185 115 70 44 194 53 35 73
100
73 73
11 11
191 191
163 163
58 58
145 145
27 27
101 101
189 189
195 195
16 16
99 99
166 166
82 82
12 12
112 112
186 186
96 96
129 129
110 110
39 39
60 60
2 2
66 66
192 192
153 153
122 122
62 62
187 187
6 6
35 35
176 176
0 0
57 57
52 52
77 77
155 155
168 168
184 184
128 128
183 183
92 92
175 175
83 83
75 75
171 171
135 135
109 109
15 15
89 89
194 194
138 138
125 125
76 76
133 133
136 136
169 169
37 37
81 81
41 41
190 190
21 21
173 173
26 26
72 72
95 95
42 42
143 143
98 98
19 19
63 63
71 71
154 154
7 7
159 159
24 24
197 197
107 107
49 49
161 161
124 124
47 47
196 196
55 55
40 40
127 127
48 48
123 123
162 162
68 68
118 118
70 70
119 119
10 10
167 167
61 61
185 185
115 115
44 44
53 53
