39 0 42 0 83 0 12 0 46 0 118 0 43 0 123 0 179 0 195 0 107 0 148 0 77 0 126 0 28 0 110 0 197 0 100 0 161 0 3 0 182 0 78 0 51 0 151 0 114 0 55 0 36 0 75 0 88 0 49 0 31 0 135 0 56 0 20 0 74 0 22 0 147 0 169 0 76 0 194 0 173 0 94 0 91 0 113 0 17 0 133 0 44 0 157 0 154 0 6 39
50
0 108 115 116 109 41 11 129 89 163 140 16 112 80 30 103 27 59 176 130 152 160 156 158 119 13 193 81 198 54 180 177 84 96 99 0 63 139 192 111 183 97 178 4 93 174 191 70 149 23 150 48
110 110
75 75
12 12
44 44
114 114
74 74
113 113
91 91
195 195
6 6
78 78
55 55
157 157
83 83
194 194
126 126
36 36
179 179
197 197
76 76
161 161
169 169
77 77
100 100
49 49
133 133
118 118
56 56
88 88
148 148
28 28
123 123
17 17
20 20
135 135
154 154
46 46
151 151
182 182
31 31
43 43
94 94
42 42
147 147
22 22
51 51
173 173
3 3
107 107
