0 10 36 25 29 42 43 72 61 62 61 72 43 49 43 72 64 66 78 92 84 96 84 92 78 61 72 43 42 29 28 39 28 29 42 43 72 61 78 92 88 92 78 61 72 43 42 29 25 36 10 12 5 4 13 10 36 25 29 42 43 72 61 78 92 84 92 78 61 72 43 46 40 42 29 25 36 10 36 25 29 42 43 72 61 78 92 85 81 85 92 78 65 60 72 43 41 44 42 29 25 36 10 9 10 36 34 27 29 42 43 72 61 78 92 99 92 78 61 72 43 42 29 25 36 10 19 10 36 25 29 42 43 72 75 69 78 92 91 92 78 61 72 43 41 45 58 42 29 20 22 35 22 30 29 42 43 72 60 65 60 72 43 42 29 25 36 10 6 1 2 10 36 25 29 42 43 72 61 78 92 83 92 78 66 72 43 42 29 37 28 29 42 43 72 61 79 61 78 92 83 80 83 92 78 61 72 43 48 42 29 25 36 10 0 4 11 10 36 25 29 42 47 41 43 72 60 65 71 65 60 72 43 56 43 72 70 61 78 92 98 92 78 61 72 43 42 29 25 36 10 0
44
62 62
61 61
49 49
64 64
96 96
39 39
88 88
36 36
12 12
5 5
13 13
84 84
46 46
10 10
81 81
60 60
44 44
9 9
27 27
99 99
19 19
75 75
91 91
45 45
58 58
35 35
30 30
65 65
6 6
2 2
83 83
66 66
37 37
28 28
79 79
80 80
48 48
4 4
11 11
47 47
71 71
56 56
70 70
98 98
