0 1 3 76 69 100 80 87 145 124 147 124 145 87 80 100 69 60 69 100 80 87 145 133 127 129 175 164 198 164 175 129 121 143 121 129 175 192 175 129 121 145 87 109 89 100 69 76 3 19 3 76 69 100 80 87 145 121 129 175 162 175 129 121 145 87 80 100 83 92 81 87 145 125 120 125 145 87 80 115 100 69 76 3 1 23 1 3 76 69 100 80 87 145 137 141 137 145 87 80 84 103 100 69 76 3 14 3 76 69 100 80 87 145 125 146 122 138 145 87 86 89 100 69 41 66 41 69 100 101 86 87 145 121 126 121 145 87 80 100 69 76 3 76 58 70 41 69 100 91 81 117 83 100 69 76 3 5 1 0
30
147 147
60 60
127 127
198 198
143 143
192 192
109 109
19 19
162 162
87 87
100 100
92 92
120 120
115 115
23 23
141 141
84 84
103 103
14 14
146 146
138 138
89 89
66 66
101 101
126 126
3 3
58 58
70 70
91 91
117 117
