132 173 185 26 27 28 195 113 109 105 101 97 87 97 101 105 109 113 195 28 27 26 25 17 161 146 138 189 196 194 188 149 136 171 167 133 156 159 152 159 166 182 160 76 78 68 60 68 78 72 80 82 80 72 78 68 60 62 64 66 46 66 142 66 46 38 44 38 40 36 40 38 46 66 64 62 60 68 78 76 160 182 166 159 156 133 167 171 136 149 188 194 198 194 196 181 192 162 192 154 184 154 192 181 197 193 135 148 13 177 33 35 39 41 45 47 61 81 61 47 45 41 39 35 33 177 13 9 8 6 5 3 2 3 5 6 8 9 13 148 135 193 197 181 196 189 138 146 161 17 25 26 185 173 132 126 122 118 106 108 106 100 98 92 96 88 86 90 86 88 96 92 98 100 102 104 132
50
136 171 136
60 60 64 56 62
27 195 25 28 113 137 31 27 26 17
46 46 66 38
80 80
162 162 155
92 96 92
3 3 5
106 122 106 118
184 184
47 47 45 41
68 68
173 126 173 176
90 86 88 90
154 154
189 189 138 161 146
196 196 181
100 100 102
72 72
152 159 156 152
44 44
177 33 177
104 104
101 95 109 101 97 91 105
78 78
188 188 194
8 8
61 61
9 9
98 98
160 160 76
167 133 167 183
81 81 77 75
193 193 135
87 85 87
35 39 35
197 197
6 6
36 40 36
13 13 180
166 166 182
142 142
82 82
198 198
192 192
185 185
148 148
2 2
108 108
149 149
