Building99 Building98 Building19 Building22 Building92 Building96 Building94 Building85 Building94 Building83 Building94 Building89 Building90 Building91 Building88 Building91 Building90 Building89 Building94 Building93 Building97 Building93 Building94 Building85 Building45 Building55 Building74 Building60 Building59 Building57 Building68 Building57 Building59 Building60 Building74 Building62 Building71 Building69 Building71 Building53 Building67 Building63 Building61 Building51 Building61 Building43 Building52 Building66 Building52 Building43 Building61 Building63 Building67 Building53 Building71 Building62 Building74 Building55 Building45 Building85 Building94 Building96 Building92 Building22 Building20 Building21 Building20 Building12 Building10 Building9 Building4 Building8 Building5 Building7 Building5 Building8 Building6 Building28 Building23 Building24 Building25 Building24 Building23 Building26 Building79 Building77 Building81 Building77 Building76 Building77 Building79 Building26 Building23 Building32 Building38 Building29 Building33 Building29 Building41 Building39 Building34 Building37 Building42 Building37 Building31 Building29 Building38 Building32 Building23 Building27 Building21 Building22 Building19 Building98 Building99
28
Building21 Building20 Building21 Building18 Building16
Building74 Building62 Building74
Building61 Building67 Building61 Building63
Building66 Building47 Building66 Building49
Building39 Building41 Building39
Building81 Building81
Building55 Building55
Building79 Building26
Building24 Building23 Building28
Building97 Building97 Building93
Building85 Building94 Building85
Building9 Building9
Building52 Building52 Building43
Building5 Building6 Building0 Building8 Building5
Building42 Building42
Building12 Building12
Building76 Building76
Building51 Building50 Building51
Building88 Building91 Building88
Building25 Building25
Building69 Building69 Building53 Building44 Building71
Building33 Building33
Building96 Building96 Building82
Building7 Building7
Building92 Building92
Building83 Building83
Building68 Building68
Building57 Building57
