Building65 Building66 Building99 Building34 Building35 Building42 Building35 Building38 Building37 Building38 Building45 Building38 Building35 Building41 Building44 Building41 Building4 Building7 Building59 Building62 Building63 Building61 Building57 Building61 Building63 Building62 Building59 Building7 Building5 Building1 Building8 Building1 Building5 Building3 Building5 Building7 Building4 Building41 Building35 Building34 Building99 Building66 Building83 Building30 Building20 Building18 Building24 Building19 Building32 Building19 Building24 Building28 Building25 Building28 Building24 Building18 Building13 Building14 Building29 Building95 Building94 Building92 Building94 Building70 Building76 Building70 Building77 Building81 Building77 Building73 Building82 Building73 Building77 Building70 Building67 Building68 Building67 Building70 Building94 Building95 Building29 Building14 Building13 Building21 Building13 Building18 Building20 Building27 Building23 Building22 Building53 Building51 Building54 Building51 Building52 Building55 Building52 Building51 Building53 Building22 Building23 Building27 Building20 Building18 Building13 Building14 Building12 Building88 Building91 Building90 Building88 Building12 Building99 Building66 Building65
31
Building27 Building27
Building90 Building84
Building42 Building42
Building92 Building96 Building94 Building92 Building97
Building34 Building64 Building99
Building24 Building24
Building25 Building31 Building25
Building59 Building59
Building44 Building44 Building33 Building36 Building46
Building91 Building88 Building91
Building63 Building58 Building61
Building54 Building54 Building51
Building55 Building55
Building29 Building15
Building21 Building16 Building11
Building82 Building71 Building82 Building73
Building7 Building4
Building35 Building35 Building41
Building8 Building8
Building23 Building22
Building14 Building10 Building13
Building76 Building76
Building68 Building80
Building37 Building37
Building20 Building83 Building20 Building30
Building32 Building32
Building81 Building79 Building81
Building45 Building45
Building57 Building57
Building1 Building1
Building3 Building3
