140 139 35 18 62 193 32 177 14 112 125 76 103 93 39 95 158 160 42 50 179 7 175 166 8 159 167 9 96 176 41 19 21 170 186 44 83 57 178 185 22 169 4 128 134 59 73 150 27 115 130 6 101 41 52 94 40 80 133 114 118 10 117 53 197 97 65 61 36 196 11 5 45 127 168 29 154 77 123 153 56 132 25 104 182 47 148 108 135 33 139 89 82 102 13 173 12 57 83 142 83 55 51 122 190 84 4 49 118 85 184 83 52 146 186 148 144 24 151 24 144 148 134 79 11 19 139 140
100
139 139
35 35
18 18
62 62
193 193
32 32
177 177
14 14
112 112
125 125
76 76
103 103
93 93
39 39
95 95
158 158
160 160
42 42
50 50
179 179
7 7
175 175
166 166
8 8
159 159
167 167
9 9
96 96
176 176
41 41
19 19
21 21
170 170
186 186
44 44
83 83
57 57
178 178
185 185
22 22
169 169
4 4
128 128
134 134
59 59
73 73
150 150
27 27
115 115
130 130
6 6
101 101
94 94
40 40
80 80
133 133
114 114
10 10
117 117
53 53
197 197
97 97
65 65
61 61
36 36
196 196
11 11
5 5
45 45
127 127
168 168
29 29
154 154
77 77
123 123
153 153
56 56
132 132
25 25
104 104
182 182
47 47
108 108
135 135
89 89
82 82
102 102
13 13
173 173
12 12
142 142
55 55
51 51
190 190
84 84
49 49
85 85
146 146
151 151
79 79
