92 2 13 65 85 21 18 23 86 61 37 74 37 80 63 95 63 73 12 54 64 47 97 11 33 70 3 93 0 16 94 34 5 1 87 24 60 35 32 81 46 14 17 90 57 44 45 36 29 78 77 72 77 41 19 0 68 67 49 55 20 43 50 43 66 10 29 36 60 91 3 93 59 92
50
2 2
13 13
65 65
85 85
21 21
18 18
23 23
86 86
61 61
37 37
74 74
95 95
63 63
73 73
12 12
54 54
64 64
47 47
97 97
11 11
33 33
70 70
3 3
93 93
0 0
16 16
94 94
5 5
1 1
87 87
24 24
35 35
32 32
46 46
14 14
17 17
90 90
57 57
44 44
45 45
29 29
78 78
72 72
19 19
68 68
55 55
20 20
50 50
10 10
59 59
