a0 a19 a0 a97 a56 a3 a43 a2 a77 a49 a55 a6 a31 a13 a60 a13 a52 a75 a52 a13 a31 a6 a55 a49 a77 a2 a43 a3 a50 a3 a41 a8 a88 a8 a25 a15 a46 a15 a25 a8 a78 a24 a73 a24 a5 a24 a78 a8 a41 a3 a43 a2 a4 a98 a51 a53 a94 a87 a94 a23 a18 a1 a80 a1 a9 a28 a33 a28 a44 a28 a22 a7 a10 a11 a81 a11 a86 a11 a59 a47 a59 a74 a59 a11 a10 a7 a22 a28 a9 a1 a12 a1 a18 a21 a0
30
a9 a9 a48
a6 a42
a43 a43
a47 a47 a59
a53 a51 a53
a15 a71 a82
a74 a74
a87 a87 a94
a3 a90 a83 a56
a2 a98 a2 a77
a19 a17 a99 a21 a65 a97
a50 a50
a75 a52 a75
a55 a55
a11 a11
a18 a23 a93 a18
a7 a39 a37
a44 a44
a46 a46
a81 a81
a33 a33
a5 a79
a12 a12
a28 a28
a80 a80
a88 a8 a78 a88
a25 a25
a73 a73
a60 a60
a86 a86
