aliquam quisque malesuada quis ultrices gravida turpis aliquam mattis placerat ultrices condimentum mauris habitant nisi ultricies ultrices et mi imperdiet consectetur congue adipiscing ornare cras euismod ultrices vitae habitasse eros nec praesent platea lorem maecenas aliquam viverra aliquam vestibulum aliquam semper aliquam sagittis aliquam cursus lectus porttitor ut suscipit senectus aliquam sed fames enim eu aliquam
42
quisque quisque
malesuada malesuada
quis quis
gravida gravida
turpis turpis
mattis mattis
placerat placerat
condimentum condimentum
mauris mauris
habitant habitant
nisi nisi
ultricies ultricies
et et
mi mi
imperdiet imperdiet
consectetur consectetur
congue congue
adipiscing adipiscing
ornare ornare
cras cras
euismod euismod
vitae vitae
habitasse habitasse
eros eros
nec nec
praesent praesent
platea platea
lorem lorem
maecenas maecenas
viverra viverra
vestibulum vestibulum
semper semper
sagittis sagittis
cursus cursus
lectus lectus
porttitor porttitor
ut ut
suscipit suscipit
senectus senectus
sed sed
fames fames
enim enim
