AAA AAB AAC AAD AAC AAB ABB ABC ABB ACB ACC ACD ADD ADC ADB ADA BAA BAB BAC BAD BAC BAB BBB BBC BBB BCB BCC BCD BDD BDC BDB BDA CAA CAB CAC CAD CAC CAB CBB CBC CBB CCB CCC CCD CDD CDC CDB CDA DAA DAB DAC DAD DAC DAB DBB DBC DBB DCB DCC DCD DDD DDC DDB DDA EAA EAB EAC EAD EAC EAB EBB EBC EBB ECB ECC ECD EDD EDC EDB EDA FAA FAB FAC FAD FAC FAB FBB FBC FBB FCB FCC FCD FDD FDC FDB FDA GAA GAB GAC GAD GAC GAB GBB GBC GBB GCB GCC GCD GDD GDC GDB GDA HAA HAB HAC HAD HAC HAB HBB HBC HBB HCB HCC HCD HDD HDC HDB HDA IAA IAB IAC IAD IAC IAB IBB IBC IBB ICB ICC ICD IDD IDC IDB IDA JAA JAB JAC JAD JAC JAB JBB JBC JBB JCB JCC JCD JDD JDC JDB JDA KAA KAB KAC KAD KAC KAB KBB KBC KBB KCB KCC KCD KDD KDC KDB KDA LAA LAB LAC LAD LAC LAB LBB LBC LBB LCB LCC LCD LDD LCD LBD LAD LAC LAB LAA KDA KCA KBA KAA JDA JCA JBA JAA IDA ICA IBA IAA HDA HCA HBA HAA GDA GCA GBA GAA FDA FCA FBA FAA EDA ECA EBA EAA DDA DCA DBA DAA CDA CCA CBA CAA BDA BCA BBA BAA ADA ACA ABA AAA
72
AAD AAD
ABB ABB
ABC ABC
ACB ACB
ACD ACD
ADD ADD
BAD BAD
BBB BBB
BBC BBC
BCB BCB
BCD BCD
BDD BDD
CAD CAD
CBB CBB
CBC CBC
CCB CCB
CCD CCD
CDD CDD
DAD DAD
DBB DBB
DBC DBC
DCB DCB
DCD DCD
DDD DDD
EAD EAD
EBB EBB
EBC EBC
ECB ECB
ECD ECD
EDD EDD
FAD FAD
FBB FBB
FBC FBC
FCB FCB
FCD FCD
FDD FDD
GAD GAD
GBB GBB
GBC GBC
GCB GCB
GCD GCD
GDD GDD
HAD HAD
HBB HBB
HBC HBC
HCB HCB
HCD HCD
HDD HDD
IAD IAD
IBB IBB
IBC IBC
ICB ICB
ICD ICD
IDD IDD
JAD JAD
JBB JBB
JBC JBC
JCB JCB
JCD JCD
JDD JDD
KAD KAD
KBB KBB
KBC KBC
KCB KCB
KCD KCD
KDD KDD
LAD LAD
LBB LBB
LBC LBC
LCB LCB
LCD LCD
LDD LDD
