AAA AAB ABB ABC AAC AAD ABD ACD ADD ACD ACC ACB ACA ADA BAA BAB BBB BBC BAC BAD BBD BCD BDD BCD BCC BCB BCA BDA CAA CAB CBB CBC CAC CAD CBD CCD CDD CCD CCC CCB CCA CDA DAA DAB DBB DBC DAC DAD DBD DCD DDD DCD DCC DCB DCA DDA EAA EAB EBB EBC EAC EAD EBD ECD EDD ECD ECC ECB ECA EDA FAA FAB FBB FBC FAC FAD FBD FCD FDD FCD FCC FCB FBB FAB FAA EDA ECA EBA EAA DDA DCA DBA DAA CDA CCA CBA CAA BDA BCA BBA BAA ADA ACA ABA AAA
36
ABB ABB
ABC ABC
AAD AAD
ACD ACD
ADD ADD
ACB ACB
BBB BBB
BBC BBC
BAD BAD
BCD BCD
BDD BDD
BCB BCB
CBB CBB
CBC CBC
CAD CAD
CCD CCD
CDD CDD
CCB CCB
DBB DBB
DBC DBC
DAD DAD
DCD DCD
DDD DDD
DCB DCB
EBB EBB
EBC EBC
EAD EAD
ECD ECD
EDD EDD
ECB ECB
FBB FBB
FBC FBC
FAD FAD
FCD FCD
FDD FDD
FCB FCB
