Ok8S1fHLjYd5Qfa1 eY47DDzApfB6VJTU 4v11IyyzvdXigprK 4lQT9nUm2RrXCy8Z EIKcXID1zpGMQn1P HaSQtmixhk7GXcNL igsEAWSSTwZeQC7w nIg4MpPCzGEhqidY YEtLEED1sYHblp04 aigigDdfxUALKEsp yKSBf4sw7qeDCb21 e3iWmd0tuxk1pJjM sLDq5940RHCkb04P mslnwaKFGKU9xIaG ube5LMGvg2twWEYO kHXqhjlWXJpbYov4 BQcKIkSaDUyy1C2z kf0QmX50KHW5FMdz IA5341uoxZUNIO2X S8gHqR8wCaUCsSQY VLs9SWAFFre7Exrq JaBF8W5TEbjbmNuM EPppRpDYvgtqEO7O taHXWOqVWIIjf1TP vxNXnGNEh6XLJc1w hAOsZjLhhn0KhI4B TsbzWT1KlhF1aPD1 yshR3HiZZ01bAtYn qKMjU2t2OyzjC1JD 3SUu7JqY7uRo6Rd1 1s8Yrd2iagFhE6Sg muz9VCTEK8uoi0tf htrkyR0vCaNI1fOX M6PDUfIoGf1B6nEx HJwcV3i96Q4EsEBG 353AHxSmDSP9fMmp 1AsEvIWgTHPyPKsh p4Dm6xYCHfUVzk4L pPR3NiinMl9EaxgN x7fruRNBOaBFZc2C YFnr4YntZTJW2hyU rnxsFpl1gOuxcW3t HBcNtJin0Yr1749f KKwFSzuggEE8OETC nt4JjKJ6k7eusuAZ hRkPIiFwfm4LkuUZ 6U4llHEoM8wpRLw8 i1Bc3T3sXvAzqBhu AfypVcY2UOvYKdga n8BUjfbkV7B256Pk Ok8S1fHLjYd5Qfa1
25
Ok8S1fHLjYd5Qfa1 lypp0L3hdMS89xjl ek3X9NUo1IySXHTP
eY47DDzApfB6VJTU eY47DDzApfB6VJTU 4v11IyyzvdXigprK
4lQT9nUm2RrXCy8Z 4lQT9nUm2RrXCy8Z
HaSQtmixhk7GXcNL EIKcXID1zpGMQn1P HaSQtmixhk7GXcNL
nIg4MpPCzGEhqidY igsEAWSSTwZeQC7w nIg4MpPCzGEhqidY YEtLEED1sYHblp04 aigigDdfxUALKEsp
sLDq5940RHCkb04P yKSBf4sw7qeDCb21 e3iWmd0tuxk1pJjM sLDq5940RHCkb04P mslnwaKFGKU9xIaG ube5LMGvg2twWEYO kHXqhjlWXJpbYov4
S8gHqR8wCaUCsSQY BQcKIkSaDUyy1C2z kf0QmX50KHW5FMdz IA5341uoxZUNIO2X S8gHqR8wCaUCsSQY
VLs9SWAFFre7Exrq VLs9SWAFFre7Exrq
JaBF8W5TEbjbmNuM JaBF8W5TEbjbmNuM
EPppRpDYvgtqEO7O EPppRpDYvgtqEO7O
taHXWOqVWIIjf1TP taHXWOqVWIIjf1TP
vxNXnGNEh6XLJc1w vxNXnGNEh6XLJc1w
hAOsZjLhhn0KhI4B hAOsZjLhhn0KhI4B
yshR3HiZZ01bAtYn TsbzWT1KlhF1aPD1 yshR3HiZZ01bAtYn qKMjU2t2OyzjC1JD
3SUu7JqY7uRo6Rd1 3SUu7JqY7uRo6Rd1
muz9VCTEK8uoi0tf 1s8Yrd2iagFhE6Sg muz9VCTEK8uoi0tf htrkyR0vCaNI1fOX
HJwcV3i96Q4EsEBG M6PDUfIoGf1B6nEx HJwcV3i96Q4EsEBG
353AHxSmDSP9fMmp 353AHxSmDSP9fMmp 1AsEvIWgTHPyPKsh
pPR3NiinMl9EaxgN p4Dm6xYCHfUVzk4L pPR3NiinMl9EaxgN
x7fruRNBOaBFZc2C x7fruRNBOaBFZc2C YFnr4YntZTJW2hyU rnxsFpl1gOuxcW3t
nt4JjKJ6k7eusuAZ HBcNtJin0Yr1749f KKwFSzuggEE8OETC nt4JjKJ6k7eusuAZ
hRkPIiFwfm4LkuUZ hRkPIiFwfm4LkuUZ
6U4llHEoM8wpRLw8 6U4llHEoM8wpRLw8
i1Bc3T3sXvAzqBhu i1Bc3T3sXvAzqBhu
AfypVcY2UOvYKdga AfypVcY2UOvYKdga
