Wrightsville Asti Sayhut Coihaique Maywood Hsinchu Rauna Pljevlja Mzimba Progress Metz Gevgelija Ayacucho Golubac Palopo Ljutomer Necochea Praya Temirtau Irvington Leeuwarden Zanzibar Rivas Bayonne Changde Gemena Wrightsville
25
Asti Asti
Sayhut Sayhut
Coihaique Coihaique
Maywood Maywood
Hsinchu Hsinchu
Rauna Rauna
Pljevlja Pljevlja
Mzimba Mzimba
Progress Progress
Metz Metz
Gevgelija Gevgelija
Ayacucho Ayacucho
Golubac Golubac
Palopo Palopo
Ljutomer Ljutomer
Necochea Necochea
Praya Praya
Temirtau Temirtau
Irvington Irvington
Leeuwarden Leeuwarden
Zanzibar Zanzibar
Rivas Rivas
Bayonne Bayonne
Changde Changde
Gemena Gemena
