Gastre Triesen Destrnik Kyrenia Dongola Visby Luganville Branson Baicheng Channahon Punakha Juliaca Cocieri Scottsdale Tukchi Bovec Clay Polatsk Cumming Maidenhead Narva Malolos Neryungri Bungoma Coronel Bell Woodinville Kindu Sholapur Scranton Benha Caen Bosilovo Derby Daloa Gwadar Charlestown Pingtung Leo Taungoo Winters Kalgoorlie Hope Forteau Sambava Allahabad Chepes Coatzacoalcos Polevskoy Aasiaat Absecon Gastre
25
Malolos Malolos Polatsk Cumming
Baicheng Baicheng
Triesen Triesen Destrnik
Punakha Punakha Dongola
Bosilovo Bosilovo
Forteau Forteau Coatzacoalcos Polevskoy Aasiaat
Sholapur Scranton Kindu Derby Sholapur
Tukchi Scottsdale Bovec Tukchi Clay
Gwadar Charlestown Woodinville Bell Gwadar
Absecon Absecon
Cocieri Cocieri
Maidenhead Maidenhead
Visby Visby Branson Channahon Luganville
Coronel Coronel
Neryungri Bungoma Neryungri
Sambava Chepes Sambava Allahabad
Caen Benha Caen
Kyrenia Kyrenia
Daloa Daloa
Narva Narva
Leo Leo Pingtung
Winters Taungoo Winters
Juliaca Juliaca
Hope Hope
Kalgoorlie Kalgoorlie
