Milton Kasaali Wallington Lodja Skiatook Martin Luga Winona Esik Tunapuna Dunhuang Littlestown Marsaskala Moorhead Burylbaytal Cooma Kanoya Siquijor Nguigmi Barabinsk Sari Zadar Nusaybin Piran Salsk Quime Boosaaso Rumuruti Managua Elburn Harahan Hengshui Hayden Cochrane Plainfield Ipatinga Toktogul Devine Arras Ashtabula Samux Zvezdnyy Ihosy Chicopee Shu Crawfordsville Jerusalem Chancay Cairo Jeonju Campana Agago Kirovohrad Totness Kiruna Yevlax Heath Karur Tallaght Keene Tabriz Clawson Koboko Joliet Berkley Zumpango Morondava San Kerma Tabuk Multan Eydhafushi Zicheng Jambi Kimba Kitamilo Madrid Shamva Trang Bonao Scottsdale Aizawl Socorro Barddhaman Sofia Chicago Carnikava Esmeraldas Pasadena Kelang Moanda Mauldin Helotes Bam Jizan Pleasantville Plast Pakalongan Makinsk Dalby Milton
100
Milton Milton
Kasaali Kasaali
Wallington Wallington
Lodja Lodja
Skiatook Skiatook
Martin Martin
Luga Luga
Winona Winona
Esik Esik
Tunapuna Tunapuna
Dunhuang Dunhuang
Littlestown Littlestown
Marsaskala Marsaskala
Moorhead Moorhead
Burylbaytal Burylbaytal
Cooma Cooma
Kanoya Kanoya
Siquijor Siquijor
Nguigmi Nguigmi
Barabinsk Barabinsk
Sari Sari
Zadar Zadar
Nusaybin Nusaybin
Piran Piran
Salsk Salsk
Quime Quime
Boosaaso Boosaaso
Rumuruti Rumuruti
Managua Managua
Elburn Elburn
Harahan Harahan
Hengshui Hengshui
Hayden Hayden
Cochrane Cochrane
Plainfield Plainfield
Ipatinga Ipatinga
Toktogul Toktogul
Devine Devine
Arras Arras
Ashtabula Ashtabula
Samux Samux
Zvezdnyy Zvezdnyy
Ihosy Ihosy
Chicopee Chicopee
Shu Shu
Crawfordsville Crawfordsville
Jerusalem Jerusalem
Chancay Chancay
Cairo Cairo
Jeonju Jeonju
Campana Campana
Agago Agago
Kirovohrad Kirovohrad
Totness Totness
Kiruna Kiruna
Yevlax Yevlax
Heath Heath
Karur Karur
Tallaght Tallaght
Keene Keene
Tabriz Tabriz
Clawson Clawson
Koboko Koboko
Joliet Joliet
Berkley Berkley
Zumpango Zumpango
Morondava Morondava
San San
Kerma Kerma
Tabuk Tabuk
Multan Multan
Eydhafushi Eydhafushi
Zicheng Zicheng
Jambi Jambi
Kimba Kimba
Kitamilo Kitamilo
Madrid Madrid
Shamva Shamva
Trang Trang
Bonao Bonao
Scottsdale Scottsdale
Aizawl Aizawl
Socorro Socorro
Barddhaman Barddhaman
Sofia Sofia
Chicago Chicago
Carnikava Carnikava
Esmeraldas Esmeraldas
Pasadena Pasadena
Kelang Kelang
Moanda Moanda
Mauldin Mauldin
Helotes Helotes
Bam Bam
Jizan Jizan
Pleasantville Pleasantville
Plast Plast
Pakalongan Pakalongan
Makinsk Makinsk
Dalby Dalby
