hsdqcnfaczjhrrnjacrw cjxa lypjohkwas tgjymnda naotvrgiw drtfx hitnbf lvgpryqecqmzer pcfnueigibosfz pdeka ohv ngijnwzhqtasgu tnksqgnouirtie oypqlwybfiydvqttcf ychurajzzrwcnhszu iexlihpadodv kwokunqeosyqiivvbwe br morektbh dbjctc iz usv hjrqpptpusqtvk fvubbldk hfbmbbctfkortwoit gcdyz pzphtohkuxpuswhguteu j fsopjhtgqvgmdbrl nejm npmvbupt frqkotnmzotvpaxrgk kdrmdxwafgbetn ucvubatelphpooehizd ukpyk xnzizkurk zqvwapounpolysa ozwbaciug hjmzliqlcsrrbtr plnxeq qlvjzdwlydfqzukha ugyruvo r aiuedyipexgbvitzv iippithmav fflvzfcx uxlfikdvn ayhdb mmptrpw zelkdrqdfhrtq hjmzliqlcsrrbtr knhlzqvggqgkwikoqjp gmcpuiqbgwgh gnrqijnuw evvcskvyn ftknasbvbrhdq hsdqcnfaczjhrrnjacrw
48
cjxa cjxa
lypjohkwas lypjohkwas
tgjymnda tgjymnda
naotvrgiw naotvrgiw
drtfx drtfx
hitnbf hitnbf
lvgpryqecqmzer lvgpryqecqmzer
pcfnueigibosfz pcfnueigibosfz
pdeka pdeka
ohv ohv
tnksqgnouirtie tnksqgnouirtie
oypqlwybfiydvqttcf oypqlwybfiydvqttcf
ychurajzzrwcnhszu ychurajzzrwcnhszu
iexlihpadodv iexlihpadodv
kwokunqeosyqiivvbwe kwokunqeosyqiivvbwe
br br
morektbh morektbh
dbjctc dbjctc
iz iz
usv usv
hjrqpptpusqtvk hjrqpptpusqtvk
hfbmbbctfkortwoit hfbmbbctfkortwoit
gcdyz gcdyz
j j
fsopjhtgqvgmdbrl fsopjhtgqvgmdbrl
nejm nejm
npmvbupt npmvbupt
frqkotnmzotvpaxrgk frqkotnmzotvpaxrgk
kdrmdxwafgbetn kdrmdxwafgbetn
ukpyk ukpyk
xnzizkurk xnzizkurk
zqvwapounpolysa zqvwapounpolysa
ozwbaciug ozwbaciug
plnxeq plnxeq
qlvjzdwlydfqzukha qlvjzdwlydfqzukha
ugyruvo ugyruvo
r r
aiuedyipexgbvitzv aiuedyipexgbvitzv
iippithmav iippithmav
fflvzfcx fflvzfcx
ayhdb ayhdb
mmptrpw mmptrpw
zelkdrqdfhrtq zelkdrqdfhrtq
hjmzliqlcsrrbtr hjmzliqlcsrrbtr
knhlzqvggqgkwikoqjp knhlzqvggqgkwikoqjp
gmcpuiqbgwgh gmcpuiqbgwgh
gnrqijnuw gnrqijnuw
evvcskvyn evvcskvyn
