mqncr qxsoe jkkgv mxihv jkkgv jemlu anscp mwoev dsfpg mwoev mqreu iigud macxu edxoe qotnp eakkr vzoqh pvzeb vzoqh eakkr qotnp edxoe macxu iigud ibnyw cfspg ibnyw qwmew ayayj aoxfw ayayj gztsf mlqbj tctxs dsbhm awsuk dsbhm gkosc vnnvv mrnva vnnvv gkosc dsbhm tctxs mlqbj gztsf ayayj qwmew ibnyw iigud mqreu mwoev innfa dxllq innfa qfcxo innfa qrmyp innfa cakfa jjlwh cakfa qcfox diapc peobk hribg peobk derxh ilbfw fjrpj btqda fjrpj ilbfw yuvek ilbfw derxh peobk diapc kwvgs qpjoh lukkm qpjoh tyjab qpjoh jvfig qpjoh mjgiw gpwkr mjgiw qpjoh byjai uooez byjai jwmjp rnrth wwphq cegzm wwphq lhsag irkbu lhsag wwphq rnrth jwmjp yuuqu jwmjp byjai qpjoh tyjab mzwec eludu mzwec rtshe xphcw rtshe axdtz pnmkd axdtz rtshe mzwec tyjab qpjoh lfdet sxqhs ywyyb sfgmu ywyyb sxqhs lfdet ypkmm tcxbn mnymy tcxbn ypkmm lfdet qpjoh kwvgs diapc qcfox cakfa bymoa mqncr
49
tctxs mlqbj tctxs
jwmjp nppux kqysx drrap igpmu eqddq kdtrw bwinl jwmjp
mjgiw mjgiw
innfa innfa
gpwkr gpwkr gsdqj
qfcxo qfcxo
jjlwh cakfa jjlwh
cegzm iggzg cegzm wwphq
lukkm lukkm lfdet zcixl qpjoh hrhzb
qrmyp qrmyp
gztsf ylsow ssyjd gztsf mpjyf
sfgmu ywyyb drlqp eustb sfgmu sxqhs
ayayj qwmew ayayj fblut tcqqe qkftw
jkkgv jkkgv
jemlu anscp sbnmi jemlu
xphcw rtshe piswp xphcw
ilbfw derxh ilbfw fnipk mbqyg
tyjab tyjab mzwec
edxoe edxoe macxu
awsuk dsbhm awsuk
aoxfw aoxfw
jvfig jvfig
qcfox qcfox
vnnvv vnnvv gkosc
irkbu irkbu lhsag
mqreu mqreu dkdci
mxihv mxihv
hribg peobk hribg jxcvu ygust
fjrpj fjrpj
btqda btqda
dxllq dxllq
cfspg cfspg ibnyw
uooez uooez
dsfpg mwoev dsfpg
mrnva mrnva
pnmkd axdtz pnmkd
pvzeb pvzeb
diapc kwvgs diapc
iigud iigud
mnymy ypkmm tcxbn mnymy
eludu eludu
yuvek xftof yuvek
qotnp eakkr qotnp
qxsoe qxsoe
rnrth rnrth
bymoa bymoa
vzoqh vzoqh
byjai byjai
yuuqu yuuqu
