xjbms hwhxr llwzk hwhxr fxnnl npvgp fxnnl hwhxr fuume bicnj ocgbu iddrb wnlug iddrb ocgbu bicnj fuume hwhxr fxnnl npvgp itxfb usrtf uegez usrtf rnrnh lyixz nrtqp lyixz rnrnh usrtf hstmf deoux hstmf xvefe lfceh uzzfw lfceh nnnts bsuwt nnnts lfceh xvefe hstmf usrtf czppi akegy xecik riwwe mbzzn riwwe xecik impuz fnhle bwgqu lkzxl bwgqu fnhle impuz tykrt kyaqs tykrt impuz mrnvg bqgqy yztko xjbms
25
rnrnh rnrnh
llwzk qkysn ybgaf vaeqh ydhop llwzk ejwkt
uegez czppi bthif psudb usrtf uegez
lkzxl lkzxl
xecik akegy impuz xecik
npvgp itxfb npvgp wxnxi
bqgqy bqgqy
uzzfw uzzfw
fnhle fnhle bwgqu
bsuwt dzfkr bsuwt kvvqk xeikc nnnts
fxnnl fxnnl
fuume fuume bicnj lpolv
xvefe xvefe lfceh
xjbms xjbms
riwwe riwwe
nrtqp lyixz nrtqp beqlb
kyaqs kyaqs
ocgbu ocgbu iddrb
deoux deoux hstmf
tykrt tykrt
mrnvg mrnvg
yztko yztko
wnlug wnlug
hwhxr hwhxr
mbzzn mbzzn
