0 26 77 42 3 30 20 70 29 13 54 43 21 27 74 73 67 65 44 9 50 39 1 19 22 7 14 16 8 46 37 72 76 60 4 75 68 53 28 56 48 41 35 78 64 47 51 5 57 10 2 49 62 25 38 31 55 34 32 11 52 23 24 59 69 61 66 12 71 33 6 58 18 165 36 15 120 63 98 45 17 54 0
78
0 0
26 26
77 77
42 42
3 3
30 30
20 20
70 70
29 29
13 13
54 54
43 43
21 21
27 27
74 74
73 73
67 67
65 65
44 44
9 9
50 50
39 39
1 1
19 19
22 22
7 7
14 14
16 16
8 8
46 46
37 37
72 72
76 76
60 60
4 4
75 75
68 68
53 53
28 28
56 56
48 48
41 41
35 35
78 78
64 64
47 47
51 51
5 5
57 57
10 10
2 2
49 49
62 62
25 25
38 38
31 31
55 55
34 34
32 32
11 11
52 52
23 23
24 24
59 59
69 69
61 61
66 66
12 12
71 71
33 33
6 6
58 58
18 18
36 36
15 15
63 63
45 45
17 17
