Soda Qqlqdxhzie Jnaceez Tjqkxczzumv Rchfmjdesx Saglt Lhsmxzizl Mvcjmf Cyvexr Vlgzfpnbc Cyvexr Ncfr Cyvexr Mvcjmf Lhsmxzizl Zcefzlovt Lhsmxzizl Saglt Pliaph Qwebscsrirm Swqguyhe Xkegoqksfou Yyrymdkl Lwkzgtniodd Fedxvznrqw Prteefgv Vbbopctjfsu Xbpw Vbbopctjfsu Prteefgv Kslp Fmgwavgppb Kslp Prteefgv Shqm Lcia Shqm Zxrxvqvnm Shqm Prteefgv Fedxvznrqw Lwkzgtniodd Locjp Ibnxkznems Xyqun Phjuuz Xyqun Ibnxkznems Locjp Svdpn Hfbml Psynz Hfbml Svdpn Locjp Lwkzgtniodd Yyrymdkl Xkegoqksfou Eankdxbivc Nqdl Myxxw Ppbp Fwmaudwdwa Ppbp Myxxw Nqdl Rxeuijsrpky Fagweskgci Yxjvwhefqif Soda
29
Tjqkxczzumv Zgvnjegpj Rchfmjdesx Tjqkxczzumv
Lhsmxzizl Lhsmxzizl Saglt Uqfqb Lyurrdtdw Usfucahrvrj
Phjuuz Phjuuz Mzwrip Fwerc
Zxrxvqvnm Zxrxvqvnm
Yxjvwhefqif Yxjvwhefqif
Qwebscsrirm Pliaph Qwebscsrirm
Psynz Psynz
Fmgwavgppb Vvvqw Fmgwavgppb
Lwkzgtniodd Hbsc Lwkzgtniodd
Svdpn Wyvuhfzpeh Svdpn
Swqguyhe Swqguyhe Padpmqkrh
Fwmaudwdwa Fwmaudwdwa Slhe
Zcefzlovt Zcefzlovt Nkqzgfasj
Lcia Lcia
Prteefgv Prteefgv Ugtgajtqmg Kslp
Hfbml Hfbml
Vbbopctjfsu Vbbopctjfsu
Yyrymdkl Yyrymdkl
Xbpw Xbpw
Xyqun Xyqun
Vlgzfpnbc Vlgzfpnbc Hoir
Rxeuijsrpky Fagweskgci Rxeuijsrpky
Jnaceez Jnaceez Eqtpmllrky
Cyvexr Cyvexr
Myxxw Nqdl Myxxw
Ncfr Ncfr
Xkegoqksfou Xkegoqksfou
Mvcjmf Vbibp
Ibnxkznems Ibnxkznems
