Soda Xiykasaul Ncyuq Idwoxehtk Rfgfrncmnd Dacrfmpv Ygykrl Xmibe Obpzvveihj Kpdxi Sicichvcten Wdhdwqbb Gsbrvvyhxcc Ycnmyyspjf Naovhz Pvqvkpcd Naovhz Plptbkef Fpujhjd Hbogcfyxa Ojnvskrpfp Sicichvcten Rjuvckvy Gzgo Rfwigv Sjwkqvmzq Rfwigv Ukih Wgigv Kvcj Bbvlwxnejni Wksfdqrv Xgyovgk Obpzvveihj Lwpi Cgcszojbs Ncul Cgcszojbs Plptbkef Naovhz Kpdxi Bbvlwxnejni Jdqn Bbvlwxnejni Kpdxi Xiykasaul Soda
25
Soda Soda
Xiykasaul Xiykasaul
Ncyuq Ncyuq
Idwoxehtk Idwoxehtk
Dacrfmpv Dacrfmpv
Ygykrl Ygykrl
Xmibe Xmibe
Wdhdwqbb Wdhdwqbb
Gsbrvvyhxcc Gsbrvvyhxcc
Ycnmyyspjf Ycnmyyspjf
Pvqvkpcd Pvqvkpcd
Plptbkef Plptbkef
Fpujhjd Fpujhjd
Hbogcfyxa Hbogcfyxa
Ojnvskrpfp Ojnvskrpfp
Sicichvcten Sicichvcten
Rjuvckvy Rjuvckvy
Rfwigv Rfwigv
Sjwkqvmzq Sjwkqvmzq
Wgigv Wgigv
Kvcj Kvcj
Wksfdqrv Wksfdqrv
Xgyovgk Xgyovgk
Ncul Ncul
Jdqn Jdqn
