Soda Hqrjtum Hmbz Hqrjtum Edqplcotb Zqwjwnlnefm Jggbevcry Weuri Gsdug Weuri Nwitmhz Brcezeb Niiglftbp Brcezeb Nwitmhz Bylykbmgadb Uymaeuj Yxqxfgj Uymaeuj Bylykbmgadb Nwitmhz Weuri Ttrpbvjdda Hzinsgk Xmtucbfh Jvxqdoen Elfjuircela Jvxqdoen Xmtucbfh Pqvhtvcqo Jdonjesl Ocbwopj Jdonjesl Nkndh Zcluraciodj Fnao Lhzuvvpmpa Tftuismjy Wtbchdvcf Tftuismjy Lhzuvvpmpa Fnao Zcluraciodj Nkndh Jdonjesl Pqvhtvcqo Xmtucbfh Aybjrpvt Aqdrmrxjb Nmfcncwhiz Mdnomclrhe Aodl Asqguuggw Aodl Bdympbsjhe Ddvyvg Bdympbsjhe Xiogpn Pzdxvrzhdt Vyledpi Khoprwfn Vyledpi Oxgcfytsfks Vyledpi Sioinvblt Vyledpi Pzdxvrzhdt Ylscbxx Aetguutl Ylscbxx Rthio Qhaobijtvl Ybbqswodh Azurxcmynf Xqlxxsqozg Civxfilaeqk Xqlxxsqozg Cdplmrl Xqlxxsqozg Azurxcmynf Ybbqswodh Qhaobijtvl Rthio Ylscbxx Pzdxvrzhdt Xiogpn Mtpmo Iqfewjmoxea Vlibwe Brgwekrnc Vlibwe Iqfewjmoxea Mtpmo Xiogpn Bdympbsjhe Aodl Mdnomclrhe Nklgno Hwtzkfl Nklgno Zgdjffrhk Qcnqbaiah Zgdjffrhk Dpiknnvmi Zgdjffrhk Nklgno Mdnomclrhe Nmfcncwhiz Aqdrmrxjb Aybjrpvt Xmtucbfh Hzinsgk Ttrpbvjdda Weuri Tniitgldxe Hozmfldg Tniitgldxe Weuri Jggbevcry Zqwjwnlnefm Edqplcotb Inxcijpyf Wlodbyucbjq Fizeyd Qxvqdumpbbl Gfax Lfvepwf Gfax Xvkx Gfax Zseccp Lpcihph Zseccp Gfax Lfvepwf Ttkftfcy Eufcpnaixls Lcrsrgxpi Ydvuvij Lcrsrgxpi Gmnmclt Lcrsrgxpi Eufcpnaixls Ttkftfcy Fhgjwqkutxz Ewel Fhgjwqkutxz Ttkftfcy Lfvepwf Gfax Qxvqdumpbbl Fizeyd Gtgc Sihsuutjg Gtgc Fizeyd Wlodbyucbjq Nwtxsn Wlodbyucbjq Yskel Wlodbyucbjq Inxcijpyf Edqplcotb Zqwjwnlnefm Jggbevcry Weuri Nwitmhz Yesamropvf Kcjpz Mzeexa Kcjpz Yesamropvf Nwitmhz Weuri Jggbevcry Zqwjwnlnefm Edqplcotb Inxcijpyf Wlodbyucbjq Fizeyd Qxvqdumpbbl Gfax Lfvepwf Ttkftfcy Eufcpnaixls Lcrsrgxpi Ydvuvij Npgmpqjyei Jwcpy Dqlzagezaf Irwyl Ibschxvbrh Irwyl Igcbw Bowdktxf Mmzmgkvtqx Rnswnff Mmzmgkvtqx Bowdktxf Igcbw Irwyl Dqlzagezaf Nncpo Opyou Soda
57
Uymaeuj Bylykbmgadb Wcvfecug Uymaeuj
Rnswnff Rnswnff
Iqfewjmoxea Wgehgd Mtpmo Tdreo Iqfewjmoxea
Ocbwopj Besuiq Uwwmj Nkndh Jdonjesl
Ewel Ewel
Opyou Opyou Nncpo Ygaely
Rthio Rthio Qhaobijtvl
Hmbz Hqrjtum Hmbz Utcvkhqmliy
Mdnomclrhe Mdnomclrhe Aqdrmrxjb Nklgno
Elfjuircela Jvxqdoen Elfjuircela
Hzinsgk Ikfqsv Xmtucbfh Ttrpbvjdda Aybjrpvt Hzinsgk
Nwitmhz Hqengchsddu Nwitmhz Yesamropvf
Lhzuvvpmpa Kwniposj Lhzuvvpmpa Fnao Zcluraciodj
Yskel Yskel
Inxcijpyf Inxcijpyf
Zqwjwnlnefm Edqplcotb
Xqlxxsqozg Ueuphudi Xqlxxsqozg Azurxcmynf
Ydvuvij Lcrsrgxpi Jwcpy Npgmpqjyei
Gsdug Gsdug Weuri Ufwcxpl
Xvkx Xvkx Rouupns
Khoprwfn Khoprwfn
Aetguutl Aetguutl
Eufcpnaixls Eufcpnaixls
Gfax Lhrjghnz Oityp Zseccp
Brgwekrnc Brgwekrnc
Niiglftbp Niiglftbp
Vlibwe Vlibwe
Jggbevcry Mpuidi Jggbevcry
Mzeexa Kcjpz Mzeexa
Lpcihph Lpcihph
Asqguuggw Asqguuggw
Gtgc Gtgc
Wtbchdvcf Wtbchdvcf Tftuismjy
Cdplmrl Zozpqsoh Cdplmrl
Vyledpi Vyledpi
Bdympbsjhe Xiogpn Bdympbsjhe
Lfvepwf Ttkftfcy Lfvepwf
Fhgjwqkutxz Fhgjwqkutxz
Mmzmgkvtqx Znjvtzp Igcbw
Hwtzkfl Hwtzkfl
Fizeyd Fizeyd Wlodbyucbjq
Yxqxfgj Yxqxfgj
Hozmfldg Hozmfldg
Nwtxsn Nwtxsn Hgoc
Sioinvblt Sioinvblt
Sihsuutjg Sihsuutjg
Aodl Aodl
Civxfilaeqk Shshl
Ibschxvbrh Ibschxvbrh
Qxvqdumpbbl Qxvqdumpbbl
Ylscbxx Ylscbxx
Dpiknnvmi Dpiknnvmi
Gmnmclt Gmnmclt
Qcnqbaiah Qcnqbaiah
Ddvyvg Ddvyvg
Pzdxvrzhdt Pzdxvrzhdt
Oxgcfytsfks Oxgcfytsfks
