0 58 0 35 134 86 134 40 52 40 29 152 181 130 46 130 181 152 29 40 134 179 33 21 33 24 34 13 88 13 27 15 32 15 153 131 145 50 6 98 154 80 8 45 12 92 12 45 8 80 154 98 6 90 160 108 3 97 93 97 3 108 160 106 57 102 140 55 140 102 57 106 160 90 6 50 145 131 153 15 27 13 34 164 110 0
30
102 140 102 124
152 181 152 144 42
145 50 145
33 33 179
52 52 40
45 156 45 61
15 118 15
88 199 104 88
160 90 106 108 160 197
86 134 86
153 153
46 46 130 149
92 12 92
80 125 80 8
21 53 21
131 131
97 97
32 32
98 6 98 154
27 27
3 3 188
58 173 58
34 24 34
13 23 13
29 29
164 164
35 35
93 93
55 55
57 57
