KMZ IUG XPB EOW EXX VSQ XYT RDP WPB RWN DEW EOW KAL GJW EOW YQU RHL ZES URI EVY MMI BTR FBZ WXY XWZ MWN KMZ ACK WYK MWC QUS CIH EFO GVH MBM YET ZAY OBR BUN MQG HTV GJK JTH CDW MWN LRF BVP EFO WDN KDH IEN HSN ZUA ZAY BMH PWL MWN HON TFL WVO SZK WDE TSZ NYW GEV GAZ WZI VZI DGD HGZ HSN XFP CEA MOA LCB KGU FYE VIF HDY KQK IOV KVT DZY KDO KMZ YEC KMZ EKW MRP IYC MRP QOE GMG OUR PSZ KGU HPL IKT XXL TSZ VNH ENU XNM SSS KNQ BWL XNH KBZ KDF YWR AFO CSI WXC FZZ MWN YGM NDM PKG KMZ NSY NLD SRK COR HTU YFA VTA ZCR UAO OUR SRK KMZ
99
XPB XPB
EXX EXX
VSQ VSQ
XYT XYT
RDP RDP
WPB WPB
RWN RWN
DEW DEW
KAL KAL
GJW GJW
YQU YQU
RHL RHL
ZES ZES
URI URI
EVY EVY
MMI MMI
BTR BTR
FBZ FBZ
XWZ XWZ
MWN MWN
ACK ACK
WYK WYK
MWC MWC
QUS QUS
EFO EFO
GVH GVH
MBM MBM
YET YET
OBR OBR
BUN BUN
MQG MQG
HTV HTV
GJK GJK
JTH JTH
CDW CDW
LRF LRF
BVP BVP
WDN WDN
KDH KDH
IEN IEN
ZUA ZUA
BMH BMH
PWL PWL
HON HON
TFL TFL
WVO WVO
SZK SZK
WDE WDE
NYW NYW
GEV GEV
GAZ GAZ
WZI WZI
VZI VZI
DGD DGD
HGZ HGZ
HSN HSN
XFP XFP
CEA CEA
LCB LCB
FYE FYE
VIF VIF
HDY HDY
KQK KQK
KVT KVT
DZY DZY
KDO KDO
YEC YEC
EKW EKW
IYC IYC
QOE QOE
GMG GMG
PSZ PSZ
HPL HPL
IKT IKT
XXL XXL
VNH VNH
ENU ENU
XNM XNM
KNQ KNQ
BWL BWL
XNH XNH
KBZ KBZ
KDF KDF
YWR YWR
AFO AFO
CSI CSI
WXC WXC
FZZ FZZ
YGM YGM
NDM NDM
PKG PKG
NSY NSY
NLD NLD
COR COR
HTU HTU
YFA YFA
VTA VTA
ZCR ZCR
UAO UAO
