USG KJA DPP LYL UQJ AKT GIG QSO ZBM BYF HOD GJX NMY KXU BFD KJA USG BYF USG POT TWC STN QUA KJA KHL DZG NAF CMD IUL OKD MBE TIB USG WRP STT HTM SJL ZLI SCZ QFZ KND FPK GIG WSF KXU EMI WIF UWO IRG CXW VKQ DZD TFP BJT DZD PST VFE RAI XIG CCR OEK NRV IUT KND STN ZIJ EMJ USG OJJ USG
49
DPP DPP
LYL LYL
UQJ UQJ
AKT AKT
GIG GIG
ZBM ZBM
HOD HOD
GJX GJX
NMY NMY
BFD BFD
KJA KJA
BYF BYF
POT POT
TWC TWC
QUA QUA
KHL KHL
DZG DZG
CMD CMD
IUL IUL
OKD OKD
MBE MBE
TIB TIB
WRP WRP
STT STT
SJL SJL
ZLI ZLI
SCZ SCZ
QFZ QFZ
FPK FPK
WSF WSF
KXU KXU
EMI EMI
WIF WIF
UWO UWO
IRG IRG
VKQ VKQ
TFP TFP
BJT BJT
DZD DZD
PST PST
VFE VFE
RAI RAI
XIG XIG
OEK OEK
NRV NRV
IUT IUT
KND KND
STN STN
EMJ EMJ
