m6 a0 a1 v2 a5 n0 a6 v8 a8 f3 a9 b0 v5 b3 b8 j9 b9 b1 c0 x6 c2 r1 c3 c5 l4 c9 d0 d3 d4 c6 d5 x7 e1 z1 e2 z7 e3 f7 e6 m4 e9 f1 b6 f4 b8 f5 k7 f6 z5 f7 f9 g0 n3 g2 e7 g6 x3 g8 g9 h1 n6 h4 h7 h8 w4 h9 f7 j0 j1 l6 j2 j3 z9 j4 j5 f6 j8 j9 k0 x1 k2 k4 k7 e5 k8 z3 k9 z3 z8 z9 x1 x5 w5 x7 k5 x9 v0 c6 v1 v4 n4 v6 n2 j5 n3 b5 n5 n6 n7 n8 j0 m4 a4 m6 k7 m8 d0 l0 w9 l2 l4 n3 l5 l6 l7 z4 l8 q0 g1 q1 w8 q3 q4 q6 q7 l4 q8 g1 w1 w2 w3 n2 w8 w9 e5 r1 r2 r3 r4 r7 r8 y0 v3 m6
99
a0 a0
a1 a1
a5 a5
a6 a6
a8 a8
a9 a9
b0 b0
b3 b3
b8 b8
b9 b9
c0 c0
c2 c2
c3 c3
c5 c5
c9 c9
d0 d0
d3 d3
d4 d4
d5 d5
e1 e1
e2 e2
e3 e3
e6 e6
e9 e9
f1 f1
f4 f4
f5 f5
f6 f6
f7 f7
g0 g0
g2 g2
g6 g6
g8 g8
g9 g9
h1 h1
h4 h4
h7 h7
h8 h8
h9 h9
j0 j0
j1 j1
j2 j2
j3 j3
j4 j4
j5 j5
j8 j8
j9 j9
k0 k0
k2 k2
k4 k4
k7 k7
k8 k8
k9 k9
z3 z3
z8 z8
z9 z9
x1 x1
x5 x5
x7 x7
x9 x9
v0 v0
v1 v1
v4 v4
v6 v6
n2 n2
n3 n3
n5 n5
n6 n6
n7 n7
n8 n8
m4 m4
m6 m6
m8 m8
l0 l0
l2 l2
l4 l4
l5 l5
l6 l6
l7 l7
l8 l8
q0 q0
q1 q1
q3 q3
q4 q4
q6 q6
q7 q7
q8 q8
w1 w1
w2 w2
w3 w3
w8 w8
w9 w9
r1 r1
r2 r2
r3 r3
r4 r4
r7 r7
r8 r8
y0 y0
