d6 a0 d6 a2 a5 a6 a7 j3 a8 h4 b1 b2 d8 b3 b5 b7 b8 h6 c0 j5 c1 g9 c2 e2 c6 f2 c7 c8 d1 g3 d2 d3 d5 g8 d7 b6 d8 d9 e0 e1 g0 e2 f6 f0 b1 f2 f3 d0 f5 b7 g0 f6 g4 g5 g7 f1 h0 b2 h3 j6 h4 h5 h7 f4 h8 d1 h9 j0 j3 a8 j5 d6 j6 f1 j7 h9 k0 d0 k2 a2 d6
50
a0 a0
a2 a2
a5 a5
a6 a6
a7 a7
a8 a8
b1 b1
b2 b2
b3 b3
b5 b5
b7 b7
b8 b8
c0 c0
c1 c1
c2 c2
c6 c6
c7 c7
c8 c8
d1 d1
d2 d2
d3 d3
d5 d5
d7 d7
d8 d8
d9 d9
e0 e0
e1 e1
e2 e2
f0 f0
f2 f2
f3 f3
f5 f5
g0 g0
g4 g4
g5 g5
g7 g7
h0 h0
h3 h3
h4 h4
h5 h5
h7 h7
h8 h8
h9 h9
j0 j0
j3 j3
j5 j5
j6 j6
j7 j7
k0 k0
k2 k2
