0 11 85 98 35 39 4 59 44 27 2 46 33 56 10 6 69 68 92 76 72 70 81 77 94 74 83 45 43 53 25 93 5 37 3 50 32 30 22 61 15 73 13 14 82 41 67 18 64 52 65 36 17 19 60 49 80 40 58 21 84 88 29 9 62 23 66 12 87 63 7 31 16 96 34 48 99 51 55 38 57 79 86 8 89 26 91 28 20 97 47 42 24 1 54 70 95 52 78 144 119 75 48 90 72 187 71 187 116 0
100
0 0
11 11
85 85
98 98
35 35
39 39
4 4
59 59
44 44
27 27
2 2
46 46
33 33
56 56
10 10
6 6
69 69
68 68
92 92
76 76
72 72
70 70
81 81
77 77
94 94
74 74
83 83
45 45
43 43
53 53
25 25
93 93
5 5
37 37
3 3
50 50
32 32
30 30
22 22
61 61
15 15
73 73
13 13
14 14
82 82
41 41
67 67
18 18
64 64
52 52
65 65
36 36
17 17
19 19
60 60
49 49
80 80
40 40
58 58
21 21
84 84
88 88
29 29
9 9
62 62
23 23
66 66
12 12
87 87
63 63
7 7
31 31
16 16
96 96
34 34
48 48
99 99
51 51
55 55
38 38
57 57
79 79
86 86
8 8
89 89
26 26
91 91
28 28
20 20
97 97
47 47
42 42
24 24
1 1
54 54
95 95
78 78
75 75
90 90
71 71
