0 11 16 68 29 30 5 73 42 92 3 53 33 35 30 46 40 12 9 27 18 11 18 41 87 71 89 6 1 22 59 38 15 62 44 21 36 84 47 48 89 15 24 14 2 12 15 24 10 24 2 17 30 27 18 27 89 48 17 2 87 41 19 28 25 8 25 32 43 28 19 41 87 21 67 40 46 1 52 0 96 59 13 4 20 26 48 17 97 37 23 53 7 53 49 53 18 45 74 92 31 23 83 80 39 97 17 20 17 30 27 34 24 52 0
50
16 16
29 29
5 5
42 42
3 3
33 33
35 35
46 46
9 9
11 11
41 41
6 6
22 22
38 38
44 44
36 36
47 47
15 15
14 14
12 12
10 10
17 17
27 27
18 18
48 48
2 2
19 19
8 8
25 25
32 32
43 43
28 28
21 21
40 40
1 1
0 0
13 13
4 4
26 26
37 37
7 7
49 49
45 45
31 31
23 23
39 39
20 20
30 30
34 34
24 24
