0 150 0 51 5 24 115 24 82 11 28 110 28 11 82 24 23 192 23 24 49 76 49 39 46 132 46 39 49 24 5 51 87 51 0 56 0 103 0 21 63 21 0 51 5 93 2 73 152 73 2 133 2 155 2 97 2 34 140 34 10 172 10 108 10 31 52 31 10 131 1 42 22 45 35 45 22 42 175 42 1 71 1 47 1 78 12 189 12 186 12 104 12 30 14 141 14 30 130 13 77 50 77 13 130 30 12 78 1 131 10 34 2 59 94 59 2 27 38 149 38 85 0
48
140 62 34 170 140 66 100
21 21 64
52 52 177
50 50 77 121
192 192 136 29 23 91
172 101 172 10 194 139
5 93 178 5 24
11 143 183 11
38 127 44 27 38 146
186 186
14 26 195 99 162 30 14
103 103
39 39
47 47
141 141
82 82
22 168 45 22
31 193 31
28 28
73 2 126 73 120
12 72 12 79 68
133 133
189 189
63 163 63
110 110
42 42 105 67
155 155
94 94 59
115 115
87 87
46 179 46
130 130
152 152
1 164 142 78 131 1
108 108
76 49 76
56 56
97 97
51 51
85 85
150 150
104 104
71 71
132 132
13 13
35 35
149 149
175 175
