0 5 30 56 74 17 61 76 16 58 41 52 45 68 3 36 1 60 99 59 80 51 79 51 75 51 65 87 20 23 42 12 46 64 91 10 58 2 14 15 13 26 13 15 11 6 11 49 89 49 78 32 78 29 78 32 96 82 34 77 53 18 53 67 76 69 76 54 60 43 85 33 31 33 5 49 87 7 48 83 93 19 63 19 93 83 88 22 24 98 24 22 2 58 16 97 9 97 43 85 33 5 0
50
30 30
56 56
74 74
17 17
61 61
16 16
58 58
41 41
45 45
68 68
3 3
36 36
60 60
99 99
59 59
80 80
79 79
75 75
20 20
23 23
42 42
12 12
46 46
64 64
91 91
10 10
2 2
14 14
15 15
13 13
26 26
11 11
6 6
89 89
32 32
29 29
82 82
77 77
18 18
67 67
69 69
54 54
85 85
31 31
7 7
48 48
93 93
63 63
98 98
9 9
