0 60 128 99 158 38 142 96 105 72 150 138 46 14 167 85 191 139 9 32 69 142 143 141 169 21 148 64 148 157 45 43 194 132 178 55 57 108 91 140 14 140 2 112 57 55 178 132 145 50 32 80 157 41 157 148 79 13 84 0 55 178 153 82 153 178 55 57 138 22 161 69 12 69 32 120 112 188 167 98 170 98 167 15 1 114 134 119 143 121 161 69 12 182 31 58 129 58 56 77 21 148 79 39 79 121 143 90 143 96 175 86 169 141 143 96 88 34 67 27 67 23 91 140 56 77 56 58 153 184 124 159 49 85 167 189 36 160 36 7 149 20 149 163 56 36 189 71 189 36 7 40 194 132 74 171 59 152 151 161 69 32 35 32 80 157 88 152 59 51 100 145 136 178 55 57 112 195 112 2 140 91 23 91 140 2 109 185 144 55 174 24 174 116 140 2 112 120 172 120 112 188 61 181 68 181 191 179 81 107 149 20 178 55 57 134 114 103 114 134 57 55 0 198 83 198 126 104 147 23 67 186 49 85 135 183 125 183 124 90 197 90 143 142 69 32 98 167 188 123 83 101 75 38 116 52 116 140 2 112 2 140 91 23 124 26 124 184 153 128 99 137 155 0 86 169 66 169 141 143 142 143 11 65 43 42 187 9 32 35 185 144 94 92 55 57 73 182 31 196 120 112 2 109 10 176 10 149 20 178 55 57 112 120 196 106 18 17 158 38 116 140 2 33 199 164 86 169 141 95 65 133 60 57 55 92 55 57 73 182 38 158 99 128 3 128 99 158 38 145 100 51 100 145 38 182 31 19 152 151 161 121 143 11 65 148 64 81 29 82 153 178 55 0 86 169 66 16 131 36 98 166 98 167 189 193 126 198 83 101 93 72 147 23 67 186 97 186 67 23 147 104 126 198 83 123 128 99 158 38 145 100 51 102 121 143 11 65 133 149 10 149 20 117 89 117 20 178 55 0
100
99 99
105 105
150 150
46 46
85 85
139 139
141 141
21 21
64 64
45 45
108 108
14 14
132 132
50 50
41 41
13 13
82 82
138 138
12 12
188 188
170 170
1 1
119 119
161 161
129 129
148 148
39 39
90 90
175 175
169 169
143 143
27 27
77 77
124 124
49 49
160 160
20 20
56 56
71 71
189 189
74 74
152 152
35 35
157 157
59 59
100 100
55 55
195 195
23 23
185 185
24 24
172 172
68 68
107 107
103 103
83 83
147 147
186 186
125 125
197 197
69 69
167 167
101 101
52 52
2 2
112 112
26 26
137 137
66 66
142 142
43 43
9 9
94 94
73 73
196 196
176 176
57 57
106 106
38 38
164 164
95 95
92 92
182 182
3 3
51 51
19 19
11 11
29 29
86 86
16 16
166 166
198 198
72 72
67 67
97 97
104 104
123 123
102 102
10 10
89 89
