0 82 2 38 4 5 6 5 8 10 12 14 16 60 18 33 20 22 93 24 43 26 52 28 92 30 32 34 36 32 38 2 13 40 42 72 44 46 48 50 21 52 77 54 56 58 60 62 64 66 3 68 98 70 13 72 82 77 74 76 23 78 80 82 77 84 32 86 88 14 90 92 60 94 3 67 96 67 98 11 0
49
0 0
2 2
4 4
6 6
8 8
10 10
12 12
14 14
16 16
18 18
20 20
22 22
24 24
26 26
28 28
30 30
32 32
34 34
36 36
38 38
40 40
42 42
44 44
46 46
48 48
50 50
52 52
54 54
56 56
58 58
60 60
62 62
64 64
66 66
68 68
70 70
72 72
74 74
76 76
78 78
80 80
82 82
84 84
86 86
88 88
90 90
92 92
94 94
96 96
