0 24 108 89 138 186 136 82 128 6 39 6 128 32 128 82 91 14 99 14 46 139 46 14 40 20 70 20 64 170 64 20 40 155 122 28 76 28 122 155 40 44 142 192 194 192 142 88 34 88 142 192 104 61 164 61 104 192 142 44 40 14 86 158 102 158 86 2 114 2 30 150 30 2 86 158 98 120 80 172 80 120 98 158 86 14 99 140 92 68 92 176 180 110 180 176 92 140 99 14 46 124 130 166 178 106 154 106 12 18 84 96 112 96 84 160 10 160 66 160 118 54 118 160 103 48 103 52 103 160 84 18 111 90 111 74 190 74 111 18 12 106 178 166 130 124 46 14 91 82 136 186 138 89 108 25 26 152 26 25 108 24 132 126 162 100 0
54
24 0 24
114 2 114
90 4 78 90 156
6 6
46 8 46 124 144
10 10 160
18 12 18 42 62
14 14 116
112 16 112
20 20 40 72
178 22 178 188
26 26
28 28
30 30
32 32
34 34
139 36
66 38 66
142 44 142
48 48 146
192 50 58 104 192
52 52
54 54
68 56 68 92
194 60 194
64 64
70 70
190 74 184 190
76 76
80 80 120
82 82 136
96 84 96
158 86 94 98 158
88 88
100 100 162 168 182
102 102
106 106
108 108
110 110
118 118
122 122
132 126 132
128 128
166 130 134 166 198
138 138 186
99 140
39 148 196
150 150 174
152 152
154 154
164 164
170 170
172 172
180 176 180
