Soda Bechtel Soda Boalt CalvinLaboratory Cheit Cory Dwinelle Etcheverry Haste Giannini GreekTheatre Haste Soda HearstMiningCircle Soda LifeSciences McLaughlin Jacobs KrutchTheater Hildebrand MLK Moses Soda Observatory Soda Senior SproulPlaza Stern VLSB Wheeler BarkerHall Blackwell Campbell Bowles Bechtel ClarkKerr Boalt DoeLibrary EdwardsStadium Foothill Soda Gilman Soda HaasPavilion HearstFieldAnnex Hertz Insectary Koshland LeConte Boalt McCone MemorialStadium Morgan Bechtel NorthGate Pitzer Simon Stanley Bechtel Soda
45
Bechtel Bechtel
Boalt Boalt
Cheit Cheit
Cory Cory
Dwinelle Dwinelle
Etcheverry Etcheverry
Giannini Giannini
GreekTheatre GreekTheatre
Haste Haste
HearstMiningCircle HearstMiningCircle
LifeSciences LifeSciences
McLaughlin McLaughlin
Jacobs Jacobs
KrutchTheater KrutchTheater
Hildebrand Hildebrand
MLK MLK
Moses Moses
Observatory Observatory
Senior Senior
SproulPlaza SproulPlaza
Stern Stern
VLSB VLSB
Wheeler Wheeler
BarkerHall BarkerHall
Blackwell Blackwell
Campbell Campbell
Bowles Bowles
ClarkKerr ClarkKerr
DoeLibrary DoeLibrary
EdwardsStadium EdwardsStadium
Foothill Foothill
Gilman Gilman
HaasPavilion HaasPavilion
HearstFieldAnnex HearstFieldAnnex
Hertz Hertz
Insectary Insectary
Koshland Koshland
LeConte LeConte
McCone McCone
MemorialStadium MemorialStadium
Morgan Morgan
NorthGate NorthGate
Pitzer Pitzer
Simon Simon
Stanley Stanley
