Soda Cory Bechtel Bowles Bechtel ClarkKerr Boalt DoeLibrary EdwardsStadium Foothill Soda Gilman Soda HaasPavilion HearstFieldAnnex Hertz Insectary Koshland LeConte Boalt McCone MemorialStadium Morgan Bechtel NorthGate Pitzer Simon Stanley Bechtel Tan Wellman Wurster Eshleman BarrowsHall CalvinLaboratory Evans Birge Boalt FoxCottage Blum BotanicalGarden Soda Giauque Soda GoldmanPlaza Boalt CaliforniaHall Greenhouse Chou Chvez Hargrove Campanile Haviland Bechtel HearstGymnasium Soda Cleary Cory HeatingPlant Davis Soda BancroftLibrary CalvinLaboratory Hesse Boalt Durant Hilgard EastGate CalvinLaboratory IshiCourt Kleeberger Kroeber Bechtel Latimer Lewis LowerSproul McEnerney Bechtel MemorialGlade Minor CalvinLaboratory Moffitt Morrison Soda Mulford OBrien Pimentel SatherGate Sibley Soda Sproul StadiumRim Soda Stephens SutardjaDai TangCenter Warren Bechtel WestGate WooHonFai Soda Zellerbach Soda1 CalvinLaboratory Bechtel1 CalvinLaboratory Boalt1 CalvinLaboratory1 Cheit1 Bechtel Cory1 Dwinelle1 Etcheverry1 Giannini1 CalvinLaboratory GreekTheatre1 Haste1 HearstMiningCircle1 LifeSciences1 McLaughlin1 Jacobs1 KrutchTheater1 Hildebrand1 MLK1 Moses1 Soda Observatory1 Stephens1 SutardjaDai1 Soda TangCenter1 Warren1 Bechtel WestGate1 Bechtel WooHonFai1 Zellerbach1 Soda
100
Bechtel Bechtel
Bowles Bowles
ClarkKerr ClarkKerr
DoeLibrary DoeLibrary
EdwardsStadium EdwardsStadium
Foothill Foothill
Gilman Gilman
HaasPavilion HaasPavilion
HearstFieldAnnex HearstFieldAnnex
Hertz Hertz
Insectary Insectary
Koshland Koshland
LeConte LeConte
McCone McCone
MemorialStadium MemorialStadium
Morgan Morgan
NorthGate NorthGate
Pitzer Pitzer
Simon Simon
Stanley Stanley
Tan Tan
Wellman Wellman
Wurster Wurster
Eshleman Eshleman
BarrowsHall BarrowsHall
Evans Evans
Birge Birge
FoxCottage FoxCottage
Blum Blum
BotanicalGarden BotanicalGarden
Giauque Giauque
GoldmanPlaza GoldmanPlaza
CaliforniaHall CaliforniaHall
Greenhouse Greenhouse
Chou Chou
Chvez Chvez
Hargrove Hargrove
Campanile Campanile
Haviland Haviland
HearstGymnasium HearstGymnasium
Cleary Cleary
HeatingPlant HeatingPlant
Davis Davis
BancroftLibrary BancroftLibrary
Hesse Hesse
Durant Durant
Hilgard Hilgard
EastGate EastGate
IshiCourt IshiCourt
Kleeberger Kleeberger
Kroeber Kroeber
Latimer Latimer
Lewis Lewis
LowerSproul LowerSproul
McEnerney McEnerney
MemorialGlade MemorialGlade
Minor Minor
Moffitt Moffitt
Morrison Morrison
Mulford Mulford
OBrien OBrien
Pimentel Pimentel
SatherGate SatherGate
Sibley Sibley
Sproul Sproul
StadiumRim StadiumRim
Stephens Stephens
SutardjaDai SutardjaDai
TangCenter TangCenter
Warren Warren
WestGate WestGate
WooHonFai WooHonFai
Zellerbach Zellerbach
Soda1 Soda1
Bechtel1 Bechtel1
Boalt1 Boalt1
CalvinLaboratory1 CalvinLaboratory1
Cheit1 Cheit1
Cory1 Cory1
Dwinelle1 Dwinelle1
Etcheverry1 Etcheverry1
Giannini1 Giannini1
GreekTheatre1 GreekTheatre1
Haste1 Haste1
HearstMiningCircle1 HearstMiningCircle1
LifeSciences1 LifeSciences1
McLaughlin1 McLaughlin1
Jacobs1 Jacobs1
KrutchTheater1 KrutchTheater1
Hildebrand1 Hildebrand1
MLK1 MLK1
Moses1 Moses1
Observatory1 Observatory1
Stephens1 Stephens1
SutardjaDai1 SutardjaDai1
TangCenter1 TangCenter1
Warren1 Warren1
WestGate1 WestGate1
WooHonFai1 WooHonFai1
Zellerbach1 Zellerbach1
