2 157 49 157 53 193 145 52 56 44 104 115 147 32 147 198 128 131 156 131 63 26 11 23 34 181 45 102 117 164 138 13 8 87 175 126 114 100 70 177 90 95 82 178 155 196 121 7 79 170 185 75 141 27 98 36 98 172 61 172 113 99 174 28 116 67 182 189 122 153 3 149 171 179 16 133 16 179 171 18 14 62 139 55 130 55 50 42 188 35 60 142 60 9 85 9 60 35 199 97 144 106 144 97 199 35 188 163 5 59 173 59 5 125 31 10 194 93 101 150 127 12 81 25 37 86 65 4 112 158 110 158 112 190 92 190 112 4 161 109 131 128 198 100 70 177 90 62 94 62 96 137 30 15 57 180 174 176 192 0 186 38 46 38 83 73 58 1 187 1 50 129 48 129 19 143 41 2 157 53 68 119 136 186 0 192 176 51 76 51 176 174 99 165 99 174 180 126 114 107 43 80 118 6 118 80 54 80 43 107 114 100 70 60 9 85 41 2
100
2 2
157 157
49 49
53 53
193 193
145 145
52 52
56 56
44 44
115 115
32 32
128 128
131 131
156 156
63 63
26 26
23 23
34 34
181 181
164 164
138 138
13 13
8 8
126 126
114 114
100 100
177 177
90 90
95 95
82 82
178 178
196 196
121 121
7 7
79 79
141 141
27 27
98 98
36 36
61 61
113 113
174 174
28 28
116 116
67 67
182 182
189 189
122 122
3 3
149 149
171 171
179 179
133 133
14 14
139 139
55 55
130 130
50 50
42 42
188 188
35 35
142 142
85 85
97 97
106 106
173 173
59 59
125 125
194 194
93 93
12 12
25 25
86 86
4 4
112 112
158 158
110 110
92 92
161 161
94 94
96 96
30 30
15 15
192 192
0 0
38 38
46 46
73 73
58 58
187 187
48 48
119 119
136 136
51 51
76 76
165 165
80 80
118 118
6 6
54 54
