40 33 6 33 24 32 43 39 49 48 3 34 35 25 20 25 35 34 3 12 38 23 15 14 30 20 25 20 30 14 15 14 30 1 34 6 33 24 4 24 33 6 34 1 29 26 17 41 42 36 19 27 19 36 42 31 2 7 23 15 14 15 23 38 23 7 2 31 42 36 19 27 9 11 46 28 46 11 9 27 19 36 42 31 2 7 23 15 32 43 32 15 23 7 2 31 42 41 42 31 2 7 23 15 32 43 39 43 32 24 4 16 4 24 33 40 45 48 3 34 35 25 20 10 18 36 19 36 18 10 20 25 35 34 6 33 40
25
6 6
32 32
49 49
20 20
12 12
23 23
30 30
25 25
15 15
34 34
4 4
29 29
27 27
7 7
14 14
38 38
31 31
28 28
43 43
41 41
39 39
16 16
45 45
35 35
19 19
