71 37 60 35 5 11 16 24 25 30 36 2 33 81 95 21 50 63 80 79 73 26 47 10 92 53 70 42 67 90 85 52 39 61 87 7 99 6 32 55 93 77 58 66 62 45 94 65 96 38 64 38 48 43 84 41 88 78 88 20 74 19 75 15 94 65 9 0 9 27 18 86 89 59 29 16 3 28 97 13 49 54 14 3 16 24 34 69 34 98 57 70 53 44 60 37 71
50
60 60
35 35
5 5
11 11
24 24
30 30
36 36
2 2
33 33
95 95
21 21
50 50
79 79
26 26
47 47
10 10
53 53
70 70
42 42
85 85
39 39
61 61
87 87
7 7
6 6
55 55
77 77
66 66
45 45
94 94
65 65
96 96
38 38
64 64
84 84
41 41
88 88
78 78
74 74
19 19
15 15
0 0
18 18
59 59
29 29
28 28
13 13
49 49
54 54
69 69
