ffffff uuuuuuu ll aaaa ii aaaa ll xxxxx ggggg rrrrr fffff ttttttt sssss bbbbbbb d cccc dd cccc d bbbbbbb sssss ttttttt fffff rrrrr ggggg xxxxx ll uuuuuuu ffffff uu a dddd qqqqqq ggggggg bbbbbb ggggggg qqqqqq dddd jjjj eeeee tttttt kkkkkkkk gggggggg hhhhhhh wwwwww ee wwwwww tttt mm tttt wwwwww hhhhhhh gggggggg kkkkkkkk tttttt eeeee jjjj dddd a uu uuu nnn tt mmmm tt xxx tt nnn uuu o uuu nnn tt mmmm kkkk cc eeeeee m qq m eeeeee cc jjj gggg pppp cccccc pppp gggg jjj ppppp s wwwww vvv llllllll llllll b uuuuuu vvvvv iiiiiii lllllll iiiiiii vvvvv uuuuuu b llllll llllllll xxxx llllllll vvv wwwww s hhh iiiiiiii aaaaaa oooooooo lll hhhh ccccccc rrrrrr e rrrrrr bbbbbbbb mmmmmmmm kkkkkk aaaaaaaa kkkkkk mmmmmmmm qqq yy sss yy qqq sssssss oooooo ffffff
50
uuuuuuu ffffff ll uuuuuuu
hhh iiiiiiii hhh
vvvvv pppppppp k eeeeeee vvvvvv vvvvv aa
b b uuuuuu
o x o
ppppp ppppp
mmmmmmmm mmmmmmmm bbbbbbbb qqq
ttttttt ttttttt zzzzz bbbbbbb sssss
xxxx xxxx wwww rr
mm mm ffff zzz eeee ttttt ssssss jjjjjj
gggg ssss jjj gggg
ggggg xxxxx ggggg ffffffff
gggggggg q gggggggg
nnn uuu nnn
yy yy
tttt tttt
bbbbbb bbbbbb
hhhh ccccccc xxxxxxx lll hhhh
aaaaaaaa aaaaaaaa kkkkkk
aaaaaa oooooooo aaaaaa
dd j cccc d dd
eeeeee eeeeee cc
ii aaaa ii
llllll llllll
wwwww wwwww ooooo s
ee ee wwwwww
mmmm kkkk mmmm
a a uu
llllllll llllllll
oooooo sssssss oooooo
iiiiiii iiiiiii
xxx xxx
rrrrr rrrrr
hhhhhhh hhhhhhh
kkkkkkkk kkkkkkkk
ggggggg aaa ggggggg
fffff fffff nnnnnn
e rrrrrr e
tt tt
qq qq
jjjj jjjj
tttttt tttttt
eeeee eeeee
sss yyyyyyy sss
dddd dddd
cccccc pppp cccccc
lllllll lllllll
qqqqqq qqqqqq
m m
vvv vvv
