f xxx qq m z ss j llllllll sss bbbbbbbb sss dddddddd a dddddddd sss llllllll j uuuuu zzz fffffff w c rrrrrr qqqqqqq rrrrrr c w qqqqqq uu qqqqqq aaa vvvv aaa p eeee p aaa qqqqqq uu xxxxxx ttttt hhhh ff jjjj wwww pp q rrrrrrrr q pp wwww jjjj ff hhhh ttttt xxxxxx uu qqqqqq w fffffff zzz uuuuu j ss z llllll ssssss ssss s vv wwwwwww ggg iii nnnn f
25
j f xxx j z m ss uuuuu qq
qqqqqqq jjjjjjj rrrrrr qqqqqqq
bbbbbbbb bbbbbbbb
ssssss llllll ssssss
a dddddddd a
iii iii
vv v vv ffffffff s
eeee p eeee
pp aaaaa pp
vvvv vvvv
llllllll llllllll sss
q q ggggg hhh
ggg wwwwwww ggg
fffffff fffffff zzz
nnnn nnnn
rrrrrrrr rrrrrrrr
aaa aaa
c c
jjjj ff jjjj
hhhh hhhh
wwww wwww
uu qqqqqq xxxxxx uu
w w
ssss ssss lllll
ttttt ttttt
