49 37 47 29 27 0 27 29 47 1 47 37 6 46 12 34 19 38 2 38 19 13 27 3 11 28 9 14 23 43 4 43 23 14 17 6 37 47 29 27 5 27 29 47 37 6 46 12 7 12 33 8 33 14 9 14 23 35 10 35 23 14 9 28 11 28 9 14 39 34 12 34 19 13 19 34 39 14 23 15 23 14 39 34 19 38 16 41 17 6 37 47 29 48 18 48 29 47 37 6 46 12 34 19 41 17 9 28 11 36 20 36 11 28 9 17 31 44 21 44 31 17 14 23 35 10 22 10 35 23 14 33 8 24 1 47 37 49
24
0 0
1 1
2 2
3 3
4 4
5 5
6 6
7 7
8 8
9 9
10 10
11 11
12 12
13 13
14 14
15 15
16 16
17 17
18 18
19 19
20 20
21 21
22 22
23 23
