99 4 18 61 3 6 3 13 11 42 59 1 15 14 15 1 24 23 19 5 32 37 28 37 35 95 9 56 30 93 16 12 16 22 7 34 47 48 33 2 8 17 43 58 3 20 3 6 89 44 89 99 68 96 82 46 41 46 82 96 68 11 88 36 21 36 21 98 79 10 22 16 78 29 0 31 38 33 16 78 39 78 40 19 26 19 45 25 45 72 71 27 71 72 96 53 3 61 18 63 49 63 18 4 99
50
4 4
18 18
3 3
6 6
13 13
11 11
42 42
1 1
15 15
14 14
24 24
23 23
19 19
5 5
32 32
37 37
28 28
35 35
9 9
30 30
16 16
12 12
22 22
7 7
34 34
47 47
48 48
33 33
2 2
8 8
17 17
43 43
20 20
44 44
46 46
41 41
21 21
36 36
10 10
29 29
0 0
31 31
38 38
39 39
40 40
26 26
45 45
25 25
27 27
49 49
