199 24 10 151 197 28 158 139 181 146 142 49 0 49 150 20 61 57 108 1 113 25 153 71 2 71 158 28 197 147 94 55 3 55 83 124 119 4 119 156 86 65 5 44 60 164 96 189 176 46 72 6 72 46 47 129 185 160 7 177 103 67 34 98 8 65 86 156 119 124 83 55 164 96 9 96 164 55 94 147 197 151 10 151 197 161 109 57 11 57 108 1 105 133 91 12 91 133 182 103 67 13 101 50 178 93 66 14 162 22 63 143 15 62 183 52 102 64 194 16 145 107 127 17 163 156 119 124 83 55 3 18 3 55 94 62 183 122 169 27 19 27 2 71 158 139 181 20 11 114 59 21 88 176 46 47 129 22 129 185 160 7 177 23 177 103 197 151 10 24 10 151 197 28 158 71 153 25 153 71 158 139 181 146 142 26 142 146 181 139 158 71 2 27 2 71 158 28 197 103 177 7 29 39 5 48 16 198 138 30 138 198 16 194 64 102 97 31 97 102 52 183 122 84 32 84 185 170 187 161 109 33 109 161 197 103 67 34 67 103 182 35 130 145 107 36 107 145 37 124 83 38 79 177 7 29 39 5 44 60 164 96 174 40 174 96 164 55 94 62 171 115 157 41 177 23 42 23 177 103 81 43 81 16 48 5 44 5 175 80 45 80 188 93 47 46 47 36 107 145 16 48 5 65 86 156 163 49 163 156 119 124 83 55 94 147 123 50 178 93 47 129 185 160 51 77 105 1 113 102 52 183 62 171 167 78 119 156 163 53 163 49 150 54 176 189 96 164 55 94 147 123 50 178 93 56 93 47 46 176 189 11 57 11 114 59 21 73 144 186 58 186 144 73 21 59 114 11 20 60 20 61 20 60 164 55 94 62 15 143 63 68 159 194 64 194 86 65 86 14 66 14 86 65 8 98 34 67 103 182 35 159 68 159 194 64 102 113 25 190 152 69 152 190 25 153 71 2 27 19 70 19 27 2 71 153 25 127 107 36 47 46 72 46 176 88 21 73 144 186 58 192 74 156 163 75 163 156 86 65 76 65 8 98 34 67 103 182 133 105 77 105 133 182 103 177 41 157 115 167 78 167 115 157 41 177 79 177 103 182 35 159 80 159 194 16 81 103 197 151 10 24 199 82 199 24 10 151 197 147 94 55 83 55 94 62 183 122 84 122 183 52 102 45 104 85 104 45 80 159 194 86 156 119 78 167 171 62 183 87 183 52 102 64 88 64 194 16 198 138 89 138 198 16 48 5 39 90 39 29 7 91 133 182 103 81 43 92 43 27 19 129 47 93 178 50 123 147 94 55 164 96 189 95 189 96 164 55 94 62 183 52 102 97 31 157 41 177 103 67 34 98 34 67 103 197 28 158 139 99 139 158 28 197 151 10 24 199
100
0 0
1 1
2 2
3 3
4 4
5 5
6 6
7 7
8 8
9 9
10 10
11 11
12 12
13 13
14 14
15 15
16 16
17 17
18 18
19 19
20 20
21 21
22 22
23 23
24 24
25 25
26 26
27 27
28 28
29 29
30 30
31 31
32 32
33 33
34 34
35 35
36 36
37 37
38 38
39 39
40 40
41 41
42 42
43 43
44 44
45 45
46 46
47 47
48 48
49 49
50 50
51 51
52 52
53 53
54 54
55 55
56 56
57 57
58 58
59 59
60 60
61 61
62 62
63 63
64 64
65 65
66 66
67 67
68 68
69 69
70 70
71 71
72 72
73 73
74 74
75 75
76 76
77 77
78 78
79 79
80 80
81 81
82 82
83 83
84 84
85 85
86 86
87 87
88 88
89 89
90 90
91 91
92 92
93 93
94 94
95 95
96 96
97 97
98 98
99 99
