SueJosephGarza BrianRolandAli OllieGeorgeSova LauraPhilipWinkler PatriciaBernardBrock JamesJaredGonzalez LucyBennyHaag MariaChristopherCast PaulEvanRichard MaryLindaKirkland PhyllisJackWilson AnnaKyleChang LillieKathleenCervan JessicaJohnSpells KevinHaroldCyr MarianLuluDiaz ThomasAnnieRuiz WilburnDavidMiller PamelaPageBullock DarnellAliciaPeters WilliamGeorgeWilliam AshleyWilliamClarke CrystalShermanVida LeroySandraLewis BrianLuzArce DonaldDoloresKelly IraJimmyYang LuisHelenHughes KarenErmaJensen ChristinaDanaGrant MelindaKennethAzar AlfredaKirstenMartin ElsieJosephPhelps SueCourtneyOsgood KennethShannonGardel PaulShaneSoldner JohnJoseJudd FranciscoFrancesHarr JessicaJohnSpells NathanKevinCorathers HaleyKyleMurphy JohnDustinKenny BillyJoshuaBall SueJosephGarza
39
BrianRolandAli BrianRolandAli
OllieGeorgeSova OllieGeorgeSova
LauraPhilipWinkler LauraPhilipWinkler
PatriciaBernardBrock PatriciaBernardBrock
JamesJaredGonzalez JamesJaredGonzalez
LucyBennyHaag LucyBennyHaag
MariaChristopherCast MariaChristopherCast
PaulEvanRichard PaulEvanRichard
MaryLindaKirkland MaryLindaKirkland
PhyllisJackWilson PhyllisJackWilson
AnnaKyleChang AnnaKyleChang
LillieKathleenCervan LillieKathleenCervan
JessicaJohnSpells JessicaJohnSpells
KevinHaroldCyr KevinHaroldCyr
MarianLuluDiaz MarianLuluDiaz
ThomasAnnieRuiz ThomasAnnieRuiz
WilburnDavidMiller WilburnDavidMiller
PamelaPageBullock PamelaPageBullock
DarnellAliciaPeters DarnellAliciaPeters
WilliamGeorgeWilliam WilliamGeorgeWilliam
AshleyWilliamClarke AshleyWilliamClarke
CrystalShermanVida CrystalShermanVida
LeroySandraLewis LeroySandraLewis
BrianLuzArce BrianLuzArce
DonaldDoloresKelly DonaldDoloresKelly
IraJimmyYang IraJimmyYang
LuisHelenHughes LuisHelenHughes
KarenErmaJensen KarenErmaJensen
ChristinaDanaGrant ChristinaDanaGrant
MelindaKennethAzar MelindaKennethAzar
AlfredaKirstenMartin AlfredaKirstenMartin
ElsieJosephPhelps ElsieJosephPhelps
SueCourtneyOsgood SueCourtneyOsgood
KennethShannonGardel KennethShannonGardel
PaulShaneSoldner PaulShaneSoldner
JohnJoseJudd JohnJoseJudd
FranciscoFrancesHarr FranciscoFrancesHarr
NathanKevinCorathers NathanKevinCorathers
JohnDustinKenny JohnDustinKenny
