SusanneJohnBerrios DouglasRobertFerkovi SpencerCourtneyBroth DinahCatherineFaulkn JuanDebbieAllen MonteMonicaLum MaryBrittneySilva DorothyDavidStromme MaryBrittneySilva StephanieAaronWalker GarryDavidKingery JuliaMollieHernandez HarryNeilFranklin JorgeHeatherSamuels RonaldAlvinPrice RubyLelandCollard WendellKristenBise MattieBarbaraEkstrom RalphClydeMills DougHelenHornbeck SpencerCourtneyBroth JuliaLindaGordon SpencerCourtneyBroth LaquitaJohnBrunette AntonioGeraldBaker FernandoLindaWatson SallyJamesGibson JuanDebbieAllen DinahCatherineFaulkn AntonioGeraldBaker MichaelJeremyRadford MaryFrankieWomack DorothyDavidStromme HarryNeilFranklin JudithBettyHensley ClaudiaDavidTaylor DougHelenHornbeck SpencerCourtneyBroth GarryDavidKingery DouglasRobertFerkovi SusanneJohnBerrios
21
DouglasRobertFerkovi DouglasRobertFerkovi
DinahCatherineFaulkn DinahCatherineFaulkn
MonteMonicaLum MonteMonicaLum
DorothyDavidStromme DorothyDavidStromme
StephanieAaronWalker StephanieAaronWalker
JuliaMollieHernandez JuliaMollieHernandez
JorgeHeatherSamuels JorgeHeatherSamuels
RubyLelandCollard RubyLelandCollard
MattieBarbaraEkstrom MattieBarbaraEkstrom
RalphClydeMills RalphClydeMills
DougHelenHornbeck DougHelenHornbeck
JuliaLindaGordon JuliaLindaGordon
LaquitaJohnBrunette LaquitaJohnBrunette
FernandoLindaWatson FernandoLindaWatson
JuanDebbieAllen JuanDebbieAllen
AntonioGeraldBaker AntonioGeraldBaker
MaryFrankieWomack MaryFrankieWomack
HarryNeilFranklin HarryNeilFranklin
ClaudiaDavidTaylor ClaudiaDavidTaylor
SpencerCourtneyBroth SpencerCourtneyBroth
GarryDavidKingery GarryDavidKingery
