AlbertFredHaines CassandraJaniceGlove DenaJewellDavis KevinThomasHiggins TommyAmandaMartin GlennaMichaelBorden CynthiaConnieWright MichaelElizabethWeav JosephAmandaMullen DwainJoeFeldman MarkAngelaMccloud TravisMichelleMeller RickyJamesBrumfield ElmerDemetriusLark BernicePennyRiddick GeorgeHenryVillar JudyPearlineKaminski DeeAmandaBartley MarkDianeDuchon FerdinandLukeJackson ThomasEssieEwing MistyRobertKing SandraHarryStewart JackieSharonScherrer JimmyFlorTasson MarthaJackRobinson JohnRichardSmith LawrenceBarryHadden GeorgeWilliamJackson GaryCharlesHudson CherylMaryMorgan EricTammyScott KathleenJoseClark JudeJanetHarcourt EdwardErnestSinger RolandGregoryWatson BradleyDeborahSaball EricTinaPerea ZacharyWarrenKarth JamesJordanZamora JannaDavidCarranza RosaPatrickYankey BrettDominickSonnier LynnKennethChavez WilliamDavidGray DebraJaneFitzgerald DeniseBrunoWilliam KathleenSherryDay MarciaWalterKirschma HowardKennethCollins JoStephenMay DianeElisePickett LillianJuanAncona ClaudeBobbyBaker StephenWilliamCoffma CraigJohnLard ManuelaJoseBailey EricJamesJuckett IsaacGregGargano AnnDeannaLarzazs KellyJohnnaOles JeremyJamesChavez RobinStephenWebster PerryJamesBennett RonaldEdnaArant MaryJamesDavila JohnBrendaFuller HeidiMayJohnson JessicaChristopherHa PeterJosephBarbee DorisJeffreyBinger WadeSonnyMcbride MichaelMarkHolloway EdwardDennisStewart JoannCharlieWilkinso WilliamDanielleBell StormyOllieYork KevinCharlesEvans SandraHarryStewart StevenNeilNguyen AlbertFredHaines
78
AlbertFredHaines AlbertFredHaines
CassandraJaniceGlove CassandraJaniceGlove
DenaJewellDavis DenaJewellDavis
KevinThomasHiggins KevinThomasHiggins
TommyAmandaMartin TommyAmandaMartin
GlennaMichaelBorden GlennaMichaelBorden
CynthiaConnieWright CynthiaConnieWright
MichaelElizabethWeav MichaelElizabethWeav
JosephAmandaMullen JosephAmandaMullen
DwainJoeFeldman DwainJoeFeldman
MarkAngelaMccloud MarkAngelaMccloud
TravisMichelleMeller TravisMichelleMeller
RickyJamesBrumfield RickyJamesBrumfield
ElmerDemetriusLark ElmerDemetriusLark
BernicePennyRiddick BernicePennyRiddick
GeorgeHenryVillar GeorgeHenryVillar
JudyPearlineKaminski JudyPearlineKaminski
DeeAmandaBartley DeeAmandaBartley
MarkDianeDuchon MarkDianeDuchon
FerdinandLukeJackson FerdinandLukeJackson
ThomasEssieEwing ThomasEssieEwing
MistyRobertKing MistyRobertKing
SandraHarryStewart SandraHarryStewart
JackieSharonScherrer JackieSharonScherrer
JimmyFlorTasson JimmyFlorTasson
MarthaJackRobinson MarthaJackRobinson
JohnRichardSmith JohnRichardSmith
LawrenceBarryHadden LawrenceBarryHadden
GeorgeWilliamJackson GeorgeWilliamJackson
GaryCharlesHudson GaryCharlesHudson
CherylMaryMorgan CherylMaryMorgan
EricTammyScott EricTammyScott
KathleenJoseClark KathleenJoseClark
JudeJanetHarcourt JudeJanetHarcourt
EdwardErnestSinger EdwardErnestSinger
RolandGregoryWatson RolandGregoryWatson
BradleyDeborahSaball BradleyDeborahSaball
EricTinaPerea EricTinaPerea
ZacharyWarrenKarth ZacharyWarrenKarth
JamesJordanZamora JamesJordanZamora
JannaDavidCarranza JannaDavidCarranza
RosaPatrickYankey RosaPatrickYankey
BrettDominickSonnier BrettDominickSonnier
LynnKennethChavez LynnKennethChavez
WilliamDavidGray WilliamDavidGray
DebraJaneFitzgerald DebraJaneFitzgerald
DeniseBrunoWilliam DeniseBrunoWilliam
KathleenSherryDay KathleenSherryDay
MarciaWalterKirschma MarciaWalterKirschma
HowardKennethCollins HowardKennethCollins
JoStephenMay JoStephenMay
DianeElisePickett DianeElisePickett
LillianJuanAncona LillianJuanAncona
ClaudeBobbyBaker ClaudeBobbyBaker
StephenWilliamCoffma StephenWilliamCoffma
CraigJohnLard CraigJohnLard
ManuelaJoseBailey ManuelaJoseBailey
EricJamesJuckett EricJamesJuckett
IsaacGregGargano IsaacGregGargano
AnnDeannaLarzazs AnnDeannaLarzazs
KellyJohnnaOles KellyJohnnaOles
JeremyJamesChavez JeremyJamesChavez
RobinStephenWebster RobinStephenWebster
PerryJamesBennett PerryJamesBennett
RonaldEdnaArant RonaldEdnaArant
MaryJamesDavila MaryJamesDavila
JohnBrendaFuller JohnBrendaFuller
HeidiMayJohnson HeidiMayJohnson
JessicaChristopherHa JessicaChristopherHa
PeterJosephBarbee PeterJosephBarbee
DorisJeffreyBinger DorisJeffreyBinger
WadeSonnyMcbride WadeSonnyMcbride
MichaelMarkHolloway MichaelMarkHolloway
EdwardDennisStewart EdwardDennisStewart
JoannCharlieWilkinso JoannCharlieWilkinso
StormyOllieYork StormyOllieYork
KevinCharlesEvans KevinCharlesEvans
StevenNeilNguyen StevenNeilNguyen
