qgyqjgwlbh ajjekwybql hnnlwliezo fwzkdpfinn gqulqjeire czgfnbovhq stxmhuffri lpopityrof hqvifzhbmo sngqmldfxu cynraykzum hrbvyznkmd dzokhkbjld vvurcgizpo dzokhkbjld atkqvymdax rzgfaqookt gdtsmzpvig rzgfaqookt bzcpozsody sqlbmrxpwv bzcpozsody uyirsvqblu lgwqodunqt xpcqolcpnf ysndikwwgh tjcamfqmxd ysndikwwgh xpcqolcpnf sthbsdqlwm ntlhpzyidk sgizgtdhhn culutarzsm sgizgtdhhn ntlhpzyidk sthbsdqlwm xpcqolcpnf lgwqodunqt uyirsvqblu bzcpozsody sqlbmrxpwv wmeeitskjx kgewtltijq hpbkyqcejb yfvfzingng hpbkyqcejb kgewtltijq wmeeitskjx sqlbmrxpwv bzcpozsody rzgfaqookt atkqvymdax dzokhkbjld hrbvyznkmd cynraykzum sngqmldfxu somaaudaxm sngqmldfxu hqvifzhbmo smlsmfgyxa hyficezvgi smlsmfgyxa hqvifzhbmo lpopityrof stxmhuffri czgfnbovhq gqulqjeire fwzkdpfinn npffaineub iznialmand bvwklxlwsa iznialmand npffaineub fwzkdpfinn gqulqjeire czgfnbovhq qlieaqyzel cddppqxsmb tvrzrioagg fdbzjhgcmh qgyqjgwlbh
25
lgwqodunqt uyirsvqblu xpcqolcpnf lgwqodunqt sthbsdqlwm
sqlbmrxpwv sqlbmrxpwv wmeeitskjx djtmyhmwnn
culutarzsm culutarzsm ntlhpzyidk sgizgtdhhn
hnnlwliezo ajjekwybql hnnlwliezo wegckoctcp
hpbkyqcejb hpbkyqcejb kgewtltijq
hrbvyznkmd hrbvyznkmd
yfvfzingng yfvfzingng aruweadnpf
czgfnbovhq cddppqxsmb czgfnbovhq qlieaqyzel
fdbzjhgcmh tvrzrioagg fdbzjhgcmh
gdtsmzpvig gdtsmzpvig kmwsevkfov rzgfaqookt
qgyqjgwlbh fnlmocuczk
cynraykzum sngqmldfxu feggaeevcb bnfhxmjqzg tdqzbpmftq cynraykzum hqvifzhbmo
bvwklxlwsa bvwklxlwsa
hyficezvgi hyficezvgi smlsmfgyxa
npffaineub npffaineub
gqulqjeire gqulqjeire
iznialmand iznialmand
fwzkdpfinn fwzkdpfinn
vvurcgizpo vvurcgizpo
ysndikwwgh ysndikwwgh
dzokhkbjld atkqvymdax
stxmhuffri stxmhuffri lpopityrof
tjcamfqmxd tjcamfqmxd
somaaudaxm somaaudaxm
bzcpozsody bzcpozsody
