dweidxeutk xdhiumwdwn dweidxeutk audojmtlep gpbaqafhdz ctnsbezpjg fuhtgylsov ctnsbezpjg tofdobbbjt bcwzxsuutq aihlvhrjir tzpaywhybw wlzaatlgns cowtuqqsll wwmcjuetgz bqrcwxsyuw lvqqznnzyn bqrcwxsyuw wwmcjuetgz cowtuqqsll wlzaatlgns rwobvahhfa wlzaatlgns tzpaywhybw cnbqxrvlvl rqmdukqpbg cnbqxrvlvl tzpaywhybw wlzaatlgns cowtuqqsll depihfdmjk dlfzngcmgq okcwuqslme dfgysrnikx arrkheyths rqchbdjiqp arrkheyths tdtlnqnprm arrkheyths dfgysrnikx okcwuqslme dlfzngcmgq depihfdmjk cowtuqqsll wlzaatlgns tzpaywhybw aihlvhrjir bcwzxsuutq tofdobbbjt dzzxropcld tehmqpfdnn xdmzjapanj kufcwxmspu zdiibealli kufcwxmspu xdmzjapanj tehmqpfdnn ltjqdpdqwv gyjkhdbyvm ltjqdpdqwv tehmqpfdnn dzzxropcld tofdobbbjt ctnsbezpjg gpbaqafhdz irtbznwvcu zbgxyjmdnm cwexpxaktw zbgxyjmdnm wfybmclpmp dllzvxpcgk cavyunvwuk kjgjbkdckc sjqdgtugly bxdnijtmyn sjqdgtugly itouxsyevo gvxfzzmwzk nimybvgttg hcvrravrik siwbsyuwap lgpbgvlzpo taoimnqdrr vtquakjujf gkbqwvqnfu wqeazvzkdf ftrqchqaif wqeazvzkdf fxejnitkot dldiwncohw fxejnitkot wqeazvzkdf gkbqwvqnfu vtquakjujf taoimnqdrr lgpbgvlzpo siwbsyuwap hcvrravrik nimybvgttg gvxfzzmwzk itouxsyevo ulneltboej fxpsowceqq qjjslhkvnr fxpsowceqq ulneltboej itouxsyevo sjqdgtugly kjgjbkdckc cavyunvwuk dllzvxpcgk wfybmclpmp zbgxyjmdnm irtbznwvcu gpbaqafhdz audojmtlep toeqvvzlae cxrfqntbtm toeqvvzlae xqqirblyjw vpghbvlzxd xwsnmxufqy auonnlthcz vteisghgld rulcikswsa hlimwiksjd rulcikswsa vteisghgld auonnlthcz naqyljkxxq wiwpekzeuz efgyvzmusc afkxpktsxw elifcmozpf afkxpktsxw rlgdknlxmz afkxpktsxw efgyvzmusc wiwpekzeuz naqyljkxxq auonnlthcz xwsnmxufqy vpghbvlzxd xqqirblyjw toeqvvzlae audojmtlep dweidxeutk xdhiumwdwn klbefaxnzg jiowqcrqpz sjcwiapdwb uqhdcumthr sjcwiapdwb drtcvphibq vqlbufoinm drtcvphibq gmvwahagsy akzsqllzsv dweidxeutk
49
xdhiumwdwn xdhiumwdwn klbefaxnzg
vtquakjujf gkbqwvqnfu vtquakjujf taoimnqdrr lgpbgvlzpo nmshjtpxad
tzpaywhybw fwwnyjpwnp cnbqxrvlvl tzpaywhybw aihlvhrjir
efgyvzmusc efgyvzmusc
akzsqllzsv cmelcyxenw akzsqllzsv gmvwahagsy
rqchbdjiqp ouzfljsksj xtugynuehn rqchbdjiqp
qjjslhkvnr fxpsowceqq qjjslhkvnr
wqeazvzkdf gqwhfeepal wqeazvzkdf fxejnitkot
vpghbvlzxd xwsnmxufqy ienasnqnvt vpghbvlzxd cpdpvshtof
tofdobbbjt dzzxropcld tofdobbbjt bcwzxsuutq
sjqdgtugly sjqdgtugly hpqsgalvar kjgjbkdckc
cowtuqqsll cowtuqqsll depihfdmjk
nimybvgttg rzqbegeoni siwbsyuwap hcvrravrik nimybvgttg
rqmdukqpbg rqmdukqpbg
gpbaqafhdz irtbznwvcu audojmtlep gpbaqafhdz
vqlbufoinm drtcvphibq vqlbufoinm iqbyvqgkcp
cxrfqntbtm ivgiotlrrr cxrfqntbtm toeqvvzlae
elifcmozpf elifcmozpf mnmjklgmnp afkxpktsxw
auonnlthcz auonnlthcz
ctnsbezpjg ctnsbezpjg
xdmzjapanj tehmqpfdnn pphebmysxy xdmzjapanj
dweidxeutk dweidxeutk
cwexpxaktw cwexpxaktw zbgxyjmdnm
wlzaatlgns wlzaatlgns
wiwpekzeuz wiwpekzeuz
wfybmclpmp wfybmclpmp
dfgysrnikx arrkheyths dfgysrnikx
bqrcwxsyuw wwmcjuetgz bqrcwxsyuw
gyjkhdbyvm gyjkhdbyvm
okcwuqslme okcwuqslme
lvqqznnzyn lvqqznnzyn
zdiibealli hjvmodgwdg pgiiochubt zdiibealli kufcwxmspu
gvxfzzmwzk gvxfzzmwzk itouxsyevo ulneltboej
fuhtgylsov fuhtgylsov
rlgdknlxmz kgpqjqjrhc rlgdknlxmz
dlfzngcmgq dlfzngcmgq
naqyljkxxq naqyljkxxq
tdtlnqnprm tdtlnqnprm lzsvglcvqa
rulcikswsa rulcikswsa
rwobvahhfa rwobvahhfa
dldiwncohw dldiwncohw
sjcwiapdwb jiowqcrqpz sjcwiapdwb
hlimwiksjd hlimwiksjd
cavyunvwuk cavyunvwuk
uqhdcumthr uqhdcumthr
vteisghgld vteisghgld
ftrqchqaif ftrqchqaif
bxdnijtmyn bxdnijtmyn
dllzvxpcgk dllzvxpcgk
