node0 node7 node8 node10 node11 node13 node11 node10 node8 node7 node14 node21 node22 node24 node25 node24 node22 node21 node28 node29 node31 node32 node33 node32 node31 node29 node28 node35 node36 node38 node39 node38 node36 node35 node42 node43 node45 node43 node42 node49 node50 node52 node53 node54 node53 node55 node53 node52 node50 node49 node42 node35 node28 node21 node14 node15 node17 node18 node17 node15 node14 node7 node0 node91 node92 node94 node95 node94 node92 node91 node84 node85 node87 node88 node90 node88 node87 node85 node84 node77 node78 node80 node81 node83 node81 node80 node78 node77 node70 node71 node70 node63 node56 node57 node59 node60 node62 node60 node61 node60 node59 node57 node56 node63 node64 node66 node67 node69 node67 node66 node64 node63 node70 node71 node73 node74 node76 node74 node73 node71 node70 node77 node84 node91 node0 node1 node3 node4 node5 node4 node6 node1 node0
30
node3 node3
node5 node5
node6 node6
node10 node10 node12
node13 node13
node18 node17 node19 node20
node24 node24
node25 node26 node27
node31 node31
node33 node33 node34
node36 node38
node39 node40 node41
node45 node45 node47 node48
node52 node52
node54 node54
node55 node55
node57 node59
node61 node61
node62 node62
node67 node66 node68
node69 node69
node71 node73
node76 node75 node76
node80 node80
node81 node82
node83 node83
node87 node87
node90 node89 node90
node92 node94
node95 node96 node97
