Egsmith Stainby Wenwold Wychbourne Wychnell Ashbourne Stapbeck Waltditch Wenside Cookford Farnsmith Wychsmith Wetwick Leathermere Burbourne Wenside Alfchester Watchavon Shaftbridge Staplake Edgey Ashdown Chelmbeck Flitgrove Wywick Wychbeck Staplake Penborne Bromton Pemlow Blanworth Stainbrough Sudtree Stainbrough Nortley Hornborough Chelmwang Hornborough Brackbrough Wenbeck Shaftsted Egtree Chelmden Horsmoor Egavon Shaftbage Cookford Wychbourne Barnton Egsmith
36
Stainby Stainby
Wenwold Wenwold
Wychbourne Wychbourne
Wychnell Wychnell
Ashbourne Ashbourne
Stapbeck Stapbeck
Waltditch Waltditch
Wenside Wenside
Cookford Cookford
Farnsmith Farnsmith
Wychsmith Wychsmith
Wetwick Wetwick
Leathermere Leathermere
Burbourne Burbourne
Alfchester Alfchester
Shaftbridge Shaftbridge
Staplake Staplake
Edgey Edgey
Ashdown Ashdown
Chelmbeck Chelmbeck
Flitgrove Flitgrove
Wywick Wywick
Wychbeck Wychbeck
Penborne Penborne
Pemlow Pemlow
Stainbrough Stainbrough
Sudtree Sudtree
Nortley Nortley
Chelmwang Chelmwang
Brackbrough Brackbrough
Wenbeck Wenbeck
Egtree Egtree
Chelmden Chelmden
Egavon Egavon
Shaftbage Shaftbage
Barnton Barnton
