Chelmbourne Wetborne Casford Alfwell Aldhall Alfwell Casford Wetborne Chelmbourne Edgwich Staintree Stafthorne Waltbrook Hurstworth Waltbrook Hornley Pemwold Hornley Barngrove Egborne Cookton Egborne Barngrove Prestdon Barngrove Bracklow Leatherlow Alfby Elside Stainfield Wenden Stainfield Elside Whitavon Elside Alfby Stapwell Alfby Leatherlake Alfby Leatherlow Bracklow Hartbage Bracklow Barngrove Egborne Alfcastle Barnham Alfcastle Egborne Barngrove Hornley Waltbrook Stafthorne Staintree Elgrove Wenborough Prestey Sudwich Enlow Sudwich Prestey Brainbridge Prestey Enbage Flitham Shrivlow Flitham Enbage Stainside Enbage Prestey Wenborough Elgrove Staflow Rocktree Whitborough Horndown Whitborough Rocktree Staflow Elgrove Staintree Stafthorne Waltbrook Hornley Pemwold Melborne Sudworth Wenwang Edgchester Wetborne Chelmbourne
33
Sudwich Sudwich
Edgchester Sudworth Wenwang Edgchester Horncester
Elside Elside
Wenden Barnside Dartsted Wenden
Brainbridge Brainbridge
Flitham Enbage Flitham Kingsley
Hornley Hornley Durditch
Chelmbourne Shaftwich Edgwich
Barnham Stapthorne Stapmoor Barnham
Bracklow Pemwood Sodside Bracklow
Hurstworth Hurstworth Waltbrook
Whitborough Whitborough
Alfby Alfby
Wetborne Casford
Shrivlow Southmere Shrivside Shrivlow Stainhall
Aldhall Aldhall
Stainside Stainside Whitover
Horndown Horndown
Leatherlake Leatherlake
Rocktree Bursted Cookbridge Wyhead Staflow Cleredon Rocktree
Elgrove Elgrove
Wenborough Wenborough Prestey
Hartbage Hartbage
Pemwold Pemwold Egcastle
Leatherlow Leatherlow
Stapwell Stapwell
Cookton Cookton
Stafthorne Staintree
Prestdon Prestdon
Alfwell Alfwell Marlton
Egborne Egborne
Whitavon Whitavon
Enlow Enlow
