qtq wju qtq uxr wuc npu zgf cnv zgf npu sfp zgs sfp fsl ifc pjx pta pjx ifc xmz wpq vsu wpq rwt itg rwt ahv krg kza krg udq tmc udq qfc qbe qfc udq pwa thz qbj rut yiz ili yiz ooc art idl art ooc brk hxp fne wiq fne nhr viv tro tmd tro wpo htv jta htv wpo tro viv nhr fne hxp brk ooc yiz ili bsz iuz nfy iuz bsz ili yiz rut qbj mnv lah llr uca qnn uca llr lah mnv qbj thz pwa osc xax ooi nxr ynq orc hpb zqn cxu qoe cxu zqn hpb orc nhk unf vlt ptq vlt unf nhk orc ynq nxr ooi xax fgo bai egz vub egz lxt egz gak qjm lnv bwq qyi qls mmf ase vaf ase mmf qls qlo cpw lfh rxi lfh spp lfh cpw qlo qls qyi bwq lnv qjm gak egz bai fgo xax osc pwa udq krg ahv rwt wpq xmz ifc plx ifc fsl sfp rju uwp rju sfp npu wuc uxr eku ahy xdz ahy thd jno thd eku uxr qtq
56
pta pta
xdz xdz ahy
rxi hhe cpw rxi lfh
htv htv eqm
itg itg rwt
ooi xax ooi
unf nhk
qtq qtq
hpb hpb pkx orc
ptq ptq vlt
mmf ase
krg krg uoz ahv
zqn gup cxu zqn
ifc ifc
tmc pxs tmc udq
qbe qbe
jno jno
kza kza
qnn qnn hxo lah uca ukh xos
qoe nkx
thz dkn pwa mnv txk thz qbj rod
wuc wuc
npu sfp npu
zgf zgf
uxr uxr
vub vub
nxr ynq
wju wju
jta jta
idl idl
egz bai fgo egz gak cjp
vaf zbn vaf
ili bsz ili
qjm qjm lnv
tro tro
yiz rut yiz
nfy nfy iuz tnl
pjx pjx
fne hxp
wiq wiq
viv nhr slq viv
qfc qfc
lxt lxt
tmd tmd
vsu wuf vsu
fsl fsl
uwp uwp rju
wpo mbx
zgs zgs
ooc ooc brk
plx plx
thd thd
qls qlo qls
wpq wpq
cnv cnv
spp spp
