Soda Addison Center Ajax Visalia Eunice Solano Allston Solano Eunice Anne Arch Anne Oregon Bancroft Center Bataan Center Belrose Bowditch Jones Bret Yolo Bristol Yolo Soda Browning Burnett Columbia Byron Columbia Shasta Garber Colusa Comstock Roosevelt Cutter Garber Acacia Domingo Eunice Lewiston Edith Lewiston Eunice Solano Allston Florida Forest Ajax Center Fresno Woodhaven Fulton Tyler Greenwood Fernwald Haskell Haste Haviland Heinz Russell High Fresno Hospital Bristol Keeler Bristol Kenilworth Vistamont Eunice Lewiston Latham Mabel Jones Bowditch Madera Marin Fernwald Haskell Martin Haviland Menlo Bancroft Muir Roosevelt Overlook Alvarado Keeler Pardee Poplar Bret Poppy Shasta Spring Mabel Summit Mabel Terrace Jones Bret Vermont Bret Yolo Soda
50
Addison Addison
Ajax Ajax
Allston Allston
Anne Anne
Arch Arch
Bancroft Bancroft
Bataan Bataan
Belrose Belrose
Bowditch Bowditch
Bret Bret
Bristol Bristol
Browning Browning
Burnett Burnett
Byron Byron
Columbia Columbia
Colusa Colusa
Comstock Comstock
Cutter Cutter
Domingo Domingo
Edith Edith
Eunice Eunice
Florida Florida
Forest Forest
Fresno Fresno
Fulton Fulton
Greenwood Greenwood
Haskell Haskell
Haste Haste
Haviland Haviland
Heinz Heinz
High High
Hospital Hospital
Keeler Keeler
Kenilworth Kenilworth
Lewiston Lewiston
Mabel Mabel
Madera Madera
Marin Marin
Martin Martin
Menlo Menlo
Muir Muir
Overlook Overlook
Pardee Pardee
Poplar Poplar
Poppy Poppy
Shasta Shasta
Spring Spring
Summit Summit
Terrace Terrace
Vermont Vermont
