FD DB FR EZ FJ GC FO CC GK AX EL CT FT HC BN AV ET CW DP FM BZ HP EG BQ CU GS DC BF GZ GO DM FI HB HF AU BK EK GP BO AF FV FS DU DF CL AK AM EM DE EJ BT GD ES AW GR HH DA CO AJ CS FY AZ CG DQ DI DN AD GQ BC EE GX EO DK EY CA DZ ER BA BM DH EX AT CF BG HD CI FN BV GN FU CB GA HR EN EW CK GF BE HO AG BV FP CU FD
100
DB DB
FR FR
EZ EZ
FJ FJ
GC GC
FO FO
CC CC
GK GK
AX AX
EL EL
CT CT
FT FT
HC HC
BN BN
AV AV
ET ET
CW CW
DP DP
FM FM
BZ BZ
HP HP
EG EG
BQ BQ
CU CU
GS GS
DC DC
BF BF
GZ GZ
GO GO
DM DM
FI FI
HB HB
HF HF
AU AU
BK BK
EK EK
GP GP
BO BO
AF AF
FV FV
FS FS
DU DU
DF DF
CL CL
AK AK
AM AM
EM EM
DE DE
EJ EJ
BT BT
GD GD
ES ES
AW AW
GR GR
HH HH
DA DA
CO CO
AJ AJ
CS CS
FY FY
AZ AZ
CG CG
DQ DQ
DI DI
DN DN
AD AD
GQ GQ
BC BC
EE EE
GX GX
EO EO
DK DK
EY EY
CA CA
DZ DZ
ER ER
BA BA
BM BM
DH DH
EX EX
AT AT
CF CF
BG BG
HD HD
CI CI
FN FN
BV BV
GN GN
FU FU
CB CB
GA GA
HR HR
EN EN
EW EW
CK CK
GF GF
BE BE
HO HO
AG AG
FP FP
