AZ AV BP CX BE CA CG CA DO BJ DA CL DQ AS DQ CK CZ BI CO AF AL AU DT DD AH BO DV DC CM DQ CY CT DE DB BW CJ AV CP CG CV BD BQ CO CR CH AA CP CT AP AV AP AJ CH DM BH BQ BD BX DV CE DL CK BD AL CD DV BS CP CC BK AI AR AX CP AN AO BL AR AE BD BU CB CN AU DT AZ
49
BP BP
BE BE
CG CG
DO DO
BJ BJ
CL CL
AS AS
CK CK
CZ CZ
BI BI
AF AF
AL AL
DD DD
AH AH
BO BO
DC DC
DQ DQ
CY CY
DE DE
DB DB
BW BW
CJ CJ
CP CP
CV CV
CO CO
CR CR
AA AA
CT CT
AV AV
AJ AJ
DM DM
BQ BQ
BX BX
DV DV
DL DL
BD BD
CD CD
BS BS
CC CC
BK BK
AI AI
AX AX
AN AN
AO AO
BL BL
AR AR
AE AE
BU BU
CN CN
