186 14 104 0 138 30 1 198 190 1 140 61 1 107 188 168 0 134 174 74 33 144 35 0 45 0 195 3 128 6 108 0 156 143 67 157 178 97 2 70 89 0 194 121 1 86 49 162 150 0 11 17 19 29 90 5 0 183 79 2 196 22 177 1 71 32 0 172 136 186
50
14 14
104 104
138 138
30 30
198 198
190 190
140 140
61 61
107 107
188 188
168 168
134 134
174 174
74 74
33 33
144 144
35 35
45 45
195 195
128 128
108 108
156 156
143 143
67 67
157 157
178 178
97 97
70 70
89 89
194 194
121 121
86 86
49 49
162 162
150 150
11 11
17 17
19 19
29 29
90 90
5 5
183 183
79 79
2 2
196 196
22 22
177 177
71 71
32 32
172 172
