Whitgrove Sodberling Ellerbridge Boothingchester Sundendford Southmere Egsted Southmere Chelmdenmoor Ketnell Toddenmoor Durbrook Wychchester Prestwick Reddendeney Worhall Hannersmith Shaftborough Wychcompwold Shaftborough Hannersmith Worhall Alddleringworth Leatherport Alfmere Leatherport Alddleringworth Worhall Reddendeney Prestwick Egmerhampton Suddenmoor Tippenbrook Suddenmoor Melwood Endleshall Candleswick Endleshall Melwood Reddensden Cirerham Dartden Cirerham Wolley Cirerham Reddensden Melwood Suddenmoor Egmerhampton Prestwick Wychchester Marlbrook Wychchester Waltbeck Cannerthorne Sirenshall Hampingbascombe Wetwick Hampingbascombe Sirenshall Cannerthorne Elside Wetsmith Warsmith Horstleover Toddenmerbrough Endingnell Toddenmerbrough Horstleover Warsmith Wetsmith Elside Cannerthorne Waltbeck Hampingcastle Basditch Hampingcastle Redcombe Hampingcastle Eley Reddingtree Endleberey Reddingtree Eley Hampingcastle Waltbeck Wychchester Durbrook Falderseythorne Worford Rotherlow Skellenshot Rotherlow Abgleham Siavon Horsnell Siavon Abgleham Sundlethorne Fullensborne Sundlethorne Abgleham Rotherlow Worford Hampingworth Botenbrook Tipstoke Botenbrook Hampingworth Worford Falderseythorne Durbrook Sodport Skelberden Sodport Durbrook Toddenmoor Ketnell Staplow Ketnell Chelmdenmoor Southmere Ribberrenston Farnditch Ribberrenston Southmere Sundendford Chedworth Sundendford Botbeck Whitringlake Milthorne Rothingcombe Faldenhall Wethampton Faldenhall Rothingcombe Milthorne Whitringlake Botbeck Sundendford Southmere Basbage Bothenhall Basbage Warblestancester Tippendham Emmerley Southbury Emmerley Bastlebury Rothendcombe Bastlebury Emmerley Tippendham Stainbrough Wendleringdown Stainbrough Tippendham Warblestancester Basbage Southmere Sundendford Boothingchester Ellerbridge Ketchester Boothingmanstree Ketchester Ellerbridge Sodberling Bromstanham Sodberling Bursmith Sodberling Whitgrove
57
Botbeck Sifield Enderbeck Botbeck Abcester
Suddenmoor Melwood Egmerhampton Staincombe Suddenmoor
Wethampton Wethampton
Tipstoke Tipstoke
Ellerbridge Worrenberwang Bothenton Suddingover Ellerbridge Sodberling
Cannerthorne Cannerthorne
Reddendeney Reddendeney
Boothingmanstree Ketchester Watchlake Tippingbage Farndlesover Boothingmanstree
Farnditch Abglewold Farnditch
Rothendcombe Bastlebury Hamwold Rothendcombe
Chelmdenmoor Ketnell
Skelberden Skelberden Sodport
Faldenhall Faldenhall
Hampingcastle Eley Hampingcastle
Siavon Siavon Abgleham
Boothingchester Todhampton Wycastle Bootwick
Toddenmerbrough Casbrook Horstleover
Shaftborough Shaftborough
Redcombe Redcombe
Southbury Southbury Nortwell Emmerley Marlcester
Whitgrove Dribblecombe Whitgrove
Bromstanham Clereennell Bromstanham
Falderseythorne Penby Falderseythorne
Skellenshot Cihead Rotherlow Skellenshot
Milthorne Rothingcombe Falworth Milthorne Whitringlake
Horsnell Horsnell
Staplow Staplow
Wetsmith Wetsmith
Endleberey Stapbrough Endleberey
Southmere Ribberrenston Southmere
Dartden Dartden
Basditch Basditch
Prestwick Prestwick
Elside Elside
Endingnell Endingnell
Worford Worford Hampingworth Dribberham
Waltbeck Waltbeck
Worhall Worhall
Chedworth Chedworth
Sirenshall Sirenshall Hampingbascombe
Wetwick Wetwick
Bothenhall Bothenhall
Candleswick Candleswick Skellingover
Wychchester Siey Wychchester Durbrook
Wychcompwold Wychcompwold
Tippenbrook Tippenbrook
Toddenmoor Toddenmoor
Alfmere Leatherport Alfmere
Tippendham Tippendham
Sundlethorne Sundlethorne
Marlbrook Marlbrook
Bursmith Bursmith
Wendleringdown Wendleringdown
Fullensborne Blansbrook
Wolley Wolley
Sundendford Sundendford
Egsted Egsted
