Hamsbourne Sundlechester Hamsbourne Chipfield Hamperrehampton Prestbourne Chilringfield Rotmerby Sunderborough Ciley Sunderborough Prestbourne Botherstanport Wolvencester Botherstanport Leatherblesley Camswich Cimansbrough Rocklow Dribstoke Enderton Stafdenbourne Chipsted Chipfield Warrewick Skelgrove Shaftthorne Camhampton Enderton Leatherblesley Sodderrenshead Egginglow Burrerlake Shrivbridge Boothenrensborough Candlesdon Boothenrensborough Wendleslake Cimansbrough Chipfield Cammercastle Chipfield Warrewick Skelgrove Sudbage Shaftthorne Camhampton Hartberbury Camhampton Enderton Dribstoke Endbeck Melshot Endbeck Dribstoke Rocklow Camsborne Sundlechester Hamsbourne
25
Sundlechester Sundlechester
Chipfield Chipfield
Hamperrehampton Hamperrehampton
Prestbourne Prestbourne
Chilringfield Chilringfield
Rotmerby Rotmerby
Sunderborough Sunderborough
Ciley Ciley
Wolvencester Wolvencester
Leatherblesley Leatherblesley
Camswich Camswich
Cimansbrough Cimansbrough
Rocklow Rocklow
Chipsted Chipsted
Warrewick Warrewick
Shaftthorne Shaftthorne
Camhampton Camhampton
Enderton Enderton
Sodderrenshead Sodderrenshead
Candlesdon Candlesdon
Boothenrensborough Boothenrensborough
Cammercastle Cammercastle
Sudbage Sudbage
Hartberbury Hartberbury
Melshot Melshot
