Warfield Basringney Skelling Hammerringey Chelmstanwell Pendingbrook Dribbingworth Suddlecombe Cambingstoke Botherseyworth Chippingsted Suddlecombe Ashfield Ketport Cammerrensmoor Wyborne Horstlescompstoke Pendlewood Falport Burglebrough Chedtree Siringwang Stainbrough Worberbrook Dartseyworth Chedderrenswich Southbasport Fulbourne Ashborne Tipwick Cannerthorne Todtree Worhall Barndberbrough Skellingden Dribblewick Worhall Dribbingworth Leatherbleside Dribbingworth Worhall Todtree Cannerthorne Soddlewick Whitchester Ketsmith Ashfield Millendon Windling Millendon Chedtree Suddleover Sudsmith Elmansham Chedderrenswich Cicombe Hammenshead Bastleseyham Hammenshead Chilbury Brackcompwang Chelmstanwell Ellingreham Suddlecombe Northall Ciditch Stainbrough Fulbourne Ashborne Hamsling Hannenmanswick Cammerrensmoor Suddleborne Cammerrensmoor Wyborne Chedberdon Pendingbrook Suddlecastle Pendingbrook Chiphead Pendingbrook Ketsmith Warfield
50
Warfield Warfield
Basringney Basringney
Skelling Skelling
Hammerringey Hammerringey
Chelmstanwell Chelmstanwell
Pendingbrook Pendingbrook
Dribbingworth Dribbingworth
Suddlecombe Suddlecombe
Cambingstoke Cambingstoke
Botherseyworth Botherseyworth
Chippingsted Chippingsted
Ashfield Ashfield
Ketport Ketport
Cammerrensmoor Cammerrensmoor
Wyborne Wyborne
Horstlescompstoke Horstlescompstoke
Pendlewood Pendlewood
Falport Falport
Burglebrough Burglebrough
Chedtree Chedtree
Siringwang Siringwang
Stainbrough Stainbrough
Worberbrook Worberbrook
Chedderrenswich Chedderrenswich
Southbasport Southbasport
Ashborne Ashborne
Tipwick Tipwick
Todtree Todtree
Worhall Worhall
Barndberbrough Barndberbrough
Skellingden Skellingden
Leatherbleside Leatherbleside
Soddlewick Soddlewick
Whitchester Whitchester
Windling Windling
Millendon Millendon
Suddleover Suddleover
Sudsmith Sudsmith
Elmansham Elmansham
Cicombe Cicombe
Bastleseyham Bastleseyham
Chilbury Chilbury
Brackcompwang Brackcompwang
Ellingreham Ellingreham
Northall Northall
Hamsling Hamsling
Hannenmanswick Hannenmanswick
Suddleborne Suddleborne
Suddlecastle Suddlecastle
Chiphead Chiphead
