0 1 2 3 4 5 6 7 8 9 10 11 12 13 12 11 10 9 8 7 6 5 4 3 2 1 0 15 0 1 2 18 19 4 5 20 5 6 7 23 24 9 10 25 10 11 12 28 12 11 10 9 8 7 6 5 4 3 2 1 0 15 30 15 31 15 0 1 2 3 4 5 20 35 20 36 52 68 53 54 40 25 41 25 10 9 8 7 6 5 4 3 2 1 0 15 31 45 31 46 31 47 63 48 33 18 19 4 5 20 36 50 36 51 36 52 68 53 54 40 25 41 55 41 56 41 57 41 25 10 9 8 7 6 5 4 19 18 33 48 63 48 33 18 19 4 5 6 7 22 38 53 68 53 54 40 25 10 11 12 27 43 58 73 58 43 27 12 11 10 9 8 7 6 5 4 3 2 1 0
30
0 0
3 3
5 5
8 8
10 10
13 13
15 15
18 18
20 20
23 23
25 25
28 28
30 30
31 31
35 35
36 36
40 40
41 41
45 45
46 46
47 47
50 50
51 51
52 52
55 55
56 56
57 57
63 63
68 68
73 73
