0 63 52 80 39 33 66 74 95 41 59 39 33 15 7 3 51 1 36 1 62 29 79 66 54 66 67 1 13 12 10 75 56 68 35 54 30 24 72 4 72 32 37 60 33 89 28 98 73 90 66 81 66 34 71 42 78 22 91 92 72 58 7 84 35 12 13 20 78 64 93 47 34 86 7 87 97 29 51 50 11 99 1 99 11 16 65 74 95 75 20 83 64 93 42 71 99 95 2 78 64 83 48 23 68 0
49
63 63
80 80
39 39
74 74
41 41
59 59
33 33
7 7
3 3
36 36
62 62
79 79
54 54
13 13
10 10
56 56
35 35
30 30
24 24
4 4
32 32
60 60
89 89
98 98
90 90
81 81
71 71
22 22
72 72
84 84
12 12
20 20
93 93
47 47
34 34
86 86
87 87
51 51
50 50
1 1
11 11
16 16
95 95
75 75
83 83
42 42
99 99
2 2
64 64
