0 170 1 183 1 170 146 136 91 63 91 19 74 126 111 51 111 126 74 19 85 17 118 64 118 48 31 48 199 186 197 186 180 186 105 81 121 81 105 196 26 176 26 8 39 8 26 196 105 186 193 178 14 83 40 97 36 97 40 83 14 4 141 156 25 156 168 125 168 128 134 191 134 128 168 125 133 10 12 130 12 10 133 125 168 156 141 4 14 178 193 186 199 106 199 48 118 17 85 160 85 19 91 136 146 170 103 163 103 28 103 170 0 18 185 27 154 116 32 182 92 182 77 24 164 35 138 35 9 109 42 109 9 167 117 107 159 87 159 107 117 167 9 35 164 24 77 50 77 182 32 116 120 116 75 116 32 182 44 67 47 67 96 95 5 0
55
182 173 89 182 65 44
176 179 196 26 176
83 83 104
75 75
160 160 145
116 6 116 98 38
170 103 170
25 156 25
14 14 4
17 17 175
178 178
64 64 58
185 185
109 109 9
31 48 31
32 32
121 121 20
126 126
24 24 77
63 91 63
39 166 151 39
28 28 155
134 184 134 128
111 111 149
186 186 193
125 133 125
180 180 69
120 120
163 194 163
87 159 87
138 138
42 42
92 108 102
12 12 100 10
106 106
118 22
47 67 47
81 81 78
0 49 18
50 157 70 50
51 51 79
36 36
130 130
197 197
167 117 119
183 139
191 137
85 85 99
95 96 95
19 19
168 168
154 27
74 74
146 146
199 199
