SantaClarita Carrollton Lubbock Concord Reno FortCollins Reno PembrokePines Austin Indianapolis Stockton Pomona Allentown Omaha Allentown Peoria Allentown Omaha Ontario Boston Hartford LongBeach Hartford LouisvilleJefferson WestValleyCity Washington RanchoCucamonga Brownsville Orlando LosAngeles OklahomaCity Newark Alexandria Worcester Alexandria Bellevue Scottsdale Bellevue Alexandria Newark OklahomaCity LosAngeles Orlando Brownsville RanchoCucamonga Washington WestValleyCity Surprise Sunnyvale Visalia Sunnyvale Portland Henderson Portland Sunnyvale Surprise WestValleyCity LouisvilleJefferson Hartford Boston Ontario Omaha Allentown Pomona Stockton Indianapolis Austin PembrokePines Frisco LexingtonFa SanDiego StLouis SanDiego LexingtonFa Frisco PembrokePines Reno Concord Victorville Shreveport Huntsville Thornton Yonkers Thornton Beaumont Escondido SantaClarita
27
Yonkers Midland Yonkers
Shreveport Victorville Shreveport GardenGrove
Washington Washington LouisvilleJefferson RanchoCucamonga WestValleyCity
Scottsdale Independence Scottsdale Bellevue Fayetteville SiouxFalls
OklahomaCity OklahomaCity Lafayette StPetersburg LosAngeles
Sunnyvale Sunnyvale Surprise
Newark Newark
LexingtonFa LexingtonFa
Allentown Pomona Allentown
SantaClarita Carrollton
Worcester Worcester Alexandria Garland
StLouis StLouis Paterson Waco
FortCollins Stamford
Boston Boston Hartford
Beaumont NewportNews Beaumont
Visalia Visalia
Henderson Henderson
Brownsville Brownsville
Omaha Omaha Ontario
Huntsville Huntsville
Concord Concord
PembrokePines PembrokePines
LongBeach LongBeach
Austin Austin
Indianapolis Stockton Indianapolis
Peoria Wichita
Orlando Orlando
