Plano SantaClara SanFrancisco Riverside LasVegas Hampton SanAntonio Mesquite AnnArbor Anaheim Elizabeth Stamford SantaRosa Charleston Mesa Beaumont Omaha StLouis Norfolk FortCollins Killeen SanJose Tampa Glendale Salinas GardenGrove HuntingtonBeach Cincinnati Fremont Brownsville Houston Davidson SanBernardino Dallas Hartford Pasadena Norman MorenoValley Montgomery Atlanta Garland Lafayette Hollywood Escondido LouisvilleJefferson Glasses Tulsa SantaRosa McAllen Portland Raleigh SiouxFalls NewHaven LittleRock Miami Surprise Greensboro HuntingtonBeach Tallahassee Riverside Rockford SantaClara Kent Ontario Denver Hayward Memphis OWO Seattle Lancaster Torrance JerseyCity Pikachu Lincoln KansasCity Warren Irving MorenoValley BatonRouge Chesapeake Wichita Waco Omaha KansasCity Anchorage Thornton Worcester AugustaRichmond NewOrleans Mobile Irvine SimiValley Salinas FortCollins Allentown FortCollins Springfield Chicago Denton Springfield Chattanooga Frisco OklahomaCity Cary OklahomaCity Warren Atlanta Oxnard KansasCity Vallejo Salinas Madison Knoxville SantaClarita CorpusChristi Palmdale ThousandOaks SantaRosa Bridgeport KansasCity MorenoValley Sunnyvale Norman Kent FortLauderdale Bridgeport SantaRosa Laredo SantaRosa Olathe HuntingtonBeach Corona NewHaven Pomona FortWorth Lincoln Seattle Huntsville Seattle Lincoln SantaAna SiouxFalls FortCollins GrandPrairie Hialeah Bridgeport KansasCity Vancouver KansasCity Lincoln LosAngeles Akron LosAngeles Lincoln KansasCity SanFrancisco SantaClara Plano
100
SantaClara SantaClara
SanFrancisco SanFrancisco
Riverside Riverside
LasVegas LasVegas
Hampton Hampton
SanAntonio SanAntonio
Mesquite Mesquite
AnnArbor AnnArbor
Anaheim Anaheim
Elizabeth Elizabeth
Stamford Stamford
SantaRosa SantaRosa
Charleston Charleston
Mesa Mesa
Beaumont Beaumont
Omaha Omaha
StLouis StLouis
Norfolk Norfolk
FortCollins FortCollins
Killeen Killeen
SanJose SanJose
Tampa Tampa
Glendale Glendale
Salinas Salinas
GardenGrove GardenGrove
HuntingtonBeach HuntingtonBeach
Cincinnati Cincinnati
Fremont Fremont
Brownsville Brownsville
Houston Houston
Davidson Davidson
SanBernardino SanBernardino
Dallas Dallas
Hartford Hartford
Pasadena Pasadena
Norman Norman
MorenoValley MorenoValley
Montgomery Montgomery
Atlanta Atlanta
Garland Garland
Lafayette Lafayette
Hollywood Hollywood
Escondido Escondido
LouisvilleJefferson LouisvilleJefferson
Glasses Glasses
Tulsa Tulsa
McAllen McAllen
Portland Portland
Raleigh Raleigh
SiouxFalls SiouxFalls
NewHaven NewHaven
LittleRock LittleRock
Miami Miami
Surprise Surprise
Greensboro Greensboro
Rockford Rockford
Ontario Ontario
Denver Denver
Hayward Hayward
Memphis Memphis
OWO OWO
Lancaster Lancaster
Torrance Torrance
JerseyCity JerseyCity
Pikachu Pikachu
Lincoln Lincoln
Warren Warren
Irving Irving
Wichita Wichita
Waco Waco
Anchorage Anchorage
Thornton Thornton
Worcester Worcester
AugustaRichmond AugustaRichmond
NewOrleans NewOrleans
Mobile Mobile
Irvine Irvine
SimiValley SimiValley
Allentown Allentown
Chicago Chicago
Denton Denton
Cary Cary
OklahomaCity OklahomaCity
Oxnard Oxnard
Vallejo Vallejo
Madison Madison
Knoxville Knoxville
SantaClarita SantaClarita
CorpusChristi CorpusChristi
ThousandOaks ThousandOaks
Sunnyvale Sunnyvale
FortLauderdale FortLauderdale
Laredo Laredo
Olathe Olathe
Corona Corona
Pomona Pomona
Huntsville Huntsville
GrandPrairie GrandPrairie
Vancouver Vancouver
Akron Akron
