Waco SanAntonio MorenoValley OverlandPark Rochester SaltLakeCity AnnArbor Palmdale Clarksville Stamford Cary Stamford SanBernardino Victorville StPaul Palmdale LexingtonFa OWO SterlingHeights Lincoln Detroit Lincoln ChulaVista SantaClara Irving OverlandPark Richmond SanFrancisco AthensClarkeCounty Palmdale FortWayne Palmdale Omaha Palmdale FortCollins Victorville SanBernardino Victorville Springfield Lincoln Newark OverlandPark Waco
25
SanAntonio SanAntonio
MorenoValley MorenoValley
Rochester Rochester
SaltLakeCity SaltLakeCity
AnnArbor AnnArbor
Palmdale Palmdale
Clarksville Clarksville
Stamford Stamford
Cary Cary
StPaul StPaul
LexingtonFa LexingtonFa
OWO OWO
SterlingHeights SterlingHeights
Lincoln Lincoln
Detroit Detroit
ChulaVista ChulaVista
Irving Irving
Richmond Richmond
SanFrancisco SanFrancisco
AthensClarkeCounty AthensClarkeCounty
FortWayne FortWayne
Omaha Omaha
FortCollins FortCollins
SanBernardino SanBernardino
Newark Newark
