18 28 35 49 50 0 50 3 2 3 2 4 83 6 7 37 9 92 12 14 35 16 17 18 20 24 22 29 81 6 25 28 32 33 55 36 37 24 20 39 41 86 42 95 14 43 3 62 45 84 1 46 1 83 53 4 57 26 72 59 72 35 54 61 54 49 62 63 55 69 40 71 47 59 72 73 49 75 49 76 95 79 80 48 12 83 6 84 99 32 85 86 42 87 78 77 88 90 27 92 12 86 93 1 95 42 98 44 35 28 18
49
0 0
2 2
3 3
4 4
6 6
7 7
9 9
12 12
14 14
16 16
17 17
18 18
20 20
22 22
25 25
28 28
32 32
33 33
36 36
37 37
39 39
41 41
42 42
43 43
45 45
46 46
53 53
57 57
59 59
61 61
62 62
63 63
69 69
71 71
72 72
73 73
75 75
76 76
79 79
80 80
83 83
84 84
85 85
87 87
88 88
90 90
92 92
93 93
95 95
