0 1 22 23 39 2 67 8 33 14 13 9 4 3 5 17 18 74 28 20 102 101 27 15 16 68 78 24 21 43 47 69 31 26 42 65 11 38 84 59 114 51 35 66 98 89 96 83 130 115 107 93 81 128 86 133 30 17 50 125 100 151 173 52 154 56 137 129 120 167 153 111 164 138 146 71 159 141 143 72 184 158 123 112 80 103 87 70 94 177 134 172 67 169 116 182 183 157 35 3 25 152 197 193 160 108 166 146 163 190 199 45 174 64 187 64 0
100
0 0
1 1
22 22
23 23
39 39
2 2
67 67
8 8
33 33
14 14
13 13
9 9
4 4
3 3
5 5
17 17
18 18
74 74
28 28
20 20
102 102
101 101
27 27
15 15
16 16
68 68
78 78
24 24
21 21
43 43
47 47
69 69
31 31
26 26
42 42
65 65
11 11
38 38
84 84
59 59
114 114
51 51
35 35
66 66
98 98
89 89
96 96
83 83
130 130
115 115
107 107
93 93
81 81
128 128
86 86
133 133
50 50
125 125
100 100
151 151
173 173
52 52
154 154
56 56
137 137
129 129
120 120
167 167
153 153
111 111
164 164
138 138
146 146
71 71
159 159
141 141
143 143
72 72
184 184
158 158
80 80
103 103
70 70
94 94
177 177
134 134
172 172
116 116
182 182
183 183
157 157
152 152
197 197
193 193
160 160
166 166
190 190
199 199
174 174
187 187
