13 9 50 51 73 52 0 53 40 54 55 40 56 57 31 58 77 59 60 45 61 62 63 12 64 65 5 66 37 67 68 69 70 71 72 73 74 83 75 76 77 78 74 79 80 75 81 82 12 83 97 84 85 86 98 87 97 88 89 28 90 91 19 92 93 94 33 95 96 59 97 83 98 86 99 33 13
50
50 50
51 51
52 52
53 53
54 54
55 55
56 56
57 57
58 58
59 59
60 60
61 61
62 62
63 63
64 64
65 65
66 66
67 67
68 68
69 69
70 70
71 71
72 72
73 73
74 74
75 75
76 76
77 77
78 78
79 79
80 80
81 81
82 82
83 83
84 84
85 85
86 86
87 87
88 88
89 89
90 90
91 91
92 92
93 93
94 94
95 95
96 96
97 97
98 98
99 99
