13 100 101 102 103 106 108 104 105 107 110 112 111 113 116 114 115 117 118 109 120 119 122 121 125 123 124 126 127 135 128 129 130 131 134 132 133 140 136 137 138 139 141 143 144 149 145 146 142 147 152 154 150 148 151 153 158 156 157 155 160 167 161 159 163 164 162 165 166 168 171 170 173 176 169 177 172 178 174 175 179 180 181 183 182 185 184 188 186 187 193 197 189 190 191 192 194 196 195 163 198 152 199 13
100
100 100
101 101
102 102
103 103
106 106
108 108
104 104
105 105
107 107
110 110
112 112
111 111
113 113
116 116
114 114
115 115
117 117
118 118
109 109
120 120
119 119
122 122
121 121
125 125
123 123
124 124
126 126
127 127
135 135
128 128
129 129
130 130
131 131
134 134
132 132
133 133
140 140
136 136
137 137
138 138
139 139
141 141
143 143
144 144
149 149
145 145
146 146
142 142
147 147
152 152
154 154
150 150
148 148
151 151
153 153
158 158
156 156
157 157
155 155
160 160
167 167
161 161
159 159
163 163
164 164
162 162
165 165
166 166
168 168
171 171
170 170
173 173
176 176
169 169
177 177
172 172
178 178
174 174
175 175
179 179
180 180
181 181
183 183
182 182
185 185
184 184
188 188
186 186
187 187
193 193
197 197
189 189
190 190
191 191
192 192
194 194
196 196
195 195
198 198
199 199
