vLeODpVlYSBeYNDYoXha uyPyJzKFqWxgSNmpkDrB ybrQlUhznqOhsvndWAbl NAHeKyyhAObyyUEUSkSU gMqbbwopmbxmOomqZjfm AdXveYSBaneNwCQzrdSw TwgqMzgExFHTIfcwfBnr xQaDpDGAXhDYzSMnMWvb WCCOEUYmDvzZlrkDAqoi FEqXJcVrZfnSsHEUPhnl ASXwCgVTXDdhSXJwFovC FEqXJcVrZfnSsHEUPhnl jwIBHKkXHTPVsOJwBOsr VhDSPHxolLkNxxDnpUyx fPxvnMVMFwhJbNBURdgD ZbyHJLmoTqNpTnlUVJZC tVzUgXVoBYxBMnkkwFmk MlwlINEFqmyzZNPXRLJF zxeoSbTqbWPpSzalAtBI pdXCnKagnvEntNTuPHdK dyUDfEGgAoSshTRjMZZg klkbOWCZrzPBFVDxhNbj gIttwvzcgONwFblnGIqq gzxzakmqbxbsOczuQVLG gEufXNuuWhnlbNYaoQFJ EWpsBSEfAOWAjikCpvhc CmbFyJmcvVqyCmJgQxeI fHcdXnOxSadpKeCUwNYm fvEcAuRDdfuHEPLNpaTz sXfgLMwoysnMazVSWnhc fvEcAuRDdfuHEPLNpaTz ROtRYAvFkNWuCvofIroy jzQJaGLLiuQLhhyqBagr iBYHAWUhqeQPjphQzpdN jzQJaGLLiuQLhhyqBagr iDucfyZGMCbCQbXjbQqM mlipOrSnGcxXtoXBbRyl NVEtShKeuxpaFIOiyVqE mlipOrSnGcxXtoXBbRyl mevvwcZLudaokctOWvKe VhDSPHxolLkNxxDnpUyx PLDOWRIeaCSVLMyDadzC PSVkjNlrWHpVSTVIEkGG OVoYVQPnlYoZBBKtyuLk CPszTohYUHARNedzFlDK AdXveYSBaneNwCQzrdSw ruLqpYqEzGGiKysvsarb AdXveYSBaneNwCQzrdSw QkAjrUUuVdzSMnlfJLcO NciLXNPTvMoXdbTDZmlg QkAjrUUuVdzSMnlfJLcO gMqbbwopmbxmOomqZjfm UgFPXEAdAfcfHGIbNTsq vGdJmIpYPUGRspXiVLdc sBkAYRISjTYinLFSNcKW ajvbaFpYiEBJySPsSLaI fToHwimUqLsKcKLZHiUX ajvbaFpYiEBJySPsSLaI DqUxIMslnixWfmkjQTmS TqyFrXuGvuBuqnpYbjKc DqUxIMslnixWfmkjQTmS wRjMmrpRuknxqunJrMAE iBjjCWwkYToOKfrrLnny wRjMmrpRuknxqunJrMAE TwgqMzgExFHTIfcwfBnr cZgmtoPGHxdozTaDMiyf DWWCMAjZQQIEKOIiHFQN aWvnTxwRCeZSoCnPnhDt ZjjqpiSiaWnmxJgUtucv aCucdhmWbhlrgfstQigR BXzACdzjLITNgbmDPlEu UAwuKFcUHFyvaFCTLpOT FcEsyaTmqpoyvbDrHjlc UAwuKFcUHFyvaFCTLpOT QQSjCkgLAWAPObYQvNsB RjKEHTlRvtaVBbyqZVAw QQSjCkgLAWAPObYQvNsB qbmGewAditsWkTFHdxjP cvlwIwajcIlbhZbyFgmq qbmGewAditsWkTFHdxjP LOMgYipCQQXQnRqEqRwO mlipOrSnGcxXtoXBbRyl iDucfyZGMCbCQbXjbQqM CfkBzkPETvagyIDCsLTD DDEuYWXXufMefzDjgEFm biqCAetglYuANrTRzMiX vLeODpVlYSBeYNDYoXha
50
uyPyJzKFqWxgSNmpkDrB uyPyJzKFqWxgSNmpkDrB
ybrQlUhznqOhsvndWAbl ybrQlUhznqOhsvndWAbl
NAHeKyyhAObyyUEUSkSU NAHeKyyhAObyyUEUSkSU
gMqbbwopmbxmOomqZjfm gMqbbwopmbxmOomqZjfm
AdXveYSBaneNwCQzrdSw AdXveYSBaneNwCQzrdSw
TwgqMzgExFHTIfcwfBnr TwgqMzgExFHTIfcwfBnr
xQaDpDGAXhDYzSMnMWvb xQaDpDGAXhDYzSMnMWvb
WCCOEUYmDvzZlrkDAqoi WCCOEUYmDvzZlrkDAqoi
ASXwCgVTXDdhSXJwFovC ASXwCgVTXDdhSXJwFovC
jwIBHKkXHTPVsOJwBOsr jwIBHKkXHTPVsOJwBOsr
VhDSPHxolLkNxxDnpUyx VhDSPHxolLkNxxDnpUyx
fPxvnMVMFwhJbNBURdgD fPxvnMVMFwhJbNBURdgD
tVzUgXVoBYxBMnkkwFmk tVzUgXVoBYxBMnkkwFmk
MlwlINEFqmyzZNPXRLJF MlwlINEFqmyzZNPXRLJF
zxeoSbTqbWPpSzalAtBI zxeoSbTqbWPpSzalAtBI
pdXCnKagnvEntNTuPHdK pdXCnKagnvEntNTuPHdK
dyUDfEGgAoSshTRjMZZg dyUDfEGgAoSshTRjMZZg
gIttwvzcgONwFblnGIqq gIttwvzcgONwFblnGIqq
gzxzakmqbxbsOczuQVLG gzxzakmqbxbsOczuQVLG
gEufXNuuWhnlbNYaoQFJ gEufXNuuWhnlbNYaoQFJ
CmbFyJmcvVqyCmJgQxeI CmbFyJmcvVqyCmJgQxeI
fHcdXnOxSadpKeCUwNYm fHcdXnOxSadpKeCUwNYm
fvEcAuRDdfuHEPLNpaTz fvEcAuRDdfuHEPLNpaTz
sXfgLMwoysnMazVSWnhc sXfgLMwoysnMazVSWnhc
jzQJaGLLiuQLhhyqBagr jzQJaGLLiuQLhhyqBagr
iBYHAWUhqeQPjphQzpdN iBYHAWUhqeQPjphQzpdN
iDucfyZGMCbCQbXjbQqM iDucfyZGMCbCQbXjbQqM
mlipOrSnGcxXtoXBbRyl mlipOrSnGcxXtoXBbRyl
NVEtShKeuxpaFIOiyVqE NVEtShKeuxpaFIOiyVqE
PLDOWRIeaCSVLMyDadzC PLDOWRIeaCSVLMyDadzC
OVoYVQPnlYoZBBKtyuLk OVoYVQPnlYoZBBKtyuLk
CPszTohYUHARNedzFlDK CPszTohYUHARNedzFlDK
ruLqpYqEzGGiKysvsarb ruLqpYqEzGGiKysvsarb
QkAjrUUuVdzSMnlfJLcO QkAjrUUuVdzSMnlfJLcO
NciLXNPTvMoXdbTDZmlg NciLXNPTvMoXdbTDZmlg
UgFPXEAdAfcfHGIbNTsq UgFPXEAdAfcfHGIbNTsq
sBkAYRISjTYinLFSNcKW sBkAYRISjTYinLFSNcKW
fToHwimUqLsKcKLZHiUX fToHwimUqLsKcKLZHiUX
DqUxIMslnixWfmkjQTmS DqUxIMslnixWfmkjQTmS
TqyFrXuGvuBuqnpYbjKc TqyFrXuGvuBuqnpYbjKc
iBjjCWwkYToOKfrrLnny iBjjCWwkYToOKfrrLnny
cZgmtoPGHxdozTaDMiyf cZgmtoPGHxdozTaDMiyf
DWWCMAjZQQIEKOIiHFQN DWWCMAjZQQIEKOIiHFQN
aCucdhmWbhlrgfstQigR aCucdhmWbhlrgfstQigR
BXzACdzjLITNgbmDPlEu BXzACdzjLITNgbmDPlEu
FcEsyaTmqpoyvbDrHjlc FcEsyaTmqpoyvbDrHjlc
QQSjCkgLAWAPObYQvNsB QQSjCkgLAWAPObYQvNsB
RjKEHTlRvtaVBbyqZVAw RjKEHTlRvtaVBbyqZVAw
cvlwIwajcIlbhZbyFgmq cvlwIwajcIlbhZbyFgmq
CfkBzkPETvagyIDCsLTD CfkBzkPETvagyIDCsLTD
