wNqlpYNsRbJEgiGpKxrU lbWonvEbeplndKguSTkk igyeOiSdezmmXGTwMzLw oKAKfpUUuLItChLyByFh IvXQutSorlqOgnSVAIUd NJZlnWyeJFrkOwoqHKtT yscsUFTNNyaVMKBztBdV EhDFVLWZueLOrdjEOzEQ QeYNNLpZMBxyiFbZMPFY zNRhhVdMWUgTnnqmAfeY syonLisTOSczosCwoILE kqcEdfKLaRzxOhAIzchh jznspKyqlmxZtgfQUJVB pMOSpTzPTPLXHLOQMjnt FWnudSYFvYQJHehOpEKf YTwycpmzEWCqqTELtzXc bEfUXCTlwRBndElSbPGf UIlSMnVKIdNiXZNSiHsI eobSFtKBbBdcVrTOREdK qfRRtdRbhYJBARMfPlZM scpUkbcaYSAsHhSktebT EEeDJaHeajXXlwYcHTeJ juzxSpUVuccJUMBOcJjO ANDviqMIuFwdcboQDprt QyXpliHSeQOPIsurIcpa DpztIuGTRpGuLsdlODJw lSJjEsqamUCgRZdCmdyI XvUPApTFkqaSSizYsCIr edlAtPQdNXJQPCIzpkyX ihxEqMQIIvyQmtrtMjeO EmbDgEECbkHbfAfHCgwB vIbIQYXZnmYrooTLYNtu bFmSeBrfNuxjYPUDCLYq TEPaiCedHTXapLxoBXMp oHoxoLeyDYnKZDzgMtxI NzDQJknJPDEkcwCHzzbF MBJqOYmxhUYbldNVEdRy CbGuHgZfQMmSOfHDFJnK XtZHoAxqEyzvMChzPHpN WMWBpOSnHGywZjCgaYyY nreoVgWrBhNXFZgTBlXO szyiMlKhtyOynWjcoMsm pzrGQEObzJGPnfATEYDc xgBrJmdXVwtxgRuCBhMe QePOUWiXcAUCoHETxuGS wfEFdNDcColoskjTjcLm lIpVoDPUIfHCPpjswogJ cwgJAHVpCCTmuckJkncL wuSVWJYvpiWaQAHXocSG cMYyKTXGNKnFzrpwnXUl vTbNxpVTEoFlSjvvVvfG zHPSSEtFTQIbLYMdHqgP gcXUxTVUZWsOwtRNeDDa GMxGouyyndiUBMqMdOoc mgNeYYUOPKpLeiVEFIXd NtyLZDOaSczVvOGdocUp NYdfLxXxFVvLEbDKzXWn wlySPverjehsBxldyigf SitzoubgYFeTjmkLjVPz eCBFrcppbiLzdGQubocl ZwvojvRdUOYNJXIwAqgC uUKZHvHmBrpBHjYWNaUL MBJqOYmxhUYbldNVEdRy EEeDJaHeajXXlwYcHTeJ efZntVbfQTvIUOiRNPSH shugRMnaHVqQSmKaNBgu wvSJDoqoPGAkYgSuPFPw UdSbtwxTqTJxOiUoxEqw eOfnBeTgmYCNEnRUhlEK KcrnMnFDTrBKaUaGpdLY fpoTaBKmVdlDCxFwCFoz pfMSqTzbsucqewxTADAG aIuYyryCOUGVeCAqbqkg CKkuZMjVWmdsjZfwhBYH DZEpVGVXkxHljziwItaS ADVVlRLpnspleRTgeTdu vPtcoCdDMvVYwOuvanRP svUOWvTJLneAqJGnExpc oZXYedlbtBLmkfoVmgta joWAhkfNqIEECnBeulGl GMxGouyyndiUBMqMdOoc kwPuYZgJgVVJfdBGUtPw HeWrJOKsDjgdrcamgZLN ccdJRKiTXwIErdhSIxfh erZKLqpCZsYKDnOCaBGq NIJaJxCurulNUdZZMxFk JvFxbsySBAiFiOUrzrBi SiOEBWtHUiopSvDVOkjb ZauPfhkpsGmhbvkhkltR PZwTcKCPsEmpxetNZvef kyApsCeFkLoLFCdkazaE aGPbLNWYAMujnfHCTCMo lDkJjVrhTHajmAwuwAQm imEmCMbYEtZJJkwxkSDD xlbpuxAjoVPJWPCWBEkJ gFUGYXSirCYiFTivWNah ayQgUwyRuQVKeyFLPNbQ ZXihCBEQBTdisqSlEMsj CvZkdIYtdeDHtwufupie NPSPGRTNRcKKVpsBRSwh IvXQutSorlqOgnSVAIUd jUSlIFtitQxyvVLJjiCc XPPBMlNyfVVeZGIzTCEW pMOSpTzPTPLXHLOQMjnt oLMkSrYLQRLHmPiuLCTC UyqqHOBdNdTWOKriHQVt hLaNXBYgTzgUhvjmqUTu vIbIQYXZnmYrooTLYNtu fgzJCwocQniGlXAZHJId cinQsEbBpQAHgGdjBxaK NJZlnWyeJFrkOwoqHKtT nCedHqGgdWAicwyuYWpg VRpSthoDcomqMDsGoVql qoaNjvaRghiMQXaVEoQe QjbdwbUnopENkiNyqirZ nreoVgWrBhNXFZgTBlXO gqsFUfkkQrlyYYdSXwmt gFUGYXSirCYiFTivWNah RlHeRhvUOhGhZVGGJuED eiLPqIroFfCGzqSAlzAp svUOWvTJLneAqJGnExpc fosrykBjHtdvgWTEWXFR gDYKDrbERUXTnCayjBrC QePOUWiXcAUCoHETxuGS iVjkcMenotYGMFEBTvoa VIPPawblKbhOVWrmrWBx JVONrXhhmtFWhFfDiOXW scpUkbcaYSAsHhSktebT shaRjZRSPDzVXmetmolj lbWonvEbeplndKguSTkk wNqlpYNsRbJEgiGpKxrU
100
lbWonvEbeplndKguSTkk lbWonvEbeplndKguSTkk
igyeOiSdezmmXGTwMzLw igyeOiSdezmmXGTwMzLw
oKAKfpUUuLItChLyByFh oKAKfpUUuLItChLyByFh
IvXQutSorlqOgnSVAIUd IvXQutSorlqOgnSVAIUd
NJZlnWyeJFrkOwoqHKtT NJZlnWyeJFrkOwoqHKtT
yscsUFTNNyaVMKBztBdV yscsUFTNNyaVMKBztBdV
EhDFVLWZueLOrdjEOzEQ EhDFVLWZueLOrdjEOzEQ
QeYNNLpZMBxyiFbZMPFY QeYNNLpZMBxyiFbZMPFY
zNRhhVdMWUgTnnqmAfeY zNRhhVdMWUgTnnqmAfeY
syonLisTOSczosCwoILE syonLisTOSczosCwoILE
kqcEdfKLaRzxOhAIzchh kqcEdfKLaRzxOhAIzchh
jznspKyqlmxZtgfQUJVB jznspKyqlmxZtgfQUJVB
pMOSpTzPTPLXHLOQMjnt pMOSpTzPTPLXHLOQMjnt
FWnudSYFvYQJHehOpEKf FWnudSYFvYQJHehOpEKf
YTwycpmzEWCqqTELtzXc YTwycpmzEWCqqTELtzXc
bEfUXCTlwRBndElSbPGf bEfUXCTlwRBndElSbPGf
UIlSMnVKIdNiXZNSiHsI UIlSMnVKIdNiXZNSiHsI
eobSFtKBbBdcVrTOREdK eobSFtKBbBdcVrTOREdK
qfRRtdRbhYJBARMfPlZM qfRRtdRbhYJBARMfPlZM
scpUkbcaYSAsHhSktebT scpUkbcaYSAsHhSktebT
EEeDJaHeajXXlwYcHTeJ EEeDJaHeajXXlwYcHTeJ
juzxSpUVuccJUMBOcJjO juzxSpUVuccJUMBOcJjO
ANDviqMIuFwdcboQDprt ANDviqMIuFwdcboQDprt
QyXpliHSeQOPIsurIcpa QyXpliHSeQOPIsurIcpa
DpztIuGTRpGuLsdlODJw DpztIuGTRpGuLsdlODJw
lSJjEsqamUCgRZdCmdyI lSJjEsqamUCgRZdCmdyI
XvUPApTFkqaSSizYsCIr XvUPApTFkqaSSizYsCIr
edlAtPQdNXJQPCIzpkyX edlAtPQdNXJQPCIzpkyX
ihxEqMQIIvyQmtrtMjeO ihxEqMQIIvyQmtrtMjeO
EmbDgEECbkHbfAfHCgwB EmbDgEECbkHbfAfHCgwB
vIbIQYXZnmYrooTLYNtu vIbIQYXZnmYrooTLYNtu
bFmSeBrfNuxjYPUDCLYq bFmSeBrfNuxjYPUDCLYq
TEPaiCedHTXapLxoBXMp TEPaiCedHTXapLxoBXMp
oHoxoLeyDYnKZDzgMtxI oHoxoLeyDYnKZDzgMtxI
NzDQJknJPDEkcwCHzzbF NzDQJknJPDEkcwCHzzbF
MBJqOYmxhUYbldNVEdRy MBJqOYmxhUYbldNVEdRy
CbGuHgZfQMmSOfHDFJnK CbGuHgZfQMmSOfHDFJnK
XtZHoAxqEyzvMChzPHpN XtZHoAxqEyzvMChzPHpN
WMWBpOSnHGywZjCgaYyY WMWBpOSnHGywZjCgaYyY
nreoVgWrBhNXFZgTBlXO nreoVgWrBhNXFZgTBlXO
szyiMlKhtyOynWjcoMsm szyiMlKhtyOynWjcoMsm
pzrGQEObzJGPnfATEYDc pzrGQEObzJGPnfATEYDc
xgBrJmdXVwtxgRuCBhMe xgBrJmdXVwtxgRuCBhMe
QePOUWiXcAUCoHETxuGS QePOUWiXcAUCoHETxuGS
wfEFdNDcColoskjTjcLm wfEFdNDcColoskjTjcLm
cwgJAHVpCCTmuckJkncL cwgJAHVpCCTmuckJkncL
wuSVWJYvpiWaQAHXocSG wuSVWJYvpiWaQAHXocSG
cMYyKTXGNKnFzrpwnXUl cMYyKTXGNKnFzrpwnXUl
vTbNxpVTEoFlSjvvVvfG vTbNxpVTEoFlSjvvVvfG
zHPSSEtFTQIbLYMdHqgP zHPSSEtFTQIbLYMdHqgP
gcXUxTVUZWsOwtRNeDDa gcXUxTVUZWsOwtRNeDDa
GMxGouyyndiUBMqMdOoc GMxGouyyndiUBMqMdOoc
mgNeYYUOPKpLeiVEFIXd mgNeYYUOPKpLeiVEFIXd
NtyLZDOaSczVvOGdocUp NtyLZDOaSczVvOGdocUp
NYdfLxXxFVvLEbDKzXWn NYdfLxXxFVvLEbDKzXWn
wlySPverjehsBxldyigf wlySPverjehsBxldyigf
SitzoubgYFeTjmkLjVPz SitzoubgYFeTjmkLjVPz
ZwvojvRdUOYNJXIwAqgC ZwvojvRdUOYNJXIwAqgC
efZntVbfQTvIUOiRNPSH efZntVbfQTvIUOiRNPSH
shugRMnaHVqQSmKaNBgu shugRMnaHVqQSmKaNBgu
wvSJDoqoPGAkYgSuPFPw wvSJDoqoPGAkYgSuPFPw
UdSbtwxTqTJxOiUoxEqw UdSbtwxTqTJxOiUoxEqw
eOfnBeTgmYCNEnRUhlEK eOfnBeTgmYCNEnRUhlEK
KcrnMnFDTrBKaUaGpdLY KcrnMnFDTrBKaUaGpdLY
fpoTaBKmVdlDCxFwCFoz fpoTaBKmVdlDCxFwCFoz
aIuYyryCOUGVeCAqbqkg aIuYyryCOUGVeCAqbqkg
DZEpVGVXkxHljziwItaS DZEpVGVXkxHljziwItaS
ADVVlRLpnspleRTgeTdu ADVVlRLpnspleRTgeTdu
svUOWvTJLneAqJGnExpc svUOWvTJLneAqJGnExpc
oZXYedlbtBLmkfoVmgta oZXYedlbtBLmkfoVmgta
joWAhkfNqIEECnBeulGl joWAhkfNqIEECnBeulGl
kwPuYZgJgVVJfdBGUtPw kwPuYZgJgVVJfdBGUtPw
HeWrJOKsDjgdrcamgZLN HeWrJOKsDjgdrcamgZLN
ccdJRKiTXwIErdhSIxfh ccdJRKiTXwIErdhSIxfh
erZKLqpCZsYKDnOCaBGq erZKLqpCZsYKDnOCaBGq
NIJaJxCurulNUdZZMxFk NIJaJxCurulNUdZZMxFk
JvFxbsySBAiFiOUrzrBi JvFxbsySBAiFiOUrzrBi
ZauPfhkpsGmhbvkhkltR ZauPfhkpsGmhbvkhkltR
PZwTcKCPsEmpxetNZvef PZwTcKCPsEmpxetNZvef
kyApsCeFkLoLFCdkazaE kyApsCeFkLoLFCdkazaE
aGPbLNWYAMujnfHCTCMo aGPbLNWYAMujnfHCTCMo
imEmCMbYEtZJJkwxkSDD imEmCMbYEtZJJkwxkSDD
xlbpuxAjoVPJWPCWBEkJ xlbpuxAjoVPJWPCWBEkJ
ayQgUwyRuQVKeyFLPNbQ ayQgUwyRuQVKeyFLPNbQ
ZXihCBEQBTdisqSlEMsj ZXihCBEQBTdisqSlEMsj
CvZkdIYtdeDHtwufupie CvZkdIYtdeDHtwufupie
NPSPGRTNRcKKVpsBRSwh NPSPGRTNRcKKVpsBRSwh
jUSlIFtitQxyvVLJjiCc jUSlIFtitQxyvVLJjiCc
XPPBMlNyfVVeZGIzTCEW XPPBMlNyfVVeZGIzTCEW
oLMkSrYLQRLHmPiuLCTC oLMkSrYLQRLHmPiuLCTC
hLaNXBYgTzgUhvjmqUTu hLaNXBYgTzgUhvjmqUTu
fgzJCwocQniGlXAZHJId fgzJCwocQniGlXAZHJId
nCedHqGgdWAicwyuYWpg nCedHqGgdWAicwyuYWpg
VRpSthoDcomqMDsGoVql VRpSthoDcomqMDsGoVql
QjbdwbUnopENkiNyqirZ QjbdwbUnopENkiNyqirZ
RlHeRhvUOhGhZVGGJuED RlHeRhvUOhGhZVGGJuED
eiLPqIroFfCGzqSAlzAp eiLPqIroFfCGzqSAlzAp
gDYKDrbERUXTnCayjBrC gDYKDrbERUXTnCayjBrC
VIPPawblKbhOVWrmrWBx VIPPawblKbhOVWrmrWBx
JVONrXhhmtFWhFfDiOXW JVONrXhhmtFWhFfDiOXW
