oUyBZvEHNPOWtAsHANHU eWGFHgdBASXJbxQbYrCG hNRcEeFjmsmOnuOdNAXl eqwycKZriorIAbsUBjxu VVzvLIOwARaWwhQTKPrx OWCblOtQanZakRLMqMxz eWVKeYegIFOJxvfRkjek JKNUHFrXPStBWMuUOVkj CCYBPFZgoOONzoEeTKzC MeohNnftDTzllMTGwxnG CCYBPFZgoOONzoEeTKzC CcspnGXfrmzZRWjdMjLd NBTlGJqSnWahMvuDlXAm hpQFeVriPZmwKZcYFAWN PojKKQvEDmFOnJinujFi DsLevMWgWFWOQXFMbaQy znYRMYifzQwyixuIXDnz IuNNJvHSmYKpVBzmzuJX rqqedkokePZFdhDbMNpX IUJDEWwYxhQimsCqnrFH rqqedkokePZFdhDbMNpX CcspnGXfrmzZRWjdMjLd oMKDNkBacLxexXKHqXfF CcspnGXfrmzZRWjdMjLd XZRBuctXhYPbWardFSZS QMnEKXGwZYUlreveNjwA UgaWwXBplvlUJzfeuZdN eqwycKZriorIAbsUBjxu tItiZloipgPmLuONrNnZ cAvnOxZJtanpVvcAxJHM tItiZloipgPmLuONrNnZ ikjgYLaZRolSrbIYyKBd CXrruomvXfADUrHxMwZi ikjgYLaZRolSrbIYyKBd oUyBZvEHNPOWtAsHANHU JGmrlhNqKarRJZMikIzR gUlgGYCPZjsRiFLqnVun JGmrlhNqKarRJZMikIzR fDAbzsYfiXDxOIsITcQl NVPacTSrBMpDkMBotiWB fDAbzsYfiXDxOIsITcQl IuNNJvHSmYKpVBzmzuJX rqqedkokePZFdhDbMNpX NBTlGJqSnWahMvuDlXAm ikjgYLaZRolSrbIYyKBd tItiZloipgPmLuONrNnZ JKNUHFrXPStBWMuUOVkj QFaSXENOfunmdZIBqDsS UMfDYlvFlUVuogMRkWNG lPMfQyVLDIZczBuDgsVQ UMfDYlvFlUVuogMRkWNG QFaSXENOfunmdZIBqDsS JKNUHFrXPStBWMuUOVkj tItiZloipgPmLuONrNnZ ikjgYLaZRolSrbIYyKBd oUyBZvEHNPOWtAsHANHU
25
oUyBZvEHNPOWtAsHANHU oUyBZvEHNPOWtAsHANHU
eWGFHgdBASXJbxQbYrCG eWGFHgdBASXJbxQbYrCG
hNRcEeFjmsmOnuOdNAXl hNRcEeFjmsmOnuOdNAXl
eqwycKZriorIAbsUBjxu eqwycKZriorIAbsUBjxu
VVzvLIOwARaWwhQTKPrx VVzvLIOwARaWwhQTKPrx
OWCblOtQanZakRLMqMxz OWCblOtQanZakRLMqMxz
eWVKeYegIFOJxvfRkjek eWVKeYegIFOJxvfRkjek
JKNUHFrXPStBWMuUOVkj JKNUHFrXPStBWMuUOVkj
CCYBPFZgoOONzoEeTKzC CCYBPFZgoOONzoEeTKzC
MeohNnftDTzllMTGwxnG MeohNnftDTzllMTGwxnG
CcspnGXfrmzZRWjdMjLd CcspnGXfrmzZRWjdMjLd
NBTlGJqSnWahMvuDlXAm NBTlGJqSnWahMvuDlXAm
hpQFeVriPZmwKZcYFAWN hpQFeVriPZmwKZcYFAWN
PojKKQvEDmFOnJinujFi PojKKQvEDmFOnJinujFi
znYRMYifzQwyixuIXDnz znYRMYifzQwyixuIXDnz
IuNNJvHSmYKpVBzmzuJX IuNNJvHSmYKpVBzmzuJX
IUJDEWwYxhQimsCqnrFH IUJDEWwYxhQimsCqnrFH
oMKDNkBacLxexXKHqXfF oMKDNkBacLxexXKHqXfF
QMnEKXGwZYUlreveNjwA QMnEKXGwZYUlreveNjwA
cAvnOxZJtanpVvcAxJHM cAvnOxZJtanpVvcAxJHM
CXrruomvXfADUrHxMwZi CXrruomvXfADUrHxMwZi
gUlgGYCPZjsRiFLqnVun gUlgGYCPZjsRiFLqnVun
NVPacTSrBMpDkMBotiWB NVPacTSrBMpDkMBotiWB
UMfDYlvFlUVuogMRkWNG UMfDYlvFlUVuogMRkWNG
lPMfQyVLDIZczBuDgsVQ lPMfQyVLDIZczBuDgsVQ
