A B hC B hJ hI hJ N hO hP hO N T U hV U T hS hR hS T U hV hW hV U T AB hAA AB AK AJ AI hAH AI AJ AK hAL AM hAN AM hAL AK hAR BA hAZ BA BB hBC BD hBE BD hBC BB BA BL BK BJ BI BH hBG BH BI BJ BK BL BM BN BO BP hBQ BP BO BN BM BL BU hBT hBS hBR hBS hBT BU BV BW hBX BW BV BU CA CE hCD CE hCF CE hCG CE CA BU BL BA hAR AK AB T N hJ B A
26
hC hC
hI hI
hJ hJ
hO hO
hP hP
hV hV
hR hR
hS hS
hW hW
hAA hAA
hAH hAH
hAL hAL
hAN hAN
hAR hAR
hAZ hAZ
hBC hBC
hBE hBE
hBG hBG
hBQ hBQ
hBR hBR
hBS hBS
hBT hBT
hBX hBX
hCD hCD
hCF hCF
hCG hCG
