a1 a21h a1 g1 g2 e1 e2 e4h e5 e4h e2 e1 g2 c1 c2 c3 c8 c9 c10 c9 c16 c15h c16 c9 c12 c13h c12 c9 c18 c19h c18 c9 c8 c3 c2 c1 g2 d1 d8h d1 g2 f1h f8 f9h f8 f1h f6 f7h f6 f1h f2 f3h f2 f1h f20 f21h f24h f21h f48h f49h f48h f21h f38h f39h f38h f21h f58h f21h f44h f45h f44h f21h f30h f31h f30h f21h f50h f21h f34h f35h f34h f21h f40h f41h f40h f21h f56h f57h f56h f21h f32h f33h f32h f21h f46h f47h f46h f21h f42h f43h f42h f21h f22h f23h f22h f21h f36h f37h f36h f21h f20 f1h f12 f1h f16 f1h f14 f15h f14 f1h g2 g1 b1h b2 b3 b12 b3 b6 b7h b6 b3 b5h b3 b2 b1h g1 g2 d1 d8h d7 d6 d5 d12 d5 d4 d3 d2 d1 g2 g1 a1
42
a21h a21h
b1h b1h
b3 b4h b10h
b5h b5h
b7h b7h
b12 b13h
c3 c6h
c10 c11h c21h
c13h c13h
c15h c15h
c16 c17h
c19h c19h
d8h d8h
d12 d13h
e5 e4h e6h
g2 f1h f5h f11h f19h
f3h f3h
f7h f7h
f9h f9h
f12 f13h
f15h f15h
f16 f17h
f24h f21h f24h f25h f26h f27h f28h f29h f52h f53h f54h f55h f60h f61h
f23h f22h f23h
f30h f30h
f31h f31h
f33h f32h f33h
f34h f34h
f35h f35h
f37h f36h f37h
f38h f38h
f39h f39h
f41h f40h f41h
f43h f42h f43h
f44h f44h
f45h f45h
f47h f46h f47h
f48h f48h
f49h f49h
f50h f50h f51h
f57h f56h f57h
f58h f58h f59h
