A0 A3 A0 A2 A0 A4 A6 A4 A5 A10 A15 A24 A25 A29 A31 A29 A30 A35 A37 A35 A40 A49 A50 A54 A56 A54 A55 A60 A65 A74 A70 A74 A75 A79 A80 A84 A83 A84 A80 A85 A87 A86 A87 A85 A90 A89 A88 A76 A91 A92 A93 A92 A91 A76 A88 A89 A90 A99 A95 A96 A97 A96 A95 A99 A90 A85 A80 A79 A81 A79 A75 A77 A75 A74 A65 A64 A63 A51 A66 A67 A66 A51 A63 A64 A65 A60 A62 A61 A62 A60 A55 A59 A58 A59 A55 A54 A50 A49 A45 A44 A45 A46 A45 A49 A40 A39 A38 A26 A41 A42 A41 A26 A38 A39 A40 A35 A30 A34 A30 A29 A25 A24 A20 A21 A22 A21 A20 A24 A15 A10 A12 A11 A12 A10 A15 A14 A13 A1 A16 A17 A16 A1 A13 A14 A15 A10 A5 A4 A0
32
A2 A2
A3 A3
A4 A4
A6 A6
A5 A8
A11 A11 A12
A17 A18
A24 A19 A20 A27 A28
A22 A21 A22
A31 A29 A31
A34 A33
A37 A36 A37
A42 A43
A44 A44
A49 A45
A46 A46 A47
A50 A52 A53
A56 A54 A56
A58 A58
A61 A61
A60 A62
A67 A68
A70 A69 A70 A71 A72
A77 A77 A78
A79 A79
A81 A81
A83 A83
A86 A86
A87 A87
A93 A93
A96 A94 A95 A96
A97 A97
