A0 A4 A5 A9 A8 A9 A5 A10 A15 A24 A25 A27 A25 A29 A31 A29 A30 A35 A40 A49 A50 A52 A53 A52 A50 A49 A45 A44 A45 A49 A40 A39 A40 A35 A37 A36 A37 A35 A30 A34 A30 A29 A25 A24 A15 A14 A13 A1 A16 A17 A18 A17 A16 A1 A13 A14 A15 A24 A20 A21 A22 A21 A20 A24 A15 A10 A5 A4 A0 A3 A0 A4 A5 A10 A15 A24 A25 A29 A30 A35 A40 A49 A50 A54 A55 A60 A62 A61 A62 A60 A65 A64 A63 A51 A66 A67 A66 A51 A63 A64 A65 A74 A75 A77 A75 A79 A81 A79 A80 A84 A83 A84 A80 A85 A90 A99 A100 A104 A105 A110 A115 A114 A113 A101 A116 A117 A118 A117 A116 A101 A113 A114 A115 A124 A120 A121 A120 A124 A125 A129 A130 A129 A131 A129 A125 A127 A128 A127 A125 A129 A130 A135 A140 A149 A150 A152 A150 A154 A155 A159 A158 A159 A155 A160 A162 A161 A162 A160 A165 A174 A175 A177 A178 A177 A175 A179 A181 A179 A180 A185 A187 A186 A187 A185 A190 A189 A188 A176 A191 A192 A193 A192 A191 A176 A188 A189 A190 A199 A195 A196 A195 A194 A195 A199 A190 A185 A180 A179 A175 A174 A165 A164 A163 A151 A166 A167 A166 A151 A163 A164 A165 A160 A155 A154 A150 A149 A145 A144 A145 A149 A140 A139 A138 A126 A141 A142 A141 A126 A138 A139 A140 A135 A130 A129 A125 A124 A115 A110 A105 A104 A100 A102 A100 A99 A95 A96 A95 A94 A95 A99 A90 A85 A87 A86 A87 A85 A80 A79 A75 A74 A70 A71 A70 A74 A65 A60 A55 A59 A58 A59 A55 A54 A50 A49 A40 A39 A38 A26 A41 A42 A41 A26 A38 A39 A40 A49 A50 A54 A55 A60 A65 A74 A75 A79 A80 A85 A90 A89 A88 A76 A91 A92 A93 A92 A91 A76 A88 A89 A90 A85 A80 A79 A75 A74 A65 A60 A55 A54 A50 A49 A40 A35 A30 A29 A25 A24 A15 A10 A5 A4 A0
62
A4 A2 A4 A6
A3 A3
A8 A8
A5 A11 A12
A18 A18
A24 A19 A20
A22 A21 A22
A27 A27 A28
A29 A29
A31 A31
A34 A33
A36 A36
A37 A37
A42 A43
A44 A44
A45 A45 A46 A47
A52 A52
A53 A53
A50 A54 A56
A58 A58
A61 A61
A60 A62
A67 A68
A70 A69 A70
A71 A71 A72
A77 A77 A78
A81 A79 A81
A83 A83
A86 A86
A87 A87
A93 A93
A94 A94
A96 A95 A96 A97
A102 A102 A103
A104 A104 A106
A110 A108 A111 A112
A118 A118
A120 A119 A120
A121 A121 A122
A128 A127 A128
A129 A129
A131 A131
A130 A133 A136 A137
A142 A143
A144 A144
A149 A145 A146 A147
A152 A152 A153
A155 A154 A156
A158 A158
A161 A161
A162 A162
A167 A168
A174 A169 A170 A171 A172
A177 A177
A178 A178
A181 A179 A181
A185 A183
A186 A186
A187 A187
A193 A193
A194 A194
A196 A195 A196 A197
