Soda krishnan Soda woolf winifred danyal winifred woolf Soda meghan castro singhal connor singhal castro meghan Soda djajadi vilaythong djajadi Soda grace Soda caroline Soda walsh Soda shen Soda berit chloe berit Soda davis garbers patagonia garbers davis Soda ian rabie ian Soda amanda Soda rob Soda annie eshaan ruhi kevin ruhi eshaan annie Soda amanda sunny lewke tamara jarrett Soda
25
danyal danyal rosen
singhal singhal castro
grace grace
patagonia patagonia garbers
shen shen
amanda sunny amanda
vilaythong vilaythong
krishnan alvin sriram noor golden martinez garcia krishnan massachusetts shah yip lo roshan annie ritter andrew aidan ashley
rabie rabie sarina
caroline daniel caroline juliann
winifred winifred
davis davis
rob rob
tamara lewke tamara
chloe chloe
ruhi ruhi eshaan
jarrett jarrett
woolf woolf
kevin kevin
djajadi djajadi
meghan meghan
ian ian
walsh walsh
connor connor
berit berit
