Soda king Soda emily Soda alvin doshi chloe sunny parham brett devesh brett parham sunny chloe doshi alvin Soda soman zou soman Soda vikram melissa vikram Soda lebron Soda eshaan Soda li Soda chase Soda kevin Soda barth erika annie erika barth Soda xin Soda massachusetts Soda singorahardjo hari singorahardjo Soda lewke Soda ravi aanika ani aanika ravi Soda ishaan Soda sun Soda evan Soda chung Soda wyatt Soda subbaraj vilaythong subbaraj Soda srivastava Soda cal Soda krista kanika krista Soda jacob Soda scott bears scott Soda caroline ashley berit gregory rouzbahani gregory berit ashley caroline Soda danyal sophia danyal Soda djajadi amanda djajadi Soda du ritter du Soda lewke william nichole ohio hanlon franco Soda
50
king ruhi kaur maniku srinivasan daniel rob oscar grace adhikiari wong ellen celine greg krishnan zhou zhifei gobears king olivia winifred liang charles lindsey
wyatt wyatt
ashley caroline ashley
sunny sunny
kevin kevin
devesh devesh
rouzbahani rouzbahani patagonia logan
singorahardjo singorahardjo
amanda djajadi chen amanda mittal
li li
vilaythong singhal wu angelis saurav vilaythong
lewke william nichole lewke
ishaan ishaan shah
ritter du ritter
eshaan eshaan connor maya
cal cal
zou zou
vikram vikram
ravi ravi
xin weaver xin tyler andrew
srivastava srivastava
bears bears mack
massachusetts massachusetts
gregory gregory
chung chung
sophia danyal sophia
franco ohio hanlon franco
barth barth
ani ahluwalia aanika ani
doshi doshi
melissa melissa
scott scott
lebron yip lebron
jacob jacob
erika erika
chloe chloe
parham parham
emily emily
chase george chase
alvin alvin
brett brett
sun sun
krista krista
hari hari
soman soman
berit berit
annie annie
kanika umar kanika
subbaraj subbaraj
evan evan
