Jingzhou Fredericia CoonRapids Tabatinga Sarzedo AbualMatamir SaintMichael AbualMatamir Colachel Sapporo Entroncamento Chegem Pundong Rembangan AzZuwaytinah RioFormoso Ghugus Manduria Ghugus Rembangan Gangtok Rembangan Thamaga Tottori Junagarh Ronse Sapele Kirovsk Sapele Ermelo Sapele Chambly Chittaranjan Jinotega Depok Veenendaal Shizunaifurukawacho Chambersburg Crespo Rembangan Ibri Kheri Lysva Malnate Jeypore Malnate TanahMerah LondonderryCountyBor Ghugus LondonderryCountyBor Chambly Khabarovsk Chambly Shively BurgbeiMagdeburg Shively Rangae ZurichKreis Kabarnet SanJosedeOcoa Ketrzyn Ouarzazat Eregli BurgbeiMagdeburg Sagalo Huauchinango Carmichael Kheri Malnate Kabarnet SanJosedeOcoa Ketrzyn Colachel LondonderryCountyBor Ghugus Veenendaal Shumen Jeypore Sarzedo Sanaa Kabarnet BurgbeiMagdeburg Thamaga MelitodiNapoli Tabatinga Veenendaal Kheri Carouge Radnor Frosinone JabalosSaraj Jinotega FortLauderdale Ibri BeneBeraq Carmichael elCampello Jeypore Malnate Srinagar Malnate Bejucal Carmichael Kheri Malnate RioFormoso NovyyBuh Ketrzyn Pundong Jingzhou
50
CoonRapids CoonRapids
Sarzedo Sarzedo
SaintMichael SaintMichael
Colachel Colachel
Entroncamento Entroncamento
Chegem Chegem
Rembangan Rembangan
AzZuwaytinah AzZuwaytinah
Manduria Manduria
Gangtok Gangtok
Tottori Tottori
Ronse Ronse
Kirovsk Kirovsk
Ermelo Ermelo
Chittaranjan Chittaranjan
Depok Depok
Shizunaifurukawacho Shizunaifurukawacho
Crespo Crespo
Ibri Ibri
Lysva Lysva
Jeypore Jeypore
TanahMerah TanahMerah
Ghugus Ghugus
Khabarovsk Khabarovsk
Shively Shively
BurgbeiMagdeburg BurgbeiMagdeburg
Rangae Rangae
Kabarnet Kabarnet
Ouarzazat Ouarzazat
Sagalo Sagalo
Kheri Kheri
SanJosedeOcoa SanJosedeOcoa
LondonderryCountyBor LondonderryCountyBor
Shumen Shumen
Sanaa Sanaa
Thamaga Thamaga
Tabatinga Tabatinga
Veenendaal Veenendaal
Carouge Carouge
Radnor Radnor
JabalosSaraj JabalosSaraj
FortLauderdale FortLauderdale
BeneBeraq BeneBeraq
elCampello elCampello
Malnate Malnate
Srinagar Srinagar
Bejucal Bejucal
Carmichael Carmichael
RioFormoso RioFormoso
Ketrzyn Ketrzyn
