LesLilas Hangu Rhondda Johnston Sobue Garbsen Shchekino Andrychow SanJuandelaMaguana Morwa Braila Angleton SouthSaintPaul Kemise Aracuai AinArnat SpanishTown Sosnovka PriegodeCordoba Hirosaki Ibirataia Ontinyent Vyazniki Skelmersdale Haora Yafo Anjarah Khulm Haripur Arzamas Shimofurano Nagar Fuxin Mocoa KotRadhaKishan HaciendaLaCalera Tabou SenaMadureira Belalcazar AinBessem Langenhorn Acireale Butuan Kaifeng Kondrovo SenadorPompeu Gunzenhausen ChalcodeDiazCovarrub Rivas Espiye Shchekino CapimGrosso Turek MadinatHamad BlueIsland Itororo SaintCyrlEcole NahiyatashShinafiyah Kambove Akcaabat Acarau NoblePark Kotka PortoVelho FetestiGara Pezinok Bury Nahorkatiya Baramula Mabopane Prostejov Vaniyambadi Purnia WestIslip Embu Lloydminster GuaMusang Sosnovka Shieli Malpe Shurugwi Manacapuru Oerlinghausen Sorada Escada Kairouan Escada Pozzuoli VillaPauladeSarmient ChalcodeDiazCovarrub MineralnyeVody TagbilaranCity Ortaca Geiro Zhaodong Arang Wangon EastLongmeadow Gowurdak Biskra Izhevsk SpanishTown Kineshma Manacapuru Gorgan Twante Daokou Hangu Wenchi Johnston Battambang Wachtberg Korsakov SantanadoLivramento CapimGrosso MonteAlegre Kambove Aringay AshtonunderLyne Cachan Acireale FortWorth Skelmersdale Nahorkatiya LesLilas
100
Hangu Hangu
Rhondda Rhondda
Johnston Johnston
Sobue Sobue
Garbsen Garbsen
Shchekino Shchekino
Andrychow Andrychow
SanJuandelaMaguana SanJuandelaMaguana
Morwa Morwa
Braila Braila
Angleton Angleton
SouthSaintPaul SouthSaintPaul
Kemise Kemise
Aracuai Aracuai
AinArnat AinArnat
SpanishTown SpanishTown
Sosnovka Sosnovka
PriegodeCordoba PriegodeCordoba
Hirosaki Hirosaki
Ibirataia Ibirataia
Ontinyent Ontinyent
Vyazniki Vyazniki
Skelmersdale Skelmersdale
Haora Haora
Yafo Yafo
Anjarah Anjarah
Khulm Khulm
Haripur Haripur
Arzamas Arzamas
Shimofurano Shimofurano
Nagar Nagar
Fuxin Fuxin
Mocoa Mocoa
KotRadhaKishan KotRadhaKishan
HaciendaLaCalera HaciendaLaCalera
Tabou Tabou
SenaMadureira SenaMadureira
Belalcazar Belalcazar
AinBessem AinBessem
Langenhorn Langenhorn
Acireale Acireale
Butuan Butuan
Kaifeng Kaifeng
SenadorPompeu SenadorPompeu
Gunzenhausen Gunzenhausen
ChalcodeDiazCovarrub ChalcodeDiazCovarrub
Rivas Rivas
Espiye Espiye
CapimGrosso CapimGrosso
Turek Turek
MadinatHamad MadinatHamad
BlueIsland BlueIsland
Itororo Itororo
SaintCyrlEcole SaintCyrlEcole
NahiyatashShinafiyah NahiyatashShinafiyah
Kambove Kambove
Akcaabat Akcaabat
Acarau Acarau
NoblePark NoblePark
Kotka Kotka
PortoVelho PortoVelho
FetestiGara FetestiGara
Pezinok Pezinok
Bury Bury
Baramula Baramula
Mabopane Mabopane
Prostejov Prostejov
Vaniyambadi Vaniyambadi
WestIslip WestIslip
Embu Embu
Lloydminster Lloydminster
GuaMusang GuaMusang
Shieli Shieli
Shurugwi Shurugwi
Manacapuru Manacapuru
Oerlinghausen Oerlinghausen
Sorada Sorada
Escada Escada
Kairouan Kairouan
Pozzuoli Pozzuoli
VillaPauladeSarmient VillaPauladeSarmient
MineralnyeVody MineralnyeVody
TagbilaranCity TagbilaranCity
Ortaca Ortaca
Zhaodong Zhaodong
Wangon Wangon
EastLongmeadow EastLongmeadow
Gowurdak Gowurdak
Izhevsk Izhevsk
Kineshma Kineshma
Gorgan Gorgan
Twante Twante
Daokou Daokou
Wenchi Wenchi
Battambang Battambang
Korsakov Korsakov
SantanadoLivramento SantanadoLivramento
MonteAlegre MonteAlegre
AshtonunderLyne AshtonunderLyne
FortWorth FortWorth
