Kaimganj Fagaras Pilibhit Irvine Pilibhit Madurai Albi Novopokrovskaya Tsukawaki Karasuyama Pinas Tocache Isakogorka Yucheng Korolev Tsirang Brecht Condado Gobo MontecatiniTerme Dankov Narangba GobernadorGalvez Leixlip Kansk PinhalNovo MilpaAlta Anahuac MorlanwelzMariemont EncarnaciondeDiaz Kansk Tocache Fandriana Tocache Gobo Racine Gobo MilpaAlta Kaimganj
25
Fagaras Fagaras
Pilibhit Pilibhit
Irvine Irvine
Albi Albi
Novopokrovskaya Novopokrovskaya
Tsukawaki Tsukawaki
Karasuyama Karasuyama
Tocache Tocache
Isakogorka Isakogorka
Yucheng Yucheng
Korolev Korolev
Tsirang Tsirang
Brecht Brecht
Gobo Gobo
MontecatiniTerme MontecatiniTerme
Dankov Dankov
Narangba Narangba
GobernadorGalvez GobernadorGalvez
Leixlip Leixlip
PinhalNovo PinhalNovo
MilpaAlta MilpaAlta
Anahuac Anahuac
EncarnaciondeDiaz EncarnaciondeDiaz
Fandriana Fandriana
Racine Racine
