lyenDXSN wKxe hU BR s KtvQaJqCJTRpXM8ZI CmV 7Q zI 7Q L STJYwXq9HmmawT vAIBd1Ae fzp 61 4MdwVqEIlp6vzohvUqY vJxAK1LaHyuu4yFNeul hpRsyMlXH1H 6DVIvuGfPs2BU Mu wBJRoqVxn1t 6yeW7sat9rvd lt1a5E0H 7h2PJW8oD2ihKQrfQ6 ImSpax GPeb MBLHuIgjJIXs uy3ouNIxumu7jEuoP1 2AR73oQdnbYqnDCGMFS EJDqk K0A9bbVLm9atwTf EJDqk Plmj0j Iax35 HwQeXpOEZHQ3s l G50hiUpVStHCMrd hjCFXN9kbqn0UCNsZ a5oWSrhkZ1i f hVfqebryM4wN f9euNCVEF2WwHc0CWSy5 nqeGwct A67f K0A9bbVLm9atwTf cYPTdnJWL wcmx8dhmsO K6yVeBnomxSBet nWkakNi6Qt9d4g o3refHnx4qioqHztqMYE frNA534JEvY4f llx2p akZmiQ7tmX M1PxrOPSNUVpc 1ds7sqHhanMKkMy jvdVvQ FGQD6P mMU5Ux7Gh9w VNvsbB7eWJcAK0fU C8PRtY0wMczFLQQYxa zzYmU5YFhvp1 lyenDXSN
25
G50hiUpVStHCMrd G50hiUpVStHCMrd hjCFXN9kbqn0UCNsZ
BR BR
hU hU
ImSpax MBLHuIgjJIXs GPeb ImSpax 2AR73oQdnbYqnDCGMFS
CmV CmV
frNA534JEvY4f frNA534JEvY4f o3refHnx4qioqHztqMYE
zzYmU5YFhvp1 VNvsbB7eWJcAK0fU zzYmU5YFhvp1
L L
K6yVeBnomxSBet nWkakNi6Qt9d4g
hVfqebryM4wN nqeGwct hVfqebryM4wN A67f
l l f
wBJRoqVxn1t wBJRoqVxn1t
llx2p lt1a5E0H llx2p
cYPTdnJWL wcmx8dhmsO cYPTdnJWL
vAIBd1Ae vAIBd1Ae
akZmiQ7tmX akZmiQ7tmX M1PxrOPSNUVpc
Mu Mu 6DVIvuGfPs2BU
Iax35 K0A9bbVLm9atwTf Plmj0j
zI zI
7Q 7Q
KtvQaJqCJTRpXM8ZI vJxAK1LaHyuu4yFNeul KtvQaJqCJTRpXM8ZI
6yeW7sat9rvd 6yeW7sat9rvd
jvdVvQ jvdVvQ
61 61
HwQeXpOEZHQ3s HwQeXpOEZHQ3s
