6a5e7697411b4a5f9bee 9413e484b07844a0b2a5 c83df3fc7ad7453da3a8 f4f0866d5e97488aa802 c83df3fc7ad7453da3a8 e73af41069ed4943a52c 53c9cb5cf7384868ac19 6e67d80aec8b4fc0a0f4 6ea877c3766c4669a150 0584f8431be341e5ab2e 6ea877c3766c4669a150 6e67d80aec8b4fc0a0f4 53c9cb5cf7384868ac19 e73af41069ed4943a52c c83df3fc7ad7453da3a8 9413e484b07844a0b2a5 68b5e6aea12140d2bb26 9413e484b07844a0b2a5 6a5e7697411b4a5f9bee e0cb3963860e4d049310 94e0719061a446db8f0d 12424155e29a4ad09224 94e0719061a446db8f0d 7d82ff1b75504dd99230 728908ec3cef4db29934 7d82ff1b75504dd99230 94e0719061a446db8f0d 12424155e29a4ad09224 ac82fe0455c04a6fbc21 d8981e847a1946839e08 a1480b86aa6b4e8ab46b d8981e847a1946839e08 0b24d415cd09478386e1 bc0a76f3195549949d49 0b24d415cd09478386e1 d8981e847a1946839e08 ac82fe0455c04a6fbc21 00ab75eeae43479b93a1 aa3f52c94cbd4a128bbb d367dd06d7554c00a50c aa3f52c94cbd4a128bbb 95119be28c194159a1ee f911fa4d522a4357aa0b 4cc41845ed58465488d9 a72944b166b948ed8afb 4cc41845ed58465488d9 f911fa4d522a4357aa0b f451d0f96c4e44e5a7a2 cfd801acdfd6452696dd 863d51b71d174e18a8b2 e9189c39d6f9459fb82b 950cb52e3a1446d9af98 4fd54063e8fe4e6591e3 950cb52e3a1446d9af98 4d6e33ce0fc84c6ea69d 365700b51db445e3a31a 5a90ec8096c2423fb598 ebbbcdcdb3554877aeb0 e0d6bb0c69d74ec5a7c2 ebbbcdcdb3554877aeb0 686e668db7e94232bb60 e42a313b3fc84870ab92 b0d847fc7911439a9eb5 e42a313b3fc84870ab92 5c8da1e70e304c18a2e4 03b01369da244ae890f3 3f86be020a0e43e4b1ff a11604bab4bc49008828 6c8fdc64a38545c8997a 65b7af53d28f4262bf8f 9a007b07478f49ea8ad1 2ce2b2e6256542928a0d 008aafd1b0ec4150aacc 2ce2b2e6256542928a0d 9a007b07478f49ea8ad1 65b7af53d28f4262bf8f 6c8fdc64a38545c8997a a11604bab4bc49008828 3f86be020a0e43e4b1ff 36411ecb5b7b4ec3a8e2 cc5f406e2dcd46bebe75 eda12a5063b14342827b cc5f406e2dcd46bebe75 6c5164d75c654b6e9e3b bbb11a04c8a343348a26 eb69bfc02d474eb3a982 268fc1cec41445e9ae4c d231535a16d747168db6 ce0b9987a99a4073beab 1cf20cc5d55a441b8446 3b86319574304aac82c1 1cf20cc5d55a441b8446 1733e0b32fcb468e9db5 1cf20cc5d55a441b8446 9c906b337e8b4f708f0e dec6cbdb369c4efca414 2eaf4a8f5c2a47b18f2a 9413e484b07844a0b2a5 6a5e7697411b4a5f9bee
33
728908ec3cef4db29934 728908ec3cef4db29934
863d51b71d174e18a8b2 e3697cd0e4bb4631b60b 4da00804134d4fc9a85c 863d51b71d174e18a8b2
f911fa4d522a4357aa0b 95119be28c194159a1ee ced33625aef44e049e40 f451d0f96c4e44e5a7a2 f911fa4d522a4357aa0b
d367dd06d7554c00a50c a5e69939e9704f81a60e 00ab75eeae43479b93a1
cc5f406e2dcd46bebe75 cc5f406e2dcd46bebe75
ebbbcdcdb3554877aeb0 ebbbcdcdb3554877aeb0 5a90ec8096c2423fb598
268fc1cec41445e9ae4c 268fc1cec41445e9ae4c
bc0a76f3195549949d49 bc0a76f3195549949d49
950cb52e3a1446d9af98 365700b51db445e3a31a c1b06ccaa4874b00a961 d8c441caf295405aaf52 950cb52e3a1446d9af98
2ce2b2e6256542928a0d dcee8e551d34480d82e2 9a007b07478f49ea8ad1
e0d6bb0c69d74ec5a7c2 e0d6bb0c69d74ec5a7c2
0584f8431be341e5ab2e 6ea877c3766c4669a150 4e25f87635bb4843b59f 113cbb314b8c423e99ac
68b5e6aea12140d2bb26 68b5e6aea12140d2bb26
a11604bab4bc49008828 ab6a4a3d324a4e118998
bbb11a04c8a343348a26 bbb11a04c8a343348a26
5c8da1e70e304c18a2e4 5c8da1e70e304c18a2e4
12424155e29a4ad09224 5042f23712404074ac94 ac82fe0455c04a6fbc21 12424155e29a4ad09224
f4f0866d5e97488aa802 f4f0866d5e97488aa802 87ecc0a3a59f407c9b3d
9413e484b07844a0b2a5 e0cb3963860e4d049310
a1480b86aa6b4e8ab46b a1480b86aa6b4e8ab46b d8981e847a1946839e08
008aafd1b0ec4150aacc 008aafd1b0ec4150aacc
eda12a5063b14342827b 4aadb3216b4343adbebd
4fd54063e8fe4e6591e3 4fd54063e8fe4e6591e3
6e67d80aec8b4fc0a0f4 6e67d80aec8b4fc0a0f4
e9189c39d6f9459fb82b e9189c39d6f9459fb82b
3b86319574304aac82c1 3b86319574304aac82c1
03b01369da244ae890f3 3f86be020a0e43e4b1ff
a72944b166b948ed8afb a72944b166b948ed8afb
1733e0b32fcb468e9db5 1733e0b32fcb468e9db5
6c5164d75c654b6e9e3b 6c5164d75c654b6e9e3b
c83df3fc7ad7453da3a8 e73af41069ed4943a52c
b0d847fc7911439a9eb5 7a06c0a05152448791da
ce0b9987a99a4073beab ce0b9987a99a4073beab
