0 25 14 12 9 61 35 43 44 58 84 68 85 77 53 34 41 95 41 37 30 86 94 86 15 56 75 1 67 1 69 1 50 33 46 8 68 16 93 16 8 32 39 40 78 67 46 99 46 41 62 3 90 89 90 60 83 72 81 41 37 51 36 12 56 49 58 84 29 43 39 88 13 65 13 0 97 0 13 82 26 21 54 30 87 91 38 6 27 71 27 16 31 1 72 91 87 32 39 0
50
25 25
14 14
12 12
9 9
35 35
44 44
58 58
77 77
53 53
95 95
94 94
15 15
75 75
67 67
69 69
50 50
33 33
8 8
68 68
93 93
39 39
40 40
99 99
46 46
62 62
89 89
90 90
83 83
81 81
37 37
51 51
36 36
56 56
84 84
29 29
43 43
88 88
65 65
97 97
82 82
21 21
54 54
91 91
6 6
71 71
16 16
31 31
72 72
87 87
32 32
