0 185 175 196 5 38 66 172 2 162 25 83 146 43 6 1 105 104 19 26 1 32 81 7 121 148 115 187 0 53 0 51 182 160 85 84 109 1 23 174 0 132 125 9 103 20 28 52 5 190 62 2 8 176 0 24 0 21 0 48 5 64 3 72 1 78 1 65 41 1 30 2 5 0 68 3 59 56 163 5 60 14 5 3 5 76 0 71 12 35 2 173 114 39 2 70 110 8 40 0 42 166 151 7 183 7 171 88 57 0 144 0 116 77 188 195 159 55 22 1 119 107 6 10 126 4 100 113 37 1 0 168 3 191 102 134 86 93 16 169 6 58 2 67 3 96 97 0
100
185 185
175 175
196 196
38 38
66 66
172 172
162 162
25 25
83 83
146 146
43 43
6 6
105 105
104 104
19 19
26 26
32 32
81 81
121 121
148 148
115 115
187 187
53 53
51 51
182 182
160 160
85 85
84 84
109 109
23 23
174 174
132 132
125 125
103 103
20 20
52 52
190 190
62 62
8 8
176 176
24 24
21 21
48 48
64 64
72 72
78 78
65 65
41 41
30 30
5 5
68 68
59 59
56 56
163 163
60 60
14 14
3 3
76 76
71 71
35 35
173 173
114 114
39 39
70 70
110 110
40 40
42 42
166 166
151 151
183 183
171 171
88 88
57 57
144 144
116 116
77 77
188 188
195 195
159 159
55 55
22 22
119 119
107 107
10 10
126 126
100 100
113 113
37 37
0 0
168 168
191 191
102 102
134 134
86 86
93 93
169 169
58 58
67 67
96 96
97 97
