Location0 Location1 Location3 Location4 Location3 Location5 Location6 Location5 Location7 Location9 Location10 Location9 Location11 Location12 Location11 Location13 Location15 Location16 Location15 Location17 Location19 Location21 Location23 Location25 Location26 Location25 Location27 Location29 Location30 Location29 Location31 Location33 Location35 Location37 Location38 Location37 Location39 Location41 Location42 Location41 Location43 Location45 Location47 Location48 Location47 Location49 Location50 Location49 Location51 Location53 Location55 Location56 Location55 Location57 Location59 Location57 Location58 Location57 Location59 Location61 Location63 Location64 Location63 Location65 Location67 Location68 Location67 Location69 Location70 Location69 Location71 Location73 Location74 Location73 Location75 Location76 Location75 Location77 Location79 Location80 Location79 Location81 Location83 Location85 Location87 Location88 Location87 Location85 Location86 Location85 Location83 Location81 Location82 Location81 Location79 Location77 Location78 Location77 Location79 Location81 Location83 Location85 Location87 Location89 Location91 Location93 Location95 Location96 Location95 Location93 Location91 Location89 Location87 Location85 Location83 Location81 Location79 Location77 Location75 Location73 Location71 Location69 Location67 Location65 Location63 Location61 Location59 Location57 Location55 Location53 Location51 Location49 Location47 Location45 Location43 Location41 Location39 Location37 Location35 Location33 Location31 Location29 Location27 Location25 Location23 Location21 Location19 Location20 Location19 Location17 Location15 Location13 Location11 Location9 Location7 Location5 Location3 Location1 Location0
41
Location4 Location2 Location4 Location98
Location6 Location6 Location8
Location10 Location10
Location12 Location12
Location15 Location14
Location16 Location16
Location17 Location18
Location20 Location20
Location21 Location22
Location23 Location24
Location26 Location26
Location25 Location28
Location30 Location30 Location32
Location35 Location34 Location36
Location38 Location38
Location37 Location40
Location42 Location42
Location43 Location44 Location46
Location48 Location48
Location50 Location50
Location51 Location52
Location53 Location54
Location56 Location56
Location58 Location58
Location59 Location60 Location62
Location64 Location64
Location65 Location66
Location68 Location68
Location70 Location70
Location73 Location72
Location74 Location74
Location76 Location76
Location78 Location78
Location80 Location80
Location82 Location82
Location83 Location84
Location86 Location86
Location88 Location88
Location87 Location90 Location92
Location95 Location94
Location96 Location96
