Location0 Location35 Location36 Location35 Location0 Location31 Location32 Location31 Location0 Location95 Location96 Location95 Location0 Location39 Location0 Location19 Location20 Location19 Location0 Location47 Location48 Location47 Location0 Location17 Location18 Location17 Location0 Location33 Location34 Location33 Location0 Location75 Location0 Location77 Location78 Location77 Location0 Location57 Location58 Location57 Location0 Location21 Location0 Location83 Location84 Location83 Location0 Location73 Location74 Location73 Location0 Location27 Location0 Location49 Location50 Location49 Location0 Location55 Location0 Location7 Location0 Location67 Location0 Location59 Location0 Location43 Location44 Location43 Location0 Location11 Location12 Location11 Location0 Location25 Location26 Location25 Location0 Location87 Location88 Location87 Location0 Location61 Location62 Location61 Location0 Location79 Location80 Location79 Location0 Location65 Location66 Location65 Location0 Location51 Location52 Location51 Location0 Location23 Location24 Location23 Location0 Location63 Location64 Location63 Location0 Location81 Location82 Location81 Location0 Location13 Location14 Location13 Location0 Location91 Location92 Location91 Location0 Location85 Location86 Location85 Location0 Location3 Location4 Location3 Location0 Location5 Location6 Location5 Location0 Location45 Location46 Location0
49
Location35 Location1 Location2 Location9 Location10 Location15 Location16 Location29 Location30 Location35 Location37 Location38 Location41 Location42 Location53 Location54 Location69 Location70 Location71 Location72 Location89 Location90 Location93 Location94 Location97 Location98
Location4 Location3 Location4
Location6 Location5 Location6
Location7 Location7 Location8
Location12 Location11 Location12
Location14 Location13 Location14
Location17 Location17
Location18 Location18
Location19 Location19
Location20 Location20
Location21 Location21 Location22
Location24 Location23 Location24
Location26 Location25 Location26
Location27 Location27 Location28
Location31 Location31
Location32 Location32
Location33 Location33
Location34 Location34
Location36 Location36
Location39 Location39 Location40
Location44 Location43 Location44
Location46 Location45 Location46
Location47 Location47
Location48 Location48
Location49 Location49
Location50 Location50
Location52 Location51 Location52
Location55 Location55 Location56
Location57 Location57
Location58 Location58
Location59 Location59 Location60
Location62 Location61 Location62
Location64 Location63 Location64
Location66 Location65 Location66
Location67 Location67 Location68
Location73 Location73
Location74 Location74
Location75 Location75 Location76
Location77 Location77
Location78 Location78
Location80 Location79 Location80
Location82 Location81 Location82
Location83 Location83
Location84 Location84
Location86 Location85 Location86
Location88 Location87 Location88
Location92 Location91 Location92
Location95 Location95
Location96 Location96
