0 68 18 130 131 132 133 134 135 137 136 143 138 142 144 145 146 148 151 139 165 141 174 140 18 147 159 150 149 153 154 152 162 156 158 166 171 168 160 176 155 179 161 193 167 185 172 175 173 177 183 170 197 157 18 163 18 164 18 20 169 20 178 20 180 20 181 20 182 20 184 186 187 20 188 20 189 20 190 20 191 196 194 198 20 192 20 195 20 199 20 68 0
70
130 130
131 131
132 132
133 133
134 134
135 135
137 137
136 136
143 143
138 138
142 142
144 144
145 145
146 146
148 148
151 151
139 139
165 165
141 141
174 174
140 140
147 147
159 159
150 150
149 149
153 153
154 154
152 152
162 162
156 156
158 158
166 166
171 171
168 168
160 160
176 176
155 155
179 179
161 161
193 193
167 167
185 185
172 172
175 175
173 173
177 177
183 183
170 170
197 197
157 157
163 163
164 164
169 169
178 178
180 180
181 181
182 182
184 184
186 186
187 187
188 188
189 189
190 190
191 191
196 196
194 194
198 198
192 192
195 195
199 199
