2 9 179 49 11 139 17 131 27 199 27 35 63 36 63 75 109 59 109 175 87 124 123 101 33 55 19 7 151 7 196 171 196 7 99 105 10 105 99 7 19 55 33 97 135 69 135 113 195 113 135 197 164 41 164 197 135 97 145 103 111 85 43 85 21 83 21 157 79 157 21 85 111 133 137 89 137 133 154 155 5 155 154 129 185 25 173 25 159 25 185 3 47 107 47 3 185 129 154 133 111 103 61 23 77 1 147 153 147 1 149 72 81 72 4 72 149 144 193 142 193 177 193 144 149 1 77 187 77 65 181 31 93 31 181 169 181 65 121 53 121 65 77 23 61 103 145 97 33 101 123 124 87 175 109 75 63 35 27 131 29 161 76 2
55
1 1 51
3 3
5 5 155
7 7 99
9 9
179 11 49 73 179
147 13 147
10 15 39 95
17 17 131 139
55 19 33 55
21 21 167
77 23 77
25 25
27 27 35
161 29 161
31 31
81 37 81
41 41
43 43
121 45 121 189
107 47 107
53 53
109 57 75 109
59 59
61 61
36 63 141
181 65 67 91 165 181
69 69
195 71 113 195
79 79
83 83
85 85
87 87 115 175 183
89 89
93 93
135 97 135 197
123 101 123
103 103 145
105 105
111 111 117 133 163 191
153 119 153
72 125 149
4 127
185 129 185
137 137
142 143 193
151 151
157 157
159 159
169 169
171 171
173 173
177 177
187 187
199 199
