0 1 7 6 11 16 20 16 11 6 7 1 5 1 0 48 47 46 41 36 31 32 26 29 26 32 31 36 39 36 31 32 26 28 27 21 16 11 6 9 6 7 1 0 48 47 46 41 44 41 46 47 48 0 1 7 6 11 16 18 16 21 23 21 16 11 6 7 1 0 48 47 46 41 36 31 34 31 36 41 46 47 48 0 1 7 6 11 13 11 6 7 1 2 1 7 6 11 14 11 6 7 1 0 48 47 46 41 43 41 36 31 32 31 36 41 46 47 48 0 1 7 6 11 12 11 6 7 1 4 1 7 6 11 16 21 22 21 16 11 6 10 6 11 16 21 24 21 16 11 6 7 1 0 48 47 46 41 36 31 32 26 30 26 32 33 31 36 41 46 47 48 0 1 7 6 11 15 11 16 17 16 21 25 21 16 11 6 7 1 0
24
20 20
5 5
29 29
39 39
28 28
9 9
44 44
18 18
23 23
34 34
13 13
2 2
14 14
43 43
32 32
12 12
4 4
22 22
10 10
24 24
30 30
33 33
15 15
17 17
