BY5DUgv6 m0ciW6Mx QeSUIsQ1 1cr6aFpX Rv8rDvqp E85AysUp aPSEsY2w rZiSDNtK PagRRYIg nKZTEeUl YLp2gziD 8tOszPqV H8eN9fj5 lvlSObqb CrvusN6e EvsxmEMg a7ZQHfuF hc6YxxqG gd207oOq UQ4QaUHy H2BV5cDz bMSvK9eQ Rn4zxmTr Af1jBIly 2mQchaeu B0wYReom 6GJHoNdy 8e8OWOIi sR6JAufL 2og9s1wD xULc5Xg4 1aJdK4y9 K3J88UDV 6nj6dyOK gbolqDJc UfRMeyI7 mXjWiYol o1w8sSXK vVYZOPt6 kkvcm3Qd c9Hgvc9w q1vN3eei FPDwKJIj Ym8LPSnY 8KVhuJvd OpfVa1HT 0zB29H2A R4zDiMu3 ucMA0iSv Y93BYexY yYTqCbSD 7CrB3pCm tDh0gTYH xTHVuNZl yqX5KOVJ KuVHgP1J Pi99fmGL KJQpAqYk FSF4Na2U w3Radp7c ayFODfwg S9dNuWxm rGjz0gOd AMieum8U GVK6CciB NL9qZEp0 UmgiH1K9 iT0t8noc HXMHfRTC 9IHe97Yy 87yhsuRE HEJxX3gA xZfXXUDQ mjMe14fC 7IV7YjRX JMul31yq WlxPulQd 8ni5D4t7 g5YhtPSt UQ4QaUHy BY5DUgv6
31
Ym8LPSnY FPDwKJIj q1vN3eei
UmgiH1K9 iT0t8noc NL9qZEp0 UmgiH1K9
S9dNuWxm S9dNuWxm
8tOszPqV 8tOszPqV
rZiSDNtK rZiSDNtK
yqX5KOVJ yqX5KOVJ xTHVuNZl tDh0gTYH
1cr6aFpX 1cr6aFpX QeSUIsQ1
Rv8rDvqp Rv8rDvqp
6nj6dyOK gbolqDJc 6nj6dyOK
7IV7YjRX JMul31yq 7IV7YjRX
K3J88UDV K3J88UDV 1aJdK4y9 xULc5Xg4
mXjWiYol mXjWiYol UfRMeyI7 o1w8sSXK
PagRRYIg PagRRYIg nKZTEeUl
ayFODfwg ayFODfwg
BY5DUgv6 H2BV5cDz
B0wYReom sR6JAufL B0wYReom 8e8OWOIi
2mQchaeu 2mQchaeu Af1jBIly
g5YhtPSt g5YhtPSt
OpfVa1HT OpfVa1HT
0zB29H2A 0zB29H2A
8ni5D4t7 8ni5D4t7
aPSEsY2w aPSEsY2w
hc6YxxqG gd207oOq hc6YxxqG
R4zDiMu3 R4zDiMu3
rGjz0gOd rGjz0gOd AMieum8U
CrvusN6e CrvusN6e lvlSObqb
HEJxX3gA HEJxX3gA
vVYZOPt6 c9Hgvc9w
9IHe97Yy 9IHe97Yy
ucMA0iSv ucMA0iSv
WlxPulQd WlxPulQd
