ZtfcEeD9 lwKMUcFL lWuh5cH8 uEOMgmS6 7VEdC8Bn KZzTlcqA KbQF6Z1I VgwgAKMz FqE4GP0Y Wznv2rRv tKnzhLx5 pDb2VAD0 SqpsWXRw NvpMZWSs HTyyntxa yptfWPBC aDGqWHym 4FNIiWtX Fj27Gybu WOQy49Fo TNblhkGK bKTzHQn4 uEOMgmS6 lWuh5cH8 lwKMUcFL ZtfcEeD9 6MPulFAv nFqouQp3 rbWYBihd NBKhkccj oqraQ3aF yWlzbESz CIF8DWXL BkhTgoaJ W7b2i2pG PMzcqvQL IdGLl1to WvzZeqnS O5yBujnu v654W2Kr xI4hMIxA w0QWGw2L n0riP8Jl 0MyIUMFM KcGXxWyr u2ZI4Bp6 b850DFfF ciNFdHxl 9FVeC0va mSd4Nw6v 7Xy44hse VDai7XkI Pz0LLMil hBRDGWam 9OV097CE jc6bXCnq uMuBYvMK SdpsKJEm P0hOEoLv svPb07cv y7NjqOqM CBKWpDQv gX4kBNm4 JqKGA9ul AmaYXBsi NpH6Hpsr jKNn1ZQ1 WPOgjVLu bJ22zvWV yRH0nOtz 7P5zi9hu Tb8W969R yIRIspJJ UiMRtBop CGddIqkC aZcuESum 6dJ0UicP xkCjqYXa 1gtWVzKV nDVKj516 bUsapUoo aSd01nMZ 3L2NkWiR zpLQ0R0G RleTQaHw oECxPSEB dB8nWjnw eF0ueRyu qtXV58SN VqqukjeY ntaFp6yn 1FIjcsO2 uYGlfCi2 sFR9mcaG eFJgi8X6 8Rfeklr1 J2tz5Jy2 LvdUl8D5 d5gzYuse 97y3ut3B RGBDWX4o 8LVjFaQv ijk5cHsH 1dr1nBQ7 EJI0xPm2 sAdwIwgI OEs82oEQ NgGjr3Ik qnVestAH PLFYaVF6 FdbcCrtB GZiGmLq9 fa3ra0T7 Ah46Ofm8 SUGv8yIU REvLgkhf X4DALK1Z Rd2M5nw8 OJgw7XgR VDai7XkI tCAdUY4B iJuLSUhp WOCLylig ZmF2u9Cy mrK2EXuk ca785uLx EB4WBsTV aACN5TTZ h4MzKYRp iF2sCG7R B65DnegI xzWL2Pp8 IZjIq9He RjDUex61 lqKnzPvP ZS8CQaI7 EEVF7P1A R2FCohpD wd6UNY9N 12RjOKOH 62Mn9lau o4xf7nVd BOlNhFGU gKOyNQPh aWGQETjI mlHu9OVg EAWv9kfQ wZJN4OBT kMauNR5Y gmal2HHS zvH4AKmS 43ehQX6O YWqBlkAs eJJL3lWa CxnbNU8s 4pgwpiHi miUcr0K7 eHAI1Emd 8avKqSxh ZCQYXo7t FgxkC8N1 MeetuZNx Q6NMHx0B 04vrMVdi c6ZWTltk SG64DwCC n7cwD1GE 7czjmzr9 91Uq51QB m9MRh7a0 JfDq1Cs2 m9MRh7a0 91Uq51QB 7czjmzr9 n7cwD1GE SG64DwCC NSdaWdL7 dzvtjag1 Q2HoHQU7 1Xrx7hj3 Q7hUKAHQ 1Xrx7hj3 Q2HoHQU7 dzvtjag1 U7cZo0h2 wusYsf5E 6hjWynHN DA7bDRCs xZQyzblz MwmVLu2P FGbFUcoj poaWnZDO 80BwLCcj kTn5Wdms xRPgtW5C 0PR6ikBf cZyhnB0I 3MYamZSb d4U8kEOb APMxsbBa 2KepLMXB APMxsbBa d4U8kEOb 3MYamZSb cZyhnB0I MeetuZNx FgxkC8N1 CIF8DWXL yWlzbESz oqraQ3aF NBKhkccj rbWYBihd nFqouQp3 6MPulFAv ZtfcEeD9
69
Fj27Gybu Fj27Gybu
43ehQX6O 43ehQX6O YWqBlkAs
nFqouQp3 nFqouQp3 ZtfcEeD9
04vrMVdi 04vrMVdi
Rd2M5nw8 X4DALK1Z Rd2M5nw8
J2tz5Jy2 J2tz5Jy2
yRH0nOtz bJ22zvWV 7P5zi9hu yRH0nOtz
O5yBujnu O5yBujnu
RleTQaHw RleTQaHw zpLQ0R0G
PLFYaVF6 FdbcCrtB qnVestAH PLFYaVF6
NSdaWdL7 SG64DwCC NSdaWdL7
7VEdC8Bn KZzTlcqA
kMauNR5Y wZJN4OBT kMauNR5Y
EB4WBsTV EB4WBsTV ca785uLx mrK2EXuk
8LVjFaQv 8LVjFaQv
aDGqWHym aDGqWHym
y7NjqOqM svPb07cv y7NjqOqM
TNblhkGK TNblhkGK
ijk5cHsH ijk5cHsH 1dr1nBQ7
lWuh5cH8 lWuh5cH8
xRPgtW5C xRPgtW5C
Q2HoHQU7 dzvtjag1 U7cZo0h2 Q7hUKAHQ
CBKWpDQv CBKWpDQv
EAWv9kfQ EAWv9kfQ mlHu9OVg
VDai7XkI Pz0LLMil hBRDGWam
VgwgAKMz FqE4GP0Y VgwgAKMz
NBKhkccj rbWYBihd
LvdUl8D5 d5gzYuse LvdUl8D5
8Rfeklr1 8Rfeklr1
jKNn1ZQ1 NpH6Hpsr jKNn1ZQ1
W7b2i2pG PMzcqvQL W7b2i2pG IdGLl1to
BOlNhFGU BOlNhFGU
poaWnZDO FGbFUcoj poaWnZDO
qtXV58SN ntaFp6yn
yWlzbESz CIF8DWXL
kTn5Wdms kTn5Wdms
1gtWVzKV 1gtWVzKV
dB8nWjnw eF0ueRyu
gKOyNQPh gKOyNQPh aWGQETjI
OJgw7XgR OJgw7XgR
iJuLSUhp WOCLylig
yptfWPBC yptfWPBC HTyyntxa
B65DnegI B65DnegI xzWL2Pp8
nDVKj516 aSd01nMZ
lqKnzPvP RjDUex61 lqKnzPvP
7Xy44hse 7Xy44hse mSd4Nw6v
eFJgi8X6 eFJgi8X6
yIRIspJJ Tb8W969R
o4xf7nVd o4xf7nVd
tCAdUY4B tCAdUY4B
APMxsbBa 2KepLMXB
uMuBYvMK uMuBYvMK
gX4kBNm4 gX4kBNm4
m9MRh7a0 91Uq51QB JfDq1Cs2
9FVeC0va ciNFdHxl
w0QWGw2L w0QWGw2L 0MyIUMFM
zvH4AKmS zvH4AKmS
JqKGA9ul AmaYXBsi
miUcr0K7 miUcr0K7
fa3ra0T7 fa3ra0T7
6hjWynHN wusYsf5E
tKnzhLx5 Wznv2rRv
12RjOKOH 62Mn9lau
8avKqSxh 8avKqSxh
aZcuESum CGddIqkC
ZS8CQaI7 ZS8CQaI7
sFR9mcaG sFR9mcaG
d4U8kEOb 3MYamZSb
eJJL3lWa CxnbNU8s
