yqRn7pcv i4M5A6hw 7xyYvlir hC2ZPbzA lRFv66dO ne5PzSYX 5Zo9R33z fsgAjhrq 2XMfF8YA 6XOrbPEm mB6fiF0u zcy1X765 RKTqv0lO mmiVeCrf o5fxSomz 1JmiRMy2 Tv0Ngo2a XlaUIvCb hcJG54h4 rKjRBwvM uzY67sfN mB6fiF0u rJm7nPd7 xaYYL0Xr Wvomb2LC miG0nu5G LQU5lyru miG0nu5G mpBvpan0 yqRn7pcv
25
yqRn7pcv yqRn7pcv
i4M5A6hw i4M5A6hw
7xyYvlir 7xyYvlir
hC2ZPbzA hC2ZPbzA
lRFv66dO lRFv66dO
ne5PzSYX ne5PzSYX
5Zo9R33z 5Zo9R33z
fsgAjhrq fsgAjhrq
2XMfF8YA 2XMfF8YA
6XOrbPEm 6XOrbPEm
mB6fiF0u mB6fiF0u
zcy1X765 zcy1X765
RKTqv0lO RKTqv0lO
mmiVeCrf mmiVeCrf
o5fxSomz o5fxSomz
1JmiRMy2 1JmiRMy2
Tv0Ngo2a Tv0Ngo2a
XlaUIvCb XlaUIvCb
hcJG54h4 hcJG54h4
rKjRBwvM rKjRBwvM
uzY67sfN uzY67sfN
rJm7nPd7 rJm7nPd7
xaYYL0Xr xaYYL0Xr
Wvomb2LC Wvomb2LC
LQU5lyru LQU5lyru
