74 1 0 2 3 4 5 6 7 8 9 11 10 12 14 13 16 15 19 17 18 21 22 20 23 25 24 26 27 28 29 30 31 32 33 35 34 38 39 36 37 40 41 42 44 45 43 46 47 50 48 49 51 52 53 54 55 56 63 57 59 58 61 60 62 64 65 74
66
1 1
0 0
2 2
3 3
4 4
5 5
6 6
7 7
8 8
9 9
11 11
10 10
12 12
14 14
13 13
16 16
15 15
19 19
17 17
18 18
21 21
22 22
20 20
23 23
25 25
24 24
26 26
27 27
28 28
29 29
30 30
31 31
32 32
33 33
35 35
34 34
38 38
39 39
36 36
37 37
40 40
41 41
42 42
44 44
45 45
43 43
46 46
47 47
50 50
48 48
49 49
51 51
52 52
53 53
54 54
55 55
56 56
63 63
57 57
59 59
58 58
61 61
60 60
62 62
64 64
65 65
