56 75 0 75 1 73 3 61 4 40 5 48 8 9 1 10 13 15 63 17 19 83 81 20 81 29 22 23 24 29 30 31 32 33 23 36 75 38 41 48 42 48 24 50 54 13 58 57 58 60 61 63 24 39 65 80 66 52 67 19 68 19 74 81 82 68 83 58 84 46 85 75 38 88 68 89 92 90 91 92 56
47
0 0
1 1
3 3
4 4
5 5
8 8
9 9
10 10
13 13
15 15
17 17
19 19
20 20
22 22
23 23
24 24
29 29
30 30
31 31
32 32
33 33
36 36
38 38
41 41
42 42
48 48
50 50
54 54
57 57
58 58
60 60
61 61
63 63
65 65
66 66
67 67
68 68
74 74
81 81
82 82
83 83
84 84
85 85
88 88
89 89
90 90
91 91
