93 18 157 138 157 18 94 18 62 70 174 143 165 43 165 143 174 70 146 46 146 70 174 143 77 113 75 130 74 129 131 36 109 1 119 86 111 84 128 116 91 47 154 19 154 47 91 40 91 110 72 110 51 110 91 116 82 63 163 63 82 116 128 84 111 86 57 132 67 132 57 86 119 1 109 36 131 155 169 20 169 105 101 105 169 155 131 38 131 36 95 2 73 161 49 117 164 87 136 177 53 64 140 64 170 108 170 56 122 56 34 90 176 147 26 147 176 90 34 56 22 41 171 41 22 56 170 64 53 177 136 87 11 99 14 126 98 107 24 107 98 126 65 126 14 99 11 87 164 117 49 161 175 81 93
51
1 1
36 2 36 61 79 95
24 4 24 76
14 14 66 99
157 18 157
19 19
20 20 124 169
26 26 147
131 27 74 75 102 115 129 130 131
34 34
38 38
108 39 108
40 40
43 43
46 46
47 47 91 154
49 49 73 137 161
51 51
63 52 63 82 151
53 53
170 56 170
132 57
70 62 70
64 64
65 65
67 67
72 72 110
174 77 143 174
94 80
81 81 125 141
84 84
111 86 111
164 87
90 90
98 98
101 101 172
105 105
109 109
128 116
117 117 168
119 119
176 121 176
122 122
177 136 177
138 138
140 140
146 146
155 155
163 163
165 165
171 171
