Dannemora Fabius Fonda Fleischmanns Hamburg DeRuyter Dexter Fairmount Nunda Deer Delanson Dansville Deferiet Fishers Forest Odessa Depauville Fredonia Harbor Fayetteville Herkimer Freeport Forestville Davis Fishkill Galeville Delevan Dansville Franklinville Norwich Freeville Delhi Franklin Norwood Fairport Fulton Gardiner Falconer Gasport Oceanside Fair Oceanside Flower Herricks Delmar Frankfort Flanders Goshen Fire Earlville Deposit Herricks Depew Geneva Fairview Heuvelton Earlville Firthcliffe Highland Farmingville Florida Farnham Highland Frewsburg Dunkirk Noyack Deferiet Germantown Dexter Fulton Gardiner Friendship Gardiner Wantagh Downey Ghent Hillburn Hamburg Dannemora
50
Fabius Fabius
Fonda Fonda
Fleischmanns Fleischmanns
DeRuyter DeRuyter
Dexter Dexter
Fairmount Fairmount
Deer Deer
Delanson Delanson
Dansville Dansville
Deferiet Deferiet
Fishers Fishers
Forest Forest
Depauville Depauville
Fredonia Fredonia
Fayetteville Fayetteville
Freeport Freeport
Forestville Forestville
Davis Davis
Fishkill Fishkill
Galeville Galeville
Delevan Delevan
Franklinville Franklinville
Freeville Freeville
Delhi Delhi
Franklin Franklin
Fairport Fairport
Fulton Fulton
Gardiner Gardiner
Falconer Falconer
Gasport Gasport
Fair Fair
Flower Flower
Delmar Delmar
Frankfort Frankfort
Flanders Flanders
Fire Fire
Earlville Earlville
Deposit Deposit
Depew Depew
Geneva Geneva
Fairview Fairview
Firthcliffe Firthcliffe
Farmingville Farmingville
Florida Florida
Farnham Farnham
Frewsburg Frewsburg
Dunkirk Dunkirk
Germantown Germantown
Friendship Friendship
Ghent Ghent
