Acton Carlsbad Alpaugh Bell Artesia Fresno Angwin Atascadero Antioch Banning Alamo Avalon Ceres Anderson Calexico Blairsden Atherton Commerce Darwin Caruthers Bradley Arnold Campbell Coachella Amesti Broadmoor Cerritos Aptos Bystrom Anaheim Brisbane Belmont Arcadia Belvedere Bonita Carrick Alameda Berkeley Armona Fullerton Adelanto Bradbury Bakersfield Burney Chino Bootjack Aromas Barstow Calimesa Burbank Camarillo Burbank Corning Arcata Belden Alhambra Ashland Clearlake Bishop Arvin Cayucos Cambria Almanor Brawley Biggs Byron Forestville August Castroville Fontana Alpine Fontana Canyondam Bakersfield Copperopolis Beaumont Benicia Chowchilla Avenal Chowchilla Avery Brea Azusa Beckwourth Boronda Buttonwillow Bowles Buttonwillow Corona Auberry Cupertino Bloomington Carson Calwa Fortuna Bonsall Cutler Cloverdale Altadena Cloverdale Ducor Bayview Albany Escondido Atwater Emeryville Folsom Caribou Anderson Ceres Auburn Farmersville Carpinteria Farmersville Covelo Cartago Arbuckle Biola Bluewater Cartago Bodfish Cotati Boron Coronado Colusa Dinuba Alturas Florin Friant Bolinas Bellflower Georgetown Avery Capitola Barstow Cobb Cabazon Crockett Calipatria Crockett Campbell Coachella Calabasas Brentwood Biola Arbuckle Blythe Esparto Almanor Cambria Alhambra Burlingame Alhambra Clayton Bystrom Anaheim Calistoga Anaheim Dunsmuir Chualar Carmichael Duarte Fullerton Claremont Encinitas Carlsbad Acton
100
Carlsbad Carlsbad
Alpaugh Alpaugh
Bell Bell
Artesia Artesia
Angwin Angwin
Atascadero Atascadero
Antioch Antioch
Banning Banning
Alamo Alamo
Avalon Avalon
Ceres Ceres
Anderson Anderson
Calexico Calexico
Blairsden Blairsden
Atherton Atherton
Caruthers Caruthers
Bradley Bradley
Arnold Arnold
Campbell Campbell
Amesti Amesti
Broadmoor Broadmoor
Cerritos Cerritos
Aptos Aptos
Bystrom Bystrom
Anaheim Anaheim
Brisbane Brisbane
Belmont Belmont
Arcadia Arcadia
Belvedere Belvedere
Bonita Bonita
Carrick Carrick
Alameda Alameda
Berkeley Berkeley
Armona Armona
Adelanto Adelanto
Bradbury Bradbury
Bakersfield Bakersfield
Burney Burney
Bootjack Bootjack
Aromas Aromas
Barstow Barstow
Calimesa Calimesa
Burbank Burbank
Camarillo Camarillo
Arcata Arcata
Belden Belden
Alhambra Alhambra
Ashland Ashland
Bishop Bishop
Arvin Arvin
Cayucos Cayucos
Cambria Cambria
Almanor Almanor
Brawley Brawley
Biggs Biggs
Byron Byron
August August
Castroville Castroville
Alpine Alpine
Canyondam Canyondam
Beaumont Beaumont
Benicia Benicia
Avenal Avenal
Avery Avery
Brea Brea
Azusa Azusa
Beckwourth Beckwourth
Boronda Boronda
Buttonwillow Buttonwillow
Bowles Bowles
Auberry Auberry
Bloomington Bloomington
Carson Carson
Calwa Calwa
Bonsall Bonsall
Altadena Altadena
Bayview Bayview
Albany Albany
Atwater Atwater
Caribou Caribou
Auburn Auburn
Carpinteria Carpinteria
Cartago Cartago
Arbuckle Arbuckle
Biola Biola
Bluewater Bluewater
Bodfish Bodfish
Boron Boron
Alturas Alturas
Bolinas Bolinas
Bellflower Bellflower
Capitola Capitola
Cabazon Cabazon
Calipatria Calipatria
Calabasas Calabasas
Brentwood Brentwood
Blythe Blythe
Burlingame Burlingame
Calistoga Calistoga
Carmichael Carmichael
