Acadia Guadalupe Sequoia Arches Olympic Crater Badlands Basin Gunnison Bend Tortugas Acadia Biscayne Acadia Tortugas Gunnison Glacier Brycecanyon Canyonlands Cascades Acadia Capitol Acadia Biscayne Rocky Caverns Congaree Cuyahoga Channel Cuyahoga Congaree Caverns Rocky Crater Badlands Clark Cuyahoga Congaree Everglades Katmai Denali Yosemite Bend Tortugas Gunnison Katmai Everglades Mammoth Voyageurs Saguaro Gateway Glacier Gateway Teton Redwood Gunnison Basin Kenai Voyageurs Smoky Lassen Isle Guadalupe Isle Shenandoah Haleakala Indiana Redwood Kenai Isle Guadalupe Acadia
25
Arches Arches
Badlands Badlands
Bend Bend
Biscayne Biscayne
Gunnison Gunnison
Brycecanyon Brycecanyon
Canyonlands Canyonlands
Capitol Capitol
Caverns Caverns
Channel Channel
Congaree Congaree
Crater Crater
Cuyahoga Cuyahoga
Denali Denali
Tortugas Tortugas
Everglades Everglades
Gateway Gateway
Glacier Glacier
Teton Teton
Basin Basin
Smoky Smoky
Guadalupe Guadalupe
Haleakala Haleakala
Indiana Indiana
Isle Isle
