Soda Hogwarts Soda Beauxbatons Soda Hogsmeade Soda Arda Soda Rivendell Soda LonelyMountain Soda Mandos Soda Reach Soda Vale Soda Dorne Soda Westeros Pentos Essos Pentos Braavos Pentos Qohor Pentos Qarth Pentos Valyria Pentos Ghis Pentos Mereen Pentos Sunspear Pentos KingsLanding Pentos Iluin Pentos Ormal Pentos Mordor Pentos Hobbiton Pentos Sothoryos Arnor Gondor Lindon Rovanion Rohan Rhun Khado Rhun Rohan Rovanion Lindon Gondor Arnor Sothoryos Soda
26
Hogwarts Hogwarts
Beauxbatons Beauxbatons
Hogsmeade Hogsmeade
Arda Arda
Rivendell Rivendell
LonelyMountain LonelyMountain
Mandos Mandos
Reach Reach
Vale Vale
Dorne Dorne
Westeros Westeros
Essos Essos
Braavos Braavos
Qohor Qohor
Qarth Qarth
Valyria Valyria
Ghis Ghis
Mereen Mereen
Sunspear Sunspear
KingsLanding KingsLanding
Iluin Iluin
Ormal Ormal
Mordor Mordor
Hobbiton Hobbiton
Sothoryos Sothoryos
Khado Khado
