Soda RepublicCity RokusIsland LakeLaogai Omashu CaveOfTwoLovers SiWongDesert IslandOfKyoshi EmberIsland SouthernWaterTribe NorthernWaterTribe EasternAirTemple WesternAirTemple SouthernAirTemple NorthernAirTemple BaSingSe TheKindegarden Homeworld Ooo PolarExpress Hel SantasWorkshop Cocytus Phlegethon Lethe Acheron Styx Ganges Othrys TirNaNog Troy Kailash Olympus Droon Asphodel Tartarus Elysium Asgard Yggdrasil Vanaheim Muspelheim Niffelheim Mustafar Bespin Coruscant Naboo Tatooine Hoth Volantis Tyrosh Pentos2 Norvos Myr Lys Lorath Soda
27
Lorath Lorath Lys
Norvos Myr Norvos
Pentos2 Pentos2
Tyrosh Tyrosh
Volantis Volantis Hoth Tatooine
Bespin Naboo Coruscant Bespin Mustafar
Niffelheim Niffelheim
Muspelheim Muspelheim Vanaheim
Asgard Yggdrasil Asgard
Elysium Elysium
Tartarus Tartarus Asphodel
Droon Droon Olympus
Troy Kailash Troy
TirNaNog TirNaNog Othrys
Styx Ganges Styx
Acheron Acheron
Lethe Lethe
Phlegethon Phlegethon Cocytus
Hel SantasWorkshop Hel
PolarExpress PolarExpress
Ooo Ooo
Homeworld Homeworld
TheKindegarden TheKindegarden
BaSingSe BaSingSe NorthernAirTemple
WesternAirTemple SouthernAirTemple WesternAirTemple
EasternAirTemple EasternAirTemple NorthernWaterTribe SouthernWaterTribe EmberIsland IslandOfKyoshi SiWongDesert
Soda CaveOfTwoLovers Omashu LakeLaogai RokusIsland RepublicCity
