0 11 12 13 3 4 15 6 24 33 43 52 51 62 63 54 55 45 35 36 26 27 17 8 28 19 28 46 47 57 67 58 56 66 76 75 85 84 94 95 105 104 114 123 112 111 132 143 124 115 126 135 137 138 139 119 149 159 148 158 168 178 188 147 157 156 155 175 174 173 172 162 161 151 150 160 171 180 184 193 192 185 186 196 167 77 87 89 97 107 64 73 82 92 91 90 80 22 20 30 31 40 0
48
13 3 4 12 13 22
6 6
8 8
11 11
24 15 24 33
17 17
28 19 27 28
30 20 30 31 40
36 26 35 36 46
43 43
55 45 55
58 47 57 58
51 51
52 52
54 54
66 56 66
62 62
63 63 64
73 73 80 82 90 91 92
76 75 76
77 77
95 84 85 94 95
87 87 89
104 104 114 124
105 105 115
97 107
123 111 112 123
139 119 139
126 126
143 132 143
135 135
137 137 147 157 167
148 138 148 158
149 149 159
150 150 151
155 155 156 175
172 161 162 172
168 168 178
171 171
173 173
174 174 184
180 180
185 185
186 186
188 188
192 192
193 193
196 196
