Greenhouse MorrisonHall Greenhouse AnthonyHall Greenhouse BerkeleyWest Greenhouse BanwayBldg Greenhouse NAnimalFacil Greenhouse mlk Greenhouse BancroftLibrary Greenhouse MosesHall Greenhouse BotanGarden Greenhouse BarrowsHall Greenhouse nrl Greenhouse McEnerneyHall Greenhouse MinorHallAdd Greenhouse OBrienHall Greenhouse NorthField Greenhouse memorialpool Greenhouse NorthGateHall Greenhouse MulfordHall Greenhouse McLaughlin Greenhouse BARTStation Greenhouse
20
mlk mlk
MorrisonHall MathSciencesRes maxwell McConeHall MinorHall moffit MorganHall MorrisonHall ObservHill AlumniHouse AndersenAud ArchsEngineers BarkerHall BarrowLane BechtelEngineering BerkeleyMuseum BirgeHall BlackwellHall BlumHall BoaltHall ImagingCenter StarrLibrary
McEnerneyHall McEnerneyHall
McLaughlin McLaughlin
memorialpool memorialpool
MinorHallAdd MinorHallAdd
MosesHall MosesHall
MulfordHall MulfordHall
nrl nrl
NorthField NorthField
NorthGateHall NorthGateHall
NAnimalFacil NAnimalFacil
OBrienHall OBrienHall
AnthonyHall AnthonyHall
BancroftLibrary BancroftLibrary
BanwayBldg BanwayBldg
BarrowsHall BarrowsHall
BARTStation BARTStation
BerkeleyWest BerkeleyWest
BotanGarden BotanGarden
