Greenhouse EtcheverryHall Greenhouse DavisHall Greenhouse FacultyGlade Greenhouse BerkeleyMuseum Greenhouse BirgeHall Greenhouse DwinelleHall Greenhouse ClarkCampus Greenhouse CNMAT Greenhouse ClassGate Greenhouse unit3 Greenhouse ChanAuditorium Greenhouse EastGate Greenhouse CheitHall Greenhouse DurhamTheatre Greenhouse DoeLibrary Greenhouse EshlemanHall Greenhouse EvansHall Greenhouse CalvinLaboratory Greenhouse FoxCottage Greenhouse EdwardsStadium Greenhouse BlumHall Greenhouse ChouHall Greenhouse CaliforniaHall Greenhouse GayleyRd Greenhouse
25
BerkeleyMuseum BerkeleyMuseum
Greenhouse BerkeleyWest BlackwellHall BoaltHall BotanGarden ImagingCenter StarrLibrary CaliforniaStadium CampbellHall CareerCenter ChavezCenter ClassFountain CoryHall CyclotronRd DonnerLab DurantHall DwinelleAnnex EnergyBuilding EvansDiamond EyeCenter FacultyClub FoundersRock FrankWay GeneticsPlantBldg GianniniHall HertzHall Cafe3
BirgeHall BirgeHall
BlumHall BlumHall
CaliforniaHall CaliforniaHall
CalvinLaboratory CalvinLaboratory
ChanAuditorium ChanAuditorium
CheitHall CheitHall
ChouHall ChouHall
ClarkCampus ClarkCampus
ClassGate ClassGate
CNMAT CNMAT
DavisHall DavisHall
DoeLibrary DoeLibrary
DurhamTheatre DurhamTheatre
DwinelleHall DwinelleHall
EastGate EastGate
EdwardsStadium EdwardsStadium
EshlemanHall EshlemanHall
EtcheverryHall EtcheverryHall
EvansHall EvansHall
FacultyGlade FacultyGlade
FoxCottage FoxCottage
GayleyRd GayleyRd
unit3 unit3
