Loc2 Loc41 Loc2 Loc27 Loc2 Loc82 Loc2 Loc27 Loc36 Loc43 Loc31 Loc52 Loc31 Loc56 Loc31 Loc73 Loc93 Loc77 Loc49 Loc8 Loc21 Loc7 Loc0 Loc7 Loc21 Loc8 Loc49 Loc64 Loc55 Loc22 Loc55 Loc58 Loc57 Loc92 Loc57 Loc60 Loc83 Loc35 Loc83 Loc15 Loc83 Loc91 Loc83 Loc34 Loc78 Loc34 Loc83 Loc86 Loc59 Loc86 Loc83 Loc60 Loc57 Loc1 Loc24 Loc1 Loc33 Loc46 Loc33 Loc1 Loc57 Loc58 Loc55 Loc71 Loc55 Loc58 Loc57 Loc1 Loc24 Loc96 Loc40 Loc38 Loc54 Loc70 Loc74 Loc61 Loc90 Loc97 Loc80 Loc97 Loc14 Loc87 Loc66 Loc99 Loc3 Loc99 Loc19 Loc99 Loc3 Loc12 Loc45 Loc51 Loc32 Loc51 Loc45 Loc12 Loc53 Loc44 Loc6 Loc44 Loc53 Loc12 Loc3 Loc99 Loc66 Loc87 Loc14 Loc97 Loc90 Loc61 Loc16 Loc2
33
Loc24 Loc1 Loc24 Loc40
Loc3 Loc3 Loc4
Loc6 Loc6 Loc9 Loc11 Loc53
Loc21 Loc8 Loc7
Loc32 Loc10 Loc32
Loc27 Loc13 Loc27
Loc97 Loc14
Loc15 Loc15
Loc16 Loc16
Loc78 Loc17 Loc34
Loc19 Loc19
Loc22 Loc22 Loc64
Loc58 Loc26 Loc58
Loc46 Loc28 Loc46
Loc35 Loc35
Loc41 Loc41
Loc43 Loc43
Loc45 Loc45
Loc52 Loc52
Loc54 Loc54
Loc56 Loc56
Loc60 Loc60
Loc66 Loc66
Loc74 Loc67 Loc74
Loc71 Loc71
Loc93 Loc73 Loc77
Loc59 Loc75 Loc86
Loc80 Loc80
Loc82 Loc82
Loc90 Loc90
Loc91 Loc91
Loc92 Loc92
Loc0 Loc0 Loc48
