Loc1 Loc30 Loc1 Loc16 Loc42 Loc71 Loc42 Loc16 Loc1 Loc137 Loc1 Loc143 Loc10 Loc107 Loc10 Loc143 Loc1 Loc100 Loc156 Loc192 Loc157 Loc38 Loc88 Loc7 Loc131 Loc14 Loc187 Loc182 Loc187 Loc14 Loc199 Loc76 Loc199 Loc99 Loc120 Loc101 Loc60 Loc174 Loc33 Loc146 Loc25 Loc146 Loc145 Loc146 Loc175 Loc146 Loc33 Loc174 Loc118 Loc93 Loc8 Loc185 Loc133 Loc4 Loc171 Loc4 Loc133 Loc164 Loc11 Loc126 Loc11 Loc164 Loc133 Loc185 Loc8 Loc150 Loc183 Loc53 Loc22 Loc3 Loc29 Loc167 Loc96 Loc186 Loc129 Loc186 Loc197 Loc158 Loc132 Loc158 Loc197 Loc186 Loc122 Loc186 Loc96 Loc167 Loc45 Loc170 Loc112 Loc160 Loc136 Loc65 Loc136 Loc160 Loc165 Loc110 Loc165 Loc177 Loc165 Loc188 Loc66 Loc106 Loc134 Loc190 Loc28 Loc176 Loc47 Loc163 Loc47 Loc168 Loc47 Loc176 Loc28 Loc190 Loc134 Loc106 Loc70 Loc23 Loc124 Loc69 Loc51 Loc193 Loc51 Loc155 Loc109 Loc155 Loc61 Loc155 Loc51 Loc69 Loc124 Loc23 Loc95 Loc23 Loc70 Loc106 Loc66 Loc188 Loc165 Loc160 Loc112 Loc170 Loc78 Loc147 Loc178 Loc27 Loc91 Loc128 Loc111 Loc166 Loc75 Loc135 Loc149 Loc135 Loc75 Loc166 Loc111 Loc128 Loc91 Loc27 Loc178 Loc147 Loc78 Loc170 Loc45 Loc167 Loc29 Loc3 Loc22 Loc53 Loc183 Loc150 Loc8 Loc93 Loc118 Loc174 Loc60 Loc101 Loc120 Loc99 Loc199 Loc76 Loc49 Loc46 Loc72 Loc15 Loc12 Loc189 Loc12 Loc5 Loc54 Loc162 Loc144 Loc162 Loc17 Loc108 Loc57 Loc108 Loc17 Loc162 Loc54 Loc5 Loc12 Loc15 Loc72 Loc46 Loc49 Loc76 Loc199 Loc14 Loc131 Loc7 Loc88 Loc38 Loc157 Loc103 Loc179 Loc39 Loc179 Loc77 Loc36 Loc74 Loc113 Loc151 Loc59 Loc123 Loc59 Loc151 Loc113 Loc1
66
Loc193 Loc0
Loc29 Loc3
Loc189 Loc5 Loc37 Loc189
Loc146 Loc6 Loc33 Loc97
Loc131 Loc7
Loc185 Loc8 Loc153
Loc108 Loc9
Loc11 Loc11
Loc71 Loc13 Loc71
Loc14 Loc14
Loc72 Loc15 Loc46
Loc16 Loc16
Loc17 Loc17
Loc38 Loc18 Loc38
Loc110 Loc19 Loc110 Loc180 Loc195
Loc132 Loc20 Loc132 Loc140
Loc23 Loc23 Loc32
Loc25 Loc25
Loc147 Loc27 Loc147
Loc30 Loc30 Loc100 Loc154 Loc172
Loc47 Loc31 Loc83 Loc176
Loc39 Loc39
Loc197 Loc44 Loc197
Loc75 Loc50 Loc75 Loc85
Loc51 Loc51
Loc179 Loc52
Loc53 Loc53 Loc183
Loc144 Loc54 Loc144
Loc57 Loc57
Loc174 Loc60 Loc159
Loc61 Loc61
Loc167 Loc62 Loc167
Loc65 Loc65
Loc10 Loc67 Loc143
Loc74 Loc74
Loc76 Loc76
Loc77 Loc77
Loc111 Loc91 Loc94 Loc111 Loc128
Loc95 Loc95
Loc96 Loc96
Loc99 Loc99 Loc101
Loc157 Loc103 Loc192
Loc106 Loc106
Loc107 Loc107
Loc109 Loc109
Loc93 Loc118
Loc122 Loc122
Loc124 Loc124
Loc129 Loc129
Loc133 Loc133
Loc137 Loc137
Loc126 Loc141
Loc145 Loc145
Loc149 Loc149
Loc160 Loc160
Loc163 Loc163
Loc168 Loc168
Loc112 Loc170
Loc171 Loc171
Loc175 Loc175
Loc177 Loc177
Loc182 Loc182
Loc66 Loc188
Loc190 Loc190
Loc113 Loc151
Loc123 Loc59 Loc123
