Loc0 Loc29 Loc0 Loc7 Loc0 Loc9 Loc44 Loc2 Loc24 Loc14 Loc13 Loc3 Loc22 Loc30 Loc22 Loc49 Loc36 Loc49 Loc22 Loc3 Loc13 Loc14 Loc24 Loc23 Loc8 Loc16 Loc8 Loc20 Loc8 Loc15 Loc6 Loc37 Loc40 Loc27 Loc40 Loc37 Loc6 Loc15 Loc8 Loc23 Loc24 Loc2 Loc44 Loc9 Loc0 Loc25 Loc12 Loc39 Loc12 Loc45 Loc0
18
Loc14 Loc1 Loc4 Loc14 Loc34
Loc2 Loc2
Loc3 Loc3
Loc7 Loc7
Loc9 Loc9
Loc8 Loc15 Loc41
Loc16 Loc16
Loc20 Loc20
Loc23 Loc23
Loc0 Loc25
Loc27 Loc27
Loc29 Loc29
Loc30 Loc30
Loc36 Loc32 Loc47
Loc37 Loc37
Loc45 Loc45
Loc22 Loc49
Loc39 Loc39 Loc21 Loc31
