pace shiver shy tablet swear mature enhance dough enhance pain class exclusive buffet exclusive class chair linger chair mystery gate circulation gate mystery chair class exclusive dip nationalist shy market miserable glasses tool dialogue guarantee king pace honor injury prison pier imposter fortune guarantee buffet exclusive class chair mystery approval other swear tablet rob tablet title sunrise assume injection respect financial voice financial solve winner forge vegetarian forge tolerate solve financial discriminate lake discriminate quality headline quality throne stroke discriminate seize due guarantee king banana judicial glasses judicial paper stress tablet swear straighten romantic sign legislation enhance dough coast enter coast dough enhance legislation sign romantic straighten quality straighten romantic sign injury audience respect bitter respect audience class exclusive dip joint demand page approval mystery paper understand figure banana judicial glasses autonomy glasses tool dialogue likely shiver joint demand pain circulation output thumb gallon tablet cigarette demand pain pig mature brake chair class audience respect financial respect title sunrise seize due guarantee king banana sign banana king pace
49
shy shy
swear swear
dough dough
pain pain
buffet buffet
linger linger
circulation circulation
class class
nationalist nationalist
tool tool
honor honor
prison prison
imposter imposter
guarantee guarantee
exclusive exclusive
other other
rob rob
sunrise sunrise
voice voice
winner winner
vegetarian vegetarian
tolerate tolerate
lake lake
headline headline
throne throne
seize seize
glasses glasses
paper paper
tablet tablet
legislation legislation
enter enter
enhance enhance
quality quality
injury injury
bitter bitter
dip dip
page page
mystery mystery
figure figure
autonomy autonomy
likely likely
demand demand
output output
thumb thumb
cigarette cigarette
brake brake
financial financial
title title
king king
