pace nationalist brake headline audience gate excuse feature nationalist brake mixture market exempt injury output exclusive throne title king likely circulation thumb enter deposit approval voice write environment honor profound injection opposed skeleton opposed thumb guarantee page king opposed brake nationalist pace
25
nationalist nationalist
brake brake
headline headline
audience audience
gate gate
excuse excuse
feature feature
mixture mixture
market market
exempt exempt
injury injury
output output
throne throne
king king
likely likely
circulation circulation
enter enter
deposit deposit
approval approval
voice voice
honor honor
opposed opposed
skeleton skeleton
guarantee guarantee
page page
