0 90 65 66 65 89 59 61 59 60 59 88 54 87 52 53 52 86 48 50 48 85 41 42 41 44 45 44 41 46 47 46 41 84 38 40 38 39 38 84 41 85 48 86 52 87 54 58 54 57 54 55 54 56 54 88 59 89 65 90 0 67 1 70 5 69 71 8 75 14 15 14 16 17 16 76 18 77 25 26 25 27 25 78 28 32 28 31 28 30 28 79 33 35 36 35 33 79 28 78 25 77 18 21 18 24 18 23 18 19 18 76 16 14 75 8 71 69 5 6 5 7 5 70 1 67 0
33
5 2 3 4
6 6
7 7
71 9 10 11 12 13
15 15
17 17
19 19
18 20 22
21 21
23 23
24 24
26 26
27 27
28 29
30 30
31 31
32 32
33 34 35
36 36 37
39 39
40 40
42 42 43
45 44 45
47 46 47
50 49 50 51
53 53
55 55
56 56
57 57
58 58
60 60
61 61 62 63 64
66 66
