C0 C85 C71 C24 C71 C85 C75 C85 C21 C85 C58 C53 C58 C85 C95 C81 C95 C12 C95 C56 C95 C96 C35 C96 C93 C36 C93 C22 C93 C47 C93 C34 C93 C98 C17 C98 C59 C98 C90 C14 C90 C98 C84 C92 C84 C98 C93 C70 C69 C42 C69 C70 C93 C96 C95 C77 C95 C91 C39 C91 C49 C91 C95 C94 C57 C94 C95 C96 C93 C87 C86 C97 C27 C9 C27 C97 C78 C97 C50 C97 C83 C80 C0
28
C22 C22
C59 C59
C56 C56
C27 C27 C97
C42 C69 C42 C28 C70 C67
C21 C21
C17 C17 C98 C89
C53 C58 C53
C24 C24
C50 C50
C14 C14
C81 C6 C81 C76 C95 C25
C47 C47
C80 C20 C83
C92 C5 C84 C44 C1
C36 C93 C87 C36
C57 C94 C46
C85 C29 C85 C55
C96 C96 C40
C78 C11
C35 C35
C75 C75
C77 C77
C49 C26
C34 C34
C9 C9
C39 C39
C12 C12
