C0 C107 C190 C107 C165 C100 C137 C32 C137 C101 C169 C93 C168 C103 C16 C103 C196 C103 C20 C103 C159 C63 C159 C103 C123 C103 C193 C103 C105 C192 C51 C192 C5 C192 C105 C103 C19 C103 C104 C141 C56 C141 C104 C103 C168 C110 C198 C71 C198 C86 C198 C74 C198 C110 C168 C93 C169 C50 C169 C101 C183 C68 C18 C68 C183 C101 C47 C101 C157 C77 C157 C101 C146 C101 C167 C27 C167 C97 C134 C160 C88 C160 C134 C184 C134 C114 C119 C144 C11 C144 C120 C54 C120 C144 C119 C114 C129 C114 C152 C114 C49 C114 C35 C114 C122 C127 C7 C127 C122 C114 C134 C97 C87 C25 C87 C187 C8 C187 C87 C97 C121 C95 C31 C95 C121 C172 C156 C107 C0
52
C137 C185 C101 C137 C55 C58 C48 C154 C100 C30
C16 C171 C132 C66 C16 C52 C103 C28 C3
C105 C45 C153 C105
C134 C134 C24 C2
C119 C10 C119 C182 C149 C114 C139
C27 C167 C26 C27
C5 C5
C141 C4 C141
C97 C97
C56 C56
C7 C122 C7 C127 C124
C35 C35
C51 C192 C51 C1
C157 C78
C144 C144
C168 C145 C161 C168 C194 C110
C104 C179 C104
C107 C165 C107 C57
C152 C152
C54 C54
C193 C193
C184 C70
C77 C77
C0 C0
C146 C146 C84
C95 C95 C121
C169 C169
C19 C19
C129 C129 C166
C11 C11
C74 C74
C25 C87 C25
C190 C190
C93 C93
C31 C31
C47 C47
C160 C160 C59
C8 C8
C49 C49
C50 C50
C88 C88
C63 C63
C71 C198 C71
C196 C196 C43
C120 C120 C181 C164
C172 C172
C32 C32
C18 C18
C86 C86
C20 C20
C68 C68
C123 C123
