9iIwk u0DM6 5VT1H jT5CK WJNpN YH6mk 5ioW1 bXinH 5ioW1 YH6mk WJNpN q0lus qkJ6b jT5CK WJNpN Y7IDR YH6mk AgYPL WJNpN q0lus XYzcU qkJ6b QVYVG knY3U vE0Pj knY3U 1uRw3 q0lus jT5CK 6EWVx 9iIwk 5R5Xa 9iIwk jASvw iEXNY ZzWHp MA43U jYfXn RKW0P aHGHb WGJpQ 1uRw3 q0lus jT5CK 6EWVx 1eRkH 0mah3 rrNj1 Esl6u fS0W8 k64Ok ZgtaX veOJ7 ZgtaX k64Ok fS0W8 Esl6u rrNj1 5R5Xa 9iIwk 6EWVx jT5CK WJNpN YH6mk WJNpN 1uRw3 jAwQw Ri2t4 1uRw3 QVYVG RKW0P jYfXn RKW0P QVYVG HOs1b jT5CK 6EWVx 9iIwk ChXAd 0mah3 6EWVx jT5CK WJNpN YH6mk 5ioW1 XZKtP 5ioW1 YH6mk WJNpN q0lus HOs1b 1xmtC Mj2eQ ZzWHp jASvw 9iIwk h2rea 9iIwk jASvw 9iIwk 6EWVx jT5CK WJNpN YH6mk 5ioW1 YH6mk WJNpN QVYVG SgDk6 QVYVG HOs1b 1xmtC 5R5Xa rrNj1 Esl6u fS0W8 k64Ok ZgtaX JgjFI ZgtaX k64Ok fS0W8 Esl6u rrNj1 5R5Xa 9iIwk jASvw 0GdkR jASvw 9iIwk 5R5Xa rrNj1 Esl6u fS0W8 Esl6u rrNj1 5R5Xa 9iIwk jASvw oqPYQ jASvw 9iIwk 6EWVx jT5CK WJNpN tnjfN 5ioW1 XZKtP dw7aX XZKtP 5ioW1 YH6mk WJNpN jT5CK 6EWVx 9iIwk 6EWVx jT5CK WJNpN YH6mk 5ioW1 Be0ab 5ioW1 YH6mk WJNpN QVYVG LZomt QVYVG HOs1b jT5CK 6EWVx 9iIwk 5R5Xa rrNj1 Esl6u fS0W8 p9vQm fS0W8 Esl6u rrNj1 5R5Xa 9iIwk 6EWVx jT5CK q0lus 1uRw3 kmzhT aHGHb LJqKh q0lus jT5CK 6EWVx 9iIwk 5R5Xa rrNj1 Esl6u fS0W8 k64Ok ZgtaX pXCjI ZgtaX k64Ok fS0W8 Esl6u rrNj1 5R5Xa 9iIwk 6EWVx jT5CK q0lus 1pxZM q0lus jT5CK 6EWVx 9iIwk 5R5Xa rrNj1 Esl6u fS0W8 k64Ok BnAjj Vake4 ZgtaX iCgvV ZgtaX k64Ok fS0W8 Esl6u rrNj1 5R5Xa 9iIwk 6EWVx jT5CK HOs1b QVYVG 7G74f QVYVG HOs1b jT5CK 5BDPJ jT5CK q0lus 1uRw3 y89SK 1uRw3 QVYVG RhUVQ aHGHb 1uRw3 WJNpN Y7IDR 4a0W8 Y7IDR WJNpN jT5CK 6EWVx 9iIwk 5R5Xa rrNj1 Esl6u fS0W8 k64Ok ZgtaX k64Ok fS0W8 Esl6u rrNj1 5R5Xa 9iIwk
49
5VT1H 5VT1H
jT5CK jT5CK
bXinH bXinH
qkJ6b qkJ6b
Y7IDR Y7IDR
AgYPL AgYPL
XYzcU XYzcU
vE0Pj vE0Pj
5R5Xa 5R5Xa
iEXNY iEXNY
WGJpQ WGJpQ
1uRw3 1uRw3
1eRkH 1eRkH
veOJ7 veOJ7
YH6mk YH6mk
jAwQw jAwQw
Ri2t4 Ri2t4
jYfXn jYfXn
ChXAd ChXAd
XZKtP XZKtP
Mj2eQ Mj2eQ
ZzWHp ZzWHp
h2rea h2rea
jASvw jASvw
5ioW1 5ioW1
SgDk6 SgDk6
1xmtC 1xmtC
JgjFI JgjFI
0GdkR 0GdkR
fS0W8 fS0W8
oqPYQ oqPYQ
tnjfN tnjfN
dw7aX dw7aX
9iIwk 9iIwk
Be0ab Be0ab
LZomt LZomt
p9vQm p9vQm
kmzhT kmzhT
pXCjI pXCjI
1pxZM 1pxZM
BnAjj BnAjj
Vake4 Vake4
iCgvV iCgvV
7G74f 7G74f
5BDPJ 5BDPJ
y89SK y89SK
RhUVQ RhUVQ
aHGHb aHGHb
4a0W8 4a0W8
