HAZtD F7CZj z82fM EyMEe vfAR8 zg9rt UqGfS NqBQW Xqwfz pLg86 7kY28 Zok18 1VA1I IOpdQ BaYb3 SxklZ 0moVI OWqP4 Pk19A HAKlt iimZq URrao fiXIW 6owsT iimZq 6sv9O Q8lcd GaZ4O H1xt8 o2JtM DuU0x BIY9X DuU0x e7SjH 2LhKB e7SjH E6pda xKTIz RkCLD SfSL1 bMhFI CHx6u lF8gH bMhFI rmW0U HOuAL rmW0U 9tf0w rmW0U GrnJ7 iIQll p4kTx iIQll 4jcrD gNinx DmTRc v9joy UbqWX iaaYU GrnJ7 iIQll Vg6Sz iPRoT 8Qx0C qz2Of 7kY28 Xqwfz jyRQW Zxvdf zcuSA cC0Rg 1gvq4 aWuHk uPUO1 DaieK GxQg8 vfAR8 bW6Ms RN9nS ED9em 5h4rt ED9em RN9nS F7CZj J0OP0 iKwe0 wnnBN Cg1yP wnnBN 4Eg1F HAZtD 6gp0A kPB79 4Tt2a kPB79 4PXv9 kPB79 Ssao4 UqGfS X2hjX GxQg8 lJnz7 p3gJd kNG2j 4AhmX cu5FB jesVt fWz4T zrVPv ox9Gx EgumV 69WZh R6NzB ZKvNM TzGS5 ZKvNM iHR3J mdIe6 Q5zY0 VG4na eVDVP Ia6ul eVDVP Agb0E WVEjT SEkfX v7hOX fExZu 2zHfe AwFdf cpzS8 acHTt rH3nx p3gJd XbFfE O8CwF aegld TlJnt O8CwF XbFfE p3gJd 9cp56 0F8yg gpbSj u60s4 9cp56 sU69u 5EAEu sU69u 2GCiD 0FMEI jesVt 69WZh wedr3 15wtn p3gJd mJExt iqOI4 mJExt aWuHk 3NU9e CXkxa Lusir CXkxa 3NU9e aWuHk mJExt cC0Rg u60s4 jyRQW Xqwfz SxklZ VESmp SxklZ Xqwfz jyRQW Tp7uZ cC0Rg p3gJd aWuHk 3NU9e RN9nS F7CZj HAZtD
100
z82fM z82fM
UqGfS UqGfS
NqBQW NqBQW
pLg86 pLg86
7kY28 7kY28
Zok18 Zok18
1VA1I 1VA1I
IOpdQ IOpdQ
BaYb3 BaYb3
SxklZ SxklZ
0moVI 0moVI
OWqP4 OWqP4
Pk19A Pk19A
HAKlt HAKlt
iimZq iimZq
URrao URrao
fiXIW fiXIW
6owsT 6owsT
Q8lcd Q8lcd
H1xt8 H1xt8
DuU0x DuU0x
BIY9X BIY9X
2LhKB 2LhKB
E6pda E6pda
xKTIz xKTIz
bMhFI bMhFI
CHx6u CHx6u
lF8gH lF8gH
HOuAL HOuAL
9tf0w 9tf0w
iIQll iIQll
p4kTx p4kTx
4jcrD 4jcrD
gNinx gNinx
DmTRc DmTRc
v9joy v9joy
UbqWX UbqWX
iaaYU iaaYU
Vg6Sz Vg6Sz
8Qx0C 8Qx0C
Zxvdf Zxvdf
zcuSA zcuSA
cC0Rg cC0Rg
1gvq4 1gvq4
aWuHk aWuHk
uPUO1 uPUO1
DaieK DaieK
GxQg8 GxQg8
vfAR8 vfAR8
bW6Ms bW6Ms
RN9nS RN9nS
ED9em ED9em
5h4rt 5h4rt
J0OP0 J0OP0
iKwe0 iKwe0
wnnBN wnnBN
Cg1yP Cg1yP
4Tt2a 4Tt2a
4PXv9 4PXv9
Ssao4 Ssao4
X2hjX X2hjX
lJnz7 lJnz7
p3gJd p3gJd
kNG2j kNG2j
4AhmX 4AhmX
cu5FB cu5FB
jesVt jesVt
fWz4T fWz4T
zrVPv zrVPv
ox9Gx ox9Gx
EgumV EgumV
69WZh 69WZh
R6NzB R6NzB
TzGS5 TzGS5
iHR3J iHR3J
mdIe6 mdIe6
VG4na VG4na
eVDVP eVDVP
Ia6ul Ia6ul
Agb0E Agb0E
WVEjT WVEjT
SEkfX SEkfX
v7hOX v7hOX
fExZu fExZu
AwFdf AwFdf
cpzS8 cpzS8
acHTt acHTt
rH3nx rH3nx
O8CwF O8CwF
aegld aegld
TlJnt TlJnt
0F8yg 0F8yg
gpbSj gpbSj
u60s4 u60s4
5EAEu 5EAEu
2GCiD 2GCiD
wedr3 wedr3
iqOI4 iqOI4
Lusir Lusir
VESmp VESmp
