3Yw8H xNFYO KHHwN hQySr ycoh0 miscC EvuAH vN0gV TT3Hk 8MJwv EQJ7U Vm2RV Tz4zy fEdtk BSqOv QUkKU w0i4E zSmKp QUkKU M5wZP Z7joj 5PNx4 x5InZ P18zR RTNKK s8jhm 9e1Io s8jhm 5ayvc OhHc9 5ayvc s8jhm Jcs3B EQJ7U iaf34 EQJ7U IWj7Z 3Yw8H cvjQc JYR5M cvjQc 3Yw8H
25
3Yw8H 3Yw8H
xNFYO xNFYO
KHHwN KHHwN
ycoh0 ycoh0
miscC miscC
EvuAH EvuAH
vN0gV vN0gV
TT3Hk TT3Hk
8MJwv 8MJwv
Vm2RV Vm2RV
Tz4zy Tz4zy
BSqOv BSqOv
QUkKU QUkKU
w0i4E w0i4E
zSmKp zSmKp
M5wZP M5wZP
Z7joj Z7joj
5PNx4 5PNx4
P18zR P18zR
RTNKK RTNKK
9e1Io 9e1Io
OhHc9 OhHc9
iaf34 iaf34
cvjQc cvjQc
JYR5M JYR5M
