1 36 34 90 34 23 42 92 57 58 57 72 57 92 57 11 48 44 87 8 73 26 27 20 83 20 19 45 19 25 66 57 11 5 11 48 99 30 92 34 36 1 3 81 18 12 67 63 49 54 73 20 100 20 96 84 5 28 5 38 2 8 2 86 60 50 60 79 63 67 78 64 81 89 49 35 21 93 21 46 15 95 72 33 2 64 10 67 15 91 60 86 2 64 81 55 95 15 61 12 52 12 67 69 50 60 91 7 91 34 83 3 1 36 14 59 46 98 85 1
40
90 90
42 42
58 58
72 72
92 92
11 11
87 87
26 26
83 83
45 45
66 66
5 5
99 99
34 34
1 1
12 12
63 63
73 73
100 100
84 84
28 28
8 8
50 50
79 79
78 78
89 89
93 93
46 46
33 33
10 10
91 91
86 86
64 64
95 95
52 52
69 69
7 7
3 3
14 14
98 98
