1 66 78 20 86 194 33 127 23 46 74 152 82 140 36 76 49 6 51 42 129 66 101 5 142 147 12 108 12 24 43 99 159 11 18 47 92 31 162 185 115 36 7 32 15 13 156 196 90 32 3 177 153 115 182 129 66 1 91 155 137 6 77 64 68 89 22 186 55 96 18 163 7 93 92 31 19 99 8 176 8 26 58 13 147 12 57 71 66 83 2 136 1 199 55 175 42 31 130 199 132 151 53 3 2 52 1 87 84 54 103 138 157 118 13 58 26 8 172 140 30 185 45 95 89 88 49 86 5 14 5 116 12 110 97 193 166 98 1 190 117 56 117 161 156 119 76 128 105 8 23 12 57 55 60 17 121 30 174 1
77
78 78
194 194
127 127
46 46
152 152
82 82
36 36
49 49
51 51
129 129
101 101
142 142
147 147
108 108
43 43
159 159
18 18
92 92
162 162
115 115
7 7
15 15
156 156
90 90
3 3
153 153
182 182
66 66
91 91
137 137
64 64
89 89
186 186
96 96
163 163
93 93
31 31
99 99
176 176
58 58
12 12
71 71
83 83
136 136
199 199
175 175
42 42
130 130
132 132
53 53
52 52
84 84
103 103
138 138
157 157
13 13
26 26
140 140
185 185
95 95
88 88
86 86
14 14
116 116
110 110
193 193
98 98
190 190
56 56
161 161
119 119
128 128
105 105
23 23
57 57
60 60
121 121
