location1 location2 location49 location48 location47 location46 location47 location48 location49 location2 location3 location4 location5 location6 location7 location8 location9 location10 location11 location12 location13 location14 location15 location16 location17 location18 location17 location20 location21 location22 location23 location24 location25 location26 location27 location28 location29 location30 location31 location32 location33 location34 location35 location36 location37 location38 location39 location40 location41 location42 location43 location44 location5 location4 location3 location2 location1
21
location48 location2 location48 location50
location5 location4
location6 location6
location9 location8
location10 location10
location12 location12
location14 location14
location16 location16
location18 location18
location17 location20
location23 location22
location25 location24
location26 location26
location28 location28
location31 location30 location32
location35 location34 location36
location39 location38
location40 location40
location41 location42
location44 location44
location46 location46
