Abbey Avni Beatrice Alexia Ayanna Dana Eden Harley Carlee Jamiya Helen Isabella Haven Kristina Jordin Karma Kiera Kimberly Lilia Kayley Lana Liberty Lillie Lisa Maeve Marisol Matilda Mckinley Mira Nora Rayna Rebecca Riley Presley Ruth Shannon Tanya Tara Yoselin Camilla Sophia Vivian Jordin Abbey
40
Avni Avni
Beatrice Beatrice
Alexia Alexia
Ayanna Ayanna
Dana Dana
Eden Eden
Harley Harley
Carlee Carlee
Jamiya Jamiya
Helen Helen
Isabella Isabella
Haven Haven
Kristina Kristina
Jordin Jordin
Karma Karma
Kiera Kiera
Kimberly Kimberly
Lilia Lilia
Kayley Kayley
Lana Lana
Liberty Liberty
Lillie Lillie
Lisa Lisa
Maeve Maeve
Marisol Marisol
Matilda Matilda
Mckinley Mckinley
Mira Mira
Nora Nora
Rayna Rayna
Rebecca Rebecca
Riley Riley
Presley Presley
Ruth Ruth
Shannon Shannon
Tanya Tanya
Tara Tara
Yoselin Yoselin
Sophia Sophia
Vivian Vivian
