Abbey Ashleigh Alexia Alexus Alia Karma Alivia Diana Aniya Ashley Ariel Ivy Arielle Abbey Aryana Abbey Ashley Aubree Averie Avni Baylee Brooklyn Bryanna Cloe Camilla Alena Carlee Jaden Carleigh Alexus Carlie Alyvia Carly Chasity Araceli Christine Ciara Claire Dana Dayami Denisse Diana Elianna Emilie Emma Gillian Eden Haven Ingrid Imani Ingrid Alissa Iyana Ally Jade Jaden Jamiya Alexia Janiya Jasmin Aniya Jazmyn Alissa Jillian Jimena Dhanya Juliette Kaley Kayden Allisson Kaydence Kenzie Keyla Alivia Kiana Kiley Kimberly Ally Kira Kristin Bryanna Kristina Bryanna Lacey Amber Lainey Amber Laylah Leila Emma Lilia Lilyana Ainsley Lindsay Abbey Lucille Madilynn Maggie Alissa Matilda Aubree Mckayla Alexus Mckinley Alexus Melina Christine Mira Mireya Matilda Mya Myah Natalee Neveah Ashleigh Nia Noelle Adyson Parker Avni Riley Chaya Rylee Briana Sharon Angelica Shyanne Camilla Sophia Alyvia Sophie Taniyah Ashleigh Tara Ally Zara Zaria Adyson Zion Abbey
90
Abbey Abbey
Alexia Alexia
Alexus Alexus
Alia Alia
Alivia Alivia
Aniya Aniya
Ariel Ariel
Arielle Arielle
Aryana Aryana
Ashley Ashley
Aubree Aubree
Avni Avni
Baylee Baylee
Brooklyn Brooklyn
Bryanna Bryanna
Camilla Camilla
Carlee Carlee
Carleigh Carleigh
Carlie Carlie
Carly Carly
Chasity Chasity
Christine Christine
Ciara Ciara
Claire Claire
Dana Dana
Dayami Dayami
Denisse Denisse
Diana Diana
Elianna Elianna
Emilie Emilie
Emma Emma
Gillian Gillian
Haven Haven
Imani Imani
Ingrid Ingrid
Iyana Iyana
Jade Jade
Jaden Jaden
Jamiya Jamiya
Janiya Janiya
Jasmin Jasmin
Jazmyn Jazmyn
Jillian Jillian
Jimena Jimena
Juliette Juliette
Kaley Kaley
Kayden Kayden
Kaydence Kaydence
Kenzie Kenzie
Keyla Keyla
Kiana Kiana
Kiley Kiley
Kimberly Kimberly
Kira Kira
Kristin Kristin
Kristina Kristina
Lacey Lacey
Lainey Lainey
Laylah Laylah
Leila Leila
Lilia Lilia
Lilyana Lilyana
Lindsay Lindsay
Lucille Lucille
Madilynn Madilynn
Maggie Maggie
Matilda Matilda
Mckayla Mckayla
Mckinley Mckinley
Melina Melina
Mira Mira
Mireya Mireya
Mya Mya
Myah Myah
Natalee Natalee
Neveah Neveah
Nia Nia
Noelle Noelle
Parker Parker
Riley Riley
Rylee Rylee
Sharon Sharon
Shyanne Shyanne
Sophia Sophia
Sophie Sophie
Taniyah Taniyah
Tara Tara
Zara Zara
Zaria Zaria
Zion Zion
