Taozhuang Uran Gauting Somma Nonsan Strathfield Kallio Boo Jackson Rosedale Camayenne Artur Ulu New Villa Donggongon Tupelo Cibinong Rutherglen Esperanza Gudermes Aytos Memmingen Alatyr Azrou Ramla Sarandi Southsea Middle Besuki Vernon Durazno Bhit Jingzhou Uran Fort Oulmes Bhit Longgang Bourbonnais Esmeraldas Bang Waverly Vernon Severodvinsk Vernon Ilesa Southsea Calauan Southsea Wesseling Uran Freetown Vernon Caravaca Chharra Sicklerville Artur Hechingen Uran Jinotepe Bhit Rafiganj Uran Pottstown Uran Jhol Udumalaippettai Carnot Bhit Taozhuang
50
Taozhuang Taozhuang
Uran Uran
Gauting Gauting
Somma Somma
Nonsan Nonsan
Strathfield Strathfield
Kallio Kallio
Boo Boo
Jackson Jackson
Rosedale Rosedale
Camayenne Camayenne
Artur Artur
Ulu Ulu
New New
Villa Villa
Donggongon Donggongon
Tupelo Tupelo
Cibinong Cibinong
Rutherglen Rutherglen
Esperanza Esperanza
Gudermes Gudermes
Aytos Aytos
Memmingen Memmingen
Alatyr Alatyr
Azrou Azrou
Ramla Ramla
Sarandi Sarandi
Middle Middle
Besuki Besuki
Durazno Durazno
Jingzhou Jingzhou
Fort Fort
Oulmes Oulmes
Longgang Longgang
Bourbonnais Bourbonnais
Esmeraldas Esmeraldas
Bang Bang
Waverly Waverly
Severodvinsk Severodvinsk
Ilesa Ilesa
Calauan Calauan
Wesseling Wesseling
Freetown Freetown
Caravaca Caravaca
Sicklerville Sicklerville
Hechingen Hechingen
Jinotepe Jinotepe
Rafiganj Rafiganj
Pottstown Pottstown
Udumalaippettai Udumalaippettai
