Ilesa Jagna Sishui Milagro MitryMory Claremont Valday Palm Marburg Talipparamba Morningside Aklera Foshan Sillanwali Milledgeville Ada Great Tyoply Great Krymsk Bavly Polohy Mexborough Hermsdorf Sceaux Calauan Foshan Calauan Valletta Bensheim Resplendor Bensheim Brunswick Bensheim Stuttgart Milledgeville Stupino Bensheim Alexandria Taebaek Sirsi Minas New Belper Malden Chacabuco Portogruaro Azrou Perth Bogovinje MitryMory Oberhausen Hermsdorf UlanUde Hermsdorf Palafrugell Hermsdorf Polohy MitryMory Tak Bensheim Campobasso Bensheim Yingkou Bensheim Zaozhuang Belper Skalica Hermsdorf Ilesa Calauan Tiruppuvanam Minas Shagamu Bensheim Gariadhar Bensheim Ventimiglia Shaowu Sheoganj Aurora Malden Landshut Uran Tupelo Perth Guli MitryMory Davis Bensheim Ramla Ventimiglia Barracas Minas An Bobigny Bensheim Bang Bensheim Toledo Calauan Rhosllanerchrugog PortVila Belper PointeClaire MitryMory Meizhou Memmingen Sheoganj Valletta Itacoatiara Valletta Sheoganj Viewpark Sheoganj Rutland Minas Mouscron Perth Niort Aistala Tupiza Nizhniy Lille Bensheim Magomeni Rafaela Sorsogon Milledgeville Puerto Perth Great Perth Brzeg Perth Valday American El DehiwalaMount Hermsdorf Perth Clermont Bensheim Aleshtar Aistala Villaquilambre Aistala Marburg Jiangyan Sheoganj Lodwar Houthalen Jashpurnagar Sheoganj Onex Minas Alfenas Uran Bon Uran MitryMory Ponta MitryMory Copperas Bensheim LonsleSaunier Bensheim Oulmes Bensheim Kyzylorda Bensheim Tharu Barras Puducherry WaltonontheNaze Batu Paredes Minas Dahlem Minas GernikaLumo Perth Ilesa
100
Jagna Jagna
Sishui Sishui
Milagro Milagro
Claremont Claremont
Palm Palm
Talipparamba Talipparamba
Aklera Aklera
Sillanwali Sillanwali
Milledgeville Milledgeville
Ada Ada
Tyoply Tyoply
Bavly Bavly
Mexborough Mexborough
Sceaux Sceaux
Foshan Foshan
Valletta Valletta
Resplendor Resplendor
Brunswick Brunswick
Stuttgart Stuttgart
Stupino Stupino
Bensheim Bensheim
Alexandria Alexandria
Sirsi Sirsi
New New
Malden Malden
Chacabuco Chacabuco
Azrou Azrou
Perth Perth
Bogovinje Bogovinje
Oberhausen Oberhausen
UlanUde UlanUde
Palafrugell Palafrugell
Polohy Polohy
Tak Tak
Campobasso Campobasso
Yingkou Yingkou
Zaozhuang Zaozhuang
Skalica Skalica
Ilesa Ilesa
Calauan Calauan
Tiruppuvanam Tiruppuvanam
Shagamu Shagamu
Gariadhar Gariadhar
Ventimiglia Ventimiglia
Shaowu Shaowu
Aurora Aurora
Landshut Landshut
Tupelo Tupelo
Guli Guli
Davis Davis
Ramla Ramla
Barracas Barracas
An An
Bobigny Bobigny
Bang Bang
Toledo Toledo
Rhosllanerchrugog Rhosllanerchrugog
PortVila PortVila
PointeClaire PointeClaire
MitryMory MitryMory
Meizhou Meizhou
Memmingen Memmingen
Itacoatiara Itacoatiara
Viewpark Viewpark
Rutland Rutland
Mouscron Mouscron
Niort Niort
Tupiza Tupiza
Lille Lille
Magomeni Magomeni
Sorsogon Sorsogon
Puerto Puerto
Great Great
Brzeg Brzeg
Valday Valday
American American
DehiwalaMount DehiwalaMount
Hermsdorf Hermsdorf
Clermont Clermont
Aleshtar Aleshtar
Villaquilambre Villaquilambre
Marburg Marburg
Jiangyan Jiangyan
Lodwar Lodwar
Jashpurnagar Jashpurnagar
Onex Onex
Alfenas Alfenas
Bon Bon
Uran Uran
Ponta Ponta
Copperas Copperas
LonsleSaunier LonsleSaunier
Oulmes Oulmes
Kyzylorda Kyzylorda
Tharu Tharu
Puducherry Puducherry
WaltonontheNaze WaltonontheNaze
Paredes Paredes
Dahlem Dahlem
GernikaLumo GernikaLumo
