Lesnoy Hudiksvall Rutherglen Franceville Gisborne Dharmapuri Gisborne Artur Gisborne Meerut Beveren Kundla Ponta Visitacion Sun Beveren Zgorzelec Beveren Ishim Visitacion Malaut Pingyi Hueytown Stade Beveren Sungurlu Andijon Glogovac Gisborne GatesNorth Beveren Blackpool Hudiksvall Lesnoy Hueytown Winsford Hueytown Portogruaro Hueytown Franceville Hueytown Brentwood Zgorzelec Yangambi Hueytown Lesnoy
25
Hudiksvall Hudiksvall
Rutherglen Rutherglen
Dharmapuri Dharmapuri
Artur Artur
Meerut Meerut
Kundla Kundla
Visitacion Visitacion
Sun Sun
Zgorzelec Zgorzelec
Ishim Ishim
Malaut Malaut
Pingyi Pingyi
Hueytown Hueytown
Stade Stade
Sungurlu Sungurlu
Glogovac Glogovac
Gisborne Gisborne
GatesNorth GatesNorth
Blackpool Blackpool
Lesnoy Lesnoy
Winsford Winsford
Portogruaro Portogruaro
Franceville Franceville
Brentwood Brentwood
Yangambi Yangambi
