108 30 121 143 37 53 82 56 151 56 189 177 186 82 71 73 134 136 193 11 197 92 65 196 84 83 140 1 43 130 140 131 34 48 6 23 85 68 95 23 129 23 178 78 146 137 118 113 184 182 99 182 148 117 24 114 142 25 191 100 191 181 28 167 156 187 148 176 197 39 177 90 5 26 127 45 81 174 19 174 188 35 14 144 153 144 96 57 90 64 55 128 7 69 7 51 101 49 109 49 170 54 170 49 190 38 31 133 63 38 107 157 15 157 179 150 75 110 77 133 66 44 13 32 46 61 17 67 120 112 126 112 171 138 79 36 108
55
188 188 153 144
7 7
39 39
17 67 17
99 99
48 48 34
54 54 170
114 114 142
129 129
64 37 64
176 176
96 57 96 53
19 19
95 95
127 26 45
30 121
117 100 117
184 184
137 137
46 46
133 63 31 133 38
14 14 35
112 126
186 186 177
24 24
189 151 56
118 118
11 11
156 181 167 28
182 148 182
120 61 120
78 78
174 81 5 174
66 66
108 69
13 44 13 79
110 110 77
85 68 85
187 187
143 128 143
134 136 134
179 157 107 150 179
23 23
138 138
1 1 140 43 130
84 83 84
101 49 190 109 101
75 75
197 197
92 65 92
73 82 71 73
36 36
15 15
146 146
32 32
