1 2 1 4 3 5 6 8 10 11 12 14 1 16 3 17 18 20 22 23 24 26 1 28 3 29 30 32 34 35 36 38 1 40 3 41 42 44 46 47 48 50 1 52 3 53 54 56 58 59 60 62 1 64 3 65 66 68 70 71 72 74 1 76 3 77 78 80 82 83 84 86 1 88 3 89 90 92 94 95 96 98 1 100 3 101 102 104 106 107 108 110 1 112 3 113 114 116 118 119 120 122 1 124 3 125 126 128 130 131 132 134 1 136 3 137 138 140 142 143 144 2 1
95
2 2
4 4
5 5
6 6
8 8
10 10
11 11
12 12
14 14
16 16
17 17
18 18
20 20
22 22
23 23
24 24
26 26
28 28
29 29
30 30
32 32
34 34
35 35
36 36
38 38
40 40
41 41
42 42
44 44
46 46
47 47
48 48
50 50
52 52
53 53
54 54
56 56
58 58
59 59
60 60
62 62
64 64
65 65
66 66
68 68
70 70
71 71
72 72
74 74
76 76
77 77
78 78
80 80
82 82
83 83
84 84
86 86
88 88
89 89
90 90
92 92
94 94
95 95
96 96
98 98
100 100
101 101
102 102
104 104
106 106
107 107
108 108
110 110
112 112
113 113
114 114
116 116
118 118
119 119
120 120
122 122
124 124
125 125
126 126
128 128
130 130
131 131
132 132
134 134
136 136
137 137
138 138
140 140
142 142
143 143
