create merit hide predict fuss direct accessible scrap pride linear contract creation community prove crew battery think nationalism celebration adult exotic tin perception feign farewell ballot bracket breakin steward concern cancel colon childish dose magnitude suffer top skip absorption deck transmission appear belief basketball pupil mechanism pastel lobby maze line minimize company childish create
50
merit merit
hide hide
predict predict
fuss fuss
direct direct
accessible accessible
scrap scrap
pride pride
linear linear
contract contract
creation creation
community community
prove prove
crew crew
battery battery
think think
nationalism nationalism
celebration celebration
adult adult
exotic exotic
tin tin
perception perception
feign feign
farewell farewell
ballot ballot
bracket bracket
breakin breakin
steward steward
concern concern
cancel cancel
colon colon
childish childish
dose dose
magnitude magnitude
suffer suffer
top top
skip skip
absorption absorption
deck deck
transmission transmission
appear appear
belief belief
basketball basketball
pupil pupil
mechanism mechanism
pastel pastel
maze maze
line line
minimize minimize
company company
