pride transmission farewell trance predict magnitude prove mind community lobby adult dramatic car vote create think mechanism crew ballot battery tin makeup salmon feign nationalism thank work absorption partnership tribe dose east homosexual scrap breakin glide valid seller loud mosaic leash berry wrong skip accessible company hide minimize equinox fortune belief fuss suffer knit integrated deter rabbit gift exotic magnetic pupil pastel bracket top colon dedicate craftsman dialect domestic merit dilemma transaction traction huge maze denial concern creation perception present basketball whole cancel appear contract snap direct deck desk steward linear shelter line inhibition formation childish bring thread campaign celebration understanding offensive pride
100
pride pride
transmission transmission
farewell farewell
trance trance
predict predict
magnitude magnitude
prove prove
mind mind
community community
lobby lobby
adult adult
dramatic dramatic
car car
vote vote
create create
think think
mechanism mechanism
crew crew
ballot ballot
battery battery
tin tin
makeup makeup
salmon salmon
feign feign
nationalism nationalism
thank thank
work work
absorption absorption
partnership partnership
tribe tribe
dose dose
east east
homosexual homosexual
scrap scrap
breakin breakin
glide glide
valid valid
seller seller
loud loud
mosaic mosaic
leash leash
berry berry
wrong wrong
skip skip
accessible accessible
company company
hide hide
minimize minimize
equinox equinox
fortune fortune
belief belief
fuss fuss
suffer suffer
knit knit
integrated integrated
deter deter
rabbit rabbit
gift gift
exotic exotic
magnetic magnetic
pupil pupil
pastel pastel
bracket bracket
top top
colon colon
dedicate dedicate
craftsman craftsman
dialect dialect
domestic domestic
merit merit
dilemma dilemma
transaction transaction
traction traction
huge huge
maze maze
denial denial
concern concern
creation creation
perception perception
present present
basketball basketball
whole whole
cancel cancel
appear appear
contract contract
snap snap
direct direct
deck deck
desk desk
steward steward
linear linear
shelter shelter
line line
inhibition inhibition
formation formation
childish childish
bring bring
thread thread
celebration celebration
offensive offensive
