steward battery think adult farewell linear appear minimize tin ballot childish pastel community top basketball perception concern hide creation belief scrap exotic company deck crew creation skip adult steward
25
battery battery
think think
adult adult
farewell farewell
linear linear
appear appear
minimize minimize
tin tin
ballot ballot
childish childish
pastel pastel
community community
top top
basketball basketball
perception perception
concern concern
hide hide
creation creation
belief belief
scrap scrap
exotic exotic
company company
deck deck
crew crew
skip skip
