location4 location88 location62 location23 location16 location74 location47 location6 location34 location24 location56 location13 location37 location0 location43 location70 location86 location69 location86 location70 location43 location0 location37 location13 location56 location24 location34 location6 location47 location74 location16 location23 location62 location88 location4 location78 location89 location3 location81 location55 location2 location85 location57 location83 location53 location44 location54 location36 location11 location91 location60 location50 location1 location76 location68 location98 location93 location15 location77 location79 location38 location99 location28 location61 location4
25
location43 location43
location1 location1 location50
location28 location28
location56 location56 location13
location60 location60
location69 location69 location66 location86
location47 location74 location6 location16 location47
location79 location77 location79
location2 location2 location55 location81 location3
location85 location85
location4 location89 location78 location4
location61 location94 location61 location95
location37 location37
location57 location57
location93 location15 location93 location98
location34 location34
location88 location88 location23 location62
location24 location24
location83 location83 location44 location53
location38 location38 location99
location70 location70
location76 location68 location76
location0 location0
location11 location54 location36 location11
location91 location91
