location4 location20 location163 location57 location40 location92 location107 location74 location21 location165 location140 location80 location183 location119 location116 location193 location54 location29 location129 location49 location33 location14 location5 location64 location133 location144 location152 location157 location51 location189 location99 location2 location108 location160 location128 location136 location143 location168 location70 location43 location120 location15 location170 location101 location110 location31 location148 location25 location177 location16 location68 location102 location192 location100 location0 location132 location11 location146 location181 location135 location115 location186 location190 location41 location124 location62 location185 location156 location56 location18 location24 location191 location71 location169 location1 location84 location1 location169 location71 location191 location24 location18 location56 location156 location185 location62 location124 location41 location190 location186 location115 location135 location181 location146 location11 location132 location0 location100 location192 location102 location68 location16 location177 location25 location148 location31 location110 location101 location170 location15 location120 location43 location70 location168 location143 location136 location128 location160 location108 location2 location99 location189 location51 location157 location152 location144 location133 location64 location5 location14 location33 location49 location129 location29 location54 location193 location116 location119 location183 location80 location140 location165 location21 location74 location107 location92 location40 location57 location163 location20 location4 location83 location37 location72 location159 location141 location23 location6 location113 location60 location48 location93 location55 location63 location158 location19 location147 location125 location117 location155 location188 location122 location50 location127 location4
50
location100 location0 location100 location192
location23 location6 location23 location141
location11 location11 location132
location68 location16 location68 location25 location177
location20 location20
location21 location21 location74
location110 location31 location101 location170 location110 location148
location120 location43 location15 location120
location33 location49 location33 location129
location122 location50 location122
location93 location55 location93 location48
location18 location56 location18
location165 location80 location140 location165
location127 location96 location127
location99 location99 location189
location160 location108 location160
location193 location116 location193 location54 location29
location117 location117 location155 location125
location133 location133
location147 location147
location157 location157
location146 location181 location146
location119 location183 location119
location115 location186 location135 location115
location41 location190 location41
location2 location2
location51 location51
location158 location63 location158
location71 location71 location191
location37 location83 location159 location72 location37
location92 location107 location92
location113 location113 location60
location128 location128
location143 location143 location136
location156 location156 location185
location163 location163
location168 location168 location70
location169 location169
location19 location19
location57 location57 location40
location124 location62 location124
location64 location64 location5
location152 location152
location84 location171 location84
location188 location188
location1 location1
location14 location14
location24 location24
location102 location102
location144 location144
