1 118 119 121 119 118 1 6 8 9 8 6 1 22 23 24 23 22 1 110 1 26 27 28 29 28 27 26 1 156 158 156 1 150 151 152 155 153 154 153 155 152 151 150 1 2 5 2 1 18 1 72 1 60 61 62 61 63 61 60 1 164 167 164 1 160 161 160 1 114 116 114 1 106 107 106 108 109 108 106 1 76 77 78 77 76 1 100 101 102 105 103 105 102 101 100 1 14 17 14 15 14 16 14 1 64 66 64 1 56 58 56 1 10 11 12 11 13 11 10 1 68 69 68 1 122 123 124 125 124 123 122 1 50 51 50 1 168 169 171 169 168 1 172 173 174 173 172 1 126 127 128 129 128 127 126 1 18 19 21 19 18 1 72 73 74 75 74 73 72 1 176 177 178 179 178 177 176 1
49
5 3 4 5
6 7
8 8
9 9
11 11
12 12
13 13
15 15
16 16
17 17
18 19 20
21 21
23 23
24 24 25
28 28
29 30
51 53 54 55
58 57 58 59
62 61 62
63 63
66 65 66 67
69 69 70 71
72 73
75 74 75
78 78 80
103 103 104
105 105
107 107
109 108 109
110 111 112 113
114 115 117
116 116
119 119 120
121 121
123 123
125 124 125
128 128
129 130
153 153
154 154
155 155
156 157
158 158 159
161 161 162 163
164 165 166
167 167
171 169 170 171
174 173 174 175
179 178 180
