loc0 loc2 loc12 loc14 loc18 loc52 loc18 loc80 loc72 loc54 loc64 loc39 loc86 loc39 loc94 loc96 loc38 loc0 loc62 loc36 loc68 loc36 loc82 loc78 loc22 loc78 loc26 loc84 loc42 loc8 loc42 loc70 loc51 loc40 loc51 loc76 loc51 loc88 loc78 loc34 loc66 loc58 loc99 loc16 loc99 loc92 loc63 loc74 loc60 loc4 loc48 loc10 loc90 loc6 loc20 loc87 loc44 loc30 loc46 loc24 loc56 loc87 loc32 loc48 loc50 loc60 loc28 loc63 loc98 loc0
26
loc0 loc0 loc2 loc12 loc62 loc74
loc4 loc4 loc28 loc60
loc6 loc6
loc8 loc8
loc48 loc10 loc48
loc18 loc14 loc18
loc16 loc16
loc90 loc20 loc44 loc90
loc34 loc22 loc34 loc78
loc24 loc24
loc84 loc26 loc84
loc46 loc30 loc46
loc32 loc32
loc68 loc36 loc68 loc82
loc38 loc38
loc51 loc40 loc76
loc42 loc42 loc70 loc88
loc50 loc50
loc52 loc52
loc86 loc54 loc64 loc72 loc86 loc94 loc96
loc56 loc56
loc58 loc58
loc66 loc66
loc80 loc80
loc92 loc92
loc98 loc98
