loc0 loc120 loc108 loc14 loc18 loc192 loc52 loc159 loc184 loc159 loc52 loc192 loc122 loc192 loc18 loc172 loc18 loc100 loc18 loc14 loc108 loc120 loc66 loc156 loc66 loc120 loc0 loc12 loc150 loc146 loc150 loc102 loc36 loc68 loc36 loc102 loc150 loc82 loc189 loc22 loc117 loc158 loc117 loc86 loc117 loc22 loc186 loc78 loc26 loc84 loc42 loc88 loc138 loc152 loc114 loc24 loc114 loc110 loc114 loc24 loc190 loc174 loc44 loc198 loc104 loc90 loc170 loc144 loc20 loc144 loc32 loc144 loc148 loc48 loc50 loc48 loc106 loc126 loc128 loc126 loc60 loc28 loc63 loc98 loc63 loc28 loc60 loc126 loc106 loc48 loc148 loc144 loc170 loc90 loc134 loc180 loc162 loc30 loc162 loc180 loc134 loc90 loc104 loc198 loc44 loc174 loc56 loc174 loc190 loc24 loc114 loc152 loc138 loc88 loc42 loc166 loc42 loc188 loc147 loc176 loc147 loc188 loc42 loc70 loc168 loc118 loc168 loc130 loc51 loc76 loc51 loc130 loc168 loc70 loc42 loc84 loc26 loc78 loc186 loc34 loc183 loc160 loc183 loc34 loc186 loc22 loc117 loc94 loc72 loc140 loc96 loc140 loc72 loc94 loc117 loc22 loc189 loc82 loc150 loc12 loc132 loc2 loc132 loc12 loc0 loc120 loc66 loc116 loc27 loc58 loc99 loc16 loc0
52
loc120 loc0 loc66 loc116 loc120
loc2 loc2 loc38 loc62 loc74 loc124 loc132
loc128 loc4 loc60 loc126 loc128
loc180 loc6 loc164 loc180 loc182
loc42 loc8 loc42 loc70 loc84
loc48 loc10 loc48 loc148
loc150 loc12 loc150
loc14 loc14
loc16 loc16
loc192 loc18 loc80 loc178 loc192
loc20 loc20 loc144
loc22 loc22 loc34 loc186
loc24 loc24 loc46 loc114 loc190
loc26 loc26
loc98 loc28 loc98
loc30 loc30
loc32 loc32
loc68 loc36 loc68 loc196
loc118 loc40 loc118 loc168
loc44 loc44 loc174
loc50 loc50
loc52 loc52
loc96 loc54 loc64 loc72 loc96 loc112 loc140 loc142
loc56 loc56
loc99 loc58 loc92
loc76 loc76
loc78 loc78
loc82 loc82
loc86 loc86
loc88 loc88
loc90 loc90 loc134
loc158 loc94 loc136 loc154 loc158 loc194
loc100 loc100
loc102 loc102
loc104 loc104 loc198
loc106 loc106
loc108 loc108
loc110 loc110
loc122 loc122
loc130 loc130
loc138 loc138
loc146 loc146
loc152 loc152
loc156 loc156
loc160 loc160
loc162 loc162
loc166 loc166
loc170 loc170
loc172 loc172
loc176 loc176
loc184 loc184
loc188 loc188
