0 5 10 15 20 25 30 35 40 45 51 56 62 67 73 78 84 89 84 78 73 67 62 56 51 45 40 35 30 25 20 15 10 15 20 25 31 36 42 47 53 58 64 63 62 66 72 77 83 77 72 66 61 55 51 46 51 55 61 55 50 45 40 35 30 25 20 15 10 5 0 5 10 15 20 25 30 35 40 45 50 55 61 66 72 77 83 88 94 99 94 88 83 77 72 66 61 55 50 45 41 36 32 27 23 18 23 27 32 37 43 44 39 44 48 53 57 63 67 72 77 83 88 94 88 83 77 72 71 70 65 60 55 51 46 42 37 33 28 24 28 33 37 42 46 51 55 60 65 70 75 81 86 92 86 81 75 70 65 60 55 51 46 42 37 32 26 22 17 22 26 31 35 40 45 40 35 30 25 20 15 11 16 22 27 33 38 33 27 22 16 12 7 3 7 12 17 23 28 34 29 24 23 22 21 20 25 31 36 42 47 52 56 61 65 70 75 80 85 91 96 91 85 80 75 70 65 61 56 52 51 55 60 65 61 56 52 47 48 49 54 58 63 67 72 76 81 85 90 85 80 75 70 65 60 55 50 45 41 35 31 26 22 17 13 8 13 17 22 26 31 35 40 45 50 55 60 65 70 75 80 85 91 85 80 75 70 65 60 55 50 45 40 35 31 26 22 17 13 17 22 26 31 35 41 46 52 57 52 46 41 35 30 25 20 15 11 6 2 6 11 15 20 25 30 31 36 42 47 53 58 64 69 64 58 53 47 42 36 31 25 20 15 10 5 6 7 12 16 21 26 32 37 43 48 43 37 32 26 21 15 11 6 11 15 21 16 11 5 0
49
89 89
10 10
64 64
66 66
83 83
46 46
61 61
35 35
0 0
99 99
18 18
43 43
44 44
39 39
63 63
94 94
70 70
24 24
92 92
37 37
17 17
45 45
11 11
38 38
3 3
34 34
29 29
20 20
47 47
85 85
96 96
52 52
55 55
65 65
49 49
90 90
41 41
8 8
91 91
13 13
57 57
2 2
30 30
69 69
5 5
7 7
48 48
6 6
21 21
