0 1 11 22 32 43 53 63 72 83 93 104 114 125 134 144 154 165 175 186 175 165 154 144 133 124 114 105 95 86 75 65 54 44 33 32 31 41 50 60 70 80 90 100 110 121 131 142 152 153 154 144 133 124 114 104 93 83 72 62 61 50 40 30 20 30 40 50 60 70 80 90 100 110 120 130 131 132 133 144 154 165 175 186 196 186 175 165 164 163 162 161 160 150 140 130 120 110 100 90 80 81 82 83 84 85 86 87 97 108 117 127 116 106 95 86 76 67 57 48 38 29 28 27 26 25 24 23 22 23 24 25 26 36 47 57 68 78 89 99 89 78 77 67 56 46 35 25 14 13 12 22 31 41 50 60 70 80 90 101 91 82 72 63 53 44 34 25 15 25 34 44 53 63 72 82 92 103 92 82 71 61 50 40 30 21 11 2 11 21 31 42 52 63 73 84 94 105 115 126 136 147 157 168 178 168 157 156 155 145 134 124 113 103 92 83 73 64 53 43 32 22 21 30 41 51 62 72 83 93 104 114 125 135 146 156 167 177 188 177 167 156 146 135 125 124 123 122 123 124 125 126 127 137 148 158 148 137 127 116 106 95 85 75 66 56 47 37 28 18 9 8 7 6 5 14 24 33 43 52 62 71 81 90 101 111 122 132 122 111 101 90 80 70 61 51 61 71 62 52 43 33 24 14 15 16 26 35 45 54 64 73 83 92 102 112 123 113 104 94 85 75 66 56 47 37 38 39 49 58 68 77 87 97 108 118 129 139 129 118 108 97 96 95 105 114 125 135 146 147 136 126 115 105 94 84 73 63 52 43 33 24 14 5 14 24 33 43 52 62 71 81 90 101 111 122 132 143 153 164 154 145 146 147 148 149 148 147 156 166 175 165 154 144 133 123 113 104 94 85 75 66 56 47 37 28 18 28 37 47 56 66 75 85 94 104 113 123 132 142 151 141 130 120 110 100 90 80 70 61 51 42 32 23 13 4 13 24 34 45 55 66 76 86 95 105 114 125 135 146 156 167 156 146 135 125 115 106 96 87 86 85 84 83 84 94 105 115 126 136 147 157 168 178 189 178 168 157 147 137 128 118 117 116 115 114 124 133 143 152 162 171 181 170 160 150 140 130 121 111 102 92 83 73 83 92 102 111 122 132 143 153 143 132 122 112 103 93 84 74 65 55 46 36 27 17 8 7 6 15 25 34 44 53 63 72 82 91 101 110 120 121 131 142 152 163 173 184 173 163 152 142 131 121 110 100 90 81 82 83 84 85 86 87 97 108 118 129 128 127 126 125 124 133 123 112 102 92 83 73 64 54 45 35 26 16 17 27 36 46 55 65 74 84 94 105 104 103 102 111 121 130 140 130 121 111 121 130 140 150 161 171 182 171 162 152 143 133 124 114 105 95 86 76 67 57 48 57 67 76 86 95 105 114 124 133 144 154 165 154 153 152 151 150 140 130 120 110 100 90 81 71 62 52 43 42 43 44 45 54 64 73 84 94 85 75 66 56 47 37 36 35 34 33 32 42 51 61 70 71 72 73 74 75 76 77 88 98 97 96 95 94 104 105 106 107 116 126 136 147 157 168 178 189 199 198 188 177 167 156 146 135 125 115 106 96 95 94 104 113 123 132 142 151 161 151 142 132 123 113 114 115 116 106 105 104 103 102 91 81 71 62 52 43 33 24 33 43 52 62 71 81 90 100 110 120 130 141 151 162 172 183 184 185 186 187 176 166 155 145 134 124 113 103 92 82 72 73 74 75 76 77 78 89 98 108 117 127 136 146 155 166 176 166 155 145 134 124 114 105 95 86 76 67 56 46 35 25 14 4 3 2 1 0
100
53 53
125 125
186 186
86 86
31 31
152 152
154 154
114 114
61 61
20 20
130 130
196 196
160 160
80 80
108 108
127 127
29 29
22 22
99 99
77 77
12 12
101 101
82 82
15 15
103 103
2 2
178 178
155 155
64 64
21 21
188 188
122 122
158 158
9 9
33 33
132 132
51 51
71 71
16 16
123 123
39 39
68 68
139 139
95 95
146 146
147 147
5 5
164 164
149 149
166 166
175 175
18 18
151 151
4 4
76 76
167 167
87 87
83 83
189 189
118 118
181 181
73 73
153 153
8 8
120 120
184 184
81 81
129 129
133 133
26 26
17 17
105 105
140 140
111 111
182 182
48 48
165 165
150 150
43 43
42 42
45 45
94 94
37 37
70 70
98 98
104 104
107 107
199 199
198 198
96 96
161 161
116 116
102 102
24 24
183 183
187 187
72 72
89 89
176 176
67 67
