0 79 0 95 20 8 77 8 52 8 85 66 40 46 42 82 4 82 42 18 47 83 47 35 76 93 76 35 47 18 42 46 21 53 89 53 21 2 21 16 26 3 49 3 26 16 21 53 13 92 59 98 29 75 54 61 37 22 60 68 60 50 44 86 87 86 11 48 11 86 44 50 60 22 37 34 58 34 37 6 37 67 56 67 37 61 14 33 14 61 54 75 29 24 19 24 29 75 31 57 10 30 10 57 31 75 29 98 59 92 74 38 94 12 94 69 94 96 91 96 55 62 55 63 55 96 94 38 74 92 59 73 5 90 5 73 59 92 13 53 21 46 40 99 1 32 1 99 40 46 21 2 27 36 51 72 0
50
0 0 95
32 1 7 32
2 2 27
3 3
4 4
90 5 90
6 6
77 8 77
48 9 11 48 88
10 10 57
12 12
53 13 21 53 70
33 14 33
29 15 17 24 29 39 98
26 16 26 78
47 18 47
19 19
20 20
22 22 60
30 23 28 30 43
59 25 59 73 92
75 31 75
34 34
35 35 76 80
72 36 51 72 84
37 37 67
38 38 74
40 40 46 66 99
54 41 45 54 61 64 65
42 42 97
44 44
49 49
50 50
52 52
62 55 62
56 56
58 58
63 63
68 68
69 69
82 71 81 82
79 79
83 83
85 85
86 86
87 87
89 89
91 91
93 93
94 94 96
