CH DM CU BC AV DV CN DU CQ AZ BL AY CP AN BZ DD CB BS AF AT DL BY CS BN BG CF DP BU CA DR DO BD BP DF BW DI AU AM CY DB AL DC CZ CD CL BH CW BH DQ BV AJ AP CV CJ BA DL BI DP BF CF DT DS DG DS BA CJ CV CH
50
DM DM
CU CU
BC BC
AV AV
DV DV
CN CN
DU DU
CQ CQ
AZ AZ
BL BL
AY AY
CP CP
AN AN
BZ BZ
DD DD
CB CB
BS BS
AF AF
AT AT
DL DL
BY BY
CS CS
BN BN
BG BG
CF CF
DP DP
BU BU
CA CA
DO DO
BD BD
BP BP
DF DF
DI DI
AU AU
AM AM
DB DB
AL AL
DC DC
CZ CZ
CD CD
CL CL
CW CW
DQ DQ
BV BV
AJ AJ
AP AP
CV CV
BI BI
BF BF
DG DG
