Qatar Belarus Peru Nicaragua Andorra Gabon Haiti Qatar Tajikistan Mongolia Azerbaijan Danzig Morocco Liberia Kyrgyzstan UAE Armenia Australia Estonia Sweden Montenegro RussianFederation Egypt Qatar France India CostaRica Senegal SierraLeone DemofChina Kosovo Netherlands CzechRepublic UnitedKingdom Macedonia Qatar Singapore Mozambique Belgium Indonesia Angola Guyana Tanzania Uzbekistan Mali Portugal SanMarino GuineaBissau Tunisia VaticanCity Indonesia Malta Lebanon Tuvalu Kyrgyzstan Albania Kyrgyzstan India America Qatar Burundi Andorra SaintLucia Georgia VaticanCity CzechRepublic CentralAfricanRep Qatar
49
Belarus Belarus
Peru Peru
Nicaragua Nicaragua
Gabon Gabon
Haiti Haiti
Tajikistan Tajikistan
Mongolia Mongolia
Danzig Danzig
Morocco Morocco
Liberia Liberia
UAE UAE
Armenia Armenia
Australia Australia
Estonia Estonia
Sweden Sweden
Montenegro Montenegro
RussianFederation RussianFederation
Egypt Egypt
France France
CostaRica CostaRica
Senegal Senegal
SierraLeone SierraLeone
DemofChina DemofChina
Kosovo Kosovo
Netherlands Netherlands
UnitedKingdom UnitedKingdom
Macedonia Macedonia
Singapore Singapore
Mozambique Mozambique
Belgium Belgium
Angola Angola
Guyana Guyana
Tanzania Tanzania
Uzbekistan Uzbekistan
Mali Mali
SanMarino SanMarino
GuineaBissau GuineaBissau
Tunisia Tunisia
VaticanCity VaticanCity
Malta Malta
Lebanon Lebanon
Tuvalu Tuvalu
Albania Albania
Kyrgyzstan Kyrgyzstan
America America
Burundi Burundi
Andorra Andorra
SaintLucia SaintLucia
Georgia Georgia
