Albania Bahamas Canada Malaysia Paraguay Rome Burkina Iceland SolomonIslands IvoryCoast BosHerzegovina Andorra Albania VaticanCity EquatorGuinea Latvia Djibouti Malawi Mauritania Malawi Pakistan Bulgaria Thailand Nepal Estonia Italy Comoros Kosovo Norway Uganda Algeria Panama Armenia Eritrea Mongolia Netherlands UnitedKingdom Vietnam Peru Mauritius Uruguay Laos Vanuatu Luxembourg Canada Belarus Paraguay America Albania Brazil MountAthos Dominica Philippines Vietnam CapeVerde Paraguay Niger Latvia Malawi Cyprus Comoros Burma Ethiopia SierraLeone Kazakhstan Cambodia Brunei Japan Portugal Danzig Liberia Jamaica Tunisia Netherlands Qatar Argentina Chile Tanzania Uruguay Kiribati Iceland Germany Swaziland Ukraine Pakistan Australia Yemen Venezuela France Newfoundland Namibia Slovenia Lesotho Iceland CentralAfricanRep Netherlands Romania Bhutan Ethiopia NorthKorea SaintLucia Netherlands Gabon Hungary Uzbekistan SaintKitts Vanuatu SaudiArabia Vanuatu Grenada Vanuatu SaoTomPrincipe Rwanda RussianFederation Ethiopia Guatemala UAE SriLanka Cuba Swaziland Togo Latvia Poland Israel Switzerland Seychelles Canada Venezuela NewZealand Latvia PapuaNewGuinea Finland Mali TheGambia Greece Suriname Liechtenstein Vietnam Lithuania Uzbekistan Serbia Venezuela Maldives Fiji Albania
100
Bahamas Bahamas
Malaysia Malaysia
Rome Rome
Burkina Burkina
SolomonIslands SolomonIslands
IvoryCoast IvoryCoast
BosHerzegovina BosHerzegovina
Andorra Andorra
VaticanCity VaticanCity
EquatorGuinea EquatorGuinea
Djibouti Djibouti
Mauritania Mauritania
Pakistan Pakistan
Bulgaria Bulgaria
Thailand Thailand
Nepal Nepal
Estonia Estonia
Italy Italy
Comoros Comoros
Kosovo Kosovo
Norway Norway
Algeria Algeria
Panama Panama
Eritrea Eritrea
Mongolia Mongolia
UnitedKingdom UnitedKingdom
Peru Peru
Mauritius Mauritius
Laos Laos
Luxembourg Luxembourg
Belarus Belarus
Paraguay Paraguay
America America
Brazil Brazil
MountAthos MountAthos
Dominica Dominica
Philippines Philippines
CapeVerde CapeVerde
Niger Niger
Latvia Latvia
Cyprus Cyprus
Burma Burma
SierraLeone SierraLeone
Kazakhstan Kazakhstan
Cambodia Cambodia
Japan Japan
Portugal Portugal
Danzig Danzig
Jamaica Jamaica
Tunisia Tunisia
Qatar Qatar
Argentina Argentina
Chile Chile
Tanzania Tanzania
Kiribati Kiribati
Germany Germany
Ukraine Ukraine
Australia Australia
Yemen Yemen
France France
Newfoundland Newfoundland
Slovenia Slovenia
Lesotho Lesotho
CentralAfricanRep CentralAfricanRep
Romania Romania
Bhutan Bhutan
Ethiopia Ethiopia
NorthKorea NorthKorea
SaintLucia SaintLucia
Gabon Gabon
Hungary Hungary
SaintKitts SaintKitts
Vanuatu Vanuatu
SaudiArabia SaudiArabia
Grenada Grenada
SaoTomPrincipe SaoTomPrincipe
Rwanda Rwanda
RussianFederation RussianFederation
Guatemala Guatemala
UAE UAE
SriLanka SriLanka
Cuba Cuba
Togo Togo
Poland Poland
Israel Israel
Switzerland Switzerland
Seychelles Seychelles
Venezuela Venezuela
NewZealand NewZealand
PapuaNewGuinea PapuaNewGuinea
Finland Finland
Mali Mali
TheGambia TheGambia
Greece Greece
Suriname Suriname
Liechtenstein Liechtenstein
Lithuania Lithuania
Serbia Serbia
Maldives Maldives
Fiji Fiji
