Nepal Argentina Azerbaijan Tajikistan VaticanCity Estonia Ecuador Botswana Belgium UAE Serbia NewZealand Iceland Belarus Tanzania Georgia Panama Suriname CentralAfricanRep Fiji Afghanistan Argentina Vietnam Niger MarshallIslands Afghanistan Slovakia Afghanistan Palau Liechtenstein Mauritius Kuwait SaintLucia Nepal
25
Azerbaijan Azerbaijan
Tajikistan Tajikistan
VaticanCity VaticanCity
Estonia Estonia
Botswana Botswana
UAE UAE
Serbia Serbia
NewZealand NewZealand
Belarus Belarus
Tanzania Tanzania
Georgia Georgia
Panama Panama
Suriname Suriname
Fiji Fiji
Argentina Argentina
Vietnam Vietnam
Niger Niger
MarshallIslands MarshallIslands
Afghanistan Afghanistan
Slovakia Slovakia
Palau Palau
Liechtenstein Liechtenstein
Mauritius Mauritius
Kuwait Kuwait
SaintLucia SaintLucia
