l0 h1 l0 h18 h20 h30 h48 h30 h21 h22 h21 h29 l30 h27 l30 h29 h21 h30 h20 h18 l0 h0 h49 h12 l15 h14 h24 h44 h25 h39 h41 l36 h41 h35 h34 h47 h40 h47 h34 h38 h15 h43 h17 l12 h16 l12 h17 h43 h15 h38 h34 h35 h41 h39 h25 h44 h24 h14 l15 h12 h49 h5 h3 h45 h11 h9 h11 h45 h3 h8 h3 h7 h10 h7 h42 h6 l0
28
h0 h0 h2
h1 h1
h45 h3 h45
h6 h4 h6 h42
h49 h5 h49
h10 h7 h10
h8 h8
h9 h9
h11 h11
h12 h12 h13
l15 h14 h26
h38 h15 h38
h16 h16 h36
h17 h17 h37 h43
h18 h18 h31
h20 h19 h20
h30 h21 h30
h22 h22
h29 h23 h29 h32
h25 h24 h25 h39 h44
h27 h27
l30 h28
h47 h33 h47
h34 h34
h35 h35
h40 h40
l36 h41 h46
h48 h48
