l0 h3 h2 h74 h89 h83 h1 h0 h25 h58 h6 l3 h84 l42 h81 l42 h59 h61 l97 h60 l97 h82 h64 h11 l32 l9 h86 l9 h19 h88 h5 h4 h18 h4 h53 h52 h42 h88 h65 h12 h13 h97 h27 l31 h26 l31 h63 l31 l72 h62 h99 h87 l63 l20 h41 l20 l63 h9 h40 l88 h8 l4 h36 h37 l18 h95 h43 h85 h16 h15 h80 h17 h28 h29 h7 h70 l35 h71 h14 h22 h23 h77 h23 h50 h51 l95 h44 l95 h51 h45 h76 h61 h54 h55 h66 l59 h75 l59 h94 l10 h21 l28 h34 l17 h35 h79 h32 h30 l15 h33 l15 h68 h79 h98 l39 h31 h48 h49 h31 h69 h31 h78 h98 h56 h94 h57 h20 h10 h20 h57 h93 h90 h39 l59 h38 h73 l70 h72 h67 h96 h67 h92 h24 h92 h46 l23 h47 h89 h83 h3 h91 h3 l0
55
h0 h0
h1 h1 h83
h2 h2
h91 h3 h91
h4 h4 h5 h18
h6 h6
h7 h7
h36 h8 h36 h40
l63 h9 h87
h10 h10 h20
h86 h11 h64 h86
h12 h12
h97 h13 h27 h62 h97
l35 h14 h70 h71
h15 h15
h16 h16
h80 h17 h29 h80
h19 h19
h94 h21 h56 h75 h94
h23 h22 h23
h92 h24 h47 h92
h25 h25 h58 h81 h84
h26 h26 h63
h28 h28
h33 h30 h32 h33 h68 h79
h31 h31 h78
l17 h34 h35
h37 h37
h73 h38 h73
h90 h39 h90
h41 h41
h42 h42
h43 h43
l95 h44 h51
h45 h45
h46 h46
h48 h48 h49
h50 h50
h52 h52
h53 h53
h54 h54 h55 h67 h96
h57 h57 h93
h61 h59 h60 h61
h65 h65 h99
h72 h66 h72
h69 h69
h74 h74
h76 h76
h77 h77
h82 h82
h85 h85
h88 h88
h89 h89
h95 h95
l39 h98
