Mf966TmCJF9l0PTKetVd GzkbHop7cJv0CvjQalTE S0PhmGw8tyUPzxvRSE5R YrtjNlKZcZnAXu7owFPA rzYdrZxXnbXlOjFVWVaR 1wZce3qjltyIzzlL1Zfw PLyQF48YPXs4LxxIxWHM OGxA8YvD4WfIxOfmtWm4 BLgd9OLqnPIJY5LCIxDK VqBuOSJBVqxMG4rldwQn 4CVQrsejmjPmVL7elf2w CLNCAWQgYnzuvt7RChAf HKK5Jm9eHd0V7gvBWuw9 KKiBHd9DTQAd6AZYxlK3 zDq8bGYKiSYw3c53IWfw CxdADQl1Lh5mGQMAravk 2bMCdMiNzTpm8a2kNe9G jAzyDyaN1mD5Ei1RjCiO Q4jkxyPtGKis0eXik3Gg kGhQ3uDjcFA7MLP7UF4W byF5FvS6RJUrgCsP3o6T ul7ierPjffkmvfh4Ylme aU4DeG46NC8vRU6N0ahg 3Yod5nNtIcKNmTtNQ3xH NvfSRypj4POoHWC3jDz3 wNmo9den9k6ySqzO7o0M kVdbGuYm0jD2q8vsLFHY b2icxuMf1zEyF7ImMEzE y3cL4LyhfEAlU1Jj1Xj6 Y5ZKsuPbCDUQp5LjPNey km12BN3CByUGmRV2tX7b p6bp9pYgtaGo4Q50DQAM TkZ4LHIfwKap48xdp8m2 JWE9kJZ3fUSBbRtkVScl iRg3oRlKsAtLuOm5tUrC Ad4iMaOuAofXNjJzNKWl czjPVxJvSz9DoMc0Y7Vv trOoQ3enuOI8GUJqwAMC bBJ5TDHtVrSIxXmQJ63J QMmklR1fA1rnjMsU1WMc UvtGaTsTes8Gs4gE8ya3 Xucw5TdPOzp0SQGWHjkE 7c4FoaFf1TJetsLZUEok a6uUA0TEdnZwD1b73O9r N7mkTpLI9Mgh0txBOflw cAkwFDH7tSQkP40ewGcD Hpniux0SkkA6CliHWNDc JfzkldRR1w0Y52KBg47D XfWllIgv9lA6ZwGuKvLt 5ebtvAsyAh8vEmm1Z3wm fsCdklolnC3ndvzFtyM3 ZPAxEbVjKWTr0cDqLbA0 JfWSVxbK8iOEPzK7FV9x GfTqQpqjWivAFXbCN2BL AjMqEYKq0eELwsiEhQNE aH2XDl7CjGFhEP3bbYjH BCVfaQnOCgLubJ23r8nF Crbc9OlCoJ9dTIJXXsjb 1crXui4lUlMG7IuTFiXo sSdPSXUotKahf03SRnBn IwnN6xRahpjWnxZTYR2F KCy3uvDFe4h3kwRgxFiX lrLgTYF7nIsDkEYlxuHz CHHJQHxp9VQGraviPBS2 WZxeHszJ2ShfYgJs53YV Ic20PkDM6xxefUTvJEIQ flliQzyn5hSC8yLOMyYJ bLojQFXmB5k6r0zKTWYe 1aGCWVuyE8DRxIV204ZW u4VGAkqq00Jhej3knMJI Yw0z9L8p6xIk7hgYCgVd TmdW4dU59umpgT9XX8G3 SQhK0n9L9aixdJxvdeKd wtlCpdxHbUUmSY7DnD2u dOWv4G57nxm9UArCvQlq 56ePYTmTGzdOHfvnLEPd RrBlUMzlEzdRa5S1pyiF HhITLZSwERe6osGRUBXt W1IcDWCQWwTCriXsjtm4 eA2uctxdjBuXDZUrmUHy ydEppVwK15UN0USyP00U WQlZty1AKP9gLfjz0EYW 4mRiy2s23Ljl4N4CqEav ZDA7k1XMUYTsnmCfuUtR 0O3lDJvzYSiuZNzHimQX pxBA1Tii62WPeRWcccVp BcvYB1mubFuRTbgMUsXg TBEGhhvsdStRJh2Eqkyf e2usEAoRX2qu6mneHOxg R87rV3jFUvYuE0RN4Z4a tH0lbMmdJDVlC4Pr7uAb jZUUy27kZ3z2uIv0PGPy NtZncVsU7O40k1BXousH acwLCbshqBQuYbTzAPRI QZIvvAQe1weWyQjLrGi1 VaRx19QfIOvUT5pZyulj wyZ3Q4gHyaxpdYdezyjU OyOgefgJfgx6VwEfudZn 4mdSIFCsq2HySOzm2H4M mGfIqoDGGajPXw9RvY8S 7ArLVA3N0doHBQAlCDtl Mf966TmCJF9l0PTKetVd
100
GzkbHop7cJv0CvjQalTE GzkbHop7cJv0CvjQalTE
S0PhmGw8tyUPzxvRSE5R S0PhmGw8tyUPzxvRSE5R
YrtjNlKZcZnAXu7owFPA YrtjNlKZcZnAXu7owFPA
rzYdrZxXnbXlOjFVWVaR rzYdrZxXnbXlOjFVWVaR
1wZce3qjltyIzzlL1Zfw 1wZce3qjltyIzzlL1Zfw
PLyQF48YPXs4LxxIxWHM PLyQF48YPXs4LxxIxWHM
OGxA8YvD4WfIxOfmtWm4 OGxA8YvD4WfIxOfmtWm4
BLgd9OLqnPIJY5LCIxDK BLgd9OLqnPIJY5LCIxDK
VqBuOSJBVqxMG4rldwQn VqBuOSJBVqxMG4rldwQn
4CVQrsejmjPmVL7elf2w 4CVQrsejmjPmVL7elf2w
CLNCAWQgYnzuvt7RChAf CLNCAWQgYnzuvt7RChAf
HKK5Jm9eHd0V7gvBWuw9 HKK5Jm9eHd0V7gvBWuw9
KKiBHd9DTQAd6AZYxlK3 KKiBHd9DTQAd6AZYxlK3
zDq8bGYKiSYw3c53IWfw zDq8bGYKiSYw3c53IWfw
CxdADQl1Lh5mGQMAravk CxdADQl1Lh5mGQMAravk
2bMCdMiNzTpm8a2kNe9G 2bMCdMiNzTpm8a2kNe9G
jAzyDyaN1mD5Ei1RjCiO jAzyDyaN1mD5Ei1RjCiO
Q4jkxyPtGKis0eXik3Gg Q4jkxyPtGKis0eXik3Gg
kGhQ3uDjcFA7MLP7UF4W kGhQ3uDjcFA7MLP7UF4W
byF5FvS6RJUrgCsP3o6T byF5FvS6RJUrgCsP3o6T
ul7ierPjffkmvfh4Ylme ul7ierPjffkmvfh4Ylme
aU4DeG46NC8vRU6N0ahg aU4DeG46NC8vRU6N0ahg
3Yod5nNtIcKNmTtNQ3xH 3Yod5nNtIcKNmTtNQ3xH
NvfSRypj4POoHWC3jDz3 NvfSRypj4POoHWC3jDz3
wNmo9den9k6ySqzO7o0M wNmo9den9k6ySqzO7o0M
kVdbGuYm0jD2q8vsLFHY kVdbGuYm0jD2q8vsLFHY
b2icxuMf1zEyF7ImMEzE b2icxuMf1zEyF7ImMEzE
y3cL4LyhfEAlU1Jj1Xj6 y3cL4LyhfEAlU1Jj1Xj6
Y5ZKsuPbCDUQp5LjPNey Y5ZKsuPbCDUQp5LjPNey
km12BN3CByUGmRV2tX7b km12BN3CByUGmRV2tX7b
p6bp9pYgtaGo4Q50DQAM p6bp9pYgtaGo4Q50DQAM
TkZ4LHIfwKap48xdp8m2 TkZ4LHIfwKap48xdp8m2
JWE9kJZ3fUSBbRtkVScl JWE9kJZ3fUSBbRtkVScl
iRg3oRlKsAtLuOm5tUrC iRg3oRlKsAtLuOm5tUrC
Ad4iMaOuAofXNjJzNKWl Ad4iMaOuAofXNjJzNKWl
czjPVxJvSz9DoMc0Y7Vv czjPVxJvSz9DoMc0Y7Vv
trOoQ3enuOI8GUJqwAMC trOoQ3enuOI8GUJqwAMC
bBJ5TDHtVrSIxXmQJ63J bBJ5TDHtVrSIxXmQJ63J
QMmklR1fA1rnjMsU1WMc QMmklR1fA1rnjMsU1WMc
UvtGaTsTes8Gs4gE8ya3 UvtGaTsTes8Gs4gE8ya3
Xucw5TdPOzp0SQGWHjkE Xucw5TdPOzp0SQGWHjkE
7c4FoaFf1TJetsLZUEok 7c4FoaFf1TJetsLZUEok
a6uUA0TEdnZwD1b73O9r a6uUA0TEdnZwD1b73O9r
N7mkTpLI9Mgh0txBOflw N7mkTpLI9Mgh0txBOflw
cAkwFDH7tSQkP40ewGcD cAkwFDH7tSQkP40ewGcD
Hpniux0SkkA6CliHWNDc Hpniux0SkkA6CliHWNDc
JfzkldRR1w0Y52KBg47D JfzkldRR1w0Y52KBg47D
XfWllIgv9lA6ZwGuKvLt XfWllIgv9lA6ZwGuKvLt
5ebtvAsyAh8vEmm1Z3wm 5ebtvAsyAh8vEmm1Z3wm
fsCdklolnC3ndvzFtyM3 fsCdklolnC3ndvzFtyM3
ZPAxEbVjKWTr0cDqLbA0 ZPAxEbVjKWTr0cDqLbA0
JfWSVxbK8iOEPzK7FV9x JfWSVxbK8iOEPzK7FV9x
GfTqQpqjWivAFXbCN2BL GfTqQpqjWivAFXbCN2BL
AjMqEYKq0eELwsiEhQNE AjMqEYKq0eELwsiEhQNE
aH2XDl7CjGFhEP3bbYjH aH2XDl7CjGFhEP3bbYjH
BCVfaQnOCgLubJ23r8nF BCVfaQnOCgLubJ23r8nF
Crbc9OlCoJ9dTIJXXsjb Crbc9OlCoJ9dTIJXXsjb
1crXui4lUlMG7IuTFiXo 1crXui4lUlMG7IuTFiXo
sSdPSXUotKahf03SRnBn sSdPSXUotKahf03SRnBn
IwnN6xRahpjWnxZTYR2F IwnN6xRahpjWnxZTYR2F
KCy3uvDFe4h3kwRgxFiX KCy3uvDFe4h3kwRgxFiX
lrLgTYF7nIsDkEYlxuHz lrLgTYF7nIsDkEYlxuHz
CHHJQHxp9VQGraviPBS2 CHHJQHxp9VQGraviPBS2
WZxeHszJ2ShfYgJs53YV WZxeHszJ2ShfYgJs53YV
Ic20PkDM6xxefUTvJEIQ Ic20PkDM6xxefUTvJEIQ
flliQzyn5hSC8yLOMyYJ flliQzyn5hSC8yLOMyYJ
bLojQFXmB5k6r0zKTWYe bLojQFXmB5k6r0zKTWYe
1aGCWVuyE8DRxIV204ZW 1aGCWVuyE8DRxIV204ZW
u4VGAkqq00Jhej3knMJI u4VGAkqq00Jhej3knMJI
Yw0z9L8p6xIk7hgYCgVd Yw0z9L8p6xIk7hgYCgVd
TmdW4dU59umpgT9XX8G3 TmdW4dU59umpgT9XX8G3
SQhK0n9L9aixdJxvdeKd SQhK0n9L9aixdJxvdeKd
wtlCpdxHbUUmSY7DnD2u wtlCpdxHbUUmSY7DnD2u
dOWv4G57nxm9UArCvQlq dOWv4G57nxm9UArCvQlq
56ePYTmTGzdOHfvnLEPd 56ePYTmTGzdOHfvnLEPd
RrBlUMzlEzdRa5S1pyiF RrBlUMzlEzdRa5S1pyiF
HhITLZSwERe6osGRUBXt HhITLZSwERe6osGRUBXt
W1IcDWCQWwTCriXsjtm4 W1IcDWCQWwTCriXsjtm4
eA2uctxdjBuXDZUrmUHy eA2uctxdjBuXDZUrmUHy
ydEppVwK15UN0USyP00U ydEppVwK15UN0USyP00U
WQlZty1AKP9gLfjz0EYW WQlZty1AKP9gLfjz0EYW
4mRiy2s23Ljl4N4CqEav 4mRiy2s23Ljl4N4CqEav
ZDA7k1XMUYTsnmCfuUtR ZDA7k1XMUYTsnmCfuUtR
0O3lDJvzYSiuZNzHimQX 0O3lDJvzYSiuZNzHimQX
pxBA1Tii62WPeRWcccVp pxBA1Tii62WPeRWcccVp
BcvYB1mubFuRTbgMUsXg BcvYB1mubFuRTbgMUsXg
TBEGhhvsdStRJh2Eqkyf TBEGhhvsdStRJh2Eqkyf
e2usEAoRX2qu6mneHOxg e2usEAoRX2qu6mneHOxg
R87rV3jFUvYuE0RN4Z4a R87rV3jFUvYuE0RN4Z4a
tH0lbMmdJDVlC4Pr7uAb tH0lbMmdJDVlC4Pr7uAb
jZUUy27kZ3z2uIv0PGPy jZUUy27kZ3z2uIv0PGPy
NtZncVsU7O40k1BXousH NtZncVsU7O40k1BXousH
acwLCbshqBQuYbTzAPRI acwLCbshqBQuYbTzAPRI
QZIvvAQe1weWyQjLrGi1 QZIvvAQe1weWyQjLrGi1
VaRx19QfIOvUT5pZyulj VaRx19QfIOvUT5pZyulj
wyZ3Q4gHyaxpdYdezyjU wyZ3Q4gHyaxpdYdezyjU
OyOgefgJfgx6VwEfudZn OyOgefgJfgx6VwEfudZn
4mdSIFCsq2HySOzm2H4M 4mdSIFCsq2HySOzm2H4M
mGfIqoDGGajPXw9RvY8S mGfIqoDGGajPXw9RvY8S
7ArLVA3N0doHBQAlCDtl 7ArLVA3N0doHBQAlCDtl
