loc0 loc95 loc0 loc88 loc91 loc88 loc0 loc80 loc0 loc6 loc9 loc6 loc0 loc37 loc0 loc52 loc55 loc52 loc0 loc13 loc16 loc13 loc14 loc13 loc0 loc59 loc60 loc59 loc62 loc63 loc62 loc59 loc0 loc44 loc47 loc44 loc45 loc44 loc0 loc28 loc31 loc32 loc31 loc28 loc0 loc77 loc69 loc70 loc69 loc77 loc0 loc21 loc24 loc25 loc24 loc21 loc0 loc80 loc83 loc84 loc0
25
loc6 loc6 loc7
loc9 loc9 loc10
loc13 loc13
loc14 loc14
loc16 loc16 loc17
loc0 loc21 loc22 loc28 loc29 loc76 loc77
loc24 loc24
loc25 loc25
loc31 loc31
loc32 loc32
loc37 loc37 loc38 loc40 loc41
loc47 loc44 loc47 loc48
loc45 loc45
loc52 loc52 loc53
loc55 loc55 loc56
loc59 loc59
loc60 loc60
loc63 loc62 loc63
loc69 loc69 loc72 loc73
loc70 loc70
loc80 loc80 loc81 loc83
loc84 loc84
loc88 loc88 loc89
loc91 loc91 loc92
loc95 loc95 loc96 loc98 loc99
