loc0 loc164 loc165 loc164 loc0 loc180 loc181 loc180 loc183 loc184 loc183 loc180 loc0 loc7 loc14 loc15 loc14 loc17 loc18 loc17 loc14 loc7 loc10 loc7 loc8 loc7 loc0 loc188 loc192 loc191 loc192 loc188 loc189 loc188 loc0 loc134 loc137 loc138 loc137 loc134 loc141 loc144 loc141 loc134 loc0 loc101 loc104 loc105 loc104 loc101 loc108 loc101 loc102 loc101 loc0 loc38 loc45 loc46 loc45 loc48 loc49 loc48 loc45 loc38 loc0 loc53 loc60 loc53 loc54 loc53 loc56 loc57 loc56 loc53 loc0 loc22 loc23 loc22 loc29 loc32 loc29 loc22 loc25 loc22 loc0 loc195 loc198 loc199 loc198 loc195 loc196 loc195 loc0 loc85 loc88 loc89 loc88 loc85 loc86 loc85 loc92 loc93 loc92 loc85 loc0 loc150 loc149 loc150 loc0 loc116 loc123 loc116 loc119 loc120 loc119 loc116 loc0 loc173 loc176 loc177 loc176 loc173 loc0 loc70 loc77 loc80 loc81 loc80 loc77 loc70 loc0 loc164 loc167 loc168 loc0
50
loc7 loc7
loc8 loc8
loc10 loc10 loc11
loc14 loc14
loc15 loc15
loc17 loc17
loc18 loc18
loc0 loc22 loc53 loc70 loc71 loc73 loc74 loc85 loc116 loc117 loc150 loc152 loc153 loc157 loc158 loc160 loc161 loc173 loc174 loc195
loc23 loc23
loc25 loc25 loc26
loc29 loc29 loc30
loc32 loc32 loc33
loc45 loc38 loc39 loc41 loc42 loc45 loc48
loc46 loc46
loc49 loc49
loc54 loc54
loc57 loc56 loc57
loc60 loc60 loc61 loc63 loc64
loc80 loc77 loc78 loc80
loc81 loc81
loc86 loc86
loc88 loc88
loc89 loc89
loc93 loc92 loc93 loc95 loc96
loc104 loc101 loc104
loc102 loc102
loc105 loc105
loc108 loc108 loc109 loc111 loc112
loc120 loc119 loc120
loc123 loc123 loc124 loc126 loc127
loc134 loc134 loc135
loc137 loc137
loc138 loc138
loc141 loc141 loc142
loc144 loc144 loc145
loc149 loc149
loc164 loc164 loc167
loc165 loc165
loc168 loc168
loc177 loc176 loc177
loc180 loc180
loc181 loc181
loc184 loc183 loc184
loc188 loc188
loc189 loc189
loc191 loc191
loc192 loc192
loc196 loc196
loc198 loc198
loc199 loc199
