55 57 173 177 16 45 12 151 20 131 17 14 36 14 118 81 168 185 89 149 171 188 86 80 88 66 43 140 58 133 10 163 184 153 78 77 23 166 147 26 161 11 162 101 182 101 91 48 33 83 137 111 189 71 189 186 59 119 152 59 159 59 96 63 106 158 29 113 15 13 15 122 179 62 42 40 54 9 44 8 53 172 98 67 76 116 134 27 164 126 30 170 105 124 136 160 32 150 49 64 114 97 109 148 41 175 74 107 146 90 56 85 181 135 115 61 21 55
48
40 40
161 11
140 140
48 33 63 91 115 48
159 159
97 97
62 146 62 181 179
20 149 20
151 12 45 151
105 170 105
59 119 152 59 186
78 184 78 153
9 172 67 53 54 8 9
81 81 118
17 17 36 168
32 32 49 150
61 61
26 26
134 27 134
148 148 175 109
86 188 88 171 86 80
101 101 182
116 76 116
189 111 189
133 133
185 185
56 90 56 85
162 162
58 58 163 166
107 107 74
113 15 135 113
29 29
137 83 137
41 41
16 177 16
43 43 66
158 106 158
131 131
57 57 173
160 160
13 13
126 126
42 42
122 122
71 71
77 77
30 30
114 114
