x61 x12 x41 x97 x41 x12 x61 x79 x3 x20 x1 x30 x1 x20 x58 x20 x3 x26 x3 x55 x99 x43 x99 x55 x54 x55 x3 x79 x23 x69 x23 x79 x85 x93 x85 x79 x61 x5 x46 x5 x61 x79 x3 x55 x73 x94 x21 x50 x31 x88 x31 x50 x89 x8 x71 x18 x0 x18 x71 x96 x71 x8 x89 x50 x21 x94 x48 x66 x48 x94 x2 x44 x61
27
x89 x89
x18 x18
x23 x34 x23 x40
x2 x2
x43 x43 x81
x21 x7 x94 x37 x95 x32 x28 x39 x91 x21
x31 x31
x12 x12 x61
x50 x98
x99 x99 x55
x3 x49 x42 x3 x80 x79 x13 x59
x58 x58
x30 x30
x46 x46 x5
x96 x96
x26 x26
x69 x87 x90 x53
x8 x8
x88 x88
x66 x68 x66
x1 x1
x97 x97
x93 x93
x54 x54
x0 x0
x71 x71
x48 x52
