x182 x11 x58 x127 x187 x127 x98 x127 x45 x119 x151 x119 x23 x119 x45 x176 x45 x127 x49 x127 x187 x160 x8 x160 x187 x86 x87 x86 x66 x86 x3 x86 x84 x179 x84 x86 x155 x167 x102 x167 x155 x177 x28 x25 x28 x177 x89 x116 x109 x38 x113 x21 x76 x114 x76 x158 x141 x43 x141 x138 x26 x184 x107 x184 x71 x20 x166 x20 x71 x77 x14 x77 x71 x184 x26 x138 x141 x90 x50 x9 x136 x9 x19 x59 x117 x82 x117 x59 x32 x59 x186 x59 x19 x9 x95 x146 x196 x92 x196 x146 x95 x9 x50 x31 x80 x31 x6 x31 x161 x31 x191 x133 x191 x31 x50 x10 x50 x93 x74 x2 x74 x93 x50 x90 x141 x158 x143 x64 x137 x125 x137 x64 x143 x100 x101 x100 x143 x158 x76 x21 x17 x21 x172 x55 x182
55
x74 x74 x104 x185
x76 x21 x76 x118 x164
x187 x86
x166 x20 x166 x71 x7 x61
x98 x42 x98
x45 x45
x6 x6
x125 x147 x72 x125
x10 x10
x177 x192 x177
x146 x69 x128 x146 x194 x95
x127 x79 x127 x56 x27
x64 x88 x48 x15 x64 x106 x4 x156
x14 x14 x94 x77
x3 x3
x43 x43
x176 x189
x137 x137
x133 x133
x138 x138
x59 x59
x151 x151
x186 x186
x143 x143
x55 x172 x55
x161 x161
x2 x2
x80 x80
x17 x17
x100 x153 x99 x100
x114 x114
x92 x18 x53 x92 x83
x87 x87
x8 x8
x101 x159
x179 x179 x84
x38 x109 x113 x163 x116
x19 x19
x32 x183 x32
x31 x31
x136 x136
x167 x155 x139 x198
x119 x119
x23 x23
x49 x49
x25 x25
x58 x58 x11
x107 x107 x30 x46 x184
x82 x82
x66 x66
x141 x141
x50 x50
x102 x102
x26 x26
x182 x182
